#
# There is insufficient memory for the Java Runtime Environment to continue.
# Native memory allocation (mmap) failed to map 48234496 bytes for G1 virtual space
# Possible reasons:
#   The system is out of physical RAM or swap space
#   The process is running with CompressedOops enabled, and the Java Heap may be blocking the growth of the native heap
# Possible solutions:
#   Reduce memory load on the system
#   Increase physical memory or swap space
#   Check if swap backing store is full
#   Decrease Java heap size (-Xmx/-Xms)
#   Decrease number of Java threads
#   Decrease Java thread stack sizes (-Xss)
#   Set larger code cache with -XX:ReservedCodeCacheSize=
#   JVM is running with Unscaled Compressed Oops mode in which the Java heap is
#     placed in the first 4GB address space. The Java Heap base address is the
#     maximum limit for the native heap growth. Please use -XX:HeapBaseMinAddress
#     to set the Java Heap base and to place the Java Heap above 4GB virtual address.
# This output file may be truncated or incomplete.
#
#  Out of Memory Error (os_windows.cpp:3769), pid=8872, tid=11200
#
# JRE version: OpenJDK Runtime Environment (17.0.6) (build 17.0.6+0-b2043.56-10027231)
# Java VM: OpenJDK 64-Bit Server VM (17.0.6+0-b2043.56-10027231, mixed mode, tiered, compressed oops, compressed class ptrs, g1 gc, windows-amd64)
# No core dump will be written. Minidumps are not enabled by default on client versions of Windows
#

---------------  S U M M A R Y ------------

Command Line: org.jetbrains.kotlin.cli.jvm.K2JVMCompiler @C:\Users\refrizar.dwiardito\AndroidStudioProjects\TugasAndroidAdvance\app\build\20231209_10893374870060613482.compiler.options

Host: Intel(R) Core(TM) i5-5200U CPU @ 2.20GHz, 4 cores, 7G,  Windows 10 , 64 bit Build 19041 (10.0.19041.3636)
Time: Sat Dec  9 23:02:58 2023 SE Asia Standard Time elapsed time: 10.572189 seconds (0d 0h 0m 10s)

---------------  T H R E A D  ---------------

Current thread (0x0000026653d9c350):  VMThread "VM Thread" [stack: 0x000000aa84600000,0x000000aa84700000] [id=11200]

Stack: [0x000000aa84600000,0x000000aa84700000]
Native frames: (J=compiled Java code, j=interpreted, Vv=VM code, C=native code)
V  [jvm.dll+0x683c9a]
V  [jvm.dll+0x8427a4]
V  [jvm.dll+0x843f9e]
V  [jvm.dll+0x844603]
V  [jvm.dll+0x249b75]
V  [jvm.dll+0x680b69]
V  [jvm.dll+0x67505a]
V  [jvm.dll+0x309acb]
V  [jvm.dll+0x310f86]
V  [jvm.dll+0x3608ee]
V  [jvm.dll+0x360b1f]
V  [jvm.dll+0x2dfbf8]
V  [jvm.dll+0x2ddec4]
V  [jvm.dll+0x2dd4cc]
V  [jvm.dll+0x321f3b]
V  [jvm.dll+0x848ccb]
V  [jvm.dll+0x849a04]
V  [jvm.dll+0x849f1d]
V  [jvm.dll+0x84a2f4]
V  [jvm.dll+0x84a3c0]
V  [jvm.dll+0x7f274a]
V  [jvm.dll+0x682ad5]
C  [ucrtbase.dll+0x21bb2]
C  [KERNEL32.DLL+0x17344]
C  [ntdll.dll+0x526b1]

VM_Operation (0x000000aa840f5ca0): G1CollectForAllocation, mode: safepoint, requested by thread 0x000002663a8a9910


---------------  P R O C E S S  ---------------

Threads class SMR info:
_java_thread_list=0x0000026656b62a40, length=13, elements={
0x000002663a8a9910, 0x0000026653d9fe70, 0x0000026653da1cf0, 0x0000026653ddd3a0,
0x0000026653ddf360, 0x0000026653ddff10, 0x0000026653de28d0, 0x0000026654826c20,
0x00000266548276c0, 0x0000026654864810, 0x00000266549b39e0, 0x00000266549c58a0,
0x00000266589d45e0
}

Java Threads: ( => current thread )
  0x000002663a8a9910 JavaThread "main" [_thread_blocked, id=240, stack(0x000000aa84000000,0x000000aa84100000)]
  0x0000026653d9fe70 JavaThread "Reference Handler" daemon [_thread_blocked, id=10684, stack(0x000000aa84700000,0x000000aa84800000)]
  0x0000026653da1cf0 JavaThread "Finalizer" daemon [_thread_blocked, id=11176, stack(0x000000aa84800000,0x000000aa84900000)]
  0x0000026653ddd3a0 JavaThread "Signal Dispatcher" daemon [_thread_blocked, id=7680, stack(0x000000aa84900000,0x000000aa84a00000)]
  0x0000026653ddf360 JavaThread "Attach Listener" daemon [_thread_blocked, id=7020, stack(0x000000aa84a00000,0x000000aa84b00000)]
  0x0000026653ddff10 JavaThread "Service Thread" daemon [_thread_blocked, id=9860, stack(0x000000aa84b00000,0x000000aa84c00000)]
  0x0000026653de28d0 JavaThread "Monitor Deflation Thread" daemon [_thread_blocked, id=2444, stack(0x000000aa84c00000,0x000000aa84d00000)]
  0x0000026654826c20 JavaThread "C2 CompilerThread0" daemon [_thread_blocked, id=872, stack(0x000000aa84d00000,0x000000aa84e00000)]
  0x00000266548276c0 JavaThread "C1 CompilerThread0" daemon [_thread_blocked, id=8076, stack(0x000000aa84e00000,0x000000aa84f00000)]
  0x0000026654864810 JavaThread "Sweeper thread" daemon [_thread_blocked, id=6064, stack(0x000000aa84f00000,0x000000aa85000000)]
  0x00000266549b39e0 JavaThread "Notification Thread" daemon [_thread_blocked, id=6696, stack(0x000000aa85000000,0x000000aa85100000)]
  0x00000266549c58a0 JavaThread "Common-Cleaner" daemon [_thread_blocked, id=10660, stack(0x000000aa85200000,0x000000aa85300000)]
  0x00000266589d45e0 JavaThread "C2 CompilerThread1" daemon [_thread_blocked, id=9532, stack(0x000000aa85300000,0x000000aa85400000)]

Other Threads:
=>0x0000026653d9c350 VMThread "VM Thread" [stack: 0x000000aa84600000,0x000000aa84700000] [id=11200]
  0x000002663a922840 WatcherThread [stack: 0x000000aa85100000,0x000000aa85200000] [id=10416]
  0x000002663a904560 GCTaskThread "GC Thread#0" [stack: 0x000000aa84100000,0x000000aa84200000] [id=2968]
  0x0000026654d84860 GCTaskThread "GC Thread#1" [stack: 0x000000aa85400000,0x000000aa85500000] [id=9712]
  0x0000026654d84b10 GCTaskThread "GC Thread#2" [stack: 0x000000aa85500000,0x000000aa85600000] [id=2568]
  0x0000026654e03a60 GCTaskThread "GC Thread#3" [stack: 0x000000aa85600000,0x000000aa85700000] [id=9332]
  0x000002663a915160 ConcurrentGCThread "G1 Main Marker" [stack: 0x000000aa84200000,0x000000aa84300000] [id=6700]
  0x000002663a917320 ConcurrentGCThread "G1 Conc#0" [stack: 0x000000aa84300000,0x000000aa84400000] [id=5180]
  0x000002663a9731f0 ConcurrentGCThread "G1 Refine#0" [stack: 0x000000aa84400000,0x000000aa84500000] [id=6928]
  0x0000026658c7c480 ConcurrentGCThread "G1 Refine#1" [stack: 0x000000aa85700000,0x000000aa85800000] [id=9312]
  0x000002663a973c10 ConcurrentGCThread "G1 Service" [stack: 0x000000aa84500000,0x000000aa84600000] [id=10500]

Threads with active compile tasks:
C2 CompilerThread0    10596 7297       4       java.lang.StringBuilder::append (8 bytes)
C1 CompilerThread0    10596 7300       3       org.jetbrains.kotlin.load.kotlin.AbstractBinaryClassAnnotationAndConstantLoader$loadAnnotationsAndInitializers$1$AnnotationVisitorForMethod::visitParameterAnnotation (98 bytes)
C2 CompilerThread1    10596 6884       4       org.jetbrains.kotlin.com.intellij.lang.impl.PsiBuilderImpl::insertLeaves (88 bytes)

VM state: at safepoint (normal execution)

VM Mutex/Monitor currently owned by a thread:  ([mutex/lock_event])
[0x000002663a8a89f0] Threads_lock - owner thread: 0x0000026653d9c350
[0x000002663a8a8a80] Heap_lock - owner thread: 0x000002663a8a9910

Heap address: 0x0000000081a00000, size: 2022 MB, Compressed Oops mode: 32-bit

CDS archive(s) not mapped
Compressed class space mapped at: 0x0000000100000000-0x0000000140000000, reserved size: 1073741824
Narrow klass base: 0x0000000000000000, Narrow klass shift: 3, Narrow klass range: 0x140000000

GC Precious Log:
 CPUs: 4 total, 4 available
 Memory: 8083M
 Large Page Support: Disabled
 NUMA Support: Disabled
 Compressed Oops: Enabled (32-bit)
 Heap Region Size: 1M
 Heap Min Capacity: 8M
 Heap Initial Capacity: 128M
 Heap Max Capacity: 2022M
 Pre-touch: Disabled
 Parallel Workers: 4
 Concurrent Workers: 1
 Concurrent Refinement Workers: 4
 Periodic GC: Disabled

Heap:
 garbage-first heap   total 131072K, used 50176K [0x0000000081a00000, 0x0000000100000000)
  region size 1024K, 5 young (5120K), 5 survivors (5120K)
 Metaspace       used 61847K, committed 62080K, reserved 1105920K
  class space    used 7373K, committed 7488K, reserved 1048576K

Heap Regions: E=young(eden), S=young(survivor), O=old, HS=humongous(starts), HC=humongous(continues), CS=collection set, F=free, OA=open archive, CA=closed archive, TAMS=top-at-mark-start (previous, next)
|   0|0x0000000081a00000, 0x0000000081b00000, 0x0000000081b00000|100%|HS|  |TAMS 0x0000000081b00000, 0x0000000081a00000| Complete 
|   1|0x0000000081b00000, 0x0000000081c00000, 0x0000000081c00000|100%|HC|  |TAMS 0x0000000081c00000, 0x0000000081b00000| Complete 
|   2|0x0000000081c00000, 0x0000000081d00000, 0x0000000081d00000|100%|HC|  |TAMS 0x0000000081d00000, 0x0000000081c00000| Complete 
|   3|0x0000000081d00000, 0x0000000081e00000, 0x0000000081e00000|100%| O|  |TAMS 0x0000000081e00000, 0x0000000081d00000| Untracked 
|   4|0x0000000081e00000, 0x0000000081f00000, 0x0000000081f00000|100%| O|  |TAMS 0x0000000081f00000, 0x0000000081e00000| Untracked 
|   5|0x0000000081f00000, 0x0000000082000000, 0x0000000082000000|100%| O|  |TAMS 0x0000000082000000, 0x0000000081f00000| Untracked 
|   6|0x0000000082000000, 0x0000000082100000, 0x0000000082100000|100%|HS|  |TAMS 0x0000000082100000, 0x0000000082000000| Complete 
|   7|0x0000000082100000, 0x0000000082200000, 0x0000000082200000|100%|HC|  |TAMS 0x0000000082200000, 0x0000000082100000| Complete 
|   8|0x0000000082200000, 0x0000000082300000, 0x0000000082300000|100%|HC|  |TAMS 0x0000000082300000, 0x0000000082200000| Complete 
|   9|0x0000000082300000, 0x0000000082400000, 0x0000000082400000|100%| O|  |TAMS 0x0000000082400000, 0x0000000082300000| Untracked 
|  10|0x0000000082400000, 0x0000000082500000, 0x0000000082500000|100%| O|  |TAMS 0x0000000082500000, 0x0000000082400000| Untracked 
|  11|0x0000000082500000, 0x0000000082600000, 0x0000000082600000|100%| O|  |TAMS 0x0000000082600000, 0x0000000082500000| Untracked 
|  12|0x0000000082600000, 0x0000000082700000, 0x0000000082700000|100%| O|  |TAMS 0x0000000082700000, 0x0000000082600000| Untracked 
|  13|0x0000000082700000, 0x0000000082800000, 0x0000000082800000|100%|HS|  |TAMS 0x0000000082800000, 0x0000000082700000| Complete 
|  14|0x0000000082800000, 0x0000000082900000, 0x0000000082900000|100%|HC|  |TAMS 0x0000000082900000, 0x0000000082800000| Complete 
|  15|0x0000000082900000, 0x0000000082a00000, 0x0000000082a00000|100%| O|  |TAMS 0x0000000082a00000, 0x0000000082900000| Untracked 
|  16|0x0000000082a00000, 0x0000000082b00000, 0x0000000082b00000|100%| O|  |TAMS 0x0000000082a00000, 0x0000000082a00000| Untracked 
|  17|0x0000000082b00000, 0x0000000082c00000, 0x0000000082c00000|100%| O|  |TAMS 0x0000000082c00000, 0x0000000082b00000| Untracked 
|  18|0x0000000082c00000, 0x0000000082d00000, 0x0000000082d00000|100%| O|  |TAMS 0x0000000082d00000, 0x0000000082c00000| Untracked 
|  19|0x0000000082d00000, 0x0000000082e00000, 0x0000000082e00000|100%| O|  |TAMS 0x0000000082e00000, 0x0000000082d00000| Untracked 
|  20|0x0000000082e00000, 0x0000000082f00000, 0x0000000082f00000|100%| O|  |TAMS 0x0000000082f00000, 0x0000000082e00000| Untracked 
|  21|0x0000000082f00000, 0x0000000083000000, 0x0000000083000000|100%| O|  |TAMS 0x0000000083000000, 0x0000000082f00000| Untracked 
|  22|0x0000000083000000, 0x0000000083100000, 0x0000000083100000|100%| O|  |TAMS 0x0000000083100000, 0x0000000083000000| Untracked 
|  23|0x0000000083100000, 0x0000000083200000, 0x0000000083200000|100%| O|  |TAMS 0x0000000083200000, 0x0000000083100000| Untracked 
|  24|0x0000000083200000, 0x0000000083300000, 0x0000000083300000|100%| O|  |TAMS 0x0000000083200000, 0x0000000083200000| Untracked 
|  25|0x0000000083300000, 0x0000000083400000, 0x0000000083400000|100%| O|  |TAMS 0x0000000083300000, 0x0000000083300000| Untracked 
|  26|0x0000000083400000, 0x0000000083500000, 0x0000000083500000|100%| O|  |TAMS 0x0000000083400000, 0x0000000083400000| Untracked 
|  27|0x0000000083500000, 0x0000000083600000, 0x0000000083600000|100%| O|  |TAMS 0x0000000083500000, 0x0000000083500000| Untracked 
|  28|0x0000000083600000, 0x0000000083700000, 0x0000000083700000|100%| O|  |TAMS 0x0000000083600000, 0x0000000083600000| Untracked 
|  29|0x0000000083700000, 0x0000000083800000, 0x0000000083800000|100%| O|  |TAMS 0x0000000083700000, 0x0000000083700000| Untracked 
|  30|0x0000000083800000, 0x0000000083900000, 0x0000000083900000|100%| O|  |TAMS 0x0000000083800000, 0x0000000083800000| Untracked 
|  31|0x0000000083900000, 0x0000000083a00000, 0x0000000083a00000|100%| O|  |TAMS 0x0000000083900000, 0x0000000083900000| Untracked 
|  32|0x0000000083a00000, 0x0000000083b00000, 0x0000000083b00000|100%| O|  |TAMS 0x0000000083a00000, 0x0000000083a00000| Untracked 
|  33|0x0000000083b00000, 0x0000000083c00000, 0x0000000083c00000|100%| O|  |TAMS 0x0000000083b00000, 0x0000000083b00000| Untracked 
|  34|0x0000000083c00000, 0x0000000083d00000, 0x0000000083d00000|100%| O|  |TAMS 0x0000000083c00000, 0x0000000083c00000| Untracked 
|  35|0x0000000083d00000, 0x0000000083e00000, 0x0000000083e00000|100%|HS|  |TAMS 0x0000000083d00000, 0x0000000083d00000| Complete 
|  36|0x0000000083e00000, 0x0000000083f00000, 0x0000000083f00000|100%| O|  |TAMS 0x0000000083e00000, 0x0000000083e00000| Untracked 
|  37|0x0000000083f00000, 0x0000000084000000, 0x0000000084000000|100%| O|  |TAMS 0x0000000083f00000, 0x0000000083f00000| Untracked 
|  38|0x0000000084000000, 0x0000000084100000, 0x0000000084100000|100%| O|  |TAMS 0x0000000084000000, 0x0000000084000000| Untracked 
|  39|0x0000000084100000, 0x0000000084200000, 0x0000000084200000|100%| O|  |TAMS 0x0000000084100000, 0x0000000084100000| Untracked 
|  40|0x0000000084200000, 0x0000000084300000, 0x0000000084300000|100%| O|  |TAMS 0x0000000084200000, 0x0000000084200000| Untracked 
|  41|0x0000000084300000, 0x0000000084400000, 0x0000000084400000|100%| O|  |TAMS 0x0000000084300000, 0x0000000084300000| Untracked 
|  42|0x0000000084400000, 0x0000000084500000, 0x0000000084500000|100%| O|  |TAMS 0x0000000084400000, 0x0000000084400000| Untracked 
|  43|0x0000000084500000, 0x0000000084600000, 0x0000000084600000|100%| O|  |TAMS 0x0000000084500000, 0x0000000084500000| Untracked 
|  44|0x0000000084600000, 0x0000000084600000, 0x0000000084700000|  0%| F|  |TAMS 0x0000000084600000, 0x0000000084600000| Untracked 
|  45|0x0000000084700000, 0x0000000084700000, 0x0000000084800000|  0%| F|  |TAMS 0x0000000084700000, 0x0000000084700000| Untracked 
|  46|0x0000000084800000, 0x0000000084800000, 0x0000000084900000|  0%| F|  |TAMS 0x0000000084800000, 0x0000000084800000| Untracked 
|  47|0x0000000084900000, 0x0000000084900000, 0x0000000084a00000|  0%| F|  |TAMS 0x0000000084900000, 0x0000000084900000| Untracked 
|  48|0x0000000084a00000, 0x0000000084a00000, 0x0000000084b00000|  0%| F|  |TAMS 0x0000000084a00000, 0x0000000084a00000| Untracked 
|  49|0x0000000084b00000, 0x0000000084b00000, 0x0000000084c00000|  0%| F|  |TAMS 0x0000000084b00000, 0x0000000084b00000| Untracked 
|  50|0x0000000084c00000, 0x0000000084c00000, 0x0000000084d00000|  0%| F|  |TAMS 0x0000000084c00000, 0x0000000084c00000| Untracked 
|  51|0x0000000084d00000, 0x0000000084d00000, 0x0000000084e00000|  0%| F|  |TAMS 0x0000000084d00000, 0x0000000084d00000| Untracked 
|  52|0x0000000084e00000, 0x0000000084e00000, 0x0000000084f00000|  0%| F|  |TAMS 0x0000000084e00000, 0x0000000084e00000| Untracked 
|  53|0x0000000084f00000, 0x0000000084f00000, 0x0000000085000000|  0%| F|  |TAMS 0x0000000084f00000, 0x0000000084f00000| Untracked 
|  54|0x0000000085000000, 0x0000000085000000, 0x0000000085100000|  0%| F|  |TAMS 0x0000000085000000, 0x0000000085000000| Untracked 
|  55|0x0000000085100000, 0x0000000085100000, 0x0000000085200000|  0%| F|  |TAMS 0x0000000085100000, 0x0000000085100000| Untracked 
|  56|0x0000000085200000, 0x0000000085200000, 0x0000000085300000|  0%| F|  |TAMS 0x0000000085200000, 0x0000000085200000| Untracked 
|  57|0x0000000085300000, 0x0000000085400000, 0x0000000085400000|100%| S|CS|TAMS 0x0000000085300000, 0x0000000085300000| Complete 
|  58|0x0000000085400000, 0x0000000085500000, 0x0000000085500000|100%| S|CS|TAMS 0x0000000085400000, 0x0000000085400000| Complete 
|  59|0x0000000085500000, 0x0000000085600000, 0x0000000085600000|100%| S|CS|TAMS 0x0000000085500000, 0x0000000085500000| Complete 
|  60|0x0000000085600000, 0x0000000085700000, 0x0000000085700000|100%| S|CS|TAMS 0x0000000085600000, 0x0000000085600000| Complete 
|  61|0x0000000085700000, 0x0000000085700000, 0x0000000085800000|  0%| F|  |TAMS 0x0000000085700000, 0x0000000085700000| Untracked 
|  62|0x0000000085800000, 0x0000000085800000, 0x0000000085900000|  0%| F|  |TAMS 0x0000000085800000, 0x0000000085800000| Untracked 
|  63|0x0000000085900000, 0x0000000085900000, 0x0000000085a00000|  0%| F|  |TAMS 0x0000000085900000, 0x0000000085900000| Untracked 
|  64|0x0000000085a00000, 0x0000000085b00000, 0x0000000085b00000|100%| S|CS|TAMS 0x0000000085a00000, 0x0000000085a00000| Complete 
|  65|0x0000000085b00000, 0x0000000085b00000, 0x0000000085c00000|  0%| F|  |TAMS 0x0000000085b00000, 0x0000000085b00000| Untracked 
|  66|0x0000000085c00000, 0x0000000085c00000, 0x0000000085d00000|  0%| F|  |TAMS 0x0000000085c00000, 0x0000000085c00000| Untracked 
|  67|0x0000000085d00000, 0x0000000085d00000, 0x0000000085e00000|  0%| F|  |TAMS 0x0000000085d00000, 0x0000000085d00000| Untracked 
|  68|0x0000000085e00000, 0x0000000085e00000, 0x0000000085f00000|  0%| F|  |TAMS 0x0000000085e00000, 0x0000000085e00000| Untracked 
|  69|0x0000000085f00000, 0x0000000085f00000, 0x0000000086000000|  0%| F|  |TAMS 0x0000000085f00000, 0x0000000085f00000| Untracked 
|  70|0x0000000086000000, 0x0000000086000000, 0x0000000086100000|  0%| F|  |TAMS 0x0000000086000000, 0x0000000086000000| Untracked 
|  71|0x0000000086100000, 0x0000000086100000, 0x0000000086200000|  0%| F|  |TAMS 0x0000000086100000, 0x0000000086100000| Untracked 
|  72|0x0000000086200000, 0x0000000086200000, 0x0000000086300000|  0%| F|  |TAMS 0x0000000086200000, 0x0000000086200000| Untracked 
|  73|0x0000000086300000, 0x0000000086300000, 0x0000000086400000|  0%| F|  |TAMS 0x0000000086300000, 0x0000000086300000| Untracked 
|  74|0x0000000086400000, 0x0000000086400000, 0x0000000086500000|  0%| F|  |TAMS 0x0000000086400000, 0x0000000086400000| Untracked 
|  75|0x0000000086500000, 0x0000000086500000, 0x0000000086600000|  0%| F|  |TAMS 0x0000000086500000, 0x0000000086500000| Untracked 
|  76|0x0000000086600000, 0x0000000086600000, 0x0000000086700000|  0%| F|  |TAMS 0x0000000086600000, 0x0000000086600000| Untracked 
|  77|0x0000000086700000, 0x0000000086700000, 0x0000000086800000|  0%| F|  |TAMS 0x0000000086700000, 0x0000000086700000| Untracked 
|  78|0x0000000086800000, 0x0000000086800000, 0x0000000086900000|  0%| F|  |TAMS 0x0000000086800000, 0x0000000086800000| Untracked 
|  79|0x0000000086900000, 0x0000000086900000, 0x0000000086a00000|  0%| F|  |TAMS 0x0000000086900000, 0x0000000086900000| Untracked 
|  80|0x0000000086a00000, 0x0000000086a00000, 0x0000000086b00000|  0%| F|  |TAMS 0x0000000086a00000, 0x0000000086a00000| Untracked 
|  81|0x0000000086b00000, 0x0000000086b00000, 0x0000000086c00000|  0%| F|  |TAMS 0x0000000086b00000, 0x0000000086b00000| Untracked 
|  82|0x0000000086c00000, 0x0000000086c00000, 0x0000000086d00000|  0%| F|  |TAMS 0x0000000086c00000, 0x0000000086c00000| Untracked 
|  83|0x0000000086d00000, 0x0000000086d00000, 0x0000000086e00000|  0%| F|  |TAMS 0x0000000086d00000, 0x0000000086d00000| Untracked 
|  84|0x0000000086e00000, 0x0000000086e00000, 0x0000000086f00000|  0%| F|  |TAMS 0x0000000086e00000, 0x0000000086e00000| Untracked 
|  85|0x0000000086f00000, 0x0000000086f00000, 0x0000000087000000|  0%| F|  |TAMS 0x0000000086f00000, 0x0000000086f00000| Untracked 
|  86|0x0000000087000000, 0x0000000087000000, 0x0000000087100000|  0%| F|  |TAMS 0x0000000087000000, 0x0000000087000000| Untracked 
|  87|0x0000000087100000, 0x0000000087100000, 0x0000000087200000|  0%| F|  |TAMS 0x0000000087100000, 0x0000000087100000| Untracked 
|  88|0x0000000087200000, 0x0000000087200000, 0x0000000087300000|  0%| F|  |TAMS 0x0000000087200000, 0x0000000087200000| Untracked 
|  89|0x0000000087300000, 0x0000000087300000, 0x0000000087400000|  0%| F|  |TAMS 0x0000000087300000, 0x0000000087300000| Untracked 
|  90|0x0000000087400000, 0x0000000087400000, 0x0000000087500000|  0%| F|  |TAMS 0x0000000087400000, 0x0000000087400000| Untracked 
|  91|0x0000000087500000, 0x0000000087500000, 0x0000000087600000|  0%| F|  |TAMS 0x0000000087500000, 0x0000000087500000| Untracked 
|  92|0x0000000087600000, 0x0000000087600000, 0x0000000087700000|  0%| F|  |TAMS 0x0000000087600000, 0x0000000087600000| Untracked 
|  93|0x0000000087700000, 0x0000000087700000, 0x0000000087800000|  0%| F|  |TAMS 0x0000000087700000, 0x0000000087700000| Untracked 
|  94|0x0000000087800000, 0x0000000087800000, 0x0000000087900000|  0%| F|  |TAMS 0x0000000087800000, 0x0000000087800000| Untracked 
|  95|0x0000000087900000, 0x0000000087900000, 0x0000000087a00000|  0%| F|  |TAMS 0x0000000087900000, 0x0000000087900000| Untracked 
|  96|0x0000000087a00000, 0x0000000087a00000, 0x0000000087b00000|  0%| F|  |TAMS 0x0000000087a00000, 0x0000000087a00000| Untracked 
|  97|0x0000000087b00000, 0x0000000087b00000, 0x0000000087c00000|  0%| F|  |TAMS 0x0000000087b00000, 0x0000000087b00000| Untracked 
|  98|0x0000000087c00000, 0x0000000087c00000, 0x0000000087d00000|  0%| F|  |TAMS 0x0000000087c00000, 0x0000000087c00000| Untracked 
|  99|0x0000000087d00000, 0x0000000087d00000, 0x0000000087e00000|  0%| F|  |TAMS 0x0000000087d00000, 0x0000000087d00000| Untracked 
| 100|0x0000000087e00000, 0x0000000087e00000, 0x0000000087f00000|  0%| F|  |TAMS 0x0000000087e00000, 0x0000000087e00000| Untracked 
| 101|0x0000000087f00000, 0x0000000087f00000, 0x0000000088000000|  0%| F|  |TAMS 0x0000000087f00000, 0x0000000087f00000| Untracked 
| 102|0x0000000088000000, 0x0000000088000000, 0x0000000088100000|  0%| F|  |TAMS 0x0000000088000000, 0x0000000088000000| Untracked 
| 103|0x0000000088100000, 0x0000000088100000, 0x0000000088200000|  0%| F|  |TAMS 0x0000000088100000, 0x0000000088100000| Untracked 
| 104|0x0000000088200000, 0x0000000088200000, 0x0000000088300000|  0%| F|  |TAMS 0x0000000088200000, 0x0000000088200000| Untracked 
| 105|0x0000000088300000, 0x0000000088300000, 0x0000000088400000|  0%| F|  |TAMS 0x0000000088300000, 0x0000000088300000| Untracked 
| 106|0x0000000088400000, 0x0000000088400000, 0x0000000088500000|  0%| F|  |TAMS 0x0000000088400000, 0x0000000088400000| Untracked 
| 107|0x0000000088500000, 0x0000000088500000, 0x0000000088600000|  0%| F|  |TAMS 0x0000000088500000, 0x0000000088500000| Untracked 
| 108|0x0000000088600000, 0x0000000088600000, 0x0000000088700000|  0%| F|  |TAMS 0x0000000088600000, 0x0000000088600000| Untracked 
| 109|0x0000000088700000, 0x0000000088700000, 0x0000000088800000|  0%| F|  |TAMS 0x0000000088700000, 0x0000000088700000| Untracked 
| 110|0x0000000088800000, 0x0000000088800000, 0x0000000088900000|  0%| F|  |TAMS 0x0000000088800000, 0x0000000088800000| Untracked 
| 111|0x0000000088900000, 0x0000000088900000, 0x0000000088a00000|  0%| F|  |TAMS 0x0000000088900000, 0x0000000088900000| Untracked 
| 112|0x0000000088a00000, 0x0000000088a00000, 0x0000000088b00000|  0%| F|  |TAMS 0x0000000088a00000, 0x0000000088a00000| Untracked 
| 113|0x0000000088b00000, 0x0000000088b00000, 0x0000000088c00000|  0%| F|  |TAMS 0x0000000088b00000, 0x0000000088b00000| Untracked 
| 114|0x0000000088c00000, 0x0000000088c00000, 0x0000000088d00000|  0%| F|  |TAMS 0x0000000088c00000, 0x0000000088c00000| Untracked 
| 115|0x0000000088d00000, 0x0000000088d00000, 0x0000000088e00000|  0%| F|  |TAMS 0x0000000088d00000, 0x0000000088d00000| Untracked 
| 116|0x0000000088e00000, 0x0000000088e00000, 0x0000000088f00000|  0%| F|  |TAMS 0x0000000088e00000, 0x0000000088e00000| Untracked 
| 117|0x0000000088f00000, 0x0000000088f00000, 0x0000000089000000|  0%| F|  |TAMS 0x0000000088f00000, 0x0000000088f00000| Untracked 
| 118|0x0000000089000000, 0x0000000089000000, 0x0000000089100000|  0%| F|  |TAMS 0x0000000089000000, 0x0000000089000000| Untracked 
| 119|0x0000000089100000, 0x0000000089100000, 0x0000000089200000|  0%| F|  |TAMS 0x0000000089100000, 0x0000000089100000| Untracked 
| 120|0x0000000089200000, 0x0000000089200000, 0x0000000089300000|  0%| F|  |TAMS 0x0000000089200000, 0x0000000089200000| Untracked 
| 121|0x0000000089300000, 0x0000000089300000, 0x0000000089400000|  0%| F|  |TAMS 0x0000000089300000, 0x0000000089300000| Untracked 
| 122|0x0000000089400000, 0x0000000089400000, 0x0000000089500000|  0%| F|  |TAMS 0x0000000089400000, 0x0000000089400000| Untracked 
| 123|0x0000000089500000, 0x0000000089500000, 0x0000000089600000|  0%| F|  |TAMS 0x0000000089500000, 0x0000000089500000| Untracked 
| 124|0x0000000089600000, 0x0000000089600000, 0x0000000089700000|  0%| F|  |TAMS 0x0000000089600000, 0x0000000089600000| Untracked 
| 125|0x0000000089700000, 0x0000000089700000, 0x0000000089800000|  0%| F|  |TAMS 0x0000000089700000, 0x0000000089700000| Untracked 
| 126|0x0000000089800000, 0x0000000089800000, 0x0000000089900000|  0%| F|  |TAMS 0x0000000089800000, 0x0000000089800000| Untracked 
| 127|0x0000000089900000, 0x0000000089900000, 0x0000000089a00000|  0%| F|  |TAMS 0x0000000089900000, 0x0000000089900000| Untracked 

Card table byte_map: [0x000002664d180000,0x000002664d580000] _byte_map_base: 0x000002664cd73000

Marking Bits (Prev, Next): (CMBitMap*) 0x000002663a904bb0, (CMBitMap*) 0x000002663a904b70
 Prev Bits: [0x000002664f920000, 0x00000266518b8000)
 Next Bits: [0x000002664d980000, 0x000002664f918000)

Polling page: 0x0000026638800000

Metaspace:

Usage:
  Non-class:     53.20 MB used.
      Class:      7.20 MB used.
       Both:     60.40 MB used.

Virtual space:
  Non-class space:       56.00 MB reserved,      53.31 MB ( 95%) committed,  7 nodes.
      Class space:        1.00 GB reserved,       7.31 MB ( <1%) committed,  1 nodes.
             Both:        1.05 GB reserved,      60.62 MB (  6%) committed. 

Chunk freelists:
   Non-Class:  2.25 MB
       Class:  654.00 KB
        Both:  2.89 MB

MaxMetaspaceSize: unlimited
CompressedClassSpaceSize: 1.00 GB
Initial GC threshold: 21.00 MB
Current GC threshold: 76.88 MB
CDS: off
MetaspaceReclaimPolicy: balanced
 - commit_granule_bytes: 65536.
 - commit_granule_words: 8192.
 - virtual_space_node_default_size: 1048576.
 - enlarge_chunks_in_place: 1.
 - new_chunks_are_fully_committed: 0.
 - uncommit_free_chunks: 1.
 - use_allocation_guard: 0.
 - handle_deallocations: 1.


Internal statistics:

num_allocs_failed_limit: 9.
num_arena_births: 292.
num_arena_deaths: 0.
num_vsnodes_births: 8.
num_vsnodes_deaths: 0.
num_space_committed: 968.
num_space_uncommitted: 0.
num_chunks_returned_to_freelist: 9.
num_chunks_taken_from_freelist: 2202.
num_chunk_merges: 9.
num_chunk_splits: 1733.
num_chunks_enlarged: 1513.
num_purges: 0.
num_inconsistent_stats: 0.

CodeHeap 'non-profiled nmethods': size=120000Kb used=2777Kb max_used=2989Kb free=117223Kb
 bounds [0x0000026645850000, 0x0000026645b40000, 0x000002664cd80000]
CodeHeap 'profiled nmethods': size=120000Kb used=13281Kb max_used=14759Kb free=106718Kb
 bounds [0x000002663dd80000, 0x000002663ec10000, 0x00000266452b0000]
CodeHeap 'non-nmethods': size=5760Kb used=1297Kb max_used=1336Kb free=4462Kb
 bounds [0x00000266452b0000, 0x0000026645520000, 0x0000026645850000]
 total_blobs=6863 nmethods=6249 adapters=525
 compilation: enabled
              stopped_count=0, restarted_count=0
 full_count=0

Compilation events (20 events):
Event: 10.548 Thread 0x00000266548276c0 nmethod 7291 0x000002663de80790 code [0x000002663de80940, 0x000002663de80b58]
Event: 10.548 Thread 0x00000266548276c0 7292       3       org.jetbrains.kotlin.load.kotlin.MemberSignature::<init> (10 bytes)
Event: 10.549 Thread 0x00000266548276c0 nmethod 7292 0x000002663e930390 code [0x000002663e930520, 0x000002663e9306d8]
Event: 10.549 Thread 0x00000266548276c0 7294       3       org.jetbrains.kotlin.load.kotlin.AbstractBinaryClassAnnotationAndConstantLoader::access$loadAnnotationIfNotSpecial (8 bytes)
Event: 10.549 Thread 0x0000026654826c20 nmethod 7240 0x0000026645a69c10 code [0x0000026645a69d80, 0x0000026645a69e58]
Event: 10.549 Thread 0x0000026654826c20 7187       4       org.jetbrains.kotlin.com.intellij.psi.stubs.MaterialStubList::size (8 bytes)
Event: 10.549 Thread 0x00000266548276c0 nmethod 7294 0x000002663e3a6510 code [0x000002663e3a66e0, 0x000002663e3a6b18]
Event: 10.549 Thread 0x00000266548276c0 7295       3       org.jetbrains.kotlin.load.kotlin.AbstractBinaryClassAnnotationAndConstantLoader::loadAnnotationIfNotSpecial (25 bytes)
Event: 10.549 Thread 0x0000026654826c20 nmethod 7187 0x0000026645a6c210 code [0x0000026645a6c380, 0x0000026645a6c418]
Event: 10.549 Thread 0x0000026654826c20 7297       4       java.lang.StringBuilder::append (8 bytes)
Event: 10.550 Thread 0x00000266548276c0 nmethod 7295 0x000002663e4fdd90 code [0x000002663e4fdf60, 0x000002663e4fe358]
Event: 10.550 Thread 0x00000266548276c0 7296       3       org.jetbrains.kotlin.SpecialJvmAnnotations::getSPECIAL_ANNOTATIONS (4 bytes)
Event: 10.550 Thread 0x00000266548276c0 nmethod 7296 0x000002663e66ee10 code [0x000002663e66efa0, 0x000002663e66f0b8]
Event: 10.550 Thread 0x00000266548276c0 7293       3       org.jetbrains.kotlin.load.kotlin.FileBasedKotlinClass$4$2::visitAnnotation (27 bytes)
Event: 10.550 Thread 0x00000266548276c0 nmethod 7293 0x000002663e519210 code [0x000002663e5193c0, 0x000002663e519598]
Event: 10.550 Thread 0x00000266548276c0 7298       3       org.jetbrains.kotlin.load.kotlin.FileBasedKotlinClass::access$300 (6 bytes)
Event: 10.550 Thread 0x00000266548276c0 nmethod 7298 0x000002663e518e90 code [0x000002663e519020, 0x000002663e519128]
Event: 10.550 Thread 0x00000266548276c0 7299       3       org.jetbrains.kotlin.load.kotlin.FileBasedKotlinClass$4$2::visitParameterAnnotation (87 bytes)
Event: 10.551 Thread 0x00000266548276c0 nmethod 7299 0x000002663e048410 code [0x000002663e048600, 0x000002663e048a58]
Event: 10.551 Thread 0x00000266548276c0 7300       3       org.jetbrains.kotlin.load.kotlin.AbstractBinaryClassAnnotationAndConstantLoader$loadAnnotationsAndInitializers$1$AnnotationVisitorForMethod::visitParameterAnnotation (98 bytes)

GC Heap History (20 events):
Event: 2.617 GC heap after
{Heap after GC invocations=6 (full 0):
 garbage-first heap   total 37888K, used 14575K [0x0000000081a00000, 0x0000000100000000)
  region size 1024K, 1 young (1024K), 1 survivors (1024K)
 Metaspace       used 27163K, committed 27392K, reserved 1081344K
  class space    used 2973K, committed 3072K, reserved 1048576K
}
Event: 3.063 GC heap before
{Heap before GC invocations=6 (full 0):
 garbage-first heap   total 37888K, used 27887K [0x0000000081a00000, 0x0000000100000000)
  region size 1024K, 14 young (14336K), 1 survivors (1024K)
 Metaspace       used 30895K, committed 31104K, reserved 1081344K
  class space    used 3741K, committed 3840K, reserved 1048576K
}
Event: 3.069 GC heap after
{Heap after GC invocations=7 (full 0):
 garbage-first heap   total 65536K, used 15681K [0x0000000081a00000, 0x0000000100000000)
  region size 1024K, 2 young (2048K), 2 survivors (2048K)
 Metaspace       used 30895K, committed 31104K, reserved 1081344K
  class space    used 3741K, committed 3840K, reserved 1048576K
}
Event: 3.823 GC heap before
{Heap before GC invocations=7 (full 0):
 garbage-first heap   total 65536K, used 45377K [0x0000000081a00000, 0x0000000100000000)
  region size 1024K, 30 young (30720K), 2 survivors (2048K)
 Metaspace       used 35965K, committed 36160K, reserved 1081344K
  class space    used 4537K, committed 4608K, reserved 1048576K
}
Event: 3.834 GC heap after
{Heap after GC invocations=8 (full 0):
 garbage-first heap   total 65536K, used 21925K [0x0000000081a00000, 0x0000000100000000)
  region size 1024K, 5 young (5120K), 5 survivors (5120K)
 Metaspace       used 35965K, committed 36160K, reserved 1081344K
  class space    used 4537K, committed 4608K, reserved 1048576K
}
Event: 4.436 GC heap before
{Heap before GC invocations=9 (full 0):
 garbage-first heap   total 65536K, used 45477K [0x0000000081a00000, 0x0000000100000000)
  region size 1024K, 29 young (29696K), 5 survivors (5120K)
 Metaspace       used 40859K, committed 41088K, reserved 1089536K
  class space    used 5008K, committed 5120K, reserved 1048576K
}
Event: 4.456 GC heap after
{Heap after GC invocations=10 (full 0):
 garbage-first heap   total 65536K, used 25034K [0x0000000081a00000, 0x0000000100000000)
  region size 1024K, 3 young (3072K), 3 survivors (3072K)
 Metaspace       used 40859K, committed 41088K, reserved 1089536K
  class space    used 5008K, committed 5120K, reserved 1048576K
}
Event: 4.473 GC heap before
{Heap before GC invocations=10 (full 0):
 garbage-first heap   total 65536K, used 26058K [0x0000000081a00000, 0x0000000100000000)
  region size 1024K, 4 young (4096K), 3 survivors (3072K)
 Metaspace       used 40929K, committed 41152K, reserved 1089536K
  class space    used 5017K, committed 5120K, reserved 1048576K
}
Event: 4.482 GC heap after
{Heap after GC invocations=11 (full 0):
 garbage-first heap   total 65536K, used 25173K [0x0000000081a00000, 0x0000000100000000)
  region size 1024K, 1 young (1024K), 1 survivors (1024K)
 Metaspace       used 40929K, committed 41152K, reserved 1089536K
  class space    used 5017K, committed 5120K, reserved 1048576K
}
Event: 5.337 GC heap before
{Heap before GC invocations=11 (full 0):
 garbage-first heap   total 65536K, used 48725K [0x0000000081a00000, 0x0000000100000000)
  region size 1024K, 24 young (24576K), 1 survivors (1024K)
 Metaspace       used 46870K, committed 47104K, reserved 1097728K
  class space    used 5700K, committed 5824K, reserved 1048576K
}
Event: 5.354 GC heap after
{Heap after GC invocations=12 (full 0):
 garbage-first heap   total 131072K, used 26824K [0x0000000081a00000, 0x0000000100000000)
  region size 1024K, 3 young (3072K), 3 survivors (3072K)
 Metaspace       used 46870K, committed 47104K, reserved 1097728K
  class space    used 5700K, committed 5824K, reserved 1048576K
}
Event: 6.665 GC heap before
{Heap before GC invocations=13 (full 0):
 garbage-first heap   total 99328K, used 84168K [0x0000000081a00000, 0x0000000100000000)
  region size 1024K, 59 young (60416K), 3 survivors (3072K)
 Metaspace       used 50221K, committed 50496K, reserved 1097728K
  class space    used 6016K, committed 6144K, reserved 1048576K
}
Event: 6.681 GC heap after
{Heap after GC invocations=14 (full 0):
 garbage-first heap   total 99328K, used 33317K [0x0000000081a00000, 0x0000000100000000)
  region size 1024K, 9 young (9216K), 9 survivors (9216K)
 Metaspace       used 50221K, committed 50496K, reserved 1097728K
  class space    used 6016K, committed 6144K, reserved 1048576K
}
Event: 6.742 GC heap before
{Heap before GC invocations=14 (full 0):
 garbage-first heap   total 99328K, used 34341K [0x0000000081a00000, 0x0000000100000000)
  region size 1024K, 10 young (10240K), 9 survivors (9216K)
 Metaspace       used 50427K, committed 50752K, reserved 1097728K
  class space    used 6046K, committed 6208K, reserved 1048576K
}
Event: 6.758 GC heap after
{Heap after GC invocations=15 (full 0):
 garbage-first heap   total 99328K, used 33966K [0x0000000081a00000, 0x0000000100000000)
  region size 1024K, 1 young (1024K), 1 survivors (1024K)
 Metaspace       used 50427K, committed 50752K, reserved 1097728K
  class space    used 6046K, committed 6208K, reserved 1048576K
}
Event: 8.231 GC heap before
{Heap before GC invocations=15 (full 0):
 garbage-first heap   total 99328K, used 75950K [0x0000000081a00000, 0x0000000100000000)
  region size 1024K, 42 young (43008K), 1 survivors (1024K)
 Metaspace       used 53808K, committed 54080K, reserved 1097728K
  class space    used 6323K, committed 6464K, reserved 1048576K
}
Event: 8.253 GC heap after
{Heap after GC invocations=16 (full 0):
 garbage-first heap   total 99328K, used 40448K [0x0000000081a00000, 0x0000000100000000)
  region size 1024K, 6 young (6144K), 6 survivors (6144K)
 Metaspace       used 53808K, committed 54080K, reserved 1097728K
  class space    used 6323K, committed 6464K, reserved 1048576K
}
Event: 9.048 GC heap before
{Heap before GC invocations=16 (full 0):
 garbage-first heap   total 99328K, used 74240K [0x0000000081a00000, 0x0000000100000000)
  region size 1024K, 39 young (39936K), 6 survivors (6144K)
 Metaspace       used 56167K, committed 56448K, reserved 1105920K
  class space    used 6596K, committed 6720K, reserved 1048576K
}
Event: 9.079 GC heap after
{Heap after GC invocations=17 (full 0):
 garbage-first heap   total 99328K, used 43702K [0x0000000081a00000, 0x0000000100000000)
  region size 1024K, 3 young (3072K), 3 survivors (3072K)
 Metaspace       used 56167K, committed 56448K, reserved 1105920K
  class space    used 6596K, committed 6720K, reserved 1048576K
}
Event: 10.552 GC heap before
{Heap before GC invocations=17 (full 0):
 garbage-first heap   total 99328K, used 77494K [0x0000000081a00000, 0x0000000100000000)
  region size 1024K, 35 young (35840K), 3 survivors (3072K)
 Metaspace       used 61847K, committed 62080K, reserved 1105920K
  class space    used 7373K, committed 7488K, reserved 1048576K
}

Dll operation events (2 events):
Event: 0.028 Loaded shared library C:\Program Files\Android\Android Studio\jbr\bin\java.dll
Event: 1.644 Loaded shared library C:\Program Files\Android\Android Studio\jbr\bin\verify.dll

Deoptimization events (20 events):
Event: 10.257 Thread 0x000002663a8a9910 DEOPT PACKING pc=0x00000266458707dc sp=0x000000aa840fa330
Event: 10.257 Thread 0x000002663a8a9910 DEOPT UNPACKING pc=0x00000266453069a3 sp=0x000000aa840fa298 mode 2
Event: 10.257 Thread 0x000002663a8a9910 Uncommon trap: trap_request=0xffffffc6 fr.pc=0x00000266458707dc relative=0x000000000000019c
Event: 10.257 Thread 0x000002663a8a9910 Uncommon trap: reason=bimorphic_or_optimized_type_check action=maybe_recompile pc=0x00000266458707dc method=gnu.trove.TIntObjectHashMap.index(I)I @ 28 c2
Event: 10.257 Thread 0x000002663a8a9910 DEOPT PACKING pc=0x00000266458707dc sp=0x000000aa840fa760
Event: 10.257 Thread 0x000002663a8a9910 DEOPT UNPACKING pc=0x00000266453069a3 sp=0x000000aa840fa6c8 mode 2
Event: 10.397 Thread 0x000002663a8a9910 Uncommon trap: trap_request=0xffffffde fr.pc=0x0000026645b13428 relative=0x0000000000002348
Event: 10.397 Thread 0x000002663a8a9910 Uncommon trap: reason=class_check action=maybe_recompile pc=0x0000026645b13428 method=org.jetbrains.kotlin.serialization.deserialization.descriptors.DeserializedMemberScope.getContributedClassifier(Lorg/jetbrains/kotlin/name/Name;Lorg/jetbrains/kotlin/inc
Event: 10.397 Thread 0x000002663a8a9910 DEOPT PACKING pc=0x0000026645b13428 sp=0x000000aa840fb4d0
Event: 10.397 Thread 0x000002663a8a9910 DEOPT UNPACKING pc=0x00000266453069a3 sp=0x000000aa840fb448 mode 2
Event: 10.446 Thread 0x000002663a8a9910 Uncommon trap: trap_request=0xffffffde fr.pc=0x000002664593b5e4 relative=0x0000000000000064
Event: 10.446 Thread 0x000002663a8a9910 Uncommon trap: reason=class_check action=maybe_recompile pc=0x000002664593b5e4 method=java.util.Collections$UnmodifiableCollection.size()I @ 4 c2
Event: 10.446 Thread 0x000002663a8a9910 DEOPT PACKING pc=0x000002664593b5e4 sp=0x000000aa840f9b20
Event: 10.446 Thread 0x000002663a8a9910 DEOPT UNPACKING pc=0x00000266453069a3 sp=0x000000aa840f9aa8 mode 2
Event: 10.451 Thread 0x000002663a8a9910 Uncommon trap: trap_request=0xffffffde fr.pc=0x000002664593b5e4 relative=0x0000000000000064
Event: 10.451 Thread 0x000002663a8a9910 Uncommon trap: reason=class_check action=maybe_recompile pc=0x000002664593b5e4 method=java.util.Collections$UnmodifiableCollection.size()I @ 4 c2
Event: 10.451 Thread 0x000002663a8a9910 DEOPT PACKING pc=0x000002664593b5e4 sp=0x000000aa840f9580
Event: 10.451 Thread 0x000002663a8a9910 DEOPT UNPACKING pc=0x00000266453069a3 sp=0x000000aa840f9508 mode 2
Event: 10.537 Thread 0x000002663a8a9910 DEOPT PACKING pc=0x000002663e48bc27 sp=0x000000aa840f7540
Event: 10.537 Thread 0x000002663a8a9910 DEOPT UNPACKING pc=0x0000026645307143 sp=0x000000aa840f6a00 mode 0

Classes unloaded (0 events):
No events

Classes redefined (0 events):
No events

Internal exceptions (20 events):
Event: 5.463 Thread 0x000002663a8a9910 Exception <a 'java/lang/NoSuchMethodError'{0x00000000898fdfe8}: 'java.lang.Object java.lang.invoke.DirectMethodHandle$Holder.invokeInterface(java.lang.Object, java.lang.Object)'> (0x00000000898fdfe8) 
thrown [s\src\hotspot\share\interpreter\linkResolver.cpp, line 771]
Event: 6.861 Thread 0x000002663a8a9910 Implicit null exception at 0x00000266459b6b3c to 0x00000266459b70c4
Event: 7.168 Thread 0x000002663a8a9910 Exception <a 'java/lang/NoSuchMethodError'{0x0000000086f91dc0}: 'java.lang.Object java.lang.invoke.DirectMethodHandle$Holder.invokeStaticInit(java.lang.Object, java.lang.Object, java.lang.Object)'> (0x0000000086f91dc0) 
thrown [s\src\hotspot\share\interpreter\linkResolver.cpp, line 771]
Event: 8.393 Thread 0x000002663a8a9910 Exception <a 'java/lang/NoSuchMethodError'{0x0000000087646858}: 'int java.lang.invoke.DirectMethodHandle$Holder.invokeInterface(java.lang.Object, java.lang.Object)'> (0x0000000087646858) 
thrown [s\src\hotspot\share\interpreter\linkResolver.cpp, line 771]
Event: 8.556 Thread 0x000002663a8a9910 Exception <a 'java/lang/NoSuchMethodError'{0x000000008700d228}: 'java.lang.Object java.lang.invoke.DirectMethodHandle$Holder.newInvokeSpecial(java.lang.Object, int, java.lang.Object)'> (0x000000008700d228) 
thrown [s\src\hotspot\share\interpreter\linkResolver.cpp, line 771]
Event: 8.973 Thread 0x000002663a8a9910 Exception <a 'java/lang/NoSuchMethodError'{0x0000000085cc5fb8}: 'java.lang.Object java.lang.invoke.DirectMethodHandle$Holder.newInvokeSpecial(java.lang.Object, java.lang.Object, java.lang.Object, java.lang.Object, java.lang.Object, java.lang.Object)'> (0x0000000085cc5fb8) 
thrown [s\src\hotspot\share\interpreter\linkResolver.cpp, line 771]
Event: 9.667 Thread 0x000002663a8a9910 Implicit null exception at 0x0000026645abbea3 to 0x0000026645abd938
Event: 9.667 Thread 0x000002663a8a9910 Implicit null exception at 0x000002664594b71a to 0x000002664594b888
Event: 9.694 Thread 0x000002663a8a9910 Implicit null exception at 0x00000266458abad8 to 0x00000266458abb6a
Event: 9.694 Thread 0x000002663a8a9910 Implicit null exception at 0x000002664594908f to 0x0000026645949105
Event: 9.723 Thread 0x000002663a8a9910 Implicit null exception at 0x000002664598294c to 0x0000026645982a28
Event: 9.760 Thread 0x000002663a8a9910 Exception <a 'java/lang/NoSuchMethodError'{0x0000000086d90830}: 'int java.lang.invoke.DirectMethodHandle$Holder.invokeVirtual(java.lang.Object, java.lang.Object, java.lang.Object)'> (0x0000000086d90830) 
thrown [s\src\hotspot\share\interpreter\linkResolver.cpp, line 771]
Event: 9.880 Thread 0x000002663a8a9910 Exception <a 'java/lang/NoSuchMethodError'{0x00000000869576f0}: 'java.lang.Object java.lang.invoke.DirectMethodHandle$Holder.invokeStatic(java.lang.Object, java.lang.Object, java.lang.Object, java.lang.Object, int)'> (0x00000000869576f0) 
thrown [s\src\hotspot\share\interpreter\linkResolver.cpp, line 771]
Event: 9.881 Thread 0x000002663a8a9910 Exception <a 'java/lang/NoSuchMethodError'{0x00000000869613d8}: 'java.lang.Object java.lang.invoke.DirectMethodHandle$Holder.newInvokeSpecial(java.lang.Object, java.lang.Object, java.lang.Object, java.lang.Object, int)'> (0x00000000869613d8) 
thrown [s\src\hotspot\share\interpreter\linkResolver.cpp, line 771]
Event: 9.883 Thread 0x000002663a8a9910 Exception <a 'java/lang/NoSuchMethodError'{0x0000000086965f08}: 'java.lang.Object java.lang.invoke.DirectMethodHandle$Holder.invokeSpecial(java.lang.Object, java.lang.Object, java.lang.Object, java.lang.Object, java.lang.Object, int)'> (0x0000000086965f08) 
thrown [s\src\hotspot\share\interpreter\linkResolver.cpp, line 771]
Event: 9.884 Thread 0x000002663a8a9910 Exception <a 'java/lang/NoSuchMethodError'{0x000000008696a3e8}: 'java.lang.Object java.lang.invoke.Invokers$Holder.linkToTargetMethod(java.lang.Object, java.lang.Object, java.lang.Object, int, java.lang.Object)'> (0x000000008696a3e8) 
thrown [s\src\hotspot\share\interpreter\linkResolver.cpp, line 771]
Event: 9.951 Thread 0x000002663a8a9910 Exception <a 'java/lang/NoSuchMethodError'{0x000000008671db80}: 'void java.lang.invoke.DirectMethodHandle$Holder.invokeInterface(java.lang.Object, java.lang.Object)'> (0x000000008671db80) 
thrown [s\src\hotspot\share\interpreter\linkResolver.cpp, line 771]
Event: 10.058 Thread 0x000002663a8a9910 Exception <a 'java/lang/IncompatibleClassChangeError'{0x000000008650d1b0}: Found class java.lang.Object, but interface was expected> (0x000000008650d1b0) 
thrown [s\src\hotspot\share\interpreter\linkResolver.cpp, line 838]
Event: 10.489 Thread 0x000002663a8a9910 Exception <a 'java/lang/NoSuchMethodError'{0x0000000085db0108}: 'java.lang.Object java.lang.invoke.DirectMethodHandle$Holder.newInvokeSpecial(java.lang.Object, java.lang.Object, java.lang.Object, java.lang.Object, java.lang.Object, java.lang.Object, java.lang.Object)'> (0x0000000085db0108) 
thrown [s\src\hotspot\share\interpreter\linkResolver.cpp, line 771]
Event: 10.489 Thread 0x000002663a8a9910 Exception <a 'java/lang/NoSuchMethodError'{0x0000000085db5210}: 'java.lang.Object java.lang.invoke.Invokers$Holder.linkToTargetMethod(java.lang.Object, java.lang.Object, java.lang.Object, java.lang.Object, java.lang.Object, java.lang.Object, java.lang.Object)'> (0x0000000085db5210) 
thrown [s\src\hotspot\share\interpreter\linkResolver.cpp, line 771]

VM Operations (20 events):
Event: 9.885 Executing VM operation: HandshakeAllThreads done
Event: 9.926 Executing VM operation: HandshakeAllThreads
Event: 9.926 Executing VM operation: HandshakeAllThreads done
Event: 9.929 Executing VM operation: HandshakeAllThreads
Event: 9.929 Executing VM operation: HandshakeAllThreads done
Event: 9.946 Executing VM operation: HandshakeAllThreads
Event: 9.946 Executing VM operation: HandshakeAllThreads done
Event: 9.981 Executing VM operation: HandshakeAllThreads
Event: 9.981 Executing VM operation: HandshakeAllThreads done
Event: 10.016 Executing VM operation: HandshakeAllThreads
Event: 10.016 Executing VM operation: HandshakeAllThreads done
Event: 10.054 Executing VM operation: HandshakeAllThreads
Event: 10.054 Executing VM operation: HandshakeAllThreads done
Event: 10.245 Executing VM operation: ICBufferFull
Event: 10.245 Executing VM operation: ICBufferFull done
Event: 10.418 Executing VM operation: HandshakeAllThreads
Event: 10.418 Executing VM operation: HandshakeAllThreads done
Event: 10.520 Executing VM operation: ICBufferFull
Event: 10.521 Executing VM operation: ICBufferFull done
Event: 10.552 Executing VM operation: G1CollectForAllocation

Events (20 events):
Event: 9.959 loading class java/util/stream/ReferencePipeline$2$1
Event: 9.959 loading class java/util/stream/ReferencePipeline$2$1 done
Event: 10.099 loading class jdk/internal/math/FloatingDecimal
Event: 10.100 loading class jdk/internal/math/FloatingDecimal done
Event: 10.100 loading class jdk/internal/math/FloatingDecimal$ExceptionalBinaryToASCIIBuffer
Event: 10.100 loading class jdk/internal/math/FloatingDecimal$BinaryToASCIIConverter
Event: 10.100 loading class jdk/internal/math/FloatingDecimal$BinaryToASCIIConverter done
Event: 10.100 loading class jdk/internal/math/FloatingDecimal$ExceptionalBinaryToASCIIBuffer done
Event: 10.101 loading class jdk/internal/math/FloatingDecimal$BinaryToASCIIBuffer
Event: 10.101 loading class jdk/internal/math/FloatingDecimal$BinaryToASCIIBuffer done
Event: 10.101 loading class jdk/internal/math/FloatingDecimal$1
Event: 10.101 loading class jdk/internal/math/FloatingDecimal$1 done
Event: 10.101 loading class jdk/internal/math/FloatingDecimal$PreparedASCIIToBinaryBuffer
Event: 10.101 loading class jdk/internal/math/FloatingDecimal$ASCIIToBinaryConverter
Event: 10.101 loading class jdk/internal/math/FloatingDecimal$ASCIIToBinaryConverter done
Event: 10.101 loading class jdk/internal/math/FloatingDecimal$PreparedASCIIToBinaryBuffer done
Event: 10.102 loading class jdk/internal/math/FDBigInteger
Event: 10.102 loading class jdk/internal/math/FDBigInteger done
Event: 10.484 loading class java/util/Collections$CopiesList
Event: 10.484 loading class java/util/Collections$CopiesList done


Dynamic libraries:
0x00007ff665340000 - 0x00007ff66534a000 	C:\Program Files\Android\Android Studio\jbr\bin\java.exe
0x00007ffb86f50000 - 0x00007ffb87148000 	C:\Windows\SYSTEM32\ntdll.dll
0x00007ffb85670000 - 0x00007ffb8572d000 	C:\Windows\System32\KERNEL32.DLL
0x00007ffb84c40000 - 0x00007ffb84f36000 	C:\Windows\System32\KERNELBASE.dll
0x00007ffb84b10000 - 0x00007ffb84c10000 	C:\Windows\System32\ucrtbase.dll
0x00007ffb53af0000 - 0x00007ffb53b07000 	C:\Program Files\Android\Android Studio\jbr\bin\jli.dll
0x00007ffb630d0000 - 0x00007ffb630eb000 	C:\Program Files\Android\Android Studio\jbr\bin\VCRUNTIME140.dll
0x00007ffb86d70000 - 0x00007ffb86f0e000 	C:\Windows\System32\USER32.dll
0x00007ffb84c10000 - 0x00007ffb84c32000 	C:\Windows\System32\win32u.dll
0x00007ffb77e60000 - 0x00007ffb780fa000 	C:\Windows\WinSxS\amd64_microsoft.windows.common-controls_6595b64144ccf1df_6.0.19041.3636_none_60b6a03d71f818d5\COMCTL32.dll
0x00007ffb868a0000 - 0x00007ffb868cc000 	C:\Windows\System32\GDI32.dll
0x00007ffb860a0000 - 0x00007ffb8613e000 	C:\Windows\System32\msvcrt.dll
0x00007ffb84630000 - 0x00007ffb8474a000 	C:\Windows\System32\gdi32full.dll
0x00007ffb849c0000 - 0x00007ffb84a5d000 	C:\Windows\System32\msvcp_win.dll
0x00007ffb86a10000 - 0x00007ffb86a40000 	C:\Windows\System32\IMM32.DLL
0x00007ffb6d850000 - 0x00007ffb6d85c000 	C:\Program Files\Android\Android Studio\jbr\bin\vcruntime140_1.dll
0x00007ffb567e0000 - 0x00007ffb5686d000 	C:\Program Files\Android\Android Studio\jbr\bin\msvcp140.dll
0x00007ffb2d1d0000 - 0x00007ffb2de3e000 	C:\Program Files\Android\Android Studio\jbr\bin\server\jvm.dll
0x00007ffb86aa0000 - 0x00007ffb86b4f000 	C:\Windows\System32\ADVAPI32.dll
0x00007ffb85840000 - 0x00007ffb858dc000 	C:\Windows\System32\sechost.dll
0x00007ffb85540000 - 0x00007ffb85666000 	C:\Windows\System32\RPCRT4.dll
0x00007ffb74550000 - 0x00007ffb74559000 	C:\Windows\SYSTEM32\WSOCK32.dll
0x00007ffb85f10000 - 0x00007ffb85f7b000 	C:\Windows\System32\WS2_32.dll
0x00007ffb78200000 - 0x00007ffb78227000 	C:\Windows\SYSTEM32\WINMM.dll
0x00007ffb776d0000 - 0x00007ffb776da000 	C:\Windows\SYSTEM32\VERSION.dll
0x00007ffb82580000 - 0x00007ffb82592000 	C:\Windows\SYSTEM32\kernel.appcore.dll
0x00007ffb5cee0000 - 0x00007ffb5ceea000 	C:\Program Files\Android\Android Studio\jbr\bin\jimage.dll
0x00007ffb6dad0000 - 0x00007ffb6dcb4000 	C:\Windows\SYSTEM32\DBGHELP.DLL
0x00007ffb6edd0000 - 0x00007ffb6ee04000 	C:\Windows\SYSTEM32\dbgcore.DLL
0x00007ffb848e0000 - 0x00007ffb84962000 	C:\Windows\System32\bcryptPrimitives.dll
0x00007ffb5a010000 - 0x00007ffb5a035000 	C:\Program Files\Android\Android Studio\jbr\bin\java.dll
0x00007ffb59ff0000 - 0x00007ffb5a008000 	C:\Program Files\Android\Android Studio\jbr\bin\zip.dll
0x00007ffb86150000 - 0x00007ffb86894000 	C:\Windows\System32\SHELL32.dll
0x00007ffb826f0000 - 0x00007ffb82e8b000 	C:\Windows\SYSTEM32\windows.storage.dll
0x00007ffb84fb0000 - 0x00007ffb85304000 	C:\Windows\System32\combase.dll
0x00007ffb84000000 - 0x00007ffb8402d000 	C:\Windows\SYSTEM32\Wldp.dll
0x00007ffb85e40000 - 0x00007ffb85eed000 	C:\Windows\System32\SHCORE.dll
0x00007ffb85730000 - 0x00007ffb85785000 	C:\Windows\System32\shlwapi.dll
0x00007ffb84560000 - 0x00007ffb84585000 	C:\Windows\SYSTEM32\profapi.dll
0x00007ffb59fd0000 - 0x00007ffb59fe9000 	C:\Program Files\Android\Android Studio\jbr\bin\net.dll
0x00007ffb79000000 - 0x00007ffb7910a000 	C:\Windows\SYSTEM32\WINHTTP.dll
0x00007ffb83d60000 - 0x00007ffb83dca000 	C:\Windows\system32\mswsock.dll
0x00007ffb59fb0000 - 0x00007ffb59fc6000 	C:\Program Files\Android\Android Studio\jbr\bin\nio.dll
0x00007ffb59f10000 - 0x00007ffb59f20000 	C:\Program Files\Android\Android Studio\jbr\bin\verify.dll

dbghelp: loaded successfully - version: 4.0.5 - missing functions: none
symbol engine: initialized successfully - sym options: 0x614 - pdb path: .;C:\Program Files\Android\Android Studio\jbr\bin;C:\Windows\SYSTEM32;C:\Windows\WinSxS\amd64_microsoft.windows.common-controls_6595b64144ccf1df_6.0.19041.3636_none_60b6a03d71f818d5;C:\Program Files\Android\Android Studio\jbr\bin\server

VM Arguments:
java_command: org.jetbrains.kotlin.cli.jvm.K2JVMCompiler @C:\Users\refrizar.dwiardito\AndroidStudioProjects\TugasAndroidAdvance\app\build\20231209_10893374870060613482.compiler.options
java_class_path (initial): C:\Users\refrizar.dwiardito\.jdks\openjdk-21\caches\modules-2\files-2.1\org.jetbrains.kotlin\kotlin-compiler-embeddable\1.6.10\88f2073f4020cdb83132cfe940ceb9a60aba54ea\kotlin-compiler-embeddable-1.6.10.jar;C:\Users\refrizar.dwiardito\.jdks\openjdk-21\caches\modules-2\files-2.1\org.jetbrains.kotlin\kotlin-reflect\1.6.10\1cbe9c92c12a94eea200d23c2bbaedaf3daf5132\kotlin-reflect-1.6.10.jar;C:\Users\refrizar.dwiardito\.jdks\openjdk-21\caches\modules-2\files-2.1\org.jetbrains.kotlin\kotlin-stdlib\1.6.10\b8af3fe6f1ca88526914929add63cf5e7c5049af\kotlin-stdlib-1.6.10.jar;C:\Users\refrizar.dwiardito\.jdks\openjdk-21\caches\modules-2\files-2.1\org.jetbrains.kotlin\kotlin-script-runtime\1.6.10\d0a7ff2e2500ef497ed0214ae40ad3c8387a6164\kotlin-script-runtime-1.6.10.jar;C:\Users\refrizar.dwiardito\.jdks\openjdk-21\caches\modules-2\files-2.1\org.jetbrains.kotlin\kotlin-daemon-embeddable\1.6.10\a56d79bcbea411fa6058e4ecffc2de73e742bd2a\kotlin-daemon-embeddable-1.6.10.jar;C:\Users\refrizar.dwiardito\.jdks\openjdk-21\caches\modules-2\files-2.1\org.jetbrains.intellij.deps\trove4j\1.0.20181211\216c2e14b070f334479d800987affe4054cd563f\trove4j-1.0.20181211.jar;C:\Users\refrizar.dwiardito\.jdks\openjdk-21\caches\modules-2\files-2.1\net.java.dev.jna\jna\5.6.0\330f2244e9030119ab3030fc3fededc86713d9cc\jna-5.6.0.jar;C:\Users\refrizar.dwiardito\.jdks\openjdk-21\caches\modules-2\files-2.1\org.jetbrains\annotations\13.0\919f0dfe192fb4e063e7dacadee7f8bb9a2672a9\annotations-13.0.jar;C:\Users\refrizar.dwiardito\.jdks\openjdk-21\caches\modules-2\files-2.1\org.jetbrains.kotlin\kotlin-stdlib-common\1.6.10\c118700e3a33c8a0d9adc920e9dec0831171925\kotlin-stdlib-common-1.6.10.jar
Launcher Type: SUN_STANDARD

[Global flags]
     intx CICompilerCount                          = 3                                         {product} {ergonomic}
     uint ConcGCThreads                            = 1                                         {product} {ergonomic}
     uint G1ConcRefinementThreads                  = 4                                         {product} {ergonomic}
   size_t G1HeapRegionSize                         = 1048576                                   {product} {ergonomic}
    uintx GCDrainStackTargetSize                   = 64                                        {product} {ergonomic}
   size_t InitialHeapSize                          = 134217728                                 {product} {ergonomic}
   size_t MarkStackSize                            = 4194304                                   {product} {ergonomic}
   size_t MaxHeapSize                              = 2120220672                                {product} {ergonomic}
   size_t MaxNewSize                               = 1271922688                                {product} {ergonomic}
   size_t MinHeapDeltaBytes                        = 1048576                                   {product} {ergonomic}
   size_t MinHeapSize                              = 8388608                                   {product} {ergonomic}
    uintx NonNMethodCodeHeapSize                   = 5832780                                {pd product} {ergonomic}
    uintx NonProfiledCodeHeapSize                  = 122912730                              {pd product} {ergonomic}
    uintx ProfiledCodeHeapSize                     = 122912730                              {pd product} {ergonomic}
    uintx ReservedCodeCacheSize                    = 251658240                              {pd product} {ergonomic}
     bool SegmentedCodeCache                       = true                                      {product} {ergonomic}
   size_t SoftMaxHeapSize                          = 2120220672                             {manageable} {ergonomic}
     bool UseCompressedClassPointers               = true                           {product lp64_product} {ergonomic}
     bool UseCompressedOops                        = true                           {product lp64_product} {ergonomic}
     bool UseG1GC                                  = true                                      {product} {ergonomic}
     bool UseLargePagesIndividualAllocation        = false                                  {pd product} {ergonomic}

Logging:
Log output configuration:
 #0: stdout all=warning uptime,level,tags
 #1: stderr all=off uptime,level,tags

Environment Variables:
JAVA_HOME=C:\Users\refrizar.dwiardito\.jdks\openjdk-21
PATH=C:\Program Files\Common Files\Oracle\Java\javapath;C:\Windows\system32;C:\Windows;C:\Windows\System32\Wbem;C:\Windows\System32\WindowsPowerShell\v1.0\;C:\Windows\System32\OpenSSH\;C:\Program Files\mingw-w64\x86_64-8.1.0-posix-seh-rt_v6-rev0\mingw64\bin;C:\Users\refrizar.dwiardito\AppData\Local\Programs\Python\Python310\Scripts;C:\Users\refrizar.dwiardito\.jdks\openjdk-21\bin;C:\Program Files\PuTTY\;C:\Program Files\gradle-8.3\bin;C:\Program Files\Git\cmd;C:\Users\refrizar.dwiardito\AppData\Local\Programs\Python\Python310\Scripts\;C:\Users\refrizar.dwiardito\AppData\Local\Programs\Python\Python310\;C:\Users\refrizar.dwiardito\AppData\Local\Microsoft\WindowsApps;;C:\Users\refrizar.dwiardito\AppData\Local\Programs\Microsoft VS Code\bin;C:\Program Files\JetBrains\IntelliJ IDEA Community Edition 2023.2.5\bin;
USERNAME=refrizar.dwiardito
OS=Windows_NT
PROCESSOR_IDENTIFIER=Intel64 Family 6 Model 61 Stepping 4, GenuineIntel
TMP=C:\Users\REFRIZ~1.DWI\AppData\Local\Temp
TEMP=C:\Users\REFRIZ~1.DWI\AppData\Local\Temp


JNI global refs:
JNI global refs: 10, weak refs: 15

JNI global refs memory usage: 843, weak refs: 841


---------------  S Y S T E M  ---------------

OS:
 Windows 10 , 64 bit Build 19041 (10.0.19041.3636)
OS uptime: 0 days 2:56 hours

CPU: total 4 (initial active 4) (2 cores per cpu, 2 threads per core) family 6 model 61 stepping 4 microcode 0x2f, cx8, cmov, fxsr, ht, mmx, 3dnowpref, sse, sse2, sse3, ssse3, sse4.1, sse4.2, popcnt, lzcnt, tsc, tscinvbit, avx, avx2, aes, erms, clmul, bmi1, bmi2, adx, fma, vzeroupper, clflush

Memory: 4k page, system-wide physical 8083M (540M free)
TotalPageFile size 8083M (AvailPageFile size 35M)
current process WorkingSet (physical memory assigned to process): 251M, peak: 277M
current process commit charge ("private bytes"): 310M, peak: 356M

vm_info: OpenJDK 64-Bit Server VM (17.0.6+0-b2043.56-10027231) for windows-amd64 JRE (17.0.6+0-b2043.56-10027231), built on Apr 28 2023 00:43:19 by "androidbuild" with MS VC++ 16.10 / 16.11 (VS2019)

END.
