#
# There is insufficient memory for the Java Runtime Environment to continue.
# Native memory allocation (mmap) failed to map 386924544 bytes for G1 virtual space
# Possible reasons:
#   The system is out of physical RAM or swap space
#   The process is running with CompressedOops enabled, and the Java Heap may be blocking the growth of the native heap
# Possible solutions:
#   Reduce memory load on the system
#   Increase physical memory or swap space
#   Check if swap backing store is full
#   Decrease Java heap size (-Xmx/-Xms)
#   Decrease number of Java threads
#   Decrease Java thread stack sizes (-Xss)
#   Set larger code cache with -XX:ReservedCodeCacheSize=
#   JVM is running with Unscaled Compressed Oops mode in which the Java heap is
#     placed in the first 4GB address space. The Java Heap base address is the
#     maximum limit for the native heap growth. Please use -XX:HeapBaseMinAddress
#     to set the Java Heap base and to place the Java Heap above 4GB virtual address.
# This output file may be truncated or incomplete.
#
#  Out of Memory Error (os_windows.cpp:3769), pid=9012, tid=656
#
# JRE version: OpenJDK Runtime Environment (17.0.6) (build 17.0.6+0-b2043.56-10027231)
# Java VM: OpenJDK 64-Bit Server VM (17.0.6+0-b2043.56-10027231, mixed mode, tiered, compressed oops, compressed class ptrs, g1 gc, windows-amd64)
# No core dump will be written. Minidumps are not enabled by default on client versions of Windows
#

---------------  S U M M A R Y ------------

Command Line: --add-opens=java.base/java.util=ALL-UNNAMED --add-opens=java.base/java.lang=ALL-UNNAMED --add-opens=java.base/java.lang.invoke=ALL-UNNAMED --add-opens=java.base/java.util=ALL-UNNAMED --add-opens=java.prefs/java.util.prefs=ALL-UNNAMED --add-opens=java.prefs/java.util.prefs=ALL-UNNAMED --add-opens=java.base/java.nio.charset=ALL-UNNAMED --add-opens=java.base/java.net=ALL-UNNAMED --add-opens=java.base/java.util.concurrent.atomic=ALL-UNNAMED -Xmx2048m -Dfile.encoding=UTF-8 -Duser.country=US -Duser.language=en -Duser.variant org.gradle.launcher.daemon.bootstrap.GradleDaemon 7.3.3

Host: Intel(R) Core(TM) i5-5200U CPU @ 2.20GHz, 4 cores, 7G,  Windows 10 , 64 bit Build 19041 (10.0.19041.3636)
Time: Sat Dec  9 12:26:36 2023 SE Asia Standard Time elapsed time: 41.790069 seconds (0d 0h 0m 41s)

---------------  T H R E A D  ---------------

Current thread (0x00000214e6f77140):  VMThread "VM Thread" [stack: 0x0000008357500000,0x0000008357600000] [id=656]

Stack: [0x0000008357500000,0x0000008357600000]
Native frames: (J=compiled Java code, j=interpreted, Vv=VM code, C=native code)
V  [jvm.dll+0x683c9a]
V  [jvm.dll+0x8427a4]
V  [jvm.dll+0x843f9e]
V  [jvm.dll+0x844603]
V  [jvm.dll+0x249b75]
V  [jvm.dll+0x680b69]
V  [jvm.dll+0x67505a]
V  [jvm.dll+0x309acb]
V  [jvm.dll+0x310f86]
V  [jvm.dll+0x3608ee]
V  [jvm.dll+0x360b1f]
V  [jvm.dll+0x2dfbf8]
V  [jvm.dll+0x2ddec4]
V  [jvm.dll+0x2dd4cc]
V  [jvm.dll+0x321f3b]
V  [jvm.dll+0x848ccb]
V  [jvm.dll+0x849a04]
V  [jvm.dll+0x849f1d]
V  [jvm.dll+0x84a2f4]
V  [jvm.dll+0x84a3c0]
V  [jvm.dll+0x7f274a]
V  [jvm.dll+0x682ad5]
C  [ucrtbase.dll+0x21bb2]
C  [KERNEL32.DLL+0x17344]
C  [ntdll.dll+0x526b1]

VM_Operation (0x000000835b2f8c70): G1CollectForAllocation, mode: safepoint, requested by thread 0x00000214e9199220


---------------  P R O C E S S  ---------------

Threads class SMR info:
_java_thread_list=0x00000214ebe3da50, length=91, elements={
0x00000214cd99ce60, 0x00000214e6f437f0, 0x00000214e6f445f0, 0x00000214e6f94020,
0x00000214e6f958f0, 0x00000214e6f961b0, 0x00000214e6f97a80, 0x00000214e6f98670,
0x00000214e790d5a0, 0x00000214e792c410, 0x00000214e7aaa040, 0x00000214e7aac930,
0x00000214e94ce8a0, 0x00000214e9430820, 0x00000214e8ecafc0, 0x00000214e926fb90,
0x00000214ea92cdd0, 0x00000214e925bba0, 0x00000214e925c070, 0x00000214e8530540,
0x00000214e8530a10, 0x00000214e8530ee0, 0x00000214e85313b0, 0x00000214e8531880,
0x00000214ea6c8930, 0x00000214ea6c7f90, 0x00000214ea6c10e0, 0x00000214ea6c4aa0,
0x00000214ea6c75f0, 0x00000214ea6c6c50, 0x00000214ea6c3760, 0x00000214ea6c45d0,
0x00000214ea6c5440, 0x00000214ea6c7ac0, 0x00000214ea6c7120, 0x00000214ea6c4100,
0x00000214ea6c15b0, 0x00000214ea6c1a80, 0x00000214ea6c5de0, 0x00000214ea6c62b0,
0x00000214ea6c2420, 0x00000214ea6c28f0, 0x00000214e919c240, 0x00000214e919a560,
0x00000214e9198d50, 0x00000214e91983b0, 0x00000214e919cbe0, 0x00000214e91996f0,
0x00000214e9195d30, 0x00000214e9199bc0, 0x00000214e9195860, 0x00000214e9197ee0,
0x00000214e919a090, 0x00000214e9196200, 0x00000214e9197070, 0x00000214e919aa30,
0x00000214e9197540, 0x00000214e9199220, 0x00000214e919af00, 0x00000214e919b3d0,
0x00000214e919b8a0, 0x00000214e919c710, 0x00000214e9197a10, 0x00000214e9198880,
0x00000214e919bd70, 0x00000214e91966d0, 0x00000214e919d0b0, 0x00000214e9196ba0,
0x00000214ea78cd20, 0x00000214ea78beb0, 0x00000214ea78c380, 0x00000214ea78b9e0,
0x00000214ea78c850, 0x00000214ea78d1f0, 0x00000214ea78db90, 0x00000214ea78ea00,
0x00000214ea78e060, 0x00000214ea78d6c0, 0x00000214ea78e530, 0x00000214e903d670,
0x00000214ee87b7c0, 0x00000214ee879fb0, 0x00000214ee879140, 0x00000214ee8787a0,
0x00000214ee87ecb0, 0x00000214ee87f180, 0x00000214ee879ae0, 0x00000214ee87cb00,
0x00000214ee87a480, 0x00000214ee87f650, 0x00000214ee87fb20
}

Java Threads: ( => current thread )
  0x00000214cd99ce60 JavaThread "main" [_thread_blocked, id=5088, stack(0x0000008356f00000,0x0000008357000000)]
  0x00000214e6f437f0 JavaThread "Reference Handler" daemon [_thread_blocked, id=6084, stack(0x0000008357600000,0x0000008357700000)]
  0x00000214e6f445f0 JavaThread "Finalizer" daemon [_thread_blocked, id=1404, stack(0x0000008357700000,0x0000008357800000)]
  0x00000214e6f94020 JavaThread "Signal Dispatcher" daemon [_thread_blocked, id=1556, stack(0x0000008357800000,0x0000008357900000)]
  0x00000214e6f958f0 JavaThread "Attach Listener" daemon [_thread_blocked, id=8720, stack(0x0000008357900000,0x0000008357a00000)]
  0x00000214e6f961b0 JavaThread "Service Thread" daemon [_thread_blocked, id=5544, stack(0x0000008357a00000,0x0000008357b00000)]
  0x00000214e6f97a80 JavaThread "Monitor Deflation Thread" daemon [_thread_blocked, id=5684, stack(0x0000008357b00000,0x0000008357c00000)]
  0x00000214e6f98670 JavaThread "C2 CompilerThread0" daemon [_thread_blocked, id=248, stack(0x0000008357c00000,0x0000008357d00000)]
  0x00000214e790d5a0 JavaThread "C1 CompilerThread0" daemon [_thread_blocked, id=1792, stack(0x0000008357d00000,0x0000008357e00000)]
  0x00000214e792c410 JavaThread "Sweeper thread" daemon [_thread_blocked, id=6468, stack(0x0000008357e00000,0x0000008357f00000)]
  0x00000214e7aaa040 JavaThread "Common-Cleaner" daemon [_thread_blocked, id=10824, stack(0x0000008357f00000,0x0000008358000000)]
  0x00000214e7aac930 JavaThread "Notification Thread" daemon [_thread_blocked, id=8400, stack(0x0000008358000000,0x0000008358100000)]
  0x00000214e94ce8a0 JavaThread "Daemon health stats" [_thread_blocked, id=2372, stack(0x0000008358600000,0x0000008358700000)]
  0x00000214e9430820 JavaThread "Incoming local TCP Connector on port 55377" [_thread_in_native, id=608, stack(0x0000008358500000,0x0000008358600000)]
  0x00000214e8ecafc0 JavaThread "Daemon periodic checks" [_thread_blocked, id=11176, stack(0x0000008358700000,0x0000008358800000)]
  0x00000214e926fb90 JavaThread "Daemon" [_thread_blocked, id=4240, stack(0x0000008358800000,0x0000008358900000)]
  0x00000214ea92cdd0 JavaThread "Handler for socket connection from /127.0.0.1:55377 to /127.0.0.1:55378" [_thread_in_native, id=7512, stack(0x0000008358900000,0x0000008358a00000)]
  0x00000214e925bba0 JavaThread "Cancel handler" [_thread_blocked, id=212, stack(0x0000008358a00000,0x0000008358b00000)]
  0x00000214e925c070 JavaThread "Daemon worker" [_thread_blocked, id=8480, stack(0x0000008358b00000,0x0000008358c00000)]
  0x00000214e8530540 JavaThread "Asynchronous log dispatcher for DefaultDaemonConnection: socket connection from /127.0.0.1:55377 to /127.0.0.1:55378" [_thread_blocked, id=10980, stack(0x0000008358c00000,0x0000008358d00000)]
  0x00000214e8530a10 JavaThread "Stdin handler" [_thread_blocked, id=5496, stack(0x0000008358d00000,0x0000008358e00000)]
  0x00000214e8530ee0 JavaThread "Daemon client event forwarder" [_thread_blocked, id=9416, stack(0x0000008358e00000,0x0000008358f00000)]
  0x00000214e85313b0 JavaThread "Cache worker for journal cache (C:\Users\refrizar.dwiardito\.jdks\openjdk-21\caches\journal-1)" [_thread_blocked, id=4288, stack(0x0000008358f00000,0x0000008359000000)]
  0x00000214e8531880 JavaThread "File lock request listener" [_thread_in_native, id=2140, stack(0x0000008359000000,0x0000008359100000)]
  0x00000214ea6c8930 JavaThread "Cache worker for file hash cache (C:\Users\refrizar.dwiardito\.jdks\openjdk-21\caches\7.3.3\fileHashes)" [_thread_blocked, id=7996, stack(0x0000008359100000,0x0000008359200000)]
  0x00000214ea6c7f90 JavaThread "Cache worker for file hash cache (C:\Users\refrizar.dwiardito\AndroidStudioProjects\BreakingBadWIki-master\.gradle\7.3.3\fileHashes)" [_thread_blocked, id=7188, stack(0x0000008359200000,0x0000008359300000)]
  0x00000214ea6c10e0 JavaThread "File watcher server" daemon [_thread_blocked, id=7556, stack(0x0000008359400000,0x0000008359500000)]
  0x00000214ea6c4aa0 JavaThread "File watcher consumer" daemon [_thread_blocked, id=3676, stack(0x0000008359500000,0x0000008359600000)]
  0x00000214ea6c75f0 JavaThread "Cache worker for checksums cache (C:\Users\refrizar.dwiardito\AndroidStudioProjects\BreakingBadWIki-master\.gradle\7.3.3\checksums)" [_thread_blocked, id=6136, stack(0x0000008359300000,0x0000008359400000)]
  0x00000214ea6c6c50 JavaThread "Cache worker for cache directory md-supplier (C:\Users\refrizar.dwiardito\.jdks\openjdk-21\caches\7.3.3\md-supplier)" [_thread_blocked, id=10760, stack(0x0000008359600000,0x0000008359700000)]
  0x00000214ea6c3760 JavaThread "Cache worker for cache directory md-rule (C:\Users\refrizar.dwiardito\.jdks\openjdk-21\caches\7.3.3\md-rule)" [_thread_blocked, id=4156, stack(0x0000008359700000,0x0000008359800000)]
  0x00000214ea6c45d0 JavaThread "Cache worker for execution history cache (C:\Users\refrizar.dwiardito\.jdks\openjdk-21\caches\7.3.3\executionHistory)" [_thread_blocked, id=7924, stack(0x0000008359800000,0x0000008359900000)]
  0x00000214ea6c5440 JavaThread "jar transforms" [_thread_blocked, id=10724, stack(0x0000008359900000,0x0000008359a00000)]
  0x00000214ea6c7ac0 JavaThread "jar transforms Thread 2" [_thread_blocked, id=5380, stack(0x0000008359a00000,0x0000008359b00000)]
  0x00000214ea6c7120 JavaThread "Cache worker for file content cache (C:\Users\refrizar.dwiardito\.jdks\openjdk-21\caches\7.3.3\fileContent)" [_thread_blocked, id=11028, stack(0x0000008359c00000,0x0000008359d00000)]
  0x00000214ea6c4100 JavaThread "jar transforms Thread 3" [_thread_blocked, id=9684, stack(0x0000008359b00000,0x0000008359c00000)]
  0x00000214ea6c15b0 JavaThread "jar transforms Thread 4" [_thread_blocked, id=9164, stack(0x0000008359e00000,0x0000008359f00000)]
  0x00000214ea6c1a80 JavaThread "Cache worker for dependencies-accessors (C:\Users\refrizar.dwiardito\AndroidStudioProjects\BreakingBadWIki-master\.gradle\7.3.3\dependencies-accessors)" [_thread_blocked, id=5016, stack(0x0000008359f00000,0x000000835a000000)]
  0x00000214ea6c5de0 JavaThread "Cache worker for Build Output Cleanup Cache (C:\Users\refrizar.dwiardito\AndroidStudioProjects\BreakingBadWIki-master\.gradle\buildOutputCleanup)" [_thread_blocked, id=1940, stack(0x000000835a000000,0x000000835a100000)]
  0x00000214ea6c62b0 JavaThread "Unconstrained build operations" [_thread_blocked, id=8716, stack(0x0000008359d00000,0x0000008359e00000)]
  0x00000214ea6c2420 JavaThread "Unconstrained build operations Thread 2" [_thread_blocked, id=4284, stack(0x000000835a100000,0x000000835a200000)]
  0x00000214ea6c28f0 JavaThread "Unconstrained build operations Thread 3" [_thread_blocked, id=10988, stack(0x000000835a200000,0x000000835a300000)]
  0x00000214e919c240 JavaThread "Unconstrained build operations Thread 4" [_thread_blocked, id=9256, stack(0x000000835a300000,0x000000835a400000)]
  0x00000214e919a560 JavaThread "Unconstrained build operations Thread 5" [_thread_blocked, id=8888, stack(0x000000835a400000,0x000000835a500000)]
  0x00000214e9198d50 JavaThread "Unconstrained build operations Thread 6" [_thread_blocked, id=2268, stack(0x000000835a500000,0x000000835a600000)]
  0x00000214e91983b0 JavaThread "Unconstrained build operations Thread 7" [_thread_blocked, id=3680, stack(0x000000835a600000,0x000000835a700000)]
  0x00000214e919cbe0 JavaThread "Unconstrained build operations Thread 8" [_thread_blocked, id=5976, stack(0x000000835a700000,0x000000835a800000)]
  0x00000214e91996f0 JavaThread "Unconstrained build operations Thread 9" [_thread_blocked, id=10816, stack(0x000000835a800000,0x000000835a900000)]
  0x00000214e9195d30 JavaThread "Unconstrained build operations Thread 10" [_thread_blocked, id=4852, stack(0x000000835a900000,0x000000835aa00000)]
  0x00000214e9199bc0 JavaThread "Unconstrained build operations Thread 11" [_thread_blocked, id=6156, stack(0x000000835aa00000,0x000000835ab00000)]
  0x00000214e9195860 JavaThread "Unconstrained build operations Thread 12" [_thread_blocked, id=10040, stack(0x000000835ab00000,0x000000835ac00000)]
  0x00000214e9197ee0 JavaThread "Unconstrained build operations Thread 13" [_thread_blocked, id=8036, stack(0x000000835ac00000,0x000000835ad00000)]
  0x00000214e919a090 JavaThread "Unconstrained build operations Thread 14" [_thread_blocked, id=10512, stack(0x000000835ad00000,0x000000835ae00000)]
  0x00000214e9196200 JavaThread "Unconstrained build operations Thread 15" [_thread_blocked, id=7360, stack(0x000000835ae00000,0x000000835af00000)]
  0x00000214e9197070 JavaThread "Unconstrained build operations Thread 16" [_thread_blocked, id=8344, stack(0x000000835af00000,0x000000835b000000)]
  0x00000214e919aa30 JavaThread "Unconstrained build operations Thread 17" [_thread_blocked, id=9964, stack(0x000000835b000000,0x000000835b100000)]
  0x00000214e9197540 JavaThread "Unconstrained build operations Thread 18" [_thread_blocked, id=9804, stack(0x000000835b100000,0x000000835b200000)]
  0x00000214e9199220 JavaThread "Unconstrained build operations Thread 19" [_thread_blocked, id=1420, stack(0x000000835b200000,0x000000835b300000)]
  0x00000214e919af00 JavaThread "Unconstrained build operations Thread 20" [_thread_blocked, id=10628, stack(0x000000835b300000,0x000000835b400000)]
  0x00000214e919b3d0 JavaThread "Unconstrained build operations Thread 21" [_thread_blocked, id=188, stack(0x000000835b400000,0x000000835b500000)]
  0x00000214e919b8a0 JavaThread "Unconstrained build operations Thread 22" [_thread_blocked, id=3140, stack(0x000000835b500000,0x000000835b600000)]
  0x00000214e919c710 JavaThread "Unconstrained build operations Thread 23" [_thread_blocked, id=8088, stack(0x000000835b600000,0x000000835b700000)]
  0x00000214e9197a10 JavaThread "Unconstrained build operations Thread 24" [_thread_blocked, id=9536, stack(0x000000835b700000,0x000000835b800000)]
  0x00000214e9198880 JavaThread "Unconstrained build operations Thread 25" [_thread_blocked, id=2920, stack(0x000000835b800000,0x000000835b900000)]
  0x00000214e919bd70 JavaThread "Unconstrained build operations Thread 26" [_thread_blocked, id=9208, stack(0x000000835b900000,0x000000835ba00000)]
  0x00000214e91966d0 JavaThread "Unconstrained build operations Thread 27" [_thread_blocked, id=4540, stack(0x000000835ba00000,0x000000835bb00000)]
  0x00000214e919d0b0 JavaThread "Unconstrained build operations Thread 28" [_thread_blocked, id=10820, stack(0x000000835bb00000,0x000000835bc00000)]
  0x00000214e9196ba0 JavaThread "Unconstrained build operations Thread 29" [_thread_blocked, id=10404, stack(0x000000835bc00000,0x000000835bd00000)]
  0x00000214ea78cd20 JavaThread "Unconstrained build operations Thread 30" [_thread_blocked, id=4016, stack(0x000000835bd00000,0x000000835be00000)]
  0x00000214ea78beb0 JavaThread "Unconstrained build operations Thread 31" [_thread_blocked, id=10000, stack(0x000000835be00000,0x000000835bf00000)]
  0x00000214ea78c380 JavaThread "Unconstrained build operations Thread 32" [_thread_blocked, id=2144, stack(0x000000835bf00000,0x000000835c000000)]
  0x00000214ea78b9e0 JavaThread "Unconstrained build operations Thread 33" [_thread_blocked, id=1968, stack(0x000000835c000000,0x000000835c100000)]
  0x00000214ea78c850 JavaThread "Unconstrained build operations Thread 34" [_thread_blocked, id=1088, stack(0x000000835c100000,0x000000835c200000)]
  0x00000214ea78d1f0 JavaThread "Unconstrained build operations Thread 35" [_thread_blocked, id=8156, stack(0x000000835c200000,0x000000835c300000)]
  0x00000214ea78db90 JavaThread "Unconstrained build operations Thread 36" [_thread_blocked, id=7436, stack(0x000000835c300000,0x000000835c400000)]
  0x00000214ea78ea00 JavaThread "Unconstrained build operations Thread 37" [_thread_blocked, id=9184, stack(0x000000835c400000,0x000000835c500000)]
  0x00000214ea78e060 JavaThread "Unconstrained build operations Thread 38" [_thread_blocked, id=10584, stack(0x000000835c500000,0x000000835c600000)]
  0x00000214ea78d6c0 JavaThread "Unconstrained build operations Thread 39" [_thread_blocked, id=10708, stack(0x000000835c600000,0x000000835c700000)]
  0x00000214ea78e530 JavaThread "Unconstrained build operations Thread 40" [_thread_blocked, id=8776, stack(0x000000835c700000,0x000000835c800000)]
  0x00000214e903d670 JavaThread "C2 CompilerThread1" daemon [_thread_blocked, id=4556, stack(0x000000835c800000,0x000000835c900000)]
  0x00000214ee87b7c0 JavaThread "Memory manager" [_thread_blocked, id=6168, stack(0x000000835c900000,0x000000835ca00000)]
  0x00000214ee879fb0 JavaThread "build event listener" [_thread_blocked, id=10020, stack(0x000000835ca00000,0x000000835cb00000)]
  0x00000214ee879140 JavaThread "build event listener" [_thread_blocked, id=10504, stack(0x000000835cb00000,0x000000835cc00000)]
  0x00000214ee8787a0 JavaThread "Execution worker for ':'" [_thread_blocked, id=7596, stack(0x000000835cc00000,0x000000835cd00000)]
  0x00000214ee87ecb0 JavaThread "Execution worker for ':' Thread 2" [_thread_blocked, id=8572, stack(0x000000835cd00000,0x000000835ce00000)]
  0x00000214ee87f180 JavaThread "Execution worker for ':' Thread 3" [_thread_blocked, id=8336, stack(0x000000835ce00000,0x000000835cf00000)]
  0x00000214ee879ae0 JavaThread "Cache worker for execution history cache (C:\Users\refrizar.dwiardito\AndroidStudioProjects\BreakingBadWIki-master\.gradle\7.3.3\executionHistory)" [_thread_blocked, id=9276, stack(0x000000835cf00000,0x000000835d000000)]
  0x00000214ee87cb00 JavaThread "WorkerExecutor Queue" [_thread_blocked, id=2668, stack(0x000000835d000000,0x000000835d100000)]
  0x00000214ee87a480 JavaThread "pool-3-thread-1" [_thread_blocked, id=3692, stack(0x000000835d100000,0x000000835d200000)]
  0x00000214ee87f650 JavaThread "stderr" [_thread_in_native, id=936, stack(0x000000835d200000,0x000000835d300000)]
  0x00000214ee87fb20 JavaThread "stdout" [_thread_in_native, id=8864, stack(0x000000835d300000,0x000000835d400000)]

Other Threads:
=>0x00000214e6f77140 VMThread "VM Thread" [stack: 0x0000008357500000,0x0000008357600000] [id=656]
  0x00000214e7aaf220 WatcherThread [stack: 0x0000008358100000,0x0000008358200000] [id=9496]
  0x00000214cd9fb3b0 GCTaskThread "GC Thread#0" [stack: 0x0000008357000000,0x0000008357100000] [id=3528]
  0x00000214e7b52e40 GCTaskThread "GC Thread#1" [stack: 0x0000008358200000,0x0000008358300000] [id=8600]
  0x00000214e7b530f0 GCTaskThread "GC Thread#2" [stack: 0x0000008358300000,0x0000008358400000] [id=7936]
  0x00000214e8532a60 GCTaskThread "GC Thread#3" [stack: 0x0000008358400000,0x0000008358500000] [id=8640]
  0x00000214cda0c200 ConcurrentGCThread "G1 Main Marker" [stack: 0x0000008357100000,0x0000008357200000] [id=11120]
  0x00000214cda0e2d0 ConcurrentGCThread "G1 Conc#0" [stack: 0x0000008357200000,0x0000008357300000] [id=3704]
  0x00000214cda69b80 ConcurrentGCThread "G1 Refine#0" [stack: 0x0000008357300000,0x0000008357400000] [id=7216]
  0x00000214e6dc0490 ConcurrentGCThread "G1 Service" [stack: 0x0000008357400000,0x0000008357500000] [id=4740]

Threads with active compile tasks:
C2 CompilerThread0    41837 15569       4       com.android.tools.r8.internal.My::a (63 bytes)
C2 CompilerThread1    41837 15630       4       com.android.tools.r8.internal.uJ::a (447 bytes)

VM state: at safepoint (normal execution)

VM Mutex/Monitor currently owned by a thread:  ([mutex/lock_event])
[0x00000214cd998f30] Threads_lock - owner thread: 0x00000214e6f77140
[0x00000214cd9987e0] Heap_lock - owner thread: 0x00000214e9199220

Heap address: 0x0000000080000000, size: 2048 MB, Compressed Oops mode: 32-bit

CDS archive(s) not mapped
Compressed class space mapped at: 0x0000000100000000-0x0000000140000000, reserved size: 1073741824
Narrow klass base: 0x0000000000000000, Narrow klass shift: 3, Narrow klass range: 0x140000000

GC Precious Log:
 CPUs: 4 total, 4 available
 Memory: 8083M
 Large Page Support: Disabled
 NUMA Support: Disabled
 Compressed Oops: Enabled (32-bit)
 Heap Region Size: 1M
 Heap Min Capacity: 8M
 Heap Initial Capacity: 128M
 Heap Max Capacity: 2G
 Pre-touch: Disabled
 Parallel Workers: 4
 Concurrent Workers: 1
 Concurrent Refinement Workers: 4
 Periodic GC: Disabled

Heap:
 garbage-first heap   total 300032K, used 144198K [0x0000000080000000, 0x0000000100000000)
  region size 1024K, 5 young (5120K), 5 survivors (5120K)
 Metaspace       used 107111K, committed 107776K, reserved 1146880K
  class space    used 14465K, committed 14784K, reserved 1048576K

Heap Regions: E=young(eden), S=young(survivor), O=old, HS=humongous(starts), HC=humongous(continues), CS=collection set, F=free, OA=open archive, CA=closed archive, TAMS=top-at-mark-start (previous, next)
|   0|0x0000000080000000, 0x0000000080100000, 0x0000000080100000|100%|HS|  |TAMS 0x0000000080100000, 0x0000000080000000| Complete 
|   1|0x0000000080100000, 0x0000000080200000, 0x0000000080200000|100%|HC|  |TAMS 0x0000000080200000, 0x0000000080100000| Complete 
|   2|0x0000000080200000, 0x0000000080300000, 0x0000000080300000|100%|HC|  |TAMS 0x0000000080300000, 0x0000000080200000| Complete 
|   3|0x0000000080300000, 0x0000000080400000, 0x0000000080400000|100%| O|  |TAMS 0x0000000080400000, 0x0000000080300000| Untracked 
|   4|0x0000000080400000, 0x0000000080500000, 0x0000000080500000|100%| O|  |TAMS 0x0000000080500000, 0x0000000080400000| Untracked 
|   5|0x0000000080500000, 0x0000000080600000, 0x0000000080600000|100%| O|  |TAMS 0x0000000080600000, 0x0000000080500000| Untracked 
|   6|0x0000000080600000, 0x0000000080700000, 0x0000000080700000|100%| O|  |TAMS 0x0000000080700000, 0x0000000080600000| Untracked 
|   7|0x0000000080700000, 0x0000000080800000, 0x0000000080800000|100%| O|  |TAMS 0x0000000080800000, 0x0000000080700000| Untracked 
|   8|0x0000000080800000, 0x0000000080900000, 0x0000000080900000|100%| O|  |TAMS 0x0000000080900000, 0x0000000080800000| Untracked 
|   9|0x0000000080900000, 0x0000000080a00000, 0x0000000080a00000|100%| O|  |TAMS 0x0000000080a00000, 0x0000000080900000| Untracked 
|  10|0x0000000080a00000, 0x0000000080b00000, 0x0000000080b00000|100%| O|  |TAMS 0x0000000080b00000, 0x0000000080a00000| Untracked 
|  11|0x0000000080b00000, 0x0000000080c00000, 0x0000000080c00000|100%| O|  |TAMS 0x0000000080c00000, 0x0000000080b00000| Untracked 
|  12|0x0000000080c00000, 0x0000000080d00000, 0x0000000080d00000|100%| O|  |TAMS 0x0000000080d00000, 0x0000000080c00000| Untracked 
|  13|0x0000000080d00000, 0x0000000080e00000, 0x0000000080e00000|100%| O|  |TAMS 0x0000000080e00000, 0x0000000080d00000| Untracked 
|  14|0x0000000080e00000, 0x0000000080f00000, 0x0000000080f00000|100%| O|  |TAMS 0x0000000080f00000, 0x0000000080e00000| Untracked 
|  15|0x0000000080f00000, 0x0000000081000000, 0x0000000081000000|100%| O|  |TAMS 0x0000000081000000, 0x0000000080f00000| Untracked 
|  16|0x0000000081000000, 0x0000000081100000, 0x0000000081100000|100%| O|  |TAMS 0x0000000081100000, 0x0000000081000000| Untracked 
|  17|0x0000000081100000, 0x0000000081200000, 0x0000000081200000|100%| O|  |TAMS 0x0000000081200000, 0x0000000081100000| Untracked 
|  18|0x0000000081200000, 0x0000000081300000, 0x0000000081300000|100%| O|  |TAMS 0x0000000081300000, 0x0000000081200000| Untracked 
|  19|0x0000000081300000, 0x0000000081400000, 0x0000000081400000|100%| O|  |TAMS 0x0000000081400000, 0x0000000081300000| Untracked 
|  20|0x0000000081400000, 0x0000000081500000, 0x0000000081500000|100%| O|  |TAMS 0x0000000081500000, 0x0000000081400000| Untracked 
|  21|0x0000000081500000, 0x0000000081600000, 0x0000000081600000|100%| O|  |TAMS 0x0000000081600000, 0x0000000081500000| Untracked 
|  22|0x0000000081600000, 0x0000000081700000, 0x0000000081700000|100%| O|  |TAMS 0x0000000081700000, 0x0000000081600000| Untracked 
|  23|0x0000000081700000, 0x0000000081800000, 0x0000000081800000|100%| O|  |TAMS 0x0000000081800000, 0x0000000081700000| Untracked 
|  24|0x0000000081800000, 0x0000000081900000, 0x0000000081900000|100%| O|  |TAMS 0x0000000081900000, 0x0000000081800000| Untracked 
|  25|0x0000000081900000, 0x0000000081a00000, 0x0000000081a00000|100%| O|  |TAMS 0x0000000081a00000, 0x0000000081900000| Untracked 
|  26|0x0000000081a00000, 0x0000000081b00000, 0x0000000081b00000|100%| O|  |TAMS 0x0000000081b00000, 0x0000000081a00000| Untracked 
|  27|0x0000000081b00000, 0x0000000081c00000, 0x0000000081c00000|100%| O|  |TAMS 0x0000000081c00000, 0x0000000081b00000| Untracked 
|  28|0x0000000081c00000, 0x0000000081d00000, 0x0000000081d00000|100%| O|  |TAMS 0x0000000081d00000, 0x0000000081c00000| Untracked 
|  29|0x0000000081d00000, 0x0000000081e00000, 0x0000000081e00000|100%| O|  |TAMS 0x0000000081e00000, 0x0000000081d00000| Untracked 
|  30|0x0000000081e00000, 0x0000000081f00000, 0x0000000081f00000|100%|HS|  |TAMS 0x0000000081f00000, 0x0000000081e00000| Complete 
|  31|0x0000000081f00000, 0x0000000082000000, 0x0000000082000000|100%|HS|  |TAMS 0x0000000082000000, 0x0000000081f00000| Complete 
|  32|0x0000000082000000, 0x0000000082100000, 0x0000000082100000|100%|HS|  |TAMS 0x0000000082100000, 0x0000000082000000| Complete 
|  33|0x0000000082100000, 0x0000000082200000, 0x0000000082200000|100%| O|  |TAMS 0x0000000082200000, 0x0000000082100000| Untracked 
|  34|0x0000000082200000, 0x0000000082300000, 0x0000000082300000|100%| O|  |TAMS 0x0000000082300000, 0x0000000082200000| Untracked 
|  35|0x0000000082300000, 0x0000000082400000, 0x0000000082400000|100%| O|  |TAMS 0x0000000082400000, 0x0000000082300000| Untracked 
|  36|0x0000000082400000, 0x0000000082500000, 0x0000000082500000|100%| O|  |TAMS 0x0000000082500000, 0x0000000082400000| Untracked 
|  37|0x0000000082500000, 0x0000000082600000, 0x0000000082600000|100%|HS|  |TAMS 0x0000000082600000, 0x0000000082500000| Complete 
|  38|0x0000000082600000, 0x0000000082700000, 0x0000000082700000|100%|HC|  |TAMS 0x0000000082700000, 0x0000000082600000| Complete 
|  39|0x0000000082700000, 0x0000000082800000, 0x0000000082800000|100%|HC|  |TAMS 0x0000000082800000, 0x0000000082700000| Complete 
|  40|0x0000000082800000, 0x0000000082900000, 0x0000000082900000|100%|HS|  |TAMS 0x0000000082900000, 0x0000000082800000| Complete 
|  41|0x0000000082900000, 0x0000000082a00000, 0x0000000082a00000|100%|HC|  |TAMS 0x0000000082a00000, 0x0000000082900000| Complete 
|  42|0x0000000082a00000, 0x0000000082b00000, 0x0000000082b00000|100%| O|  |TAMS 0x0000000082b00000, 0x0000000082a00000| Untracked 
|  43|0x0000000082b00000, 0x0000000082c00000, 0x0000000082c00000|100%| O|  |TAMS 0x0000000082c00000, 0x0000000082b00000| Untracked 
|  44|0x0000000082c00000, 0x0000000082d00000, 0x0000000082d00000|100%| O|  |TAMS 0x0000000082d00000, 0x0000000082c00000| Untracked 
|  45|0x0000000082d00000, 0x0000000082e00000, 0x0000000082e00000|100%| O|  |TAMS 0x0000000082e00000, 0x0000000082d00000| Untracked 
|  46|0x0000000082e00000, 0x0000000082f00000, 0x0000000082f00000|100%| O|  |TAMS 0x0000000082f00000, 0x0000000082e00000| Untracked 
|  47|0x0000000082f00000, 0x0000000083000000, 0x0000000083000000|100%| O|  |TAMS 0x0000000083000000, 0x0000000082f00000| Untracked 
|  48|0x0000000083000000, 0x0000000083100000, 0x0000000083100000|100%| O|  |TAMS 0x0000000083100000, 0x0000000083000000| Untracked 
|  49|0x0000000083100000, 0x0000000083200000, 0x0000000083200000|100%| O|  |TAMS 0x0000000083200000, 0x0000000083100000| Untracked 
|  50|0x0000000083200000, 0x0000000083300000, 0x0000000083300000|100%| O|  |TAMS 0x0000000083200000, 0x0000000083200000| Untracked 
|  51|0x0000000083300000, 0x0000000083400000, 0x0000000083400000|100%| O|  |TAMS 0x0000000083400000, 0x0000000083300000| Untracked 
|  52|0x0000000083400000, 0x0000000083500000, 0x0000000083500000|100%| O|  |TAMS 0x0000000083500000, 0x0000000083400000| Untracked 
|  53|0x0000000083500000, 0x0000000083600000, 0x0000000083600000|100%| O|  |TAMS 0x0000000083600000, 0x0000000083500000| Untracked 
|  54|0x0000000083600000, 0x0000000083700000, 0x0000000083700000|100%| O|  |TAMS 0x0000000083700000, 0x0000000083600000| Untracked 
|  55|0x0000000083700000, 0x0000000083800000, 0x0000000083800000|100%| O|  |TAMS 0x0000000083800000, 0x0000000083700000| Untracked 
|  56|0x0000000083800000, 0x0000000083900000, 0x0000000083900000|100%| O|  |TAMS 0x0000000083900000, 0x0000000083800000| Untracked 
|  57|0x0000000083900000, 0x0000000083a00000, 0x0000000083a00000|100%| O|  |TAMS 0x0000000083a00000, 0x0000000083900000| Untracked 
|  58|0x0000000083a00000, 0x0000000083b00000, 0x0000000083b00000|100%| O|  |TAMS 0x0000000083b00000, 0x0000000083a00000| Untracked 
|  59|0x0000000083b00000, 0x0000000083c00000, 0x0000000083c00000|100%| O|  |TAMS 0x0000000083c00000, 0x0000000083b00000| Untracked 
|  60|0x0000000083c00000, 0x0000000083d00000, 0x0000000083d00000|100%| O|  |TAMS 0x0000000083d00000, 0x0000000083c00000| Untracked 
|  61|0x0000000083d00000, 0x0000000083e00000, 0x0000000083e00000|100%| O|  |TAMS 0x0000000083e00000, 0x0000000083d00000| Untracked 
|  62|0x0000000083e00000, 0x0000000083f00000, 0x0000000083f00000|100%| O|  |TAMS 0x0000000083f00000, 0x0000000083e00000| Untracked 
|  63|0x0000000083f00000, 0x0000000084000000, 0x0000000084000000|100%| O|  |TAMS 0x0000000084000000, 0x0000000083f00000| Untracked 
|  64|0x0000000084000000, 0x0000000084100000, 0x0000000084100000|100%| O|  |TAMS 0x0000000084100000, 0x0000000084000000| Untracked 
|  65|0x0000000084100000, 0x0000000084200000, 0x0000000084200000|100%| O|  |TAMS 0x0000000084200000, 0x0000000084100000| Untracked 
|  66|0x0000000084200000, 0x0000000084300000, 0x0000000084300000|100%| O|  |TAMS 0x0000000084300000, 0x0000000084200000| Untracked 
|  67|0x0000000084300000, 0x0000000084400000, 0x0000000084400000|100%| O|  |TAMS 0x0000000084400000, 0x0000000084300000| Untracked 
|  68|0x0000000084400000, 0x0000000084500000, 0x0000000084500000|100%| O|  |TAMS 0x0000000084500000, 0x0000000084400000| Untracked 
|  69|0x0000000084500000, 0x0000000084600000, 0x0000000084600000|100%| O|  |TAMS 0x0000000084600000, 0x0000000084500000| Untracked 
|  70|0x0000000084600000, 0x0000000084700000, 0x0000000084700000|100%| O|  |TAMS 0x0000000084700000, 0x0000000084600000| Untracked 
|  71|0x0000000084700000, 0x0000000084800000, 0x0000000084800000|100%| O|  |TAMS 0x0000000084800000, 0x0000000084700000| Untracked 
|  72|0x0000000084800000, 0x0000000084900000, 0x0000000084900000|100%| O|  |TAMS 0x0000000084900000, 0x0000000084800000| Untracked 
|  73|0x0000000084900000, 0x0000000084a00000, 0x0000000084a00000|100%| O|  |TAMS 0x0000000084a00000, 0x0000000084900000| Untracked 
|  74|0x0000000084a00000, 0x0000000084b00000, 0x0000000084b00000|100%| O|  |TAMS 0x0000000084b00000, 0x0000000084a00000| Untracked 
|  75|0x0000000084b00000, 0x0000000084c00000, 0x0000000084c00000|100%| O|  |TAMS 0x0000000084c00000, 0x0000000084b00000| Untracked 
|  76|0x0000000084c00000, 0x0000000084d00000, 0x0000000084d00000|100%| O|  |TAMS 0x0000000084c00000, 0x0000000084c00000| Untracked 
|  77|0x0000000084d00000, 0x0000000084e00000, 0x0000000084e00000|100%| O|  |TAMS 0x0000000084d00000, 0x0000000084d00000| Untracked 
|  78|0x0000000084e00000, 0x0000000084f00000, 0x0000000084f00000|100%| O|  |TAMS 0x0000000084e00000, 0x0000000084e00000| Untracked 
|  79|0x0000000084f00000, 0x0000000085000000, 0x0000000085000000|100%| O|  |TAMS 0x0000000084f00000, 0x0000000084f00000| Untracked 
|  80|0x0000000085000000, 0x0000000085100000, 0x0000000085100000|100%| O|  |TAMS 0x0000000085000000, 0x0000000085000000| Untracked 
|  81|0x0000000085100000, 0x0000000085200000, 0x0000000085200000|100%| O|  |TAMS 0x0000000085100000, 0x0000000085100000| Untracked 
|  82|0x0000000085200000, 0x0000000085300000, 0x0000000085300000|100%| O|  |TAMS 0x0000000085200000, 0x0000000085200000| Untracked 
|  83|0x0000000085300000, 0x0000000085400000, 0x0000000085400000|100%| O|  |TAMS 0x0000000085300000, 0x0000000085300000| Untracked 
|  84|0x0000000085400000, 0x0000000085500000, 0x0000000085500000|100%| O|  |TAMS 0x0000000085400000, 0x0000000085400000| Untracked 
|  85|0x0000000085500000, 0x0000000085600000, 0x0000000085600000|100%| O|  |TAMS 0x0000000085500000, 0x0000000085500000| Untracked 
|  86|0x0000000085600000, 0x0000000085700000, 0x0000000085700000|100%| O|  |TAMS 0x0000000085600000, 0x0000000085600000| Untracked 
|  87|0x0000000085700000, 0x0000000085800000, 0x0000000085800000|100%| O|  |TAMS 0x0000000085700000, 0x0000000085700000| Untracked 
|  88|0x0000000085800000, 0x0000000085900000, 0x0000000085900000|100%| O|  |TAMS 0x0000000085800000, 0x0000000085800000| Untracked 
|  89|0x0000000085900000, 0x0000000085a00000, 0x0000000085a00000|100%| O|  |TAMS 0x0000000085900000, 0x0000000085900000| Untracked 
|  90|0x0000000085a00000, 0x0000000085b00000, 0x0000000085b00000|100%| O|  |TAMS 0x0000000085a00000, 0x0000000085a00000| Untracked 
|  91|0x0000000085b00000, 0x0000000085c00000, 0x0000000085c00000|100%| O|  |TAMS 0x0000000085b00000, 0x0000000085b00000| Untracked 
|  92|0x0000000085c00000, 0x0000000085d00000, 0x0000000085d00000|100%| O|  |TAMS 0x0000000085c00000, 0x0000000085c00000| Untracked 
|  93|0x0000000085d00000, 0x0000000085e00000, 0x0000000085e00000|100%| O|  |TAMS 0x0000000085d00000, 0x0000000085d00000| Untracked 
|  94|0x0000000085e00000, 0x0000000085f00000, 0x0000000085f00000|100%| O|  |TAMS 0x0000000085e00000, 0x0000000085e00000| Untracked 
|  95|0x0000000085f00000, 0x0000000086000000, 0x0000000086000000|100%| O|  |TAMS 0x0000000085f00000, 0x0000000085f00000| Untracked 
|  96|0x0000000086000000, 0x0000000086100000, 0x0000000086100000|100%| O|  |TAMS 0x0000000086000000, 0x0000000086000000| Untracked 
|  97|0x0000000086100000, 0x0000000086200000, 0x0000000086200000|100%| O|  |TAMS 0x0000000086100000, 0x0000000086100000| Untracked 
|  98|0x0000000086200000, 0x0000000086300000, 0x0000000086300000|100%| O|  |TAMS 0x0000000086200000, 0x0000000086200000| Untracked 
|  99|0x0000000086300000, 0x0000000086400000, 0x0000000086400000|100%| O|  |TAMS 0x0000000086300000, 0x0000000086300000| Untracked 
| 100|0x0000000086400000, 0x0000000086500000, 0x0000000086500000|100%| O|  |TAMS 0x0000000086400000, 0x0000000086400000| Untracked 
| 101|0x0000000086500000, 0x0000000086600000, 0x0000000086600000|100%| O|  |TAMS 0x0000000086500000, 0x0000000086500000| Untracked 
| 102|0x0000000086600000, 0x0000000086700000, 0x0000000086700000|100%| O|  |TAMS 0x0000000086600000, 0x0000000086600000| Untracked 
| 103|0x0000000086700000, 0x0000000086800000, 0x0000000086800000|100%| O|  |TAMS 0x0000000086700000, 0x0000000086700000| Untracked 
| 104|0x0000000086800000, 0x0000000086900000, 0x0000000086900000|100%| O|  |TAMS 0x0000000086800000, 0x0000000086800000| Untracked 
| 105|0x0000000086900000, 0x0000000086a00000, 0x0000000086a00000|100%| O|  |TAMS 0x0000000086900000, 0x0000000086900000| Untracked 
| 106|0x0000000086a00000, 0x0000000086b00000, 0x0000000086b00000|100%| O|  |TAMS 0x0000000086a00000, 0x0000000086a00000| Untracked 
| 107|0x0000000086b00000, 0x0000000086c00000, 0x0000000086c00000|100%| O|  |TAMS 0x0000000086b00000, 0x0000000086b00000| Untracked 
| 108|0x0000000086c00000, 0x0000000086d00000, 0x0000000086d00000|100%| O|  |TAMS 0x0000000086c00000, 0x0000000086c00000| Untracked 
| 109|0x0000000086d00000, 0x0000000086e00000, 0x0000000086e00000|100%| O|  |TAMS 0x0000000086d00000, 0x0000000086d00000| Untracked 
| 110|0x0000000086e00000, 0x0000000086f00000, 0x0000000086f00000|100%| O|  |TAMS 0x0000000086e00000, 0x0000000086e00000| Untracked 
| 111|0x0000000086f00000, 0x0000000087000000, 0x0000000087000000|100%| O|  |TAMS 0x0000000086f00000, 0x0000000086f00000| Untracked 
| 112|0x0000000087000000, 0x0000000087100000, 0x0000000087100000|100%| O|  |TAMS 0x0000000087000000, 0x0000000087000000| Untracked 
| 113|0x0000000087100000, 0x0000000087200000, 0x0000000087200000|100%| O|  |TAMS 0x0000000087100000, 0x0000000087100000| Untracked 
| 114|0x0000000087200000, 0x0000000087300000, 0x0000000087300000|100%| O|  |TAMS 0x0000000087200000, 0x0000000087200000| Untracked 
| 115|0x0000000087300000, 0x0000000087400000, 0x0000000087400000|100%| O|  |TAMS 0x0000000087300000, 0x0000000087300000| Untracked 
| 116|0x0000000087400000, 0x0000000087500000, 0x0000000087500000|100%| O|  |TAMS 0x0000000087400000, 0x0000000087400000| Untracked 
| 117|0x0000000087500000, 0x0000000087600000, 0x0000000087600000|100%| O|  |TAMS 0x0000000087500000, 0x0000000087500000| Untracked 
| 118|0x0000000087600000, 0x0000000087700000, 0x0000000087700000|100%| O|  |TAMS 0x0000000087600000, 0x0000000087600000| Untracked 
| 119|0x0000000087700000, 0x0000000087800000, 0x0000000087800000|100%| O|  |TAMS 0x0000000087700000, 0x0000000087700000| Untracked 
| 120|0x0000000087800000, 0x0000000087900000, 0x0000000087900000|100%| O|  |TAMS 0x0000000087800000, 0x0000000087800000| Untracked 
| 121|0x0000000087900000, 0x0000000087a00000, 0x0000000087a00000|100%| O|  |TAMS 0x0000000087900000, 0x0000000087900000| Untracked 
| 122|0x0000000087a00000, 0x0000000087b00000, 0x0000000087b00000|100%| O|  |TAMS 0x0000000087a00000, 0x0000000087a00000| Untracked 
| 123|0x0000000087b00000, 0x0000000087c00000, 0x0000000087c00000|100%| O|  |TAMS 0x0000000087b00000, 0x0000000087b00000| Untracked 
| 124|0x0000000087c00000, 0x0000000087d00000, 0x0000000087d00000|100%| O|  |TAMS 0x0000000087c00000, 0x0000000087c00000| Untracked 
| 125|0x0000000087d00000, 0x0000000087e00000, 0x0000000087e00000|100%| O|  |TAMS 0x0000000087d00000, 0x0000000087d00000| Untracked 
| 126|0x0000000087e00000, 0x0000000087f00000, 0x0000000087f00000|100%| O|  |TAMS 0x0000000087e00000, 0x0000000087e00000| Untracked 
| 127|0x0000000087f00000, 0x0000000088000000, 0x0000000088000000|100%| O|  |TAMS 0x0000000087f00000, 0x0000000087f00000| Untracked 
| 128|0x0000000088000000, 0x0000000088100000, 0x0000000088100000|100%| O|  |TAMS 0x0000000088000000, 0x0000000088000000| Untracked 
| 129|0x0000000088100000, 0x0000000088200000, 0x0000000088200000|100%| O|  |TAMS 0x0000000088100000, 0x0000000088100000| Untracked 
| 130|0x0000000088200000, 0x0000000088300000, 0x0000000088300000|100%| O|  |TAMS 0x0000000088200000, 0x0000000088200000| Untracked 
| 131|0x0000000088300000, 0x0000000088400000, 0x0000000088400000|100%| O|  |TAMS 0x0000000088300000, 0x0000000088300000| Untracked 
| 132|0x0000000088400000, 0x0000000088500000, 0x0000000088500000|100%| O|  |TAMS 0x0000000088400000, 0x0000000088400000| Untracked 
| 133|0x0000000088500000, 0x0000000088600000, 0x0000000088600000|100%| O|  |TAMS 0x0000000088500000, 0x0000000088500000| Untracked 
| 134|0x0000000088600000, 0x0000000088700000, 0x0000000088700000|100%| O|  |TAMS 0x0000000088600000, 0x0000000088600000| Untracked 
| 135|0x0000000088700000, 0x00000000887d1a00, 0x0000000088800000| 81%| O|  |TAMS 0x0000000088700000, 0x0000000088700000| Untracked 
| 136|0x0000000088800000, 0x0000000088800000, 0x0000000088900000|  0%| F|  |TAMS 0x0000000088800000, 0x0000000088800000| Untracked 
| 137|0x0000000088900000, 0x0000000088900000, 0x0000000088a00000|  0%| F|  |TAMS 0x0000000088900000, 0x0000000088900000| Untracked 
| 138|0x0000000088a00000, 0x0000000088a00000, 0x0000000088b00000|  0%| F|  |TAMS 0x0000000088a00000, 0x0000000088a00000| Untracked 
| 139|0x0000000088b00000, 0x0000000088b00000, 0x0000000088c00000|  0%| F|  |TAMS 0x0000000088b00000, 0x0000000088b00000| Untracked 
| 140|0x0000000088c00000, 0x0000000088c00000, 0x0000000088d00000|  0%| F|  |TAMS 0x0000000088c00000, 0x0000000088c00000| Untracked 
| 141|0x0000000088d00000, 0x0000000088d00000, 0x0000000088e00000|  0%| F|  |TAMS 0x0000000088d00000, 0x0000000088d00000| Untracked 
| 142|0x0000000088e00000, 0x0000000088e00000, 0x0000000088f00000|  0%| F|  |TAMS 0x0000000088e00000, 0x0000000088e00000| Untracked 
| 143|0x0000000088f00000, 0x0000000088f00000, 0x0000000089000000|  0%| F|  |TAMS 0x0000000088f00000, 0x0000000088f00000| Untracked 
| 144|0x0000000089000000, 0x0000000089000000, 0x0000000089100000|  0%| F|  |TAMS 0x0000000089000000, 0x0000000089000000| Untracked 
| 145|0x0000000089100000, 0x0000000089100000, 0x0000000089200000|  0%| F|  |TAMS 0x0000000089100000, 0x0000000089100000| Untracked 
| 146|0x0000000089200000, 0x0000000089200000, 0x0000000089300000|  0%| F|  |TAMS 0x0000000089200000, 0x0000000089200000| Untracked 
| 147|0x0000000089300000, 0x0000000089300000, 0x0000000089400000|  0%| F|  |TAMS 0x0000000089300000, 0x0000000089300000| Untracked 
| 148|0x0000000089400000, 0x0000000089400000, 0x0000000089500000|  0%| F|  |TAMS 0x0000000089400000, 0x0000000089400000| Untracked 
| 149|0x0000000089500000, 0x0000000089500000, 0x0000000089600000|  0%| F|  |TAMS 0x0000000089500000, 0x0000000089500000| Untracked 
| 150|0x0000000089600000, 0x0000000089600000, 0x0000000089700000|  0%| F|  |TAMS 0x0000000089600000, 0x0000000089600000| Untracked 
| 151|0x0000000089700000, 0x0000000089700000, 0x0000000089800000|  0%| F|  |TAMS 0x0000000089700000, 0x0000000089700000| Untracked 
| 152|0x0000000089800000, 0x0000000089800000, 0x0000000089900000|  0%| F|  |TAMS 0x0000000089800000, 0x0000000089800000| Untracked 
| 153|0x0000000089900000, 0x0000000089900000, 0x0000000089a00000|  0%| F|  |TAMS 0x0000000089900000, 0x0000000089900000| Untracked 
| 154|0x0000000089a00000, 0x0000000089a00000, 0x0000000089b00000|  0%| F|  |TAMS 0x0000000089a00000, 0x0000000089a00000| Untracked 
| 155|0x0000000089b00000, 0x0000000089b00000, 0x0000000089c00000|  0%| F|  |TAMS 0x0000000089b00000, 0x0000000089b00000| Untracked 
| 156|0x0000000089c00000, 0x0000000089c00000, 0x0000000089d00000|  0%| F|  |TAMS 0x0000000089c00000, 0x0000000089c00000| Untracked 
| 157|0x0000000089d00000, 0x0000000089d00000, 0x0000000089e00000|  0%| F|  |TAMS 0x0000000089d00000, 0x0000000089d00000| Untracked 
| 158|0x0000000089e00000, 0x0000000089e00000, 0x0000000089f00000|  0%| F|  |TAMS 0x0000000089e00000, 0x0000000089e00000| Untracked 
| 159|0x0000000089f00000, 0x0000000089f00000, 0x000000008a000000|  0%| F|  |TAMS 0x0000000089f00000, 0x0000000089f00000| Untracked 
| 160|0x000000008a000000, 0x000000008a000000, 0x000000008a100000|  0%| F|  |TAMS 0x000000008a000000, 0x000000008a000000| Untracked 
| 161|0x000000008a100000, 0x000000008a100000, 0x000000008a200000|  0%| F|  |TAMS 0x000000008a100000, 0x000000008a100000| Untracked 
| 162|0x000000008a200000, 0x000000008a200000, 0x000000008a300000|  0%| F|  |TAMS 0x000000008a200000, 0x000000008a200000| Untracked 
| 163|0x000000008a300000, 0x000000008a300000, 0x000000008a400000|  0%| F|  |TAMS 0x000000008a300000, 0x000000008a300000| Untracked 
| 164|0x000000008a400000, 0x000000008a400000, 0x000000008a500000|  0%| F|  |TAMS 0x000000008a400000, 0x000000008a400000| Untracked 
| 165|0x000000008a500000, 0x000000008a500000, 0x000000008a600000|  0%| F|  |TAMS 0x000000008a500000, 0x000000008a500000| Untracked 
| 166|0x000000008a600000, 0x000000008a600000, 0x000000008a700000|  0%| F|  |TAMS 0x000000008a600000, 0x000000008a600000| Untracked 
| 167|0x000000008a700000, 0x000000008a700000, 0x000000008a800000|  0%| F|  |TAMS 0x000000008a700000, 0x000000008a700000| Untracked 
| 168|0x000000008a800000, 0x000000008a800000, 0x000000008a900000|  0%| F|  |TAMS 0x000000008a800000, 0x000000008a800000| Untracked 
| 169|0x000000008a900000, 0x000000008a900000, 0x000000008aa00000|  0%| F|  |TAMS 0x000000008a900000, 0x000000008a900000| Untracked 
| 170|0x000000008aa00000, 0x000000008aa00000, 0x000000008ab00000|  0%| F|  |TAMS 0x000000008aa00000, 0x000000008aa00000| Untracked 
| 171|0x000000008ab00000, 0x000000008ab00000, 0x000000008ac00000|  0%| F|  |TAMS 0x000000008ab00000, 0x000000008ab00000| Untracked 
| 172|0x000000008ac00000, 0x000000008ac00000, 0x000000008ad00000|  0%| F|  |TAMS 0x000000008ac00000, 0x000000008ac00000| Untracked 
| 173|0x000000008ad00000, 0x000000008ad00000, 0x000000008ae00000|  0%| F|  |TAMS 0x000000008ad00000, 0x000000008ad00000| Untracked 
| 174|0x000000008ae00000, 0x000000008ae00000, 0x000000008af00000|  0%| F|  |TAMS 0x000000008ae00000, 0x000000008ae00000| Untracked 
| 175|0x000000008af00000, 0x000000008af00000, 0x000000008b000000|  0%| F|  |TAMS 0x000000008af00000, 0x000000008af00000| Untracked 
| 176|0x000000008b000000, 0x000000008b000000, 0x000000008b100000|  0%| F|  |TAMS 0x000000008b000000, 0x000000008b000000| Untracked 
| 177|0x000000008b100000, 0x000000008b100000, 0x000000008b200000|  0%| F|  |TAMS 0x000000008b100000, 0x000000008b100000| Untracked 
| 178|0x000000008b200000, 0x000000008b200000, 0x000000008b300000|  0%| F|  |TAMS 0x000000008b200000, 0x000000008b200000| Untracked 
| 179|0x000000008b300000, 0x000000008b300000, 0x000000008b400000|  0%| F|  |TAMS 0x000000008b300000, 0x000000008b300000| Untracked 
| 180|0x000000008b400000, 0x000000008b400000, 0x000000008b500000|  0%| F|  |TAMS 0x000000008b400000, 0x000000008b400000| Untracked 
| 181|0x000000008b500000, 0x000000008b500000, 0x000000008b600000|  0%| F|  |TAMS 0x000000008b500000, 0x000000008b500000| Untracked 
| 182|0x000000008b600000, 0x000000008b600000, 0x000000008b700000|  0%| F|  |TAMS 0x000000008b600000, 0x000000008b600000| Untracked 
| 183|0x000000008b700000, 0x000000008b700000, 0x000000008b800000|  0%| F|  |TAMS 0x000000008b700000, 0x000000008b700000| Untracked 
| 184|0x000000008b800000, 0x000000008b800000, 0x000000008b900000|  0%| F|  |TAMS 0x000000008b800000, 0x000000008b800000| Untracked 
| 185|0x000000008b900000, 0x000000008b900000, 0x000000008ba00000|  0%| F|  |TAMS 0x000000008b900000, 0x000000008b900000| Untracked 
| 186|0x000000008ba00000, 0x000000008ba00000, 0x000000008bb00000|  0%| F|  |TAMS 0x000000008ba00000, 0x000000008ba00000| Untracked 
| 187|0x000000008bb00000, 0x000000008bb00000, 0x000000008bc00000|  0%| F|  |TAMS 0x000000008bb00000, 0x000000008bb00000| Untracked 
| 188|0x000000008bc00000, 0x000000008bc00000, 0x000000008bd00000|  0%| F|  |TAMS 0x000000008bc00000, 0x000000008bc00000| Untracked 
| 189|0x000000008bd00000, 0x000000008be00000, 0x000000008be00000|100%| S|CS|TAMS 0x000000008bd00000, 0x000000008bd00000| Complete 
| 190|0x000000008be00000, 0x000000008bf00000, 0x000000008bf00000|100%| S|CS|TAMS 0x000000008be00000, 0x000000008be00000| Complete 
| 191|0x000000008bf00000, 0x000000008c000000, 0x000000008c000000|100%| S|CS|TAMS 0x000000008bf00000, 0x000000008bf00000| Complete 
| 192|0x000000008c000000, 0x000000008c100000, 0x000000008c100000|100%| S|CS|TAMS 0x000000008c000000, 0x000000008c000000| Complete 
| 193|0x000000008c100000, 0x000000008c200000, 0x000000008c200000|100%| S|CS|TAMS 0x000000008c100000, 0x000000008c100000| Complete 
| 194|0x000000008c200000, 0x000000008c200000, 0x000000008c300000|  0%| F|  |TAMS 0x000000008c200000, 0x000000008c200000| Untracked 
| 195|0x000000008c300000, 0x000000008c300000, 0x000000008c400000|  0%| F|  |TAMS 0x000000008c300000, 0x000000008c300000| Untracked 
| 196|0x000000008c400000, 0x000000008c400000, 0x000000008c500000|  0%| F|  |TAMS 0x000000008c400000, 0x000000008c400000| Untracked 
| 197|0x000000008c500000, 0x000000008c500000, 0x000000008c600000|  0%| F|  |TAMS 0x000000008c500000, 0x000000008c500000| Untracked 
| 198|0x000000008c600000, 0x000000008c600000, 0x000000008c700000|  0%| F|  |TAMS 0x000000008c600000, 0x000000008c600000| Untracked 
| 199|0x000000008c700000, 0x000000008c700000, 0x000000008c800000|  0%| F|  |TAMS 0x000000008c700000, 0x000000008c700000| Untracked 
| 200|0x000000008c800000, 0x000000008c800000, 0x000000008c900000|  0%| F|  |TAMS 0x000000008c800000, 0x000000008c800000| Untracked 
| 201|0x000000008c900000, 0x000000008c900000, 0x000000008ca00000|  0%| F|  |TAMS 0x000000008c900000, 0x000000008c900000| Untracked 
| 202|0x000000008ca00000, 0x000000008ca00000, 0x000000008cb00000|  0%| F|  |TAMS 0x000000008ca00000, 0x000000008ca00000| Untracked 
| 203|0x000000008cb00000, 0x000000008cb00000, 0x000000008cc00000|  0%| F|  |TAMS 0x000000008cb00000, 0x000000008cb00000| Untracked 
| 204|0x000000008cc00000, 0x000000008cc00000, 0x000000008cd00000|  0%| F|  |TAMS 0x000000008cc00000, 0x000000008cc00000| Untracked 
| 205|0x000000008cd00000, 0x000000008cd00000, 0x000000008ce00000|  0%| F|  |TAMS 0x000000008cd00000, 0x000000008cd00000| Untracked 
| 206|0x000000008ce00000, 0x000000008ce00000, 0x000000008cf00000|  0%| F|  |TAMS 0x000000008ce00000, 0x000000008ce00000| Untracked 
| 207|0x000000008cf00000, 0x000000008cf00000, 0x000000008d000000|  0%| F|  |TAMS 0x000000008cf00000, 0x000000008cf00000| Untracked 
| 208|0x000000008d000000, 0x000000008d000000, 0x000000008d100000|  0%| F|  |TAMS 0x000000008d000000, 0x000000008d000000| Untracked 
| 209|0x000000008d100000, 0x000000008d100000, 0x000000008d200000|  0%| F|  |TAMS 0x000000008d100000, 0x000000008d100000| Untracked 
| 210|0x000000008d200000, 0x000000008d200000, 0x000000008d300000|  0%| F|  |TAMS 0x000000008d200000, 0x000000008d200000| Untracked 
| 211|0x000000008d300000, 0x000000008d300000, 0x000000008d400000|  0%| F|  |TAMS 0x000000008d300000, 0x000000008d300000| Untracked 
| 212|0x000000008d400000, 0x000000008d400000, 0x000000008d500000|  0%| F|  |TAMS 0x000000008d400000, 0x000000008d400000| Untracked 
| 213|0x000000008d500000, 0x000000008d500000, 0x000000008d600000|  0%| F|  |TAMS 0x000000008d500000, 0x000000008d500000| Untracked 
| 214|0x000000008d600000, 0x000000008d600000, 0x000000008d700000|  0%| F|  |TAMS 0x000000008d600000, 0x000000008d600000| Untracked 
| 215|0x000000008d700000, 0x000000008d700000, 0x000000008d800000|  0%| F|  |TAMS 0x000000008d700000, 0x000000008d700000| Untracked 
| 216|0x000000008d800000, 0x000000008d800000, 0x000000008d900000|  0%| F|  |TAMS 0x000000008d800000, 0x000000008d800000| Untracked 
| 217|0x000000008d900000, 0x000000008d900000, 0x000000008da00000|  0%| F|  |TAMS 0x000000008d900000, 0x000000008d900000| Untracked 
| 218|0x000000008da00000, 0x000000008da00000, 0x000000008db00000|  0%| F|  |TAMS 0x000000008da00000, 0x000000008da00000| Untracked 
| 219|0x000000008db00000, 0x000000008db00000, 0x000000008dc00000|  0%| F|  |TAMS 0x000000008db00000, 0x000000008db00000| Untracked 
| 220|0x000000008dc00000, 0x000000008dc00000, 0x000000008dd00000|  0%| F|  |TAMS 0x000000008dc00000, 0x000000008dc00000| Untracked 
| 221|0x000000008dd00000, 0x000000008dd00000, 0x000000008de00000|  0%| F|  |TAMS 0x000000008dd00000, 0x000000008dd00000| Untracked 
| 222|0x000000008de00000, 0x000000008de00000, 0x000000008df00000|  0%| F|  |TAMS 0x000000008de00000, 0x000000008de00000| Untracked 
| 223|0x000000008df00000, 0x000000008df00000, 0x000000008e000000|  0%| F|  |TAMS 0x000000008df00000, 0x000000008df00000| Untracked 
| 224|0x000000008e000000, 0x000000008e000000, 0x000000008e100000|  0%| F|  |TAMS 0x000000008e000000, 0x000000008e000000| Untracked 
| 225|0x000000008e100000, 0x000000008e100000, 0x000000008e200000|  0%| F|  |TAMS 0x000000008e100000, 0x000000008e100000| Untracked 
| 226|0x000000008e200000, 0x000000008e200000, 0x000000008e300000|  0%| F|  |TAMS 0x000000008e200000, 0x000000008e200000| Untracked 
| 227|0x000000008e300000, 0x000000008e300000, 0x000000008e400000|  0%| F|  |TAMS 0x000000008e300000, 0x000000008e300000| Untracked 
| 228|0x000000008e400000, 0x000000008e400000, 0x000000008e500000|  0%| F|  |TAMS 0x000000008e400000, 0x000000008e400000| Untracked 
| 229|0x000000008e500000, 0x000000008e500000, 0x000000008e600000|  0%| F|  |TAMS 0x000000008e500000, 0x000000008e500000| Untracked 
| 230|0x000000008e600000, 0x000000008e600000, 0x000000008e700000|  0%| F|  |TAMS 0x000000008e600000, 0x000000008e600000| Untracked 
| 231|0x000000008e700000, 0x000000008e700000, 0x000000008e800000|  0%| F|  |TAMS 0x000000008e700000, 0x000000008e700000| Untracked 
| 232|0x000000008e800000, 0x000000008e800000, 0x000000008e900000|  0%| F|  |TAMS 0x000000008e800000, 0x000000008e800000| Untracked 
| 233|0x000000008e900000, 0x000000008e900000, 0x000000008ea00000|  0%| F|  |TAMS 0x000000008e900000, 0x000000008e900000| Untracked 
| 234|0x000000008ea00000, 0x000000008ea00000, 0x000000008eb00000|  0%| F|  |TAMS 0x000000008ea00000, 0x000000008ea00000| Untracked 
| 235|0x000000008eb00000, 0x000000008eb00000, 0x000000008ec00000|  0%| F|  |TAMS 0x000000008eb00000, 0x000000008eb00000| Untracked 
| 236|0x000000008ec00000, 0x000000008ec00000, 0x000000008ed00000|  0%| F|  |TAMS 0x000000008ec00000, 0x000000008ec00000| Untracked 
| 237|0x000000008ed00000, 0x000000008ed00000, 0x000000008ee00000|  0%| F|  |TAMS 0x000000008ed00000, 0x000000008ed00000| Untracked 
| 238|0x000000008ee00000, 0x000000008ee00000, 0x000000008ef00000|  0%| F|  |TAMS 0x000000008ee00000, 0x000000008ee00000| Untracked 
| 239|0x000000008ef00000, 0x000000008ef00000, 0x000000008f000000|  0%| F|  |TAMS 0x000000008ef00000, 0x000000008ef00000| Untracked 
| 240|0x000000008f000000, 0x000000008f000000, 0x000000008f100000|  0%| F|  |TAMS 0x000000008f000000, 0x000000008f000000| Untracked 
| 241|0x000000008f100000, 0x000000008f100000, 0x000000008f200000|  0%| F|  |TAMS 0x000000008f100000, 0x000000008f100000| Untracked 
| 242|0x000000008f200000, 0x000000008f200000, 0x000000008f300000|  0%| F|  |TAMS 0x000000008f200000, 0x000000008f200000| Untracked 
| 243|0x000000008f300000, 0x000000008f300000, 0x000000008f400000|  0%| F|  |TAMS 0x000000008f300000, 0x000000008f300000| Untracked 
| 244|0x000000008f400000, 0x000000008f400000, 0x000000008f500000|  0%| F|  |TAMS 0x000000008f400000, 0x000000008f400000| Untracked 
| 245|0x000000008f500000, 0x000000008f500000, 0x000000008f600000|  0%| F|  |TAMS 0x000000008f500000, 0x000000008f500000| Untracked 
| 246|0x000000008f600000, 0x000000008f600000, 0x000000008f700000|  0%| F|  |TAMS 0x000000008f600000, 0x000000008f600000| Untracked 
| 247|0x000000008f700000, 0x000000008f700000, 0x000000008f800000|  0%| F|  |TAMS 0x000000008f700000, 0x000000008f700000| Untracked 
| 248|0x000000008f800000, 0x000000008f800000, 0x000000008f900000|  0%| F|  |TAMS 0x000000008f800000, 0x000000008f800000| Untracked 
| 249|0x000000008f900000, 0x000000008f900000, 0x000000008fa00000|  0%| F|  |TAMS 0x000000008f900000, 0x000000008f900000| Untracked 
| 250|0x000000008fa00000, 0x000000008fa00000, 0x000000008fb00000|  0%| F|  |TAMS 0x000000008fa00000, 0x000000008fa00000| Untracked 
| 251|0x000000008fb00000, 0x000000008fb00000, 0x000000008fc00000|  0%| F|  |TAMS 0x000000008fb00000, 0x000000008fb00000| Untracked 
| 252|0x000000008fc00000, 0x000000008fc00000, 0x000000008fd00000|  0%| F|  |TAMS 0x000000008fc00000, 0x000000008fc00000| Untracked 
| 253|0x000000008fd00000, 0x000000008fd00000, 0x000000008fe00000|  0%| F|  |TAMS 0x000000008fd00000, 0x000000008fd00000| Untracked 
| 254|0x000000008fe00000, 0x000000008fe00000, 0x000000008ff00000|  0%| F|  |TAMS 0x000000008fe00000, 0x000000008fe00000| Untracked 
| 255|0x000000008ff00000, 0x000000008ff00000, 0x0000000090000000|  0%| F|  |TAMS 0x000000008ff00000, 0x000000008ff00000| Untracked 
| 256|0x0000000090000000, 0x0000000090000000, 0x0000000090100000|  0%| F|  |TAMS 0x0000000090000000, 0x0000000090000000| Untracked 
| 257|0x0000000090100000, 0x0000000090100000, 0x0000000090200000|  0%| F|  |TAMS 0x0000000090100000, 0x0000000090100000| Untracked 
| 258|0x0000000090200000, 0x0000000090200000, 0x0000000090300000|  0%| F|  |TAMS 0x0000000090200000, 0x0000000090200000| Untracked 
| 259|0x0000000090300000, 0x0000000090300000, 0x0000000090400000|  0%| F|  |TAMS 0x0000000090300000, 0x0000000090300000| Untracked 
| 260|0x0000000090400000, 0x0000000090400000, 0x0000000090500000|  0%| F|  |TAMS 0x0000000090400000, 0x0000000090400000| Untracked 
| 261|0x0000000090500000, 0x0000000090500000, 0x0000000090600000|  0%| F|  |TAMS 0x0000000090500000, 0x0000000090500000| Untracked 
| 262|0x0000000090600000, 0x0000000090600000, 0x0000000090700000|  0%| F|  |TAMS 0x0000000090600000, 0x0000000090600000| Untracked 
| 263|0x0000000090700000, 0x0000000090700000, 0x0000000090800000|  0%| F|  |TAMS 0x0000000090700000, 0x0000000090700000| Untracked 
| 264|0x0000000090800000, 0x0000000090800000, 0x0000000090900000|  0%| F|  |TAMS 0x0000000090800000, 0x0000000090800000| Untracked 
| 265|0x0000000090900000, 0x0000000090900000, 0x0000000090a00000|  0%| F|  |TAMS 0x0000000090900000, 0x0000000090900000| Untracked 
| 266|0x0000000090a00000, 0x0000000090a00000, 0x0000000090b00000|  0%| F|  |TAMS 0x0000000090a00000, 0x0000000090a00000| Untracked 
| 267|0x0000000090b00000, 0x0000000090b00000, 0x0000000090c00000|  0%| F|  |TAMS 0x0000000090b00000, 0x0000000090b00000| Untracked 
| 268|0x0000000090c00000, 0x0000000090c00000, 0x0000000090d00000|  0%| F|  |TAMS 0x0000000090c00000, 0x0000000090c00000| Untracked 
| 269|0x0000000090d00000, 0x0000000090d00000, 0x0000000090e00000|  0%| F|  |TAMS 0x0000000090d00000, 0x0000000090d00000| Untracked 
| 270|0x0000000090e00000, 0x0000000090e00000, 0x0000000090f00000|  0%| F|  |TAMS 0x0000000090e00000, 0x0000000090e00000| Untracked 
| 271|0x0000000090f00000, 0x0000000090f00000, 0x0000000091000000|  0%| F|  |TAMS 0x0000000090f00000, 0x0000000090f00000| Untracked 
| 272|0x0000000091000000, 0x0000000091000000, 0x0000000091100000|  0%| F|  |TAMS 0x0000000091000000, 0x0000000091000000| Untracked 
| 273|0x0000000091100000, 0x0000000091100000, 0x0000000091200000|  0%| F|  |TAMS 0x0000000091100000, 0x0000000091100000| Untracked 
| 274|0x0000000091200000, 0x0000000091200000, 0x0000000091300000|  0%| F|  |TAMS 0x0000000091200000, 0x0000000091200000| Untracked 
| 275|0x0000000091300000, 0x0000000091300000, 0x0000000091400000|  0%| F|  |TAMS 0x0000000091300000, 0x0000000091300000| Untracked 
| 276|0x0000000091400000, 0x0000000091400000, 0x0000000091500000|  0%| F|  |TAMS 0x0000000091400000, 0x0000000091400000| Untracked 
| 277|0x0000000091500000, 0x0000000091500000, 0x0000000091600000|  0%| F|  |TAMS 0x0000000091500000, 0x0000000091500000| Untracked 
| 278|0x0000000091600000, 0x0000000091600000, 0x0000000091700000|  0%| F|  |TAMS 0x0000000091600000, 0x0000000091600000| Untracked 
| 279|0x0000000091700000, 0x0000000091700000, 0x0000000091800000|  0%| F|  |TAMS 0x0000000091700000, 0x0000000091700000| Untracked 
| 280|0x0000000091800000, 0x0000000091800000, 0x0000000091900000|  0%| F|  |TAMS 0x0000000091800000, 0x0000000091800000| Untracked 
| 281|0x0000000091900000, 0x0000000091900000, 0x0000000091a00000|  0%| F|  |TAMS 0x0000000091900000, 0x0000000091900000| Untracked 
| 282|0x0000000091a00000, 0x0000000091a00000, 0x0000000091b00000|  0%| F|  |TAMS 0x0000000091a00000, 0x0000000091a00000| Untracked 
| 283|0x0000000091b00000, 0x0000000091b00000, 0x0000000091c00000|  0%| F|  |TAMS 0x0000000091b00000, 0x0000000091b00000| Untracked 
| 284|0x0000000091c00000, 0x0000000091c00000, 0x0000000091d00000|  0%| F|  |TAMS 0x0000000091c00000, 0x0000000091c00000| Untracked 
| 285|0x0000000091d00000, 0x0000000091d00000, 0x0000000091e00000|  0%| F|  |TAMS 0x0000000091d00000, 0x0000000091d00000| Untracked 
| 286|0x0000000091e00000, 0x0000000091e00000, 0x0000000091f00000|  0%| F|  |TAMS 0x0000000091e00000, 0x0000000091e00000| Untracked 
| 287|0x0000000091f00000, 0x0000000091f00000, 0x0000000092000000|  0%| F|  |TAMS 0x0000000091f00000, 0x0000000091f00000| Untracked 
| 288|0x0000000092000000, 0x0000000092000000, 0x0000000092100000|  0%| F|  |TAMS 0x0000000092000000, 0x0000000092000000| Untracked 
| 289|0x0000000092100000, 0x0000000092100000, 0x0000000092200000|  0%| F|  |TAMS 0x0000000092100000, 0x0000000092100000| Untracked 
| 290|0x0000000092200000, 0x0000000092200000, 0x0000000092300000|  0%| F|  |TAMS 0x0000000092200000, 0x0000000092200000| Untracked 
| 291|0x0000000092300000, 0x0000000092300000, 0x0000000092400000|  0%| F|  |TAMS 0x0000000092300000, 0x0000000092300000| Untracked 
| 292|0x0000000092400000, 0x0000000092400000, 0x0000000092500000|  0%| F|  |TAMS 0x0000000092400000, 0x0000000092400000| Untracked 

Card table byte_map: [0x00000214e0270000,0x00000214e0670000] _byte_map_base: 0x00000214dfe70000

Marking Bits (Prev, Next): (CMBitMap*) 0x00000214cd9fb910, (CMBitMap*) 0x00000214cd9fb8d0
 Prev Bits: [0x00000214e2a70000, 0x00000214e4a70000)
 Next Bits: [0x00000214e0a70000, 0x00000214e2a70000)

Polling page: 0x00000214cb970000

Metaspace:

Usage:
  Non-class:     90.47 MB used.
      Class:     14.13 MB used.
       Both:    104.60 MB used.

Virtual space:
  Non-class space:       96.00 MB reserved,      90.81 MB ( 95%) committed,  12 nodes.
      Class space:        1.00 GB reserved,      14.44 MB (  1%) committed,  1 nodes.
             Both:        1.09 GB reserved,     105.25 MB (  9%) committed. 

Chunk freelists:
   Non-Class:  1.05 MB
       Class:  1.50 MB
        Both:  2.55 MB

MaxMetaspaceSize: unlimited
CompressedClassSpaceSize: 1.00 GB
Initial GC threshold: 21.00 MB
Current GC threshold: 141.19 MB
CDS: off
MetaspaceReclaimPolicy: balanced
 - commit_granule_bytes: 65536.
 - commit_granule_words: 8192.
 - virtual_space_node_default_size: 1048576.
 - enlarge_chunks_in_place: 1.
 - new_chunks_are_fully_committed: 0.
 - uncommit_free_chunks: 1.
 - use_allocation_guard: 0.
 - handle_deallocations: 1.


Internal statistics:

num_allocs_failed_limit: 12.
num_arena_births: 836.
num_arena_deaths: 0.
num_vsnodes_births: 13.
num_vsnodes_deaths: 0.
num_space_committed: 1684.
num_space_uncommitted: 0.
num_chunks_returned_to_freelist: 12.
num_chunks_taken_from_freelist: 4755.
num_chunk_merges: 6.
num_chunk_splits: 3220.
num_chunks_enlarged: 2247.
num_purges: 0.
num_inconsistent_stats: 0.

CodeHeap 'non-profiled nmethods': size=120000Kb used=6859Kb max_used=6859Kb free=113140Kb
 bounds [0x00000214d8940000, 0x00000214d9020000, 0x00000214dfe70000]
CodeHeap 'profiled nmethods': size=120000Kb used=28942Kb max_used=29001Kb free=91057Kb
 bounds [0x00000214d0e70000, 0x00000214d2b80000, 0x00000214d83a0000]
CodeHeap 'non-nmethods': size=5760Kb used=2412Kb max_used=2501Kb free=3347Kb
 bounds [0x00000214d83a0000, 0x00000214d8630000, 0x00000214d8940000]
 total_blobs=14259 nmethods=13312 adapters=858
 compilation: enabled
              stopped_count=0, restarted_count=0
 full_count=0

Compilation events (20 events):
Event: 41.698 Thread 0x00000214e6f98670 nmethod 15481 0x00000214d8d00d90 code [0x00000214d8d00f00, 0x00000214d8d00fb8]
Event: 41.698 Thread 0x00000214e6f98670 15482       4       java.util.Collections$UnmodifiableCollection::isEmpty (10 bytes)
Event: 41.698 Thread 0x00000214e6f98670 nmethod 15482 0x00000214d8d00a90 code [0x00000214d8d00c00, 0x00000214d8d00c98]
Event: 41.698 Thread 0x00000214e6f98670 14302       4       com.android.tools.r8.internal.nq::hasNext (13 bytes)
Event: 41.699 Thread 0x00000214e6f98670 nmethod 14302 0x00000214d8d00590 code [0x00000214d8d00700, 0x00000214d8d00798]
Event: 41.699 Thread 0x00000214e6f98670 15505       4       java.util.HashMap::getOrDefault (19 bytes)
Event: 41.704 Thread 0x00000214e790d5a0 15669       2       com.android.tools.r8.graph.J::b (9 bytes)
Event: 41.704 Thread 0x00000214e790d5a0 nmethod 15669 0x00000214d111f890 code [0x00000214d111fa20, 0x00000214d111fb48]
Event: 41.705 Thread 0x00000214e6f98670 nmethod 15505 0x00000214d8dfd210 code [0x00000214d8dfd3a0, 0x00000214d8dfd688]
Event: 41.705 Thread 0x00000214e6f98670 15503       4       com.android.tools.r8.internal.Mo::e (27 bytes)
Event: 41.714 Thread 0x00000214e790d5a0 15670       2       com.android.tools.r8.ir.regalloc.b::a (561 bytes)
Event: 41.717 Thread 0x00000214e790d5a0 nmethod 15670 0x00000214d14e7410 code [0x00000214d14e77a0, 0x00000214d14e8758]
Event: 41.719 Thread 0x00000214e6f98670 nmethod 15503 0x00000214d8dfc510 code [0x00000214d8dfc6c0, 0x00000214d8dfce98]
Event: 41.719 Thread 0x00000214e6f98670 15504       4       java.util.LinkedList::unlinkFirst (64 bytes)
Event: 41.723 Thread 0x00000214e6f98670 nmethod 15504 0x00000214d8dfc010 code [0x00000214d8dfc180, 0x00000214d8dfc458]
Event: 41.723 Thread 0x00000214e6f98670 13941       4       com.android.tools.r8.internal.df::a (1 bytes)
Event: 41.723 Thread 0x00000214e6f98670 nmethod 13941 0x00000214d8dfbd10 code [0x00000214d8dfbe80, 0x00000214d8dfbef8]
Event: 41.723 Thread 0x00000214e6f98670 15580       4       com.android.tools.r8.graph.i::d (39 bytes)
Event: 41.723 Thread 0x00000214e6f98670 nmethod 15580 0x00000214d8dfba10 code [0x00000214d8dfbb80, 0x00000214d8dfbbf8]
Event: 41.723 Thread 0x00000214e6f98670 15569       4       com.android.tools.r8.internal.My::a (63 bytes)

GC Heap History (20 events):
Event: 27.091 GC heap after
{Heap after GC invocations=38 (full 0):
 garbage-first heap   total 137216K, used 78808K [0x0000000080000000, 0x0000000100000000)
  region size 1024K, 1 young (1024K), 1 survivors (1024K)
 Metaspace       used 83726K, committed 84288K, reserved 1122304K
  class space    used 11242K, committed 11520K, reserved 1048576K
}
Event: 28.349 GC heap before
{Heap before GC invocations=38 (full 0):
 garbage-first heap   total 137216K, used 110552K [0x0000000080000000, 0x0000000100000000)
  region size 1024K, 33 young (33792K), 1 survivors (1024K)
 Metaspace       used 85723K, committed 86272K, reserved 1130496K
  class space    used 11568K, committed 11840K, reserved 1048576K
}
Event: 28.371 GC heap after
{Heap after GC invocations=39 (full 0):
 garbage-first heap   total 300032K, used 82677K [0x0000000080000000, 0x0000000100000000)
  region size 1024K, 5 young (5120K), 5 survivors (5120K)
 Metaspace       used 85723K, committed 86272K, reserved 1130496K
  class space    used 11568K, committed 11840K, reserved 1048576K
}
Event: 31.836 GC heap before
{Heap before GC invocations=40 (full 0):
 garbage-first heap   total 300032K, used 222965K [0x0000000080000000, 0x0000000100000000)
  region size 1024K, 143 young (146432K), 5 survivors (5120K)
 Metaspace       used 89236K, committed 89792K, reserved 1130496K
  class space    used 11972K, committed 12224K, reserved 1048576K
}
Event: 31.863 GC heap after
{Heap after GC invocations=41 (full 0):
 garbage-first heap   total 300032K, used 92885K [0x0000000080000000, 0x0000000100000000)
  region size 1024K, 15 young (15360K), 15 survivors (15360K)
 Metaspace       used 89236K, committed 89792K, reserved 1130496K
  class space    used 11972K, committed 12224K, reserved 1048576K
}
Event: 31.877 GC heap before
{Heap before GC invocations=41 (full 0):
 garbage-first heap   total 300032K, used 92885K [0x0000000080000000, 0x0000000100000000)
  region size 1024K, 16 young (16384K), 15 survivors (15360K)
 Metaspace       used 89282K, committed 89920K, reserved 1130496K
  class space    used 11978K, committed 12288K, reserved 1048576K
}
Event: 31.896 GC heap after
{Heap after GC invocations=42 (full 0):
 garbage-first heap   total 300032K, used 94241K [0x0000000080000000, 0x0000000100000000)
  region size 1024K, 2 young (2048K), 2 survivors (2048K)
 Metaspace       used 89282K, committed 89920K, reserved 1130496K
  class space    used 11978K, committed 12288K, reserved 1048576K
}
Event: 34.369 GC heap before
{Heap before GC invocations=42 (full 0):
 garbage-first heap   total 300032K, used 224289K [0x0000000080000000, 0x0000000100000000)
  region size 1024K, 130 young (133120K), 2 survivors (2048K)
 Metaspace       used 101710K, committed 102336K, reserved 1138688K
  class space    used 13836K, committed 14080K, reserved 1048576K
}
Event: 34.396 GC heap after
{Heap after GC invocations=43 (full 0):
 garbage-first heap   total 300032K, used 107136K [0x0000000080000000, 0x0000000100000000)
  region size 1024K, 15 young (15360K), 15 survivors (15360K)
 Metaspace       used 101710K, committed 102336K, reserved 1138688K
  class space    used 13836K, committed 14080K, reserved 1048576K
}
Event: 37.066 GC heap before
{Heap before GC invocations=43 (full 0):
 garbage-first heap   total 300032K, used 227968K [0x0000000080000000, 0x0000000100000000)
  region size 1024K, 133 young (136192K), 15 survivors (15360K)
 Metaspace       used 105192K, committed 105792K, reserved 1146880K
  class space    used 14226K, committed 14528K, reserved 1048576K
}
Event: 37.087 GC heap after
{Heap after GC invocations=44 (full 0):
 garbage-first heap   total 300032K, used 106920K [0x0000000080000000, 0x0000000100000000)
  region size 1024K, 2 young (2048K), 2 survivors (2048K)
 Metaspace       used 105192K, committed 105792K, reserved 1146880K
  class space    used 14226K, committed 14528K, reserved 1048576K
}
Event: 38.285 GC heap before
{Heap before GC invocations=44 (full 0):
 garbage-first heap   total 300032K, used 240040K [0x0000000080000000, 0x0000000100000000)
  region size 1024K, 134 young (137216K), 2 survivors (2048K)
 Metaspace       used 106740K, committed 107392K, reserved 1146880K
  class space    used 14439K, committed 14784K, reserved 1048576K
}
Event: 38.295 GC heap after
{Heap after GC invocations=45 (full 0):
 garbage-first heap   total 300032K, used 108115K [0x0000000080000000, 0x0000000100000000)
  region size 1024K, 4 young (4096K), 4 survivors (4096K)
 Metaspace       used 106740K, committed 107392K, reserved 1146880K
  class space    used 14439K, committed 14784K, reserved 1048576K
}
Event: 39.237 GC heap before
{Heap before GC invocations=45 (full 0):
 garbage-first heap   total 300032K, used 243283K [0x0000000080000000, 0x0000000100000000)
  region size 1024K, 137 young (140288K), 4 survivors (4096K)
 Metaspace       used 106824K, committed 107520K, reserved 1146880K
  class space    used 14440K, committed 14784K, reserved 1048576K
}
Event: 39.264 GC heap after
{Heap after GC invocations=46 (full 0):
 garbage-first heap   total 300032K, used 120822K [0x0000000080000000, 0x0000000100000000)
  region size 1024K, 16 young (16384K), 16 survivors (16384K)
 Metaspace       used 106824K, committed 107520K, reserved 1146880K
  class space    used 14440K, committed 14784K, reserved 1048576K
}
Event: 40.135 GC heap before
{Heap before GC invocations=46 (full 0):
 garbage-first heap   total 300032K, used 241654K [0x0000000080000000, 0x0000000100000000)
  region size 1024K, 134 young (137216K), 16 survivors (16384K)
 Metaspace       used 106993K, committed 107648K, reserved 1146880K
  class space    used 14446K, committed 14784K, reserved 1048576K
}
Event: 40.174 GC heap after
{Heap after GC invocations=47 (full 0):
 garbage-first heap   total 300032K, used 126564K [0x0000000080000000, 0x0000000100000000)
  region size 1024K, 9 young (9216K), 9 survivors (9216K)
 Metaspace       used 106993K, committed 107648K, reserved 1146880K
  class space    used 14446K, committed 14784K, reserved 1048576K
}
Event: 40.849 GC heap before
{Heap before GC invocations=47 (full 0):
 garbage-first heap   total 300032K, used 242276K [0x0000000080000000, 0x0000000100000000)
  region size 1024K, 123 young (125952K), 9 survivors (9216K)
 Metaspace       used 107055K, committed 107712K, reserved 1146880K
  class space    used 14457K, committed 14784K, reserved 1048576K
}
Event: 40.891 GC heap after
{Heap after GC invocations=48 (full 0):
 garbage-first heap   total 300032K, used 141780K [0x0000000080000000, 0x0000000100000000)
  region size 1024K, 15 young (15360K), 15 survivors (15360K)
 Metaspace       used 107055K, committed 107712K, reserved 1146880K
  class space    used 14457K, committed 14784K, reserved 1048576K
}
Event: 41.759 GC heap before
{Heap before GC invocations=48 (full 0):
 garbage-first heap   total 300032K, used 243156K [0x0000000080000000, 0x0000000100000000)
  region size 1024K, 114 young (116736K), 15 survivors (15360K)
 Metaspace       used 107111K, committed 107776K, reserved 1146880K
  class space    used 14465K, committed 14784K, reserved 1048576K
}

Dll operation events (2 events):
Event: 0.016 Loaded shared library C:\Program Files\Android\Android Studio\jbr\bin\java.dll
Event: 1.677 Loaded shared library C:\Program Files\Android\Android Studio\jbr\bin\verify.dll

Deoptimization events (20 events):
Event: 40.939 Thread 0x00000214e919c240 Uncommon trap: trap_request=0xffffff45 fr.pc=0x00000214d9009670 relative=0x00000000000093b0
Event: 40.939 Thread 0x00000214e919c240 Uncommon trap: reason=unstable_if action=reinterpret pc=0x00000214d9009670 method=com.android.tools.r8.internal.xa.a(Lcom/android/tools/r8/internal/aD;Lcom/android/tools/r8/internal/nd;I)V @ 2070 c2
Event: 40.939 Thread 0x00000214e919c240 DEOPT PACKING pc=0x00000214d9009670 sp=0x000000835a3f9270
Event: 40.939 Thread 0x00000214e919c240 DEOPT UNPACKING pc=0x00000214d83f69a3 sp=0x000000835a3f91f8 mode 2
Event: 41.294 Thread 0x00000214e9199220 Uncommon trap: trap_request=0xffffffde fr.pc=0x00000214d8d099ac relative=0x0000000000005a4c
Event: 41.294 Thread 0x00000214e9199220 Uncommon trap: reason=class_check action=maybe_recompile pc=0x00000214d8d099ac method=com.android.tools.r8.internal.vY.a(Lcom/android/tools/r8/internal/mX;)Lcom/android/tools/r8/internal/vY; @ 29 c2
Event: 41.294 Thread 0x00000214e9199220 DEOPT PACKING pc=0x00000214d8d099ac sp=0x000000835b2f8c80
Event: 41.294 Thread 0x00000214e9199220 DEOPT UNPACKING pc=0x00000214d83f69a3 sp=0x000000835b2f8c40 mode 2
Event: 41.294 Thread 0x00000214e9199220 Uncommon trap: trap_request=0xffffffde fr.pc=0x00000214d8d099ac relative=0x0000000000005a4c
Event: 41.294 Thread 0x00000214e9199220 Uncommon trap: reason=class_check action=maybe_recompile pc=0x00000214d8d099ac method=com.android.tools.r8.internal.vY.a(Lcom/android/tools/r8/internal/mX;)Lcom/android/tools/r8/internal/vY; @ 29 c2
Event: 41.294 Thread 0x00000214e9199220 DEOPT PACKING pc=0x00000214d8d099ac sp=0x000000835b2f8f90
Event: 41.294 Thread 0x00000214e9199220 DEOPT UNPACKING pc=0x00000214d83f69a3 sp=0x000000835b2f8f50 mode 2
Event: 41.382 Thread 0x00000214e919c240 Uncommon trap: trap_request=0xffffff45 fr.pc=0x00000214d8d2fb00 relative=0x00000000000003a0
Event: 41.382 Thread 0x00000214e919c240 Uncommon trap: reason=unstable_if action=reinterpret pc=0x00000214d8d2fb00 method=com.android.tools.r8.internal.PN.a(Lcom/android/tools/r8/graph/Z2;Lcom/android/tools/r8/internal/yK;)V @ 51 c2
Event: 41.382 Thread 0x00000214e919c240 DEOPT PACKING pc=0x00000214d8d2fb00 sp=0x000000835a3f9c90
Event: 41.382 Thread 0x00000214e919c240 DEOPT UNPACKING pc=0x00000214d83f69a3 sp=0x000000835a3f9c48 mode 2
Event: 41.382 Thread 0x00000214e919c240 Uncommon trap: trap_request=0xffffff45 fr.pc=0x00000214d8f95944 relative=0x0000000000000864
Event: 41.382 Thread 0x00000214e919c240 Uncommon trap: reason=unstable_if action=reinterpret pc=0x00000214d8f95944 method=com.android.tools.r8.internal.PN.a(Lcom/android/tools/r8/internal/e7;Lcom/android/tools/r8/graph/Z2;)Z @ 9 c2
Event: 41.382 Thread 0x00000214e919c240 DEOPT PACKING pc=0x00000214d8f95944 sp=0x000000835a3f9be0
Event: 41.382 Thread 0x00000214e919c240 DEOPT UNPACKING pc=0x00000214d83f69a3 sp=0x000000835a3f9bd0 mode 2

Classes unloaded (0 events):
No events

Classes redefined (0 events):
No events

Internal exceptions (20 events):
Event: 34.193 Thread 0x00000214ea78c380 Exception <a 'java/lang/NoSuchMethodError'{0x000000008a983cb8}: 'int java.lang.invoke.DirectMethodHandle$Holder.invokeSpecial(java.lang.Object, java.lang.Object, java.lang.Object, java.lang.Object, java.lang.Object)'> (0x000000008a983cb8) 
thrown [s\src\hotspot\share\interpreter\linkResolver.cpp, line 771]
Event: 34.193 Thread 0x00000214e919d0b0 Exception <a 'java/lang/NoSuchMethodError'{0x000000008aaec2b0}: 'int java.lang.invoke.DirectMethodHandle$Holder.invokeSpecial(java.lang.Object, java.lang.Object, java.lang.Object, java.lang.Object, java.lang.Object)'> (0x000000008aaec2b0) 
thrown [s\src\hotspot\share\interpreter\linkResolver.cpp, line 771]
Event: 34.223 Thread 0x00000214ea78c380 Exception <a 'java/lang/IncompatibleClassChangeError'{0x000000008a868518}: Found class java.lang.Object, but interface was expected> (0x000000008a868518) 
thrown [s\src\hotspot\share\interpreter\linkResolver.cpp, line 838]
Event: 34.223 Thread 0x00000214e91983b0 Exception <a 'java/lang/IncompatibleClassChangeError'{0x000000008a89d318}: Found class java.lang.Object, but interface was expected> (0x000000008a89d318) 
thrown [s\src\hotspot\share\interpreter\linkResolver.cpp, line 838]
Event: 34.225 Thread 0x00000214ea78c380 Exception <a 'java/lang/IncompatibleClassChangeError'{0x000000008a8d9e00}: Found class java.lang.Object, but interface was expected> (0x000000008a8d9e00) 
thrown [s\src\hotspot\share\interpreter\linkResolver.cpp, line 838]
Event: 34.225 Thread 0x00000214e919d0b0 Exception <a 'java/lang/IncompatibleClassChangeError'{0x000000008a8bcd70}: Found class java.lang.Object, but interface was expected> (0x000000008a8bcd70) 
thrown [s\src\hotspot\share\interpreter\linkResolver.cpp, line 838]
Event: 34.225 Thread 0x00000214e91983b0 Exception <a 'java/lang/IncompatibleClassChangeError'{0x000000008a8a0c80}: Found class java.lang.Object, but interface was expected> (0x000000008a8a0c80) 
thrown [s\src\hotspot\share\interpreter\linkResolver.cpp, line 838]
Event: 34.293 Thread 0x00000214e91983b0 Exception <a 'java/lang/NoSuchMethodError'{0x000000008a643d98}: 'void java.lang.invoke.DirectMethodHandle$Holder.invokeSpecial(java.lang.Object, java.lang.Object, int, java.lang.Object)'> (0x000000008a643d98) 
thrown [s\src\hotspot\share\interpreter\linkResolver.cpp, line 771]
Event: 34.413 Thread 0x00000214ea78c380 Exception <a 'java/lang/NoSuchMethodError'{0x0000000092411ae8}: 'int java.lang.invoke.DirectMethodHandle$Holder.invokeSpecial(java.lang.Object, java.lang.Object, java.lang.Object, int)'> (0x0000000092411ae8) 
thrown [s\src\hotspot\share\interpreter\linkResolver.cpp, line 771]
Event: 34.419 Thread 0x00000214e91983b0 Exception <a 'java/lang/NoSuchMethodError'{0x00000000923741a8}: 'int java.lang.invoke.DirectMethodHandle$Holder.invokeSpecial(java.lang.Object, java.lang.Object, java.lang.Object, int, java.lang.Object)'> (0x00000000923741a8) 
thrown [s\src\hotspot\share\interpreter\linkResolver.cpp, line 771]
Event: 36.235 Thread 0x00000214e919d0b0 Exception <a 'java/lang/NoSuchMethodError'{0x000000008e94afe0}: 'int java.lang.invoke.DirectMethodHandle$Holder.invokeInterface(java.lang.Object, java.lang.Object, int)'> (0x000000008e94afe0) 
thrown [s\src\hotspot\share\interpreter\linkResolver.cpp, line 771]
Event: 37.360 Thread 0x00000214e919d0b0 Exception <a 'java/lang/NoSuchMethodError'{0x00000000906f9050}: 'java.lang.Object java.lang.invoke.Invokers$Holder.linkToTargetMethod(java.lang.Object, int, java.lang.Object, java.lang.Object, java.lang.Object, java.lang.Object)'> (0x00000000906f9050) 
thrown [s\src\hotspot\share\interpreter\linkResolver.cpp, line 771]
Event: 37.363 Thread 0x00000214e919d0b0 Exception <a 'java/lang/NoSuchMethodError'{0x000000008ff16b10}: 'java.lang.Object java.lang.invoke.Invokers$Holder.linkToTargetMethod(java.lang.Object, java.lang.Object, java.lang.Object, int, java.lang.Object, java.lang.Object, java.lang.Object)'> (0x000000008ff16b10) 
thrown [s\src\hotspot\share\interpreter\linkResolver.cpp, line 771]
Event: 37.366 Thread 0x00000214e919d0b0 Exception <a 'java/lang/NoSuchMethodError'{0x000000008ff2c800}: 'void java.lang.invoke.DirectMethodHandle$Holder.invokeStatic(java.lang.Object, java.lang.Object, java.lang.Object, java.lang.Object, java.lang.Object, java.lang.Object, java.lang.Object, java.lang.Object)'> (0x000000008ff2c800) 
thrown [s\src\hotspot\share\interpreter\linkResolver.cpp, line 771]
Event: 37.502 Thread 0x00000214e919d0b0 Exception <a 'java/lang/IncompatibleClassChangeError'{0x000000008f3627f8}: Found class java.lang.Object, but interface was expected> (0x000000008f3627f8) 
thrown [s\src\hotspot\share\interpreter\linkResolver.cpp, line 838]
Event: 37.631 Thread 0x00000214e919d0b0 Exception <a 'java/lang/NoSuchMethodError'{0x000000008ea0ca18}: 'void java.lang.invoke.DirectMethodHandle$Holder.invokeSpecial(java.lang.Object, java.lang.Object, int)'> (0x000000008ea0ca18) 
thrown [s\src\hotspot\share\interpreter\linkResolver.cpp, line 771]
Event: 37.810 Thread 0x00000214e919d0b0 Exception <a 'sun/nio/fs/WindowsException'{0x000000008dfc8850}> (0x000000008dfc8850) 
thrown [s\src\hotspot\share\prims\jni.cpp, line 517]
Event: 38.481 Thread 0x00000214e9199220 Exception <a 'sun/nio/fs/WindowsException'{0x00000000902b7bf0}> (0x00000000902b7bf0) 
thrown [s\src\hotspot\share\prims\jni.cpp, line 517]
Event: 39.926 Thread 0x00000214e91983b0 Exception <a 'sun/nio/fs/WindowsException'{0x000000008d1c8cd0}> (0x000000008d1c8cd0) 
thrown [s\src\hotspot\share\prims\jni.cpp, line 517]
Event: 40.370 Thread 0x00000214e919c240 Exception <a 'sun/nio/fs/WindowsException'{0x0000000090282400}> (0x0000000090282400) 
thrown [s\src\hotspot\share\prims\jni.cpp, line 517]

VM Operations (20 events):
Event: 37.894 Executing VM operation: ICBufferFull done
Event: 38.273 Executing VM operation: G1CollectForAllocation
Event: 38.274 Executing VM operation: G1CollectForAllocation done
Event: 38.284 Executing VM operation: G1CollectForAllocation
Event: 38.295 Executing VM operation: G1CollectForAllocation done
Event: 38.642 Executing VM operation: HandshakeAllThreads
Event: 38.652 Executing VM operation: HandshakeAllThreads done
Event: 38.747 Executing VM operation: HandshakeAllThreads
Event: 38.762 Executing VM operation: HandshakeAllThreads done
Event: 39.236 Executing VM operation: G1CollectForAllocation
Event: 39.266 Executing VM operation: G1CollectForAllocation done
Event: 40.077 Executing VM operation: ICBufferFull
Event: 40.078 Executing VM operation: ICBufferFull done
Event: 40.120 Executing VM operation: G1CollectForAllocation
Event: 40.177 Executing VM operation: G1CollectForAllocation done
Event: 40.849 Executing VM operation: G1CollectForAllocation
Event: 40.895 Executing VM operation: G1CollectForAllocation done
Event: 41.364 Executing VM operation: HandshakeAllThreads
Event: 41.365 Executing VM operation: HandshakeAllThreads done
Event: 41.759 Executing VM operation: G1CollectForAllocation

Events (20 events):
Event: 38.788 Thread 0x00000214e792c410 flushing nmethod 0x00000214d2652790
Event: 38.788 Thread 0x00000214e792c410 flushing nmethod 0x00000214d2663710
Event: 38.788 Thread 0x00000214e792c410 flushing nmethod 0x00000214d26b7d90
Event: 38.788 Thread 0x00000214e792c410 flushing nmethod 0x00000214d26b8410
Event: 38.788 Thread 0x00000214e792c410 flushing nmethod 0x00000214d26baf90
Event: 38.788 Thread 0x00000214e792c410 flushing nmethod 0x00000214d26bc290
Event: 38.788 Thread 0x00000214e792c410 flushing nmethod 0x00000214d26c1f10
Event: 38.788 Thread 0x00000214e792c410 flushing nmethod 0x00000214d26d1890
Event: 38.788 Thread 0x00000214e792c410 flushing nmethod 0x00000214d26dfd90
Event: 38.788 Thread 0x00000214e792c410 flushing nmethod 0x00000214d26e0190
Event: 38.788 Thread 0x00000214e792c410 flushing nmethod 0x00000214d26e2290
Event: 38.788 Thread 0x00000214e792c410 flushing nmethod 0x00000214d26f0c10
Event: 38.788 Thread 0x00000214e792c410 flushing nmethod 0x00000214d26f5190
Event: 38.788 Thread 0x00000214e792c410 flushing nmethod 0x00000214d2700390
Event: 38.788 Thread 0x00000214e792c410 flushing nmethod 0x00000214d272a610
Event: 38.788 Thread 0x00000214e792c410 flushing nmethod 0x00000214d272c390
Event: 38.789 Thread 0x00000214e792c410 flushing nmethod 0x00000214d273e290
Event: 38.789 Thread 0x00000214e792c410 flushing nmethod 0x00000214d2764410
Event: 38.789 Thread 0x00000214e792c410 flushing nmethod 0x00000214d2794c10
Event: 38.790 Thread 0x00000214e792c410 flushing nmethod 0x00000214d28a4090


Dynamic libraries:
0x00007ff60f660000 - 0x00007ff60f66a000 	C:\Program Files\Android\Android Studio\jbr\bin\java.exe
0x00007ff8866b0000 - 0x00007ff8868a8000 	C:\Windows\SYSTEM32\ntdll.dll
0x00007ff885650000 - 0x00007ff88570d000 	C:\Windows\System32\KERNEL32.DLL
0x00007ff8840e0000 - 0x00007ff8843d6000 	C:\Windows\System32\KERNELBASE.dll
0x00007ff883e30000 - 0x00007ff883f30000 	C:\Windows\System32\ucrtbase.dll
0x00007ff86ab80000 - 0x00007ff86ab97000 	C:\Program Files\Android\Android Studio\jbr\bin\jli.dll
0x00007ff870710000 - 0x00007ff87072b000 	C:\Program Files\Android\Android Studio\jbr\bin\VCRUNTIME140.dll
0x00007ff8854b0000 - 0x00007ff88564e000 	C:\Windows\System32\USER32.dll
0x00007ff884590000 - 0x00007ff8845b2000 	C:\Windows\System32\win32u.dll
0x00007ff878ee0000 - 0x00007ff87917a000 	C:\Windows\WinSxS\amd64_microsoft.windows.common-controls_6595b64144ccf1df_6.0.19041.3636_none_60b6a03d71f818d5\COMCTL32.dll
0x00007ff885fe0000 - 0x00007ff88600c000 	C:\Windows\System32\GDI32.dll
0x00007ff886010000 - 0x00007ff8860ae000 	C:\Windows\System32\msvcrt.dll
0x00007ff8845f0000 - 0x00007ff88470a000 	C:\Windows\System32\gdi32full.dll
0x00007ff883d90000 - 0x00007ff883e2d000 	C:\Windows\System32\msvcp_win.dll
0x00007ff885220000 - 0x00007ff885250000 	C:\Windows\System32\IMM32.DLL
0x00007ff870700000 - 0x00007ff87070c000 	C:\Program Files\Android\Android Studio\jbr\bin\vcruntime140_1.dll
0x00007ff869d70000 - 0x00007ff869dfd000 	C:\Program Files\Android\Android Studio\jbr\bin\msvcp140.dll
0x00007ff84dfd0000 - 0x00007ff84ec3e000 	C:\Program Files\Android\Android Studio\jbr\bin\server\jvm.dll
0x00007ff8849e0000 - 0x00007ff884a8f000 	C:\Windows\System32\ADVAPI32.dll
0x00007ff885410000 - 0x00007ff8854ac000 	C:\Windows\System32\sechost.dll
0x00007ff8852e0000 - 0x00007ff885406000 	C:\Windows\System32\RPCRT4.dll
0x00007ff880f60000 - 0x00007ff880f69000 	C:\Windows\SYSTEM32\WSOCK32.dll
0x00007ff8857c0000 - 0x00007ff88582b000 	C:\Windows\System32\WS2_32.dll
0x00007ff87ad20000 - 0x00007ff87ad47000 	C:\Windows\SYSTEM32\WINMM.dll
0x00007ff878850000 - 0x00007ff87885a000 	C:\Windows\SYSTEM32\VERSION.dll
0x00007ff8825e0000 - 0x00007ff8825f2000 	C:\Windows\SYSTEM32\kernel.appcore.dll
0x00007ff8736d0000 - 0x00007ff8736da000 	C:\Program Files\Android\Android Studio\jbr\bin\jimage.dll
0x00007ff86c7b0000 - 0x00007ff86c994000 	C:\Windows\SYSTEM32\DBGHELP.DLL
0x00007ff879190000 - 0x00007ff8791c4000 	C:\Windows\SYSTEM32\dbgcore.DLL
0x00007ff883f30000 - 0x00007ff883fb2000 	C:\Windows\System32\bcryptPrimitives.dll
0x00007ff86b780000 - 0x00007ff86b7a5000 	C:\Program Files\Android\Android Studio\jbr\bin\java.dll
0x00007ff86b200000 - 0x00007ff86b218000 	C:\Program Files\Android\Android Studio\jbr\bin\zip.dll
0x00007ff885890000 - 0x00007ff885fd4000 	C:\Windows\System32\SHELL32.dll
0x00007ff881e30000 - 0x00007ff8825cb000 	C:\Windows\SYSTEM32\windows.storage.dll
0x00007ff886160000 - 0x00007ff8864b4000 	C:\Windows\System32\combase.dll
0x00007ff883760000 - 0x00007ff88378d000 	C:\Windows\SYSTEM32\Wldp.dll
0x00007ff8860b0000 - 0x00007ff88615d000 	C:\Windows\System32\SHCORE.dll
0x00007ff884720000 - 0x00007ff884775000 	C:\Windows\System32\shlwapi.dll
0x00007ff883cc0000 - 0x00007ff883ce5000 	C:\Windows\SYSTEM32\profapi.dll
0x00007ff86acf0000 - 0x00007ff86ad09000 	C:\Program Files\Android\Android Studio\jbr\bin\net.dll
0x00007ff87a0b0000 - 0x00007ff87a1ba000 	C:\Windows\SYSTEM32\WINHTTP.dll
0x00007ff883460000 - 0x00007ff8834ca000 	C:\Windows\system32\mswsock.dll
0x00007ff86acd0000 - 0x00007ff86ace6000 	C:\Program Files\Android\Android Studio\jbr\bin\nio.dll
0x00007ff87ad50000 - 0x00007ff87ad60000 	C:\Program Files\Android\Android Studio\jbr\bin\verify.dll
0x00007ff85e4e0000 - 0x00007ff85e507000 	C:\Users\refrizar.dwiardito\.jdks\openjdk-21\native\e1d6ef7f7dcc3fd88c89a11ec53ec762bb8ba0a96d01ffa2cd45eb1d1d8dd5c5\windows-amd64\native-platform.dll
0x00007ff869f20000 - 0x00007ff86a064000 	C:\Users\refrizar.dwiardito\.jdks\openjdk-21\native\5664cfc778a61ccfe75a443a1ab52a65af34e5dc3c78e0209fed803814484fcb\windows-amd64\native-platform-file-events.dll
0x00007ff871fa0000 - 0x00007ff871fa9000 	C:\Program Files\Android\Android Studio\jbr\bin\management.dll
0x00007ff8714b0000 - 0x00007ff8714bb000 	C:\Program Files\Android\Android Studio\jbr\bin\management_ext.dll
0x00007ff885250000 - 0x00007ff885258000 	C:\Windows\System32\PSAPI.DLL
0x00007ff883660000 - 0x00007ff883678000 	C:\Windows\SYSTEM32\CRYPTSP.dll
0x00007ff882d90000 - 0x00007ff882dc4000 	C:\Windows\system32\rsaenh.dll
0x00007ff8845c0000 - 0x00007ff8845e7000 	C:\Windows\System32\bcrypt.dll
0x00007ff883c80000 - 0x00007ff883cae000 	C:\Windows\SYSTEM32\USERENV.dll
0x00007ff883650000 - 0x00007ff88365c000 	C:\Windows\SYSTEM32\CRYPTBASE.dll
0x00007ff883150000 - 0x00007ff88318b000 	C:\Windows\SYSTEM32\IPHLPAPI.DLL
0x00007ff884f00000 - 0x00007ff884f08000 	C:\Windows\System32\NSI.dll
0x00007ff87a8d0000 - 0x00007ff87a8e7000 	C:\Windows\SYSTEM32\dhcpcsvc6.DLL
0x00007ff87a8b0000 - 0x00007ff87a8cd000 	C:\Windows\SYSTEM32\dhcpcsvc.DLL
0x00007ff883190000 - 0x00007ff88325a000 	C:\Windows\SYSTEM32\DNSAPI.dll
0x00007ff8706d0000 - 0x00007ff8706d7000 	C:\Windows\system32\wshunix.dll

dbghelp: loaded successfully - version: 4.0.5 - missing functions: none
symbol engine: initialized successfully - sym options: 0x614 - pdb path: .;C:\Program Files\Android\Android Studio\jbr\bin;C:\Windows\SYSTEM32;C:\Windows\WinSxS\amd64_microsoft.windows.common-controls_6595b64144ccf1df_6.0.19041.3636_none_60b6a03d71f818d5;C:\Program Files\Android\Android Studio\jbr\bin\server;C:\Users\refrizar.dwiardito\.jdks\openjdk-21\native\e1d6ef7f7dcc3fd88c89a11ec53ec762bb8ba0a96d01ffa2cd45eb1d1d8dd5c5\windows-amd64;C:\Users\refrizar.dwiardito\.jdks\openjdk-21\native\5664cfc778a61ccfe75a443a1ab52a65af34e5dc3c78e0209fed803814484fcb\windows-amd64

VM Arguments:
jvm_args: --add-opens=java.base/java.util=ALL-UNNAMED --add-opens=java.base/java.lang=ALL-UNNAMED --add-opens=java.base/java.lang.invoke=ALL-UNNAMED --add-opens=java.base/java.util=ALL-UNNAMED --add-opens=java.prefs/java.util.prefs=ALL-UNNAMED --add-opens=java.prefs/java.util.prefs=ALL-UNNAMED --add-opens=java.base/java.nio.charset=ALL-UNNAMED --add-opens=java.base/java.net=ALL-UNNAMED --add-opens=java.base/java.util.concurrent.atomic=ALL-UNNAMED -Xmx2048m -Dfile.encoding=UTF-8 -Duser.country=US -Duser.language=en -Duser.variant 
java_command: org.gradle.launcher.daemon.bootstrap.GradleDaemon 7.3.3
java_class_path (initial): C:\Users\refrizar.dwiardito\.jdks\openjdk-21\wrapper\dists\gradle-7.3.3-bin\6a41zxkdtcxs8rphpq6y0069z\gradle-7.3.3\lib\gradle-launcher-7.3.3.jar
Launcher Type: SUN_STANDARD

[Global flags]
     intx CICompilerCount                          = 3                                         {product} {ergonomic}
     uint ConcGCThreads                            = 1                                         {product} {ergonomic}
     uint G1ConcRefinementThreads                  = 4                                         {product} {ergonomic}
   size_t G1HeapRegionSize                         = 1048576                                   {product} {ergonomic}
    uintx GCDrainStackTargetSize                   = 64                                        {product} {ergonomic}
   size_t InitialHeapSize                          = 134217728                                 {product} {ergonomic}
   size_t MarkStackSize                            = 4194304                                   {product} {ergonomic}
   size_t MaxHeapSize                              = 2147483648                                {product} {command line}
   size_t MaxNewSize                               = 1287651328                                {product} {ergonomic}
   size_t MinHeapDeltaBytes                        = 1048576                                   {product} {ergonomic}
   size_t MinHeapSize                              = 8388608                                   {product} {ergonomic}
    uintx NonNMethodCodeHeapSize                   = 5832780                                {pd product} {ergonomic}
    uintx NonProfiledCodeHeapSize                  = 122912730                              {pd product} {ergonomic}
    uintx ProfiledCodeHeapSize                     = 122912730                              {pd product} {ergonomic}
    uintx ReservedCodeCacheSize                    = 251658240                              {pd product} {ergonomic}
     bool SegmentedCodeCache                       = true                                      {product} {ergonomic}
   size_t SoftMaxHeapSize                          = 2147483648                             {manageable} {ergonomic}
     bool UseCompressedClassPointers               = true                           {product lp64_product} {ergonomic}
     bool UseCompressedOops                        = true                           {product lp64_product} {ergonomic}
     bool UseG1GC                                  = true                                      {product} {ergonomic}
     bool UseLargePagesIndividualAllocation        = false                                  {pd product} {ergonomic}

Logging:
Log output configuration:
 #0: stdout all=warning uptime,level,tags
 #1: stderr all=off uptime,level,tags

Environment Variables:
JAVA_HOME=C:\Users\refrizar.dwiardito\.jdks\openjdk-21
PATH=C:\Program Files\Common Files\Oracle\Java\javapath;C:\Windows\system32;C:\Windows;C:\Windows\System32\Wbem;C:\Windows\System32\WindowsPowerShell\v1.0\;C:\Windows\System32\OpenSSH\;C:\Program Files\mingw-w64\x86_64-8.1.0-posix-seh-rt_v6-rev0\mingw64\bin;C:\Users\refrizar.dwiardito\AppData\Local\Programs\Python\Python310\Scripts;C:\Users\refrizar.dwiardito\.jdks\openjdk-21\bin;C:\Program Files\PuTTY\;C:\Program Files\gradle-8.3\bin;C:\Program Files\Git\cmd;C:\Users\refrizar.dwiardito\AppData\Local\Programs\Python\Python310\Scripts\;C:\Users\refrizar.dwiardito\AppData\Local\Programs\Python\Python310\;C:\Users\refrizar.dwiardito\AppData\Local\Microsoft\WindowsApps;;C:\Users\refrizar.dwiardito\AppData\Local\Programs\Microsoft VS Code\bin;C:\Program Files\JetBrains\IntelliJ IDEA Community Edition 2023.2.5\bin;
USERNAME=refrizar.dwiardito
OS=Windows_NT
PROCESSOR_IDENTIFIER=Intel64 Family 6 Model 61 Stepping 4, GenuineIntel
TMP=C:\Users\REFRIZ~1.DWI\AppData\Local\Temp
TEMP=C:\Users\REFRIZ~1.DWI\AppData\Local\Temp


JNI global refs:
JNI global refs: 25, weak refs: 55

JNI global refs memory usage: 843, weak refs: 1473


---------------  S Y S T E M  ---------------

OS:
 Windows 10 , 64 bit Build 19041 (10.0.19041.3636)
OS uptime: 0 days 5:42 hours

CPU: total 4 (initial active 4) (2 cores per cpu, 2 threads per core) family 6 model 61 stepping 4 microcode 0x2f, cx8, cmov, fxsr, ht, mmx, 3dnowpref, sse, sse2, sse3, ssse3, sse4.1, sse4.2, popcnt, lzcnt, tsc, tscinvbit, avx, avx2, aes, erms, clmul, bmi1, bmi2, adx, fma, vzeroupper, clflush

Memory: 4k page, system-wide physical 8083M (664M free)
TotalPageFile size 8083M (AvailPageFile size 242M)
current process WorkingSet (physical memory assigned to process): 619M, peak: 637M
current process commit charge ("private bytes"): 667M, peak: 1036M

vm_info: OpenJDK 64-Bit Server VM (17.0.6+0-b2043.56-10027231) for windows-amd64 JRE (17.0.6+0-b2043.56-10027231), built on Apr 28 2023 00:43:19 by "androidbuild" with MS VC++ 16.10 / 16.11 (VS2019)

END.
