#
# There is insufficient memory for the Java Runtime Environment to continue.
# Native memory allocation (malloc) failed to allocate 1475248 bytes for Chunk::new
# Possible reasons:
#   The system is out of physical RAM or swap space
#   The process is running with CompressedOops enabled, and the Java Heap may be blocking the growth of the native heap
# Possible solutions:
#   Reduce memory load on the system
#   Increase physical memory or swap space
#   Check if swap backing store is full
#   Decrease Java heap size (-Xmx/-Xms)
#   Decrease number of Java threads
#   Decrease Java thread stack sizes (-Xss)
#   Set larger code cache with -XX:ReservedCodeCacheSize=
#   JVM is running with Unscaled Compressed Oops mode in which the Java heap is
#     placed in the first 4GB address space. The Java Heap base address is the
#     maximum limit for the native heap growth. Please use -XX:HeapBaseMinAddress
#     to set the Java Heap base and to place the Java Heap above 4GB virtual address.
# This output file may be truncated or incomplete.
#
#  Out of Memory Error (arena.cpp:189), pid=8332, tid=4296
#
# JRE version: OpenJDK Runtime Environment (17.0.6) (build 17.0.6+0-b2043.56-10027231)
# Java VM: OpenJDK 64-Bit Server VM (17.0.6+0-b2043.56-10027231, mixed mode, tiered, compressed oops, compressed class ptrs, g1 gc, windows-amd64)
# No core dump will be written. Minidumps are not enabled by default on client versions of Windows
#

---------------  S U M M A R Y ------------

Command Line: org.jetbrains.kotlin.cli.jvm.K2JVMCompiler @C:\Users\refrizar.dwiardito\AndroidStudioProjects\TugasAndroidAdvance\app\build\20231209_12863900435349205109.compiler.options

Host: Intel(R) Core(TM) i5-5200U CPU @ 2.20GHz, 4 cores, 7G,  Windows 10 , 64 bit Build 19041 (10.0.19041.3636)
Time: Sat Dec  9 23:01:44 2023 SE Asia Standard Time elapsed time: 11.555965 seconds (0d 0h 0m 11s)

---------------  T H R E A D  ---------------

Current thread (0x00000187620260e0):  JavaThread "C2 CompilerThread0" daemon [_thread_in_native, id=4296, stack(0x0000002361c00000,0x0000002361d00000)]


Current CompileTask:
C2:  11556 6741       4       org.jetbrains.kotlin.cli.jvm.index.JvmDependenciesIndexImpl::travelPath (157 bytes)

Stack: [0x0000002361c00000,0x0000002361d00000]
Native frames: (J=compiled Java code, j=interpreted, Vv=VM code, C=native code)
V  [jvm.dll+0x683c9a]
V  [jvm.dll+0x8427a4]
V  [jvm.dll+0x843f9e]
V  [jvm.dll+0x844603]
V  [jvm.dll+0x249b75]
V  [jvm.dll+0xabcac]
V  [jvm.dll+0xac27c]
V  [jvm.dll+0x368857]
V  [jvm.dll+0x332f31]
V  [jvm.dll+0x3323da]
V  [jvm.dll+0x21c201]
V  [jvm.dll+0x21b621]
V  [jvm.dll+0x1a4fdd]
V  [jvm.dll+0x22b098]
V  [jvm.dll+0x229159]
V  [jvm.dll+0x7f81ec]
V  [jvm.dll+0x7f274a]
V  [jvm.dll+0x682ad5]
C  [ucrtbase.dll+0x21bb2]
C  [KERNEL32.DLL+0x17344]
C  [ntdll.dll+0x526b1]


---------------  P R O C E S S  ---------------

Threads class SMR info:
_java_thread_list=0x00000187664637c0, length=13, elements={
0x000001874800a1c0, 0x00000187614ff280, 0x0000018761500000, 0x00000187615428a0,
0x0000018761521900, 0x00000187615241d0, 0x0000018762021ff0, 0x00000187620260e0,
0x00000187620269e0, 0x000001876204c010, 0x0000018762192660, 0x00000187621a4bf0,
0x00000187646342c0
}

Java Threads: ( => current thread )
  0x000001874800a1c0 JavaThread "main" [_thread_in_Java, id=9604, stack(0x0000002360f00000,0x0000002361000000)]
  0x00000187614ff280 JavaThread "Reference Handler" daemon [_thread_blocked, id=6928, stack(0x0000002361600000,0x0000002361700000)]
  0x0000018761500000 JavaThread "Finalizer" daemon [_thread_blocked, id=10500, stack(0x0000002361700000,0x0000002361800000)]
  0x00000187615428a0 JavaThread "Signal Dispatcher" daemon [_thread_blocked, id=11200, stack(0x0000002361800000,0x0000002361900000)]
  0x0000018761521900 JavaThread "Attach Listener" daemon [_thread_blocked, id=10684, stack(0x0000002361900000,0x0000002361a00000)]
  0x00000187615241d0 JavaThread "Service Thread" daemon [_thread_blocked, id=11176, stack(0x0000002361a00000,0x0000002361b00000)]
  0x0000018762021ff0 JavaThread "Monitor Deflation Thread" daemon [_thread_blocked, id=7680, stack(0x0000002361b00000,0x0000002361c00000)]
=>0x00000187620260e0 JavaThread "C2 CompilerThread0" daemon [_thread_in_native, id=4296, stack(0x0000002361c00000,0x0000002361d00000)]
  0x00000187620269e0 JavaThread "C1 CompilerThread0" daemon [_thread_in_native, id=7020, stack(0x0000002361d00000,0x0000002361e00000)]
  0x000001876204c010 JavaThread "Sweeper thread" daemon [_thread_blocked, id=9860, stack(0x0000002361e00000,0x0000002361f00000)]
  0x0000018762192660 JavaThread "Notification Thread" daemon [_thread_blocked, id=2444, stack(0x0000002361f00000,0x0000002362000000)]
  0x00000187621a4bf0 JavaThread "Common-Cleaner" daemon [_thread_blocked, id=8076, stack(0x0000002362100000,0x0000002362200000)]
  0x00000187646342c0 JavaThread "C2 CompilerThread1" daemon [_thread_in_native, id=9712, stack(0x0000002362600000,0x0000002362700000)]

Other Threads:
  0x00000187614b5420 VMThread "VM Thread" [stack: 0x0000002361500000,0x0000002361600000] [id=5180]
  0x0000018762192b30 WatcherThread [stack: 0x0000002362000000,0x0000002362100000] [id=872]
  0x0000018748066f80 GCTaskThread "GC Thread#0" [stack: 0x0000002361000000,0x0000002361100000] [id=1184]
  0x000001876256a7a0 GCTaskThread "GC Thread#1" [stack: 0x0000002362300000,0x0000002362400000] [id=6696]
  0x0000018762200820 GCTaskThread "GC Thread#2" [stack: 0x0000002362400000,0x0000002362500000] [id=10416]
  0x00000187625e42a0 GCTaskThread "GC Thread#3" [stack: 0x0000002362500000,0x0000002362600000] [id=10660]
  0x0000018748077a90 ConcurrentGCThread "G1 Main Marker" [stack: 0x0000002361100000,0x0000002361200000] [id=9180]
  0x00000187480793c0 ConcurrentGCThread "G1 Conc#0" [stack: 0x0000002361200000,0x0000002361300000] [id=240]
  0x00000187480d22b0 ConcurrentGCThread "G1 Refine#0" [stack: 0x0000002361300000,0x0000002361400000] [id=2968]
  0x0000018764989e70 ConcurrentGCThread "G1 Refine#1" [stack: 0x0000002362200000,0x0000002362300000] [id=9132]
  0x00000187480d2be0 ConcurrentGCThread "G1 Service" [stack: 0x0000002361400000,0x0000002361500000] [id=6700]

Threads with active compile tasks:
C2 CompilerThread0    11616 6741       4       org.jetbrains.kotlin.cli.jvm.index.JvmDependenciesIndexImpl::travelPath (157 bytes)
C1 CompilerThread0    11616 6870       3       org.jetbrains.org.objectweb.asm.ClassReader::readCode (5089 bytes)
C2 CompilerThread1    11616 6834       4       org.jetbrains.kotlin.com.intellij.lang.impl.PsiBuilderImpl::insertLeaves (88 bytes)

VM state: not at safepoint (normal execution)

VM Mutex/Monitor currently owned by a thread: None

Heap address: 0x0000000081a00000, size: 2022 MB, Compressed Oops mode: 32-bit

CDS archive(s) not mapped
Compressed class space mapped at: 0x0000000100000000-0x0000000140000000, reserved size: 1073741824
Narrow klass base: 0x0000000000000000, Narrow klass shift: 3, Narrow klass range: 0x140000000

GC Precious Log:
 CPUs: 4 total, 4 available
 Memory: 8083M
 Large Page Support: Disabled
 NUMA Support: Disabled
 Compressed Oops: Enabled (32-bit)
 Heap Region Size: 1M
 Heap Min Capacity: 8M
 Heap Initial Capacity: 128M
 Heap Max Capacity: 2022M
 Pre-touch: Disabled
 Parallel Workers: 4
 Concurrent Workers: 1
 Concurrent Refinement Workers: 4
 Periodic GC: Disabled

Heap:
 garbage-first heap   total 134144K, used 51602K [0x0000000081a00000, 0x0000000100000000)
  region size 1024K, 4 young (4096K), 2 survivors (2048K)
 Metaspace       used 60946K, committed 61248K, reserved 1105920K
  class space    used 7289K, committed 7424K, reserved 1048576K

Heap Regions: E=young(eden), S=young(survivor), O=old, HS=humongous(starts), HC=humongous(continues), CS=collection set, F=free, OA=open archive, CA=closed archive, TAMS=top-at-mark-start (previous, next)
|   0|0x0000000081a00000, 0x0000000081b00000, 0x0000000081b00000|100%|HS|  |TAMS 0x0000000081b00000, 0x0000000081b00000| Complete 
|   1|0x0000000081b00000, 0x0000000081c00000, 0x0000000081c00000|100%|HC|  |TAMS 0x0000000081c00000, 0x0000000081c00000| Complete 
|   2|0x0000000081c00000, 0x0000000081d00000, 0x0000000081d00000|100%|HC|  |TAMS 0x0000000081d00000, 0x0000000081d00000| Complete 
|   3|0x0000000081d00000, 0x0000000081e00000, 0x0000000081e00000|100%| O|  |TAMS 0x0000000081e00000, 0x0000000081e00000| Untracked 
|   4|0x0000000081e00000, 0x0000000081f00000, 0x0000000081f00000|100%| O|  |TAMS 0x0000000081f00000, 0x0000000081f00000| Untracked 
|   5|0x0000000081f00000, 0x0000000082000000, 0x0000000082000000|100%| O|  |TAMS 0x0000000081f00000, 0x0000000082000000| Untracked 
|   6|0x0000000082000000, 0x0000000082100000, 0x0000000082100000|100%|HS|  |TAMS 0x0000000082100000, 0x0000000082100000| Complete 
|   7|0x0000000082100000, 0x0000000082200000, 0x0000000082200000|100%|HC|  |TAMS 0x0000000082200000, 0x0000000082200000| Complete 
|   8|0x0000000082200000, 0x0000000082300000, 0x0000000082300000|100%|HC|  |TAMS 0x0000000082300000, 0x0000000082300000| Complete 
|   9|0x0000000082300000, 0x0000000082400000, 0x0000000082400000|100%| O|  |TAMS 0x0000000082400000, 0x0000000082400000| Untracked 
|  10|0x0000000082400000, 0x0000000082500000, 0x0000000082500000|100%| O|  |TAMS 0x0000000082500000, 0x0000000082500000| Untracked 
|  11|0x0000000082500000, 0x0000000082600000, 0x0000000082600000|100%| O|  |TAMS 0x0000000082600000, 0x0000000082600000| Untracked 
|  12|0x0000000082600000, 0x0000000082700000, 0x0000000082700000|100%| O|  |TAMS 0x0000000082700000, 0x0000000082700000| Untracked 
|  13|0x0000000082700000, 0x0000000082800000, 0x0000000082800000|100%|HS|  |TAMS 0x0000000082800000, 0x0000000082800000| Complete 
|  14|0x0000000082800000, 0x0000000082900000, 0x0000000082900000|100%|HC|  |TAMS 0x0000000082900000, 0x0000000082900000| Complete 
|  15|0x0000000082900000, 0x0000000082a00000, 0x0000000082a00000|100%| O|  |TAMS 0x0000000082a00000, 0x0000000082a00000| Untracked 
|  16|0x0000000082a00000, 0x0000000082b00000, 0x0000000082b00000|100%| O|  |TAMS 0x0000000082a00000, 0x0000000082b00000| Untracked 
|  17|0x0000000082b00000, 0x0000000082c00000, 0x0000000082c00000|100%| O|  |TAMS 0x0000000082b00000, 0x0000000082c00000| Untracked 
|  18|0x0000000082c00000, 0x0000000082d00000, 0x0000000082d00000|100%| O|  |TAMS 0x0000000082c00000, 0x0000000082d00000| Untracked 
|  19|0x0000000082d00000, 0x0000000082e00000, 0x0000000082e00000|100%| O|  |TAMS 0x0000000082d00000, 0x0000000082e00000| Untracked 
|  20|0x0000000082e00000, 0x0000000082f00000, 0x0000000082f00000|100%| O|  |TAMS 0x0000000082e00000, 0x0000000082f00000| Untracked 
|  21|0x0000000082f00000, 0x0000000083000000, 0x0000000083000000|100%| O|  |TAMS 0x0000000082f00000, 0x0000000083000000| Untracked 
|  22|0x0000000083000000, 0x0000000083100000, 0x0000000083100000|100%| O|  |TAMS 0x0000000083000000, 0x0000000083100000| Untracked 
|  23|0x0000000083100000, 0x0000000083200000, 0x0000000083200000|100%| O|  |TAMS 0x0000000083100000, 0x0000000083200000| Untracked 
|  24|0x0000000083200000, 0x0000000083300000, 0x0000000083300000|100%| O|  |TAMS 0x0000000083200000, 0x0000000083300000| Untracked 
|  25|0x0000000083300000, 0x0000000083400000, 0x0000000083400000|100%| O|  |TAMS 0x0000000083300000, 0x0000000083400000| Untracked 
|  26|0x0000000083400000, 0x0000000083500000, 0x0000000083500000|100%| O|  |TAMS 0x0000000083400000, 0x0000000083500000| Untracked 
|  27|0x0000000083500000, 0x0000000083600000, 0x0000000083600000|100%| O|  |TAMS 0x0000000083500000, 0x0000000083600000| Untracked 
|  28|0x0000000083600000, 0x0000000083700000, 0x0000000083700000|100%| O|  |TAMS 0x0000000083600000, 0x0000000083700000| Untracked 
|  29|0x0000000083700000, 0x0000000083800000, 0x0000000083800000|100%| O|  |TAMS 0x0000000083700000, 0x0000000083800000| Untracked 
|  30|0x0000000083800000, 0x0000000083900000, 0x0000000083900000|100%| O|  |TAMS 0x0000000083800000, 0x0000000083900000| Untracked 
|  31|0x0000000083900000, 0x0000000083a00000, 0x0000000083a00000|100%| O|  |TAMS 0x0000000083900000, 0x0000000083a00000| Untracked 
|  32|0x0000000083a00000, 0x0000000083b00000, 0x0000000083b00000|100%| O|  |TAMS 0x0000000083a00000, 0x0000000083b00000| Untracked 
|  33|0x0000000083b00000, 0x0000000083c00000, 0x0000000083c00000|100%| O|  |TAMS 0x0000000083b00000, 0x0000000083c00000| Untracked 
|  34|0x0000000083c00000, 0x0000000083d00000, 0x0000000083d00000|100%| O|  |TAMS 0x0000000083c00000, 0x0000000083d00000| Untracked 
|  35|0x0000000083d00000, 0x0000000083e00000, 0x0000000083e00000|100%| O|  |TAMS 0x0000000083d00000, 0x0000000083e00000| Untracked 
|  36|0x0000000083e00000, 0x0000000083f00000, 0x0000000083f00000|100%| O|  |TAMS 0x0000000083e00000, 0x0000000083f00000| Untracked 
|  37|0x0000000083f00000, 0x0000000084000000, 0x0000000084000000|100%| O|  |TAMS 0x0000000083f00000, 0x0000000084000000| Untracked 
|  38|0x0000000084000000, 0x0000000084100000, 0x0000000084100000|100%| O|  |TAMS 0x0000000084000000, 0x0000000084100000| Untracked 
|  39|0x0000000084100000, 0x0000000084200000, 0x0000000084200000|100%| O|  |TAMS 0x0000000084100000, 0x0000000084200000| Untracked 
|  40|0x0000000084200000, 0x0000000084300000, 0x0000000084300000|100%| O|  |TAMS 0x0000000084200000, 0x0000000084300000| Untracked 
|  41|0x0000000084300000, 0x0000000084400000, 0x0000000084400000|100%| O|  |TAMS 0x0000000084300000, 0x0000000084400000| Untracked 
|  42|0x0000000084400000, 0x0000000084500000, 0x0000000084500000|100%| O|  |TAMS 0x0000000084400000, 0x0000000084500000| Untracked 
|  43|0x0000000084500000, 0x0000000084600000, 0x0000000084600000|100%| O|  |TAMS 0x0000000084500000, 0x0000000084600000| Untracked 
|  44|0x0000000084600000, 0x0000000084700000, 0x0000000084700000|100%| O|  |TAMS 0x0000000084600000, 0x0000000084680000| Untracked 
|  45|0x0000000084700000, 0x0000000084800000, 0x0000000084800000|100%| O|  |TAMS 0x0000000084700000, 0x0000000084700000| Untracked 
|  46|0x0000000084800000, 0x0000000084900000, 0x0000000084900000|100%| O|  |TAMS 0x0000000084800000, 0x0000000084800000| Untracked 
|  47|0x0000000084900000, 0x0000000084a00000, 0x0000000084a00000|100%| O|  |TAMS 0x0000000084900000, 0x0000000084900000| Untracked 
|  48|0x0000000084a00000, 0x0000000084a00000, 0x0000000084b00000|  0%| F|  |TAMS 0x0000000084a00000, 0x0000000084a00000| Untracked 
|  49|0x0000000084b00000, 0x0000000084b00000, 0x0000000084c00000|  0%| F|  |TAMS 0x0000000084b00000, 0x0000000084b00000| Untracked 
|  50|0x0000000084c00000, 0x0000000084c00000, 0x0000000084d00000|  0%| F|  |TAMS 0x0000000084c00000, 0x0000000084c00000| Untracked 
|  51|0x0000000084d00000, 0x0000000084d00000, 0x0000000084e00000|  0%| F|  |TAMS 0x0000000084d00000, 0x0000000084d00000| Untracked 
|  52|0x0000000084e00000, 0x0000000084e00000, 0x0000000084f00000|  0%| F|  |TAMS 0x0000000084e00000, 0x0000000084e00000| Untracked 
|  53|0x0000000084f00000, 0x0000000084f00000, 0x0000000085000000|  0%| F|  |TAMS 0x0000000084f00000, 0x0000000084f00000| Untracked 
|  54|0x0000000085000000, 0x0000000085000000, 0x0000000085100000|  0%| F|  |TAMS 0x0000000085000000, 0x0000000085000000| Untracked 
|  55|0x0000000085100000, 0x0000000085100000, 0x0000000085200000|  0%| F|  |TAMS 0x0000000085100000, 0x0000000085100000| Untracked 
|  56|0x0000000085200000, 0x0000000085200000, 0x0000000085300000|  0%| F|  |TAMS 0x0000000085200000, 0x0000000085200000| Untracked 
|  57|0x0000000085300000, 0x0000000085300000, 0x0000000085400000|  0%| F|  |TAMS 0x0000000085300000, 0x0000000085300000| Untracked 
|  58|0x0000000085400000, 0x0000000085400000, 0x0000000085500000|  0%| F|  |TAMS 0x0000000085400000, 0x0000000085400000| Untracked 
|  59|0x0000000085500000, 0x0000000085500000, 0x0000000085600000|  0%| F|  |TAMS 0x0000000085500000, 0x0000000085500000| Untracked 
|  60|0x0000000085600000, 0x0000000085600000, 0x0000000085700000|  0%| F|  |TAMS 0x0000000085600000, 0x0000000085600000| Untracked 
|  61|0x0000000085700000, 0x0000000085700000, 0x0000000085800000|  0%| F|  |TAMS 0x0000000085700000, 0x0000000085700000| Untracked 
|  62|0x0000000085800000, 0x0000000085800000, 0x0000000085900000|  0%| F|  |TAMS 0x0000000085800000, 0x0000000085800000| Untracked 
|  63|0x0000000085900000, 0x0000000085900000, 0x0000000085a00000|  0%| F|  |TAMS 0x0000000085900000, 0x0000000085900000| Untracked 
|  64|0x0000000085a00000, 0x0000000085a00000, 0x0000000085b00000|  0%| F|  |TAMS 0x0000000085a00000, 0x0000000085a00000| Untracked 
|  65|0x0000000085b00000, 0x0000000085b00000, 0x0000000085c00000|  0%| F|  |TAMS 0x0000000085b00000, 0x0000000085b00000| Untracked 
|  66|0x0000000085c00000, 0x0000000085c00000, 0x0000000085d00000|  0%| F|  |TAMS 0x0000000085c00000, 0x0000000085c00000| Untracked 
|  67|0x0000000085d00000, 0x0000000085d00000, 0x0000000085e00000|  0%| F|  |TAMS 0x0000000085d00000, 0x0000000085d00000| Untracked 
|  68|0x0000000085e00000, 0x0000000085e00000, 0x0000000085f00000|  0%| F|  |TAMS 0x0000000085e00000, 0x0000000085e00000| Untracked 
|  69|0x0000000085f00000, 0x0000000085f00000, 0x0000000086000000|  0%| F|  |TAMS 0x0000000085f00000, 0x0000000085f00000| Untracked 
|  70|0x0000000086000000, 0x0000000086000000, 0x0000000086100000|  0%| F|  |TAMS 0x0000000086000000, 0x0000000086000000| Untracked 
|  71|0x0000000086100000, 0x0000000086100000, 0x0000000086200000|  0%| F|  |TAMS 0x0000000086100000, 0x0000000086100000| Untracked 
|  72|0x0000000086200000, 0x0000000086200000, 0x0000000086300000|  0%| F|  |TAMS 0x0000000086200000, 0x0000000086200000| Untracked 
|  73|0x0000000086300000, 0x0000000086300000, 0x0000000086400000|  0%| F|  |TAMS 0x0000000086300000, 0x0000000086300000| Untracked 
|  74|0x0000000086400000, 0x0000000086400000, 0x0000000086500000|  0%| F|  |TAMS 0x0000000086400000, 0x0000000086400000| Untracked 
|  75|0x0000000086500000, 0x0000000086500000, 0x0000000086600000|  0%| F|  |TAMS 0x0000000086500000, 0x0000000086500000| Untracked 
|  76|0x0000000086600000, 0x0000000086600000, 0x0000000086700000|  0%| F|  |TAMS 0x0000000086600000, 0x0000000086600000| Untracked 
|  77|0x0000000086700000, 0x0000000086700000, 0x0000000086800000|  0%| F|  |TAMS 0x0000000086700000, 0x0000000086700000| Untracked 
|  78|0x0000000086800000, 0x0000000086800000, 0x0000000086900000|  0%| F|  |TAMS 0x0000000086800000, 0x0000000086800000| Untracked 
|  79|0x0000000086900000, 0x0000000086900000, 0x0000000086a00000|  0%| F|  |TAMS 0x0000000086900000, 0x0000000086900000| Untracked 
|  80|0x0000000086a00000, 0x0000000086a00000, 0x0000000086b00000|  0%| F|  |TAMS 0x0000000086a00000, 0x0000000086a00000| Untracked 
|  81|0x0000000086b00000, 0x0000000086b00000, 0x0000000086c00000|  0%| F|  |TAMS 0x0000000086b00000, 0x0000000086b00000| Untracked 
|  82|0x0000000086c00000, 0x0000000086c00000, 0x0000000086d00000|  0%| F|  |TAMS 0x0000000086c00000, 0x0000000086c00000| Untracked 
|  83|0x0000000086d00000, 0x0000000086d00000, 0x0000000086e00000|  0%| F|  |TAMS 0x0000000086d00000, 0x0000000086d00000| Untracked 
|  84|0x0000000086e00000, 0x0000000086e00000, 0x0000000086f00000|  0%| F|  |TAMS 0x0000000086e00000, 0x0000000086e00000| Untracked 
|  85|0x0000000086f00000, 0x0000000086f00000, 0x0000000087000000|  0%| F|  |TAMS 0x0000000086f00000, 0x0000000086f00000| Untracked 
|  86|0x0000000087000000, 0x0000000087000000, 0x0000000087100000|  0%| F|  |TAMS 0x0000000087000000, 0x0000000087000000| Untracked 
|  87|0x0000000087100000, 0x0000000087100000, 0x0000000087200000|  0%| F|  |TAMS 0x0000000087100000, 0x0000000087100000| Untracked 
|  88|0x0000000087200000, 0x0000000087200000, 0x0000000087300000|  0%| F|  |TAMS 0x0000000087200000, 0x0000000087200000| Untracked 
|  89|0x0000000087300000, 0x0000000087300000, 0x0000000087400000|  0%| F|  |TAMS 0x0000000087300000, 0x0000000087300000| Untracked 
|  90|0x0000000087400000, 0x0000000087464be0, 0x0000000087500000| 39%| S|CS|TAMS 0x0000000087400000, 0x0000000087400000| Complete 
|  91|0x0000000087500000, 0x0000000087600000, 0x0000000087600000|100%| S|CS|TAMS 0x0000000087500000, 0x0000000087500000| Complete 
|  92|0x0000000087600000, 0x0000000087600000, 0x0000000087700000|  0%| F|  |TAMS 0x0000000087600000, 0x0000000087600000| Untracked 
|  93|0x0000000087700000, 0x0000000087700000, 0x0000000087800000|  0%| F|  |TAMS 0x0000000087700000, 0x0000000087700000| Untracked 
|  94|0x0000000087800000, 0x0000000087800000, 0x0000000087900000|  0%| F|  |TAMS 0x0000000087800000, 0x0000000087800000| Untracked 
|  95|0x0000000087900000, 0x0000000087900000, 0x0000000087a00000|  0%| F|  |TAMS 0x0000000087900000, 0x0000000087900000| Untracked 
|  96|0x0000000087a00000, 0x0000000087a00000, 0x0000000087b00000|  0%| F|  |TAMS 0x0000000087a00000, 0x0000000087a00000| Untracked 
|  97|0x0000000087b00000, 0x0000000087b00000, 0x0000000087c00000|  0%| F|  |TAMS 0x0000000087b00000, 0x0000000087b00000| Untracked 
|  98|0x0000000087c00000, 0x0000000087c00000, 0x0000000087d00000|  0%| F|  |TAMS 0x0000000087c00000, 0x0000000087c00000| Untracked 
|  99|0x0000000087d00000, 0x0000000087d00000, 0x0000000087e00000|  0%| F|  |TAMS 0x0000000087d00000, 0x0000000087d00000| Untracked 
| 100|0x0000000087e00000, 0x0000000087e00000, 0x0000000087f00000|  0%| F|  |TAMS 0x0000000087e00000, 0x0000000087e00000| Untracked 
| 101|0x0000000087f00000, 0x0000000087f00000, 0x0000000088000000|  0%| F|  |TAMS 0x0000000087f00000, 0x0000000087f00000| Untracked 
| 102|0x0000000088000000, 0x0000000088000000, 0x0000000088100000|  0%| F|  |TAMS 0x0000000088000000, 0x0000000088000000| Untracked 
| 103|0x0000000088100000, 0x0000000088100000, 0x0000000088200000|  0%| F|  |TAMS 0x0000000088100000, 0x0000000088100000| Untracked 
| 104|0x0000000088200000, 0x0000000088200000, 0x0000000088300000|  0%| F|  |TAMS 0x0000000088200000, 0x0000000088200000| Untracked 
| 105|0x0000000088300000, 0x0000000088300000, 0x0000000088400000|  0%| F|  |TAMS 0x0000000088300000, 0x0000000088300000| Untracked 
| 106|0x0000000088400000, 0x0000000088400000, 0x0000000088500000|  0%| F|  |TAMS 0x0000000088400000, 0x0000000088400000| Untracked 
| 107|0x0000000088500000, 0x0000000088500000, 0x0000000088600000|  0%| F|  |TAMS 0x0000000088500000, 0x0000000088500000| Untracked 
| 108|0x0000000088600000, 0x0000000088600000, 0x0000000088700000|  0%| F|  |TAMS 0x0000000088600000, 0x0000000088600000| Untracked 
| 109|0x0000000088700000, 0x0000000088700000, 0x0000000088800000|  0%| F|  |TAMS 0x0000000088700000, 0x0000000088700000| Untracked 
| 110|0x0000000088800000, 0x0000000088800000, 0x0000000088900000|  0%| F|  |TAMS 0x0000000088800000, 0x0000000088800000| Untracked 
| 111|0x0000000088900000, 0x0000000088900000, 0x0000000088a00000|  0%| F|  |TAMS 0x0000000088900000, 0x0000000088900000| Untracked 
| 112|0x0000000088a00000, 0x0000000088a00000, 0x0000000088b00000|  0%| F|  |TAMS 0x0000000088a00000, 0x0000000088a00000| Untracked 
| 113|0x0000000088b00000, 0x0000000088b00000, 0x0000000088c00000|  0%| F|  |TAMS 0x0000000088b00000, 0x0000000088b00000| Untracked 
| 114|0x0000000088c00000, 0x0000000088c00000, 0x0000000088d00000|  0%| F|  |TAMS 0x0000000088c00000, 0x0000000088c00000| Untracked 
| 115|0x0000000088d00000, 0x0000000088d00000, 0x0000000088e00000|  0%| F|  |TAMS 0x0000000088d00000, 0x0000000088d00000| Untracked 
| 116|0x0000000088e00000, 0x0000000088e00000, 0x0000000088f00000|  0%| F|  |TAMS 0x0000000088e00000, 0x0000000088e00000| Untracked 
| 117|0x0000000088f00000, 0x0000000088f00000, 0x0000000089000000|  0%| F|  |TAMS 0x0000000088f00000, 0x0000000088f00000| Untracked 
| 118|0x0000000089000000, 0x0000000089000000, 0x0000000089100000|  0%| F|  |TAMS 0x0000000089000000, 0x0000000089000000| Untracked 
| 119|0x0000000089100000, 0x0000000089100000, 0x0000000089200000|  0%| F|  |TAMS 0x0000000089100000, 0x0000000089100000| Untracked 
| 120|0x0000000089200000, 0x0000000089200000, 0x0000000089300000|  0%| F|  |TAMS 0x0000000089200000, 0x0000000089200000| Untracked 
| 121|0x0000000089300000, 0x0000000089300000, 0x0000000089400000|  0%| F|  |TAMS 0x0000000089300000, 0x0000000089300000| Untracked 
| 122|0x0000000089400000, 0x0000000089400000, 0x0000000089500000|  0%| F|  |TAMS 0x0000000089400000, 0x0000000089400000| Untracked 
| 123|0x0000000089500000, 0x0000000089500000, 0x0000000089600000|  0%| F|  |TAMS 0x0000000089500000, 0x0000000089500000| Untracked 
| 124|0x0000000089600000, 0x0000000089600000, 0x0000000089700000|  0%| F|  |TAMS 0x0000000089600000, 0x0000000089600000| Untracked 
| 125|0x0000000089700000, 0x0000000089700000, 0x0000000089800000|  0%| F|  |TAMS 0x0000000089700000, 0x0000000089700000| Untracked 
| 126|0x0000000089800000, 0x0000000089800000, 0x0000000089900000|  0%| F|  |TAMS 0x0000000089800000, 0x0000000089800000| Untracked 
| 127|0x0000000089900000, 0x0000000089900000, 0x0000000089a00000|  0%| F|  |TAMS 0x0000000089900000, 0x0000000089900000| Untracked 
| 128|0x0000000089a00000, 0x0000000089a00000, 0x0000000089b00000|  0%| F|  |TAMS 0x0000000089a00000, 0x0000000089a00000| Untracked 
| 129|0x0000000089b00000, 0x0000000089c00000, 0x0000000089c00000|100%| E|  |TAMS 0x0000000089b00000, 0x0000000089b00000| Complete 
| 130|0x0000000089c00000, 0x0000000089d00000, 0x0000000089d00000|100%| E|CS|TAMS 0x0000000089c00000, 0x0000000089c00000| Complete 

Card table byte_map: [0x000001875a8e0000,0x000001875ace0000] _byte_map_base: 0x000001875a4d3000

Marking Bits (Prev, Next): (CMBitMap*) 0x00000187480674a0, (CMBitMap*) 0x00000187480674e0
 Prev Bits: [0x000001875b0e0000, 0x000001875d078000)
 Next Bits: [0x000001875d080000, 0x000001875f018000)

Polling page: 0x00000187461a0000

Metaspace:

Usage:
  Non-class:     52.40 MB used.
      Class:      7.12 MB used.
       Both:     59.52 MB used.

Virtual space:
  Non-class space:       56.00 MB reserved,      52.56 MB ( 94%) committed,  7 nodes.
      Class space:        1.00 GB reserved,       7.25 MB ( <1%) committed,  1 nodes.
             Both:        1.05 GB reserved,      59.81 MB (  6%) committed. 

Chunk freelists:
   Non-Class:  2.99 MB
       Class:  720.00 KB
        Both:  3.69 MB

MaxMetaspaceSize: unlimited
CompressedClassSpaceSize: 1.00 GB
Initial GC threshold: 21.00 MB
Current GC threshold: 59.94 MB
CDS: off
MetaspaceReclaimPolicy: balanced
 - commit_granule_bytes: 65536.
 - commit_granule_words: 8192.
 - virtual_space_node_default_size: 1048576.
 - enlarge_chunks_in_place: 1.
 - new_chunks_are_fully_committed: 0.
 - uncommit_free_chunks: 1.
 - use_allocation_guard: 0.
 - handle_deallocations: 1.


Internal statistics:

num_allocs_failed_limit: 12.
num_arena_births: 284.
num_arena_deaths: 0.
num_vsnodes_births: 8.
num_vsnodes_deaths: 0.
num_space_committed: 955.
num_space_uncommitted: 0.
num_chunks_returned_to_freelist: 12.
num_chunks_taken_from_freelist: 2156.
num_chunk_merges: 9.
num_chunk_splits: 1704.
num_chunks_enlarged: 1491.
num_purges: 0.
num_inconsistent_stats: 0.

CodeHeap 'non-profiled nmethods': size=120000Kb used=2642Kb max_used=3079Kb free=117357Kb
 bounds [0x0000018752fb0000, 0x00000187532c0000, 0x000001875a4e0000]
CodeHeap 'profiled nmethods': size=120000Kb used=11819Kb max_used=14208Kb free=108180Kb
 bounds [0x000001874b4e0000, 0x000001874c2d0000, 0x0000018752a10000]
CodeHeap 'non-nmethods': size=5760Kb used=1296Kb max_used=1345Kb free=4463Kb
 bounds [0x0000018752a10000, 0x0000018752c80000, 0x0000018752fb0000]
 total_blobs=6514 nmethods=5902 adapters=523
 compilation: enabled
              stopped_count=0, restarted_count=0
 full_count=0

Compilation events (20 events):
Event: 11.493 Thread 0x00000187646342c0 nmethod 6789 0x000001875305a190 code [0x000001875305a300, 0x000001875305a398]
Event: 11.495 Thread 0x00000187620269e0 6828       3       org.jetbrains.kotlin.com.intellij.psi.tree.IElementType::find (46 bytes)
Event: 11.496 Thread 0x00000187620269e0 nmethod 6828 0x000001874b55bf90 code [0x000001874b55c1c0, 0x000001874b55c938]
Event: 11.508 Thread 0x00000187646342c0 6829       4       org.jetbrains.kotlin.com.intellij.lang.java.lexer._JavaLexer::goTo (21 bytes)
Event: 11.508 Thread 0x00000187646342c0 nmethod 6829 0x00000187530aa810 code [0x00000187530aa980, 0x00000187530aaa18]
Event: 11.508 Thread 0x00000187646342c0 6830       4       org.jetbrains.kotlin.com.intellij.lang.java.lexer._JavaLexer::advance (1906 bytes)
Event: 11.511 Thread 0x00000187620269e0 6832       3       org.jetbrains.kotlin.com.intellij.lang.java.parser.ReferenceParser::parseReferenceParameterList (163 bytes)
Event: 11.514 Thread 0x00000187620269e0 nmethod 6832 0x000001874bae2a90 code [0x000001874bae2ee0, 0x000001874bae4b48]
Event: 11.542 Thread 0x00000187620269e0 6839       3       org.jetbrains.kotlin.com.intellij.reference.SoftReference::<init> (6 bytes)
Event: 11.542 Thread 0x00000187646342c0 nmethod 6830 0x0000018753098810 code [0x0000018753098ea0, 0x0000018753099fe8]
Event: 11.542 Thread 0x00000187646342c0 6834       4       org.jetbrains.kotlin.com.intellij.lang.impl.PsiBuilderImpl::insertLeaves (88 bytes)
Event: 11.542 Thread 0x00000187620269e0 nmethod 6839 0x000001874b568e90 code [0x000001874b569060, 0x000001874b5693f8]
Event: 11.545 Thread 0x00000187620269e0 6840       3       org.jetbrains.kotlin.com.intellij.openapi.diagnostic.Logger::assertTrue (19 bytes)
Event: 11.545 Thread 0x00000187620269e0 nmethod 6840 0x000001874b670e90 code [0x000001874b671040, 0x000001874b6712a8]
Event: 11.546 Thread 0x00000187620269e0 6841       3       org.jetbrains.kotlin.com.intellij.psi.impl.source.PsiClassImpl::getNode (16 bytes)
Event: 11.546 Thread 0x00000187620269e0 nmethod 6841 0x000001874b7b1510 code [0x000001874b7b16c0, 0x000001874b7b1958]
Event: 11.547 Thread 0x00000187620269e0 6843       3       org.jetbrains.kotlin.com.intellij.openapi.util.RecursionManager$CalculationStack::checkDepth (104 bytes)
Event: 11.549 Thread 0x00000187620269e0 nmethod 6843 0x000001874bf0cd90 code [0x000001874bf0d0a0, 0x000001874bf0df08]
Event: 11.550 Thread 0x00000187620269e0 6844       1       org.jetbrains.kotlin.com.intellij.psi.impl.compiled.ClsRepositoryPsiElement::getStub (5 bytes)
Event: 11.551 Thread 0x00000187620269e0 nmethod 6844 0x000001875300c290 code [0x000001875300c420, 0x000001875300c4f8]

GC Heap History (20 events):
Event: 3.353 GC heap before
{Heap before GC invocations=6 (full 0):
 garbage-first heap   total 37888K, used 27890K [0x0000000081a00000, 0x0000000100000000)
  region size 1024K, 14 young (14336K), 1 survivors (1024K)
 Metaspace       used 30903K, committed 31104K, reserved 1081344K
  class space    used 3741K, committed 3840K, reserved 1048576K
}
Event: 3.361 GC heap after
{Heap after GC invocations=7 (full 0):
 garbage-first heap   total 63488K, used 15683K [0x0000000081a00000, 0x0000000100000000)
  region size 1024K, 2 young (2048K), 2 survivors (2048K)
 Metaspace       used 30903K, committed 31104K, reserved 1081344K
  class space    used 3741K, committed 3840K, reserved 1048576K
}
Event: 4.568 GC heap before
{Heap before GC invocations=7 (full 0):
 garbage-first heap   total 63488K, used 44355K [0x0000000081a00000, 0x0000000100000000)
  region size 1024K, 29 young (29696K), 2 survivors (2048K)
 Metaspace       used 35895K, committed 36096K, reserved 1081344K
  class space    used 4527K, committed 4608K, reserved 1048576K
}
Event: 4.583 GC heap after
{Heap after GC invocations=8 (full 0):
 garbage-first heap   total 63488K, used 21929K [0x0000000081a00000, 0x0000000100000000)
  region size 1024K, 4 young (4096K), 4 survivors (4096K)
 Metaspace       used 35895K, committed 36096K, reserved 1081344K
  class space    used 4527K, committed 4608K, reserved 1048576K
}
Event: 5.286 GC heap before
{Heap before GC invocations=9 (full 0):
 garbage-first heap   total 63488K, used 44457K [0x0000000081a00000, 0x0000000100000000)
  region size 1024K, 27 young (27648K), 4 survivors (4096K)
 Metaspace       used 40589K, committed 40832K, reserved 1089536K
  class space    used 4977K, committed 5056K, reserved 1048576K
}
Event: 5.306 GC heap after
{Heap after GC invocations=10 (full 0):
 garbage-first heap   total 63488K, used 24685K [0x0000000081a00000, 0x0000000100000000)
  region size 1024K, 3 young (3072K), 3 survivors (3072K)
 Metaspace       used 40589K, committed 40832K, reserved 1089536K
  class space    used 4977K, committed 5056K, reserved 1048576K
}
Event: 5.342 GC heap before
{Heap before GC invocations=10 (full 0):
 garbage-first heap   total 63488K, used 24685K [0x0000000081a00000, 0x0000000100000000)
  region size 1024K, 4 young (4096K), 3 survivors (3072K)
 Metaspace       used 40783K, committed 40960K, reserved 1089536K
  class space    used 4998K, committed 5056K, reserved 1048576K
}
Event: 5.351 GC heap after
{Heap after GC invocations=11 (full 0):
 garbage-first heap   total 63488K, used 24992K [0x0000000081a00000, 0x0000000100000000)
  region size 1024K, 1 young (1024K), 1 survivors (1024K)
 Metaspace       used 40783K, committed 40960K, reserved 1089536K
  class space    used 4998K, committed 5056K, reserved 1048576K
}
Event: 6.202 GC heap before
{Heap before GC invocations=11 (full 0):
 garbage-first heap   total 63488K, used 46496K [0x0000000081a00000, 0x0000000100000000)
  region size 1024K, 23 young (23552K), 1 survivors (1024K)
 Metaspace       used 46481K, committed 46784K, reserved 1097728K
  class space    used 5665K, committed 5824K, reserved 1048576K
}
Event: 6.213 GC heap after
{Heap after GC invocations=12 (full 0):
 garbage-first heap   total 63488K, used 26609K [0x0000000081a00000, 0x0000000100000000)
  region size 1024K, 3 young (3072K), 3 survivors (3072K)
 Metaspace       used 46481K, committed 46784K, reserved 1097728K
  class space    used 5665K, committed 5824K, reserved 1048576K
}
Event: 6.613 GC heap before
{Heap before GC invocations=12 (full 0):
 garbage-first heap   total 63488K, used 49137K [0x0000000081a00000, 0x0000000100000000)
  region size 1024K, 24 young (24576K), 3 survivors (3072K)
 Metaspace       used 47566K, committed 47808K, reserved 1097728K
  class space    used 5775K, committed 5888K, reserved 1048576K
}
Event: 6.627 GC heap after
{Heap after GC invocations=13 (full 0):
 garbage-first heap   total 108544K, used 32055K [0x0000000081a00000, 0x0000000100000000)
  region size 1024K, 3 young (3072K), 3 survivors (3072K)
 Metaspace       used 47566K, committed 47808K, reserved 1097728K
  class space    used 5775K, committed 5888K, reserved 1048576K
}
Event: 8.068 GC heap before
{Heap before GC invocations=13 (full 0):
 garbage-first heap   total 108544K, used 75063K [0x0000000081a00000, 0x0000000100000000)
  region size 1024K, 45 young (46080K), 3 survivors (3072K)
 Metaspace       used 51756K, committed 52032K, reserved 1097728K
  class space    used 6179K, committed 6336K, reserved 1048576K
}
Event: 8.091 GC heap after
{Heap after GC invocations=14 (full 0):
 garbage-first heap   total 108544K, used 37206K [0x0000000081a00000, 0x0000000100000000)
  region size 1024K, 6 young (6144K), 6 survivors (6144K)
 Metaspace       used 51756K, committed 52032K, reserved 1097728K
  class space    used 6179K, committed 6336K, reserved 1048576K
}
Event: 9.696 GC heap before
{Heap before GC invocations=14 (full 0):
 garbage-first heap   total 108544K, used 79190K [0x0000000081a00000, 0x0000000100000000)
  region size 1024K, 47 young (48128K), 6 survivors (6144K)
 Metaspace       used 53969K, committed 54272K, reserved 1097728K
  class space    used 6330K, committed 6464K, reserved 1048576K
}
Event: 9.735 GC heap after
{Heap after GC invocations=15 (full 0):
 garbage-first heap   total 108544K, used 44730K [0x0000000081a00000, 0x0000000100000000)
  region size 1024K, 6 young (6144K), 6 survivors (6144K)
 Metaspace       used 53969K, committed 54272K, reserved 1097728K
  class space    used 6330K, committed 6464K, reserved 1048576K
}
Event: 10.625 GC heap before
{Heap before GC invocations=15 (full 0):
 garbage-first heap   total 108544K, used 80570K [0x0000000081a00000, 0x0000000100000000)
  region size 1024K, 41 young (41984K), 6 survivors (6144K)
 Metaspace       used 56977K, committed 57280K, reserved 1105920K
  class space    used 6694K, committed 6848K, reserved 1048576K
}
Event: 10.658 GC heap after
{Heap after GC invocations=16 (full 0):
 garbage-first heap   total 108544K, used 49664K [0x0000000081a00000, 0x0000000100000000)
  region size 1024K, 4 young (4096K), 4 survivors (4096K)
 Metaspace       used 56977K, committed 57280K, reserved 1105920K
  class space    used 6694K, committed 6848K, reserved 1048576K
}
Event: 11.439 GC heap before
{Heap before GC invocations=16 (full 0):
 garbage-first heap   total 108544K, used 62976K [0x0000000081a00000, 0x0000000100000000)
  region size 1024K, 18 young (18432K), 4 survivors (4096K)
 Metaspace       used 60457K, committed 60736K, reserved 1105920K
  class space    used 7212K, committed 7360K, reserved 1048576K
}
Event: 11.453 GC heap after
{Heap after GC invocations=17 (full 0):
 garbage-first heap   total 134144K, used 50578K [0x0000000081a00000, 0x0000000100000000)
  region size 1024K, 2 young (2048K), 2 survivors (2048K)
 Metaspace       used 60457K, committed 60736K, reserved 1105920K
  class space    used 7212K, committed 7360K, reserved 1048576K
}

Dll operation events (2 events):
Event: 0.013 Loaded shared library C:\Program Files\Android\Android Studio\jbr\bin\java.dll
Event: 1.821 Loaded shared library C:\Program Files\Android\Android Studio\jbr\bin\verify.dll

Deoptimization events (20 events):
Event: 11.515 Thread 0x000001874800a1c0 Uncommon trap: trap_request=0xffffffbe fr.pc=0x00000187531aeef4 relative=0x00000000000004b4
Event: 11.515 Thread 0x000001874800a1c0 Uncommon trap: reason=profile_predicate action=maybe_recompile pc=0x00000187531aeef4 method=org.jetbrains.kotlin.com.intellij.openapi.util.text.Strings.stringHashCode(Ljava/lang/CharSequence;III)I @ 18 c2
Event: 11.515 Thread 0x000001874800a1c0 DEOPT PACKING pc=0x00000187531aeef4 sp=0x0000002360ff9550
Event: 11.515 Thread 0x000001874800a1c0 DEOPT UNPACKING pc=0x0000018752a669a3 sp=0x0000002360ff94f8 mode 2
Event: 11.541 Thread 0x000001874800a1c0 Uncommon trap: trap_request=0xffffffde fr.pc=0x0000018752fe1550 relative=0x00000000000000b0
Event: 11.543 Thread 0x000001874800a1c0 Uncommon trap: reason=class_check action=maybe_recompile pc=0x0000018752fe1550 method=java.util.RegularEnumSet.contains(Ljava/lang/Object;)Z @ 38 c2
Event: 11.543 Thread 0x000001874800a1c0 DEOPT PACKING pc=0x0000018752fe1550 sp=0x0000002360ffa950
Event: 11.543 Thread 0x000001874800a1c0 DEOPT UNPACKING pc=0x0000018752a669a3 sp=0x0000002360ffa8d8 mode 2
Event: 11.549 Thread 0x000001874800a1c0 Uncommon trap: trap_request=0xffffffde fr.pc=0x0000018752fe1550 relative=0x00000000000000b0
Event: 11.549 Thread 0x000001874800a1c0 Uncommon trap: reason=class_check action=maybe_recompile pc=0x0000018752fe1550 method=java.util.RegularEnumSet.contains(Ljava/lang/Object;)Z @ 38 c2
Event: 11.549 Thread 0x000001874800a1c0 DEOPT PACKING pc=0x0000018752fe1550 sp=0x0000002360ffaa10
Event: 11.549 Thread 0x000001874800a1c0 DEOPT UNPACKING pc=0x0000018752a669a3 sp=0x0000002360ffa998 mode 2
Event: 11.549 Thread 0x000001874800a1c0 Uncommon trap: trap_request=0xffffffbe fr.pc=0x0000018753248e18 relative=0x0000000000001618
Event: 11.549 Thread 0x000001874800a1c0 Uncommon trap: reason=profile_predicate action=maybe_recompile pc=0x0000018753248e18 method=java.util.regex.Pattern$Slice.match(Ljava/util/regex/Matcher;ILjava/lang/CharSequence;)Z @ 18 c2
Event: 11.549 Thread 0x000001874800a1c0 DEOPT PACKING pc=0x0000018753248e18 sp=0x0000002360ffb380
Event: 11.549 Thread 0x000001874800a1c0 DEOPT UNPACKING pc=0x0000018752a669a3 sp=0x0000002360ffb188 mode 2
Event: 11.552 Thread 0x000001874800a1c0 Uncommon trap: trap_request=0xffffffde fr.pc=0x0000018752fe1550 relative=0x00000000000000b0
Event: 11.552 Thread 0x000001874800a1c0 Uncommon trap: reason=class_check action=maybe_recompile pc=0x0000018752fe1550 method=java.util.RegularEnumSet.contains(Ljava/lang/Object;)Z @ 38 c2
Event: 11.552 Thread 0x000001874800a1c0 DEOPT PACKING pc=0x0000018752fe1550 sp=0x0000002360ffa950
Event: 11.552 Thread 0x000001874800a1c0 DEOPT UNPACKING pc=0x0000018752a669a3 sp=0x0000002360ffa8d8 mode 2

Classes unloaded (0 events):
No events

Classes redefined (0 events):
No events

Internal exceptions (20 events):
Event: 5.645 Thread 0x000001874800a1c0 Exception <a 'java/lang/NoSuchMethodError'{0x0000000084daa1d0}: 'java.lang.Object java.lang.invoke.DirectMethodHandle$Holder.newInvokeSpecial(java.lang.Object, java.lang.Object, int)'> (0x0000000084daa1d0) 
thrown [s\src\hotspot\share\interpreter\linkResolver.cpp, line 771]
Event: 5.753 Thread 0x000001874800a1c0 Implicit null exception at 0x00000187530dcdc1 to 0x00000187530dcef4
Event: 5.869 Thread 0x000001874800a1c0 Exception <a 'java/lang/NoSuchMethodError'{0x00000000849b1f68}: 'java.lang.Object java.lang.invoke.DirectMethodHandle$Holder.newInvokeSpecial(java.lang.Object, java.lang.Object, java.lang.Object, int)'> (0x00000000849b1f68) 
thrown [s\src\hotspot\share\interpreter\linkResolver.cpp, line 771]
Event: 5.869 Thread 0x000001874800a1c0 Exception <a 'java/lang/NoSuchMethodError'{0x00000000849b65f0}: 'java.lang.Object java.lang.invoke.DirectMethodHandle$Holder.invokeSpecial(java.lang.Object, java.lang.Object, java.lang.Object, java.lang.Object, int)'> (0x00000000849b65f0) 
thrown [s\src\hotspot\share\interpreter\linkResolver.cpp, line 771]
Event: 5.870 Thread 0x000001874800a1c0 Exception <a 'java/lang/NoSuchMethodError'{0x00000000849ba460}: 'java.lang.Object java.lang.invoke.Invokers$Holder.linkToTargetMethod(java.lang.Object, java.lang.Object, int, java.lang.Object)'> (0x00000000849ba460) 
thrown [s\src\hotspot\share\interpreter\linkResolver.cpp, line 771]
Event: 6.343 Thread 0x000001874800a1c0 Exception <a 'java/lang/NoSuchMethodError'{0x0000000087c78bf8}: 'java.lang.Object java.lang.invoke.DirectMethodHandle$Holder.invokeInterface(java.lang.Object, java.lang.Object)'> (0x0000000087c78bf8) 
thrown [s\src\hotspot\share\interpreter\linkResolver.cpp, line 771]
Event: 8.025 Thread 0x000001874800a1c0 Implicit null exception at 0x00000187531206bc to 0x0000018753120c34
Event: 8.361 Thread 0x000001874800a1c0 Exception <a 'java/lang/NoSuchMethodError'{0x0000000087d67a70}: 'java.lang.Object java.lang.invoke.DirectMethodHandle$Holder.invokeStaticInit(java.lang.Object, java.lang.Object, java.lang.Object)'> (0x0000000087d67a70) 
thrown [s\src\hotspot\share\interpreter\linkResolver.cpp, line 771]
Event: 9.745 Thread 0x000001874800a1c0 Exception <a 'java/lang/NoSuchMethodError'{0x0000000089918078}: 'int java.lang.invoke.DirectMethodHandle$Holder.invokeInterface(java.lang.Object, java.lang.Object)'> (0x0000000089918078) 
thrown [s\src\hotspot\share\interpreter\linkResolver.cpp, line 771]
Event: 9.894 Thread 0x000001874800a1c0 Exception <a 'java/lang/NoSuchMethodError'{0x0000000087edea98}: 'java.lang.Object java.lang.invoke.DirectMethodHandle$Holder.newInvokeSpecial(java.lang.Object, int, java.lang.Object)'> (0x0000000087edea98) 
thrown [s\src\hotspot\share\interpreter\linkResolver.cpp, line 771]
Event: 10.267 Thread 0x000001874800a1c0 Exception <a 'java/lang/NoSuchMethodError'{0x000000008697b7a0}: 'java.lang.Object java.lang.invoke.DirectMethodHandle$Holder.newInvokeSpecial(java.lang.Object, java.lang.Object, java.lang.Object, java.lang.Object, java.lang.Object, java.lang.Object)'> (0x000000008697b7a0) 
thrown [s\src\hotspot\share\interpreter\linkResolver.cpp, line 771]
Event: 11.020 Thread 0x000001874800a1c0 Implicit null exception at 0x00000187530b101a to 0x00000187530b1188
Event: 11.020 Thread 0x000001874800a1c0 Implicit null exception at 0x000001875300c458 to 0x000001875300c4ea
Event: 11.125 Thread 0x000001874800a1c0 Implicit null exception at 0x00000187530e55cc to 0x00000187530e56a8
Event: 11.188 Thread 0x000001874800a1c0 Exception <a 'java/lang/NoSuchMethodError'{0x0000000087c48b70}: 'int java.lang.invoke.DirectMethodHandle$Holder.invokeVirtual(java.lang.Object, java.lang.Object, java.lang.Object)'> (0x0000000087c48b70) 
thrown [s\src\hotspot\share\interpreter\linkResolver.cpp, line 771]
Event: 11.350 Thread 0x000001874800a1c0 Exception <a 'java/lang/NoSuchMethodError'{0x0000000087863658}: 'java.lang.Object java.lang.invoke.DirectMethodHandle$Holder.invokeStatic(java.lang.Object, java.lang.Object, java.lang.Object, java.lang.Object, int)'> (0x0000000087863658) 
thrown [s\src\hotspot\share\interpreter\linkResolver.cpp, line 771]
Event: 11.352 Thread 0x000001874800a1c0 Exception <a 'java/lang/NoSuchMethodError'{0x000000008786d340}: 'java.lang.Object java.lang.invoke.DirectMethodHandle$Holder.newInvokeSpecial(java.lang.Object, java.lang.Object, java.lang.Object, java.lang.Object, int)'> (0x000000008786d340) 
thrown [s\src\hotspot\share\interpreter\linkResolver.cpp, line 771]
Event: 11.353 Thread 0x000001874800a1c0 Exception <a 'java/lang/NoSuchMethodError'{0x0000000087871e70}: 'java.lang.Object java.lang.invoke.DirectMethodHandle$Holder.invokeSpecial(java.lang.Object, java.lang.Object, java.lang.Object, java.lang.Object, java.lang.Object, int)'> (0x0000000087871e70) 
thrown [s\src\hotspot\share\interpreter\linkResolver.cpp, line 771]
Event: 11.353 Thread 0x000001874800a1c0 Exception <a 'java/lang/NoSuchMethodError'{0x0000000087876350}: 'java.lang.Object java.lang.invoke.Invokers$Holder.linkToTargetMethod(java.lang.Object, java.lang.Object, java.lang.Object, int, java.lang.Object)'> (0x0000000087876350) 
thrown [s\src\hotspot\share\interpreter\linkResolver.cpp, line 771]
Event: 11.431 Thread 0x000001874800a1c0 Exception <a 'java/lang/NoSuchMethodError'{0x000000008762c7f0}: 'void java.lang.invoke.DirectMethodHandle$Holder.invokeInterface(java.lang.Object, java.lang.Object)'> (0x000000008762c7f0) 
thrown [s\src\hotspot\share\interpreter\linkResolver.cpp, line 771]

VM Operations (20 events):
Event: 11.335 Executing VM operation: HandshakeAllThreads
Event: 11.335 Executing VM operation: HandshakeAllThreads done
Event: 11.341 Executing VM operation: ICBufferFull
Event: 11.342 Executing VM operation: ICBufferFull done
Event: 11.358 Executing VM operation: HandshakeAllThreads
Event: 11.359 Executing VM operation: HandshakeAllThreads done
Event: 11.382 Executing VM operation: HandshakeAllThreads
Event: 11.383 Executing VM operation: HandshakeAllThreads done
Event: 11.403 Executing VM operation: HandshakeAllThreads
Event: 11.403 Executing VM operation: HandshakeAllThreads done
Event: 11.405 Executing VM operation: HandshakeAllThreads
Event: 11.405 Executing VM operation: HandshakeAllThreads done
Event: 11.425 Executing VM operation: HandshakeAllThreads
Event: 11.425 Executing VM operation: HandshakeAllThreads done
Event: 11.439 Executing VM operation: CollectForMetadataAllocation
Event: 11.453 Executing VM operation: CollectForMetadataAllocation done
Event: 11.506 Executing VM operation: HandshakeAllThreads
Event: 11.506 Executing VM operation: HandshakeAllThreads done
Event: 11.532 Executing VM operation: CollectForMetadataAllocation
Event: 11.533 Executing VM operation: CollectForMetadataAllocation done

Events (20 events):
Event: 11.437 loading class java/util/stream/Node$OfInt done
Event: 11.437 loading class java/util/stream/Nodes$EmptyNode$OfInt done
Event: 11.437 loading class java/util/stream/Nodes$EmptyNode$OfLong
Event: 11.437 loading class java/util/stream/Node$OfLong
Event: 11.437 loading class java/util/stream/Node$OfLong done
Event: 11.437 loading class java/util/stream/Nodes$EmptyNode$OfLong done
Event: 11.438 loading class java/util/stream/Nodes$EmptyNode$OfDouble
Event: 11.438 loading class java/util/stream/Node$OfDouble
Event: 11.438 loading class java/util/stream/Node$OfDouble done
Event: 11.438 loading class java/util/stream/Nodes$EmptyNode$OfDouble done
Event: 11.438 loading class java/util/stream/Nodes$SpinedNodeBuilder
Event: 11.438 loading class java/util/stream/Node$Builder
Event: 11.438 loading class java/util/stream/Node$Builder done
Event: 11.438 loading class java/util/stream/SpinedBuffer
Event: 11.439 loading class java/util/stream/AbstractSpinedBuffer
Event: 11.439 loading class java/util/stream/AbstractSpinedBuffer done
Event: 11.439 loading class java/util/stream/SpinedBuffer done
Event: 11.439 loading class java/util/stream/Nodes$SpinedNodeBuilder done
Event: 11.439 loading class java/util/stream/ReferencePipeline$2$1
Event: 11.453 loading class java/util/stream/ReferencePipeline$2$1 done


Dynamic libraries:
0x00007ff665340000 - 0x00007ff66534a000 	C:\Program Files\Android\Android Studio\jbr\bin\java.exe
0x00007ffb86f50000 - 0x00007ffb87148000 	C:\Windows\SYSTEM32\ntdll.dll
0x00007ffb85670000 - 0x00007ffb8572d000 	C:\Windows\System32\KERNEL32.DLL
0x00007ffb84c40000 - 0x00007ffb84f36000 	C:\Windows\System32\KERNELBASE.dll
0x00007ffb84b10000 - 0x00007ffb84c10000 	C:\Windows\System32\ucrtbase.dll
0x00007ffb630d0000 - 0x00007ffb630eb000 	C:\Program Files\Android\Android Studio\jbr\bin\VCRUNTIME140.dll
0x00007ffb53af0000 - 0x00007ffb53b07000 	C:\Program Files\Android\Android Studio\jbr\bin\jli.dll
0x00007ffb77e60000 - 0x00007ffb780fa000 	C:\Windows\WinSxS\amd64_microsoft.windows.common-controls_6595b64144ccf1df_6.0.19041.3636_none_60b6a03d71f818d5\COMCTL32.dll
0x00007ffb86d70000 - 0x00007ffb86f0e000 	C:\Windows\System32\USER32.dll
0x00007ffb860a0000 - 0x00007ffb8613e000 	C:\Windows\System32\msvcrt.dll
0x00007ffb84c10000 - 0x00007ffb84c32000 	C:\Windows\System32\win32u.dll
0x00007ffb868a0000 - 0x00007ffb868cc000 	C:\Windows\System32\GDI32.dll
0x00007ffb84630000 - 0x00007ffb8474a000 	C:\Windows\System32\gdi32full.dll
0x00007ffb849c0000 - 0x00007ffb84a5d000 	C:\Windows\System32\msvcp_win.dll
0x00007ffb86a10000 - 0x00007ffb86a40000 	C:\Windows\System32\IMM32.DLL
0x00007ffb6d850000 - 0x00007ffb6d85c000 	C:\Program Files\Android\Android Studio\jbr\bin\vcruntime140_1.dll
0x00007ffb567e0000 - 0x00007ffb5686d000 	C:\Program Files\Android\Android Studio\jbr\bin\msvcp140.dll
0x00007ffb2d1d0000 - 0x00007ffb2de3e000 	C:\Program Files\Android\Android Studio\jbr\bin\server\jvm.dll
0x00007ffb86aa0000 - 0x00007ffb86b4f000 	C:\Windows\System32\ADVAPI32.dll
0x00007ffb85840000 - 0x00007ffb858dc000 	C:\Windows\System32\sechost.dll
0x00007ffb85540000 - 0x00007ffb85666000 	C:\Windows\System32\RPCRT4.dll
0x00007ffb74550000 - 0x00007ffb74559000 	C:\Windows\SYSTEM32\WSOCK32.dll
0x00007ffb85f10000 - 0x00007ffb85f7b000 	C:\Windows\System32\WS2_32.dll
0x00007ffb78200000 - 0x00007ffb78227000 	C:\Windows\SYSTEM32\WINMM.dll
0x00007ffb776d0000 - 0x00007ffb776da000 	C:\Windows\SYSTEM32\VERSION.dll
0x00007ffb82580000 - 0x00007ffb82592000 	C:\Windows\SYSTEM32\kernel.appcore.dll
0x00007ffb5cee0000 - 0x00007ffb5ceea000 	C:\Program Files\Android\Android Studio\jbr\bin\jimage.dll
0x00007ffb6dad0000 - 0x00007ffb6dcb4000 	C:\Windows\SYSTEM32\DBGHELP.DLL
0x00007ffb6edd0000 - 0x00007ffb6ee04000 	C:\Windows\SYSTEM32\dbgcore.DLL
0x00007ffb848e0000 - 0x00007ffb84962000 	C:\Windows\System32\bcryptPrimitives.dll
0x00007ffb5a010000 - 0x00007ffb5a035000 	C:\Program Files\Android\Android Studio\jbr\bin\java.dll
0x00007ffb59ff0000 - 0x00007ffb5a008000 	C:\Program Files\Android\Android Studio\jbr\bin\zip.dll
0x00007ffb86150000 - 0x00007ffb86894000 	C:\Windows\System32\SHELL32.dll
0x00007ffb826f0000 - 0x00007ffb82e8b000 	C:\Windows\SYSTEM32\windows.storage.dll
0x00007ffb84fb0000 - 0x00007ffb85304000 	C:\Windows\System32\combase.dll
0x00007ffb84000000 - 0x00007ffb8402d000 	C:\Windows\SYSTEM32\Wldp.dll
0x00007ffb85e40000 - 0x00007ffb85eed000 	C:\Windows\System32\SHCORE.dll
0x00007ffb85730000 - 0x00007ffb85785000 	C:\Windows\System32\shlwapi.dll
0x00007ffb84560000 - 0x00007ffb84585000 	C:\Windows\SYSTEM32\profapi.dll
0x00007ffb59fd0000 - 0x00007ffb59fe9000 	C:\Program Files\Android\Android Studio\jbr\bin\net.dll
0x00007ffb79000000 - 0x00007ffb7910a000 	C:\Windows\SYSTEM32\WINHTTP.dll
0x00007ffb83d60000 - 0x00007ffb83dca000 	C:\Windows\system32\mswsock.dll
0x00007ffb59fb0000 - 0x00007ffb59fc6000 	C:\Program Files\Android\Android Studio\jbr\bin\nio.dll
0x00007ffb59f10000 - 0x00007ffb59f20000 	C:\Program Files\Android\Android Studio\jbr\bin\verify.dll

dbghelp: loaded successfully - version: 4.0.5 - missing functions: none
symbol engine: initialized successfully - sym options: 0x614 - pdb path: .;C:\Program Files\Android\Android Studio\jbr\bin;C:\Windows\SYSTEM32;C:\Windows\WinSxS\amd64_microsoft.windows.common-controls_6595b64144ccf1df_6.0.19041.3636_none_60b6a03d71f818d5;C:\Program Files\Android\Android Studio\jbr\bin\server

VM Arguments:
java_command: org.jetbrains.kotlin.cli.jvm.K2JVMCompiler @C:\Users\refrizar.dwiardito\AndroidStudioProjects\TugasAndroidAdvance\app\build\20231209_12863900435349205109.compiler.options
java_class_path (initial): C:\Users\refrizar.dwiardito\.jdks\openjdk-21\caches\modules-2\files-2.1\org.jetbrains.kotlin\kotlin-compiler-embeddable\1.6.10\88f2073f4020cdb83132cfe940ceb9a60aba54ea\kotlin-compiler-embeddable-1.6.10.jar;C:\Users\refrizar.dwiardito\.jdks\openjdk-21\caches\modules-2\files-2.1\org.jetbrains.kotlin\kotlin-reflect\1.6.10\1cbe9c92c12a94eea200d23c2bbaedaf3daf5132\kotlin-reflect-1.6.10.jar;C:\Users\refrizar.dwiardito\.jdks\openjdk-21\caches\modules-2\files-2.1\org.jetbrains.kotlin\kotlin-stdlib\1.6.10\b8af3fe6f1ca88526914929add63cf5e7c5049af\kotlin-stdlib-1.6.10.jar;C:\Users\refrizar.dwiardito\.jdks\openjdk-21\caches\modules-2\files-2.1\org.jetbrains.kotlin\kotlin-script-runtime\1.6.10\d0a7ff2e2500ef497ed0214ae40ad3c8387a6164\kotlin-script-runtime-1.6.10.jar;C:\Users\refrizar.dwiardito\.jdks\openjdk-21\caches\modules-2\files-2.1\org.jetbrains.kotlin\kotlin-daemon-embeddable\1.6.10\a56d79bcbea411fa6058e4ecffc2de73e742bd2a\kotlin-daemon-embeddable-1.6.10.jar;C:\Users\refrizar.dwiardito\.jdks\openjdk-21\caches\modules-2\files-2.1\org.jetbrains.intellij.deps\trove4j\1.0.20181211\216c2e14b070f334479d800987affe4054cd563f\trove4j-1.0.20181211.jar;C:\Users\refrizar.dwiardito\.jdks\openjdk-21\caches\modules-2\files-2.1\net.java.dev.jna\jna\5.6.0\330f2244e9030119ab3030fc3fededc86713d9cc\jna-5.6.0.jar;C:\Users\refrizar.dwiardito\.jdks\openjdk-21\caches\modules-2\files-2.1\org.jetbrains\annotations\13.0\919f0dfe192fb4e063e7dacadee7f8bb9a2672a9\annotations-13.0.jar;C:\Users\refrizar.dwiardito\.jdks\openjdk-21\caches\modules-2\files-2.1\org.jetbrains.kotlin\kotlin-stdlib-common\1.6.10\c118700e3a33c8a0d9adc920e9dec0831171925\kotlin-stdlib-common-1.6.10.jar
Launcher Type: SUN_STANDARD

[Global flags]
     intx CICompilerCount                          = 3                                         {product} {ergonomic}
     uint ConcGCThreads                            = 1                                         {product} {ergonomic}
     uint G1ConcRefinementThreads                  = 4                                         {product} {ergonomic}
   size_t G1HeapRegionSize                         = 1048576                                   {product} {ergonomic}
    uintx GCDrainStackTargetSize                   = 64                                        {product} {ergonomic}
   size_t InitialHeapSize                          = 134217728                                 {product} {ergonomic}
   size_t MarkStackSize                            = 4194304                                   {product} {ergonomic}
   size_t MaxHeapSize                              = 2120220672                                {product} {ergonomic}
   size_t MaxNewSize                               = 1271922688                                {product} {ergonomic}
   size_t MinHeapDeltaBytes                        = 1048576                                   {product} {ergonomic}
   size_t MinHeapSize                              = 8388608                                   {product} {ergonomic}
    uintx NonNMethodCodeHeapSize                   = 5832780                                {pd product} {ergonomic}
    uintx NonProfiledCodeHeapSize                  = 122912730                              {pd product} {ergonomic}
    uintx ProfiledCodeHeapSize                     = 122912730                              {pd product} {ergonomic}
    uintx ReservedCodeCacheSize                    = 251658240                              {pd product} {ergonomic}
     bool SegmentedCodeCache                       = true                                      {product} {ergonomic}
   size_t SoftMaxHeapSize                          = 2120220672                             {manageable} {ergonomic}
     bool UseCompressedClassPointers               = true                           {product lp64_product} {ergonomic}
     bool UseCompressedOops                        = true                           {product lp64_product} {ergonomic}
     bool UseG1GC                                  = true                                      {product} {ergonomic}
     bool UseLargePagesIndividualAllocation        = false                                  {pd product} {ergonomic}

Logging:
Log output configuration:
 #0: stdout all=warning uptime,level,tags
 #1: stderr all=off uptime,level,tags

Environment Variables:
JAVA_HOME=C:\Users\refrizar.dwiardito\.jdks\openjdk-21
PATH=C:\Program Files\Common Files\Oracle\Java\javapath;C:\Windows\system32;C:\Windows;C:\Windows\System32\Wbem;C:\Windows\System32\WindowsPowerShell\v1.0\;C:\Windows\System32\OpenSSH\;C:\Program Files\mingw-w64\x86_64-8.1.0-posix-seh-rt_v6-rev0\mingw64\bin;C:\Users\refrizar.dwiardito\AppData\Local\Programs\Python\Python310\Scripts;C:\Users\refrizar.dwiardito\.jdks\openjdk-21\bin;C:\Program Files\PuTTY\;C:\Program Files\gradle-8.3\bin;C:\Program Files\Git\cmd;C:\Users\refrizar.dwiardito\AppData\Local\Programs\Python\Python310\Scripts\;C:\Users\refrizar.dwiardito\AppData\Local\Programs\Python\Python310\;C:\Users\refrizar.dwiardito\AppData\Local\Microsoft\WindowsApps;;C:\Users\refrizar.dwiardito\AppData\Local\Programs\Microsoft VS Code\bin;C:\Program Files\JetBrains\IntelliJ IDEA Community Edition 2023.2.5\bin;
USERNAME=refrizar.dwiardito
OS=Windows_NT
PROCESSOR_IDENTIFIER=Intel64 Family 6 Model 61 Stepping 4, GenuineIntel
TMP=C:\Users\REFRIZ~1.DWI\AppData\Local\Temp
TEMP=C:\Users\REFRIZ~1.DWI\AppData\Local\Temp


JNI global refs:
JNI global refs: 11, weak refs: 19

JNI global refs memory usage: 843, weak refs: 841


---------------  S Y S T E M  ---------------

OS:
 Windows 10 , 64 bit Build 19041 (10.0.19041.3636)
OS uptime: 0 days 2:55 hours

CPU: total 4 (initial active 4) (2 cores per cpu, 2 threads per core) family 6 model 61 stepping 4 microcode 0x2f, cx8, cmov, fxsr, ht, mmx, 3dnowpref, sse, sse2, sse3, ssse3, sse4.1, sse4.2, popcnt, lzcnt, tsc, tscinvbit, avx, avx2, aes, erms, clmul, bmi1, bmi2, adx, fma, vzeroupper, clflush

Memory: 4k page, system-wide physical 8083M (517M free)
TotalPageFile size 8083M (AvailPageFile size 5M)
current process WorkingSet (physical memory assigned to process): 279M, peak: 279M
current process commit charge ("private bytes"): 332M, peak: 333M

vm_info: OpenJDK 64-Bit Server VM (17.0.6+0-b2043.56-10027231) for windows-amd64 JRE (17.0.6+0-b2043.56-10027231), built on Apr 28 2023 00:43:19 by "androidbuild" with MS VC++ 16.10 / 16.11 (VS2019)

END.
