#
# There is insufficient memory for the Java Runtime Environment to continue.
# Native memory allocation (malloc) failed to allocate 1603696 bytes for Chunk::new
# Possible reasons:
#   The system is out of physical RAM or swap space
#   The process is running with CompressedOops enabled, and the Java Heap may be blocking the growth of the native heap
# Possible solutions:
#   Reduce memory load on the system
#   Increase physical memory or swap space
#   Check if swap backing store is full
#   Decrease Java heap size (-Xmx/-Xms)
#   Decrease number of Java threads
#   Decrease Java thread stack sizes (-Xss)
#   Set larger code cache with -XX:ReservedCodeCacheSize=
#   JVM is running with Unscaled Compressed Oops mode in which the Java heap is
#     placed in the first 4GB address space. The Java Heap base address is the
#     maximum limit for the native heap growth. Please use -XX:HeapBaseMinAddress
#     to set the Java Heap base and to place the Java Heap above 4GB virtual address.
# This output file may be truncated or incomplete.
#
#  Out of Memory Error (arena.cpp:189), pid=9804, tid=7704
#
# JRE version: OpenJDK Runtime Environment (17.0.6) (build 17.0.6+0-b2043.56-10027231)
# Java VM: OpenJDK 64-Bit Server VM (17.0.6+0-b2043.56-10027231, mixed mode, tiered, compressed oops, compressed class ptrs, g1 gc, windows-amd64)
# No core dump will be written. Minidumps are not enabled by default on client versions of Windows
#

---------------  S U M M A R Y ------------

Command Line: org.jetbrains.kotlin.cli.jvm.K2JVMCompiler @C:\Users\refrizar.dwiardito\AndroidStudioProjects\TugasAndroidAdvance\app\build\20231209_9093043321624412460.compiler.options

Host: Intel(R) Core(TM) i5-5200U CPU @ 2.20GHz, 4 cores, 7G,  Windows 10 , 64 bit Build 19041 (10.0.19041.3636)
Time: Sat Dec  9 23:01:14 2023 SE Asia Standard Time elapsed time: 10.627261 seconds (0d 0h 0m 10s)

---------------  T H R E A D  ---------------

Current thread (0x000001fdac81bca0):  JavaThread "C2 CompilerThread0" daemon [_thread_in_native, id=7704, stack(0x000000e4ef300000,0x000000e4ef400000)]


Current CompileTask:
C2:  10627 6788       4       org.jetbrains.kotlin.com.intellij.lang.impl.PsiBuilderImpl::insertLeaves (88 bytes)

Stack: [0x000000e4ef300000,0x000000e4ef400000]
Native frames: (J=compiled Java code, j=interpreted, Vv=VM code, C=native code)
V  [jvm.dll+0x683c9a]
V  [jvm.dll+0x8427a4]
V  [jvm.dll+0x843f9e]
V  [jvm.dll+0x844603]
V  [jvm.dll+0x249b75]
V  [jvm.dll+0xabcac]
V  [jvm.dll+0xac27c]
V  [jvm.dll+0x2b0eef]
V  [jvm.dll+0x58a267]
V  [jvm.dll+0x2243b2]
V  [jvm.dll+0x22478f]
V  [jvm.dll+0x21e055]
V  [jvm.dll+0x21b51b]
V  [jvm.dll+0x1a4fdd]
V  [jvm.dll+0x22b098]
V  [jvm.dll+0x229159]
V  [jvm.dll+0x7f81ec]
V  [jvm.dll+0x7f274a]
V  [jvm.dll+0x682ad5]
C  [ucrtbase.dll+0x21bb2]
C  [KERNEL32.DLL+0x17344]
C  [ntdll.dll+0x526b1]


---------------  P R O C E S S  ---------------

Threads class SMR info:
_java_thread_list=0x000001fdae4108c0, length=13, elements={
0x000001fd90987ca0, 0x000001fdabdfdc00, 0x000001fdabdff490, 0x000001fdabe4c5e0,
0x000001fdac820430, 0x000001fdac821890, 0x000001fdac822850, 0x000001fdac81bca0,
0x000001fdac848160, 0x000001fdac853f50, 0x000001fdac9b06d0, 0x000001fdac9c1010,
0x000001fdaee40020
}

Java Threads: ( => current thread )
  0x000001fd90987ca0 JavaThread "main" [_thread_in_native, id=9740, stack(0x000000e4ee600000,0x000000e4ee700000)]
  0x000001fdabdfdc00 JavaThread "Reference Handler" daemon [_thread_blocked, id=5280, stack(0x000000e4eed00000,0x000000e4eee00000)]
  0x000001fdabdff490 JavaThread "Finalizer" daemon [_thread_blocked, id=4680, stack(0x000000e4eee00000,0x000000e4eef00000)]
  0x000001fdabe4c5e0 JavaThread "Signal Dispatcher" daemon [_thread_blocked, id=2208, stack(0x000000e4eef00000,0x000000e4ef000000)]
  0x000001fdac820430 JavaThread "Attach Listener" daemon [_thread_blocked, id=2340, stack(0x000000e4ef000000,0x000000e4ef100000)]
  0x000001fdac821890 JavaThread "Service Thread" daemon [_thread_blocked, id=4468, stack(0x000000e4ef100000,0x000000e4ef200000)]
  0x000001fdac822850 JavaThread "Monitor Deflation Thread" daemon [_thread_blocked, id=6312, stack(0x000000e4ef200000,0x000000e4ef300000)]
=>0x000001fdac81bca0 JavaThread "C2 CompilerThread0" daemon [_thread_in_native, id=7704, stack(0x000000e4ef300000,0x000000e4ef400000)]
  0x000001fdac848160 JavaThread "C1 CompilerThread0" daemon [_thread_blocked, id=10252, stack(0x000000e4ef400000,0x000000e4ef500000)]
  0x000001fdac853f50 JavaThread "Sweeper thread" daemon [_thread_blocked, id=6644, stack(0x000000e4ef500000,0x000000e4ef600000)]
  0x000001fdac9b06d0 JavaThread "Notification Thread" daemon [_thread_blocked, id=5168, stack(0x000000e4ef600000,0x000000e4ef700000)]
  0x000001fdac9c1010 JavaThread "Common-Cleaner" daemon [_thread_blocked, id=8648, stack(0x000000e4ef800000,0x000000e4ef900000)]
  0x000001fdaee40020 JavaThread "C2 CompilerThread1" daemon [_thread_in_native, id=10628, stack(0x000000e4ef900000,0x000000e4efa00000)]

Other Threads:
  0x000001fdabdf9fe0 VMThread "VM Thread" [stack: 0x000000e4eec00000,0x000000e4eed00000] [id=8480]
  0x000001fdabd976c0 WatcherThread [stack: 0x000000e4ef700000,0x000000e4ef800000] [id=10980]
  0x000001fd909e6690 GCTaskThread "GC Thread#0" [stack: 0x000000e4ee700000,0x000000e4ee800000] [id=10404]
  0x000001fdacd2ea70 GCTaskThread "GC Thread#1" [stack: 0x000000e4efa00000,0x000000e4efb00000] [id=8456]
  0x000001fdacb9eee0 GCTaskThread "GC Thread#2" [stack: 0x000000e4efb00000,0x000000e4efc00000] [id=1076]
  0x000001fdacd83e80 GCTaskThread "GC Thread#3" [stack: 0x000000e4efc00000,0x000000e4efd00000] [id=6580]
  0x000001fd909f7290 ConcurrentGCThread "G1 Main Marker" [stack: 0x000000e4ee800000,0x000000e4ee900000] [id=9648]
  0x000001fd909f8440 ConcurrentGCThread "G1 Conc#0" [stack: 0x000000e4ee900000,0x000000e4eea00000] [id=5140]
  0x000001fdabc60090 ConcurrentGCThread "G1 Refine#0" [stack: 0x000000e4eea00000,0x000000e4eeb00000] [id=9832]
  0x000001fdb0c8ac90 ConcurrentGCThread "G1 Refine#1" [stack: 0x000000e4efd00000,0x000000e4efe00000] [id=7528]
  0x000001fdabc60ab0 ConcurrentGCThread "G1 Service" [stack: 0x000000e4eeb00000,0x000000e4eec00000] [id=10496]

Threads with active compile tasks:
C2 CompilerThread0    10725 6788       4       org.jetbrains.kotlin.com.intellij.lang.impl.PsiBuilderImpl::insertLeaves (88 bytes)
C2 CompilerThread1    10725 6785       4       org.jetbrains.kotlin.com.intellij.lang.impl.PsiBuilderImpl::createLeaf (155 bytes)

VM state: not at safepoint (normal execution)

VM Mutex/Monitor currently owned by a thread: None

Heap address: 0x0000000081a00000, size: 2022 MB, Compressed Oops mode: 32-bit

CDS archive(s) not mapped
Compressed class space mapped at: 0x0000000100000000-0x0000000140000000, reserved size: 1073741824
Narrow klass base: 0x0000000000000000, Narrow klass shift: 3, Narrow klass range: 0x140000000

GC Precious Log:
 CPUs: 4 total, 4 available
 Memory: 8083M
 Large Page Support: Disabled
 NUMA Support: Disabled
 Compressed Oops: Enabled (32-bit)
 Heap Region Size: 1M
 Heap Min Capacity: 8M
 Heap Initial Capacity: 128M
 Heap Max Capacity: 2022M
 Pre-touch: Disabled
 Parallel Workers: 4
 Concurrent Workers: 1
 Concurrent Refinement Workers: 4
 Periodic GC: Disabled

Heap:
 garbage-first heap   total 122880K, used 63699K [0x0000000081a00000, 0x0000000100000000)
  region size 1024K, 11 young (11264K), 1 survivors (1024K)
 Metaspace       used 62197K, committed 62528K, reserved 1105920K
  class space    used 7389K, committed 7552K, reserved 1048576K

Heap Regions: E=young(eden), S=young(survivor), O=old, HS=humongous(starts), HC=humongous(continues), CS=collection set, F=free, OA=open archive, CA=closed archive, TAMS=top-at-mark-start (previous, next)
|   0|0x0000000081a00000, 0x0000000081b00000, 0x0000000081b00000|100%|HS|  |TAMS 0x0000000081b00000, 0x0000000081b00000| Complete 
|   1|0x0000000081b00000, 0x0000000081c00000, 0x0000000081c00000|100%|HC|  |TAMS 0x0000000081c00000, 0x0000000081c00000| Complete 
|   2|0x0000000081c00000, 0x0000000081d00000, 0x0000000081d00000|100%|HC|  |TAMS 0x0000000081d00000, 0x0000000081d00000| Complete 
|   3|0x0000000081d00000, 0x0000000081e00000, 0x0000000081e00000|100%| O|  |TAMS 0x0000000081e00000, 0x0000000081e00000| Untracked 
|   4|0x0000000081e00000, 0x0000000081f00000, 0x0000000081f00000|100%| O|  |TAMS 0x0000000081f00000, 0x0000000081f00000| Untracked 
|   5|0x0000000081f00000, 0x0000000081f31c00, 0x0000000082000000| 19%| O|  |TAMS 0x0000000081f31c00, 0x0000000081f31c00| Untracked 
|   6|0x0000000082000000, 0x0000000082100000, 0x0000000082100000|100%|HS|  |TAMS 0x0000000082100000, 0x0000000082100000| Complete 
|   7|0x0000000082100000, 0x0000000082200000, 0x0000000082200000|100%|HC|  |TAMS 0x0000000082200000, 0x0000000082200000| Complete 
|   8|0x0000000082200000, 0x0000000082300000, 0x0000000082300000|100%|HC|  |TAMS 0x0000000082300000, 0x0000000082300000| Complete 
|   9|0x0000000082300000, 0x0000000082400000, 0x0000000082400000|100%| O|  |TAMS 0x0000000082400000, 0x0000000082400000| Untracked 
|  10|0x0000000082400000, 0x0000000082500000, 0x0000000082500000|100%| O|  |TAMS 0x0000000082500000, 0x0000000082500000| Untracked 
|  11|0x0000000082500000, 0x0000000082600000, 0x0000000082600000|100%| O|  |TAMS 0x0000000082600000, 0x0000000082600000| Untracked 
|  12|0x0000000082600000, 0x0000000082700000, 0x0000000082700000|100%| O|  |TAMS 0x0000000082700000, 0x0000000082700000| Untracked 
|  13|0x0000000082700000, 0x0000000082800000, 0x0000000082800000|100%|HS|  |TAMS 0x0000000082800000, 0x0000000082800000| Complete 
|  14|0x0000000082800000, 0x0000000082900000, 0x0000000082900000|100%|HC|  |TAMS 0x0000000082900000, 0x0000000082900000| Complete 
|  15|0x0000000082900000, 0x0000000082a00000, 0x0000000082a00000|100%| O|  |TAMS 0x0000000082a00000, 0x0000000082a00000| Untracked 
|  16|0x0000000082a00000, 0x0000000082b00000, 0x0000000082b00000|100%| O|  |TAMS 0x0000000082b00000, 0x0000000082b00000| Untracked 
|  17|0x0000000082b00000, 0x0000000082c00000, 0x0000000082c00000|100%| O|  |TAMS 0x0000000082c00000, 0x0000000082c00000| Untracked 
|  18|0x0000000082c00000, 0x0000000082d00000, 0x0000000082d00000|100%| O|  |TAMS 0x0000000082d00000, 0x0000000082d00000| Untracked 
|  19|0x0000000082d00000, 0x0000000082e00000, 0x0000000082e00000|100%| O|  |TAMS 0x0000000082e00000, 0x0000000082e00000| Untracked 
|  20|0x0000000082e00000, 0x0000000082f00000, 0x0000000082f00000|100%| O|  |TAMS 0x0000000082f00000, 0x0000000082f00000| Untracked 
|  21|0x0000000082f00000, 0x0000000083000000, 0x0000000083000000|100%| O|  |TAMS 0x0000000083000000, 0x0000000083000000| Untracked 
|  22|0x0000000083000000, 0x0000000083100000, 0x0000000083100000|100%| O|  |TAMS 0x0000000083100000, 0x0000000083100000| Untracked 
|  23|0x0000000083100000, 0x0000000083200000, 0x0000000083200000|100%| O|  |TAMS 0x0000000083200000, 0x0000000083200000| Untracked 
|  24|0x0000000083200000, 0x0000000083300000, 0x0000000083300000|100%| O|  |TAMS 0x0000000083300000, 0x0000000083300000| Untracked 
|  25|0x0000000083300000, 0x0000000083400000, 0x0000000083400000|100%| O|  |TAMS 0x0000000083400000, 0x0000000083400000| Untracked 
|  26|0x0000000083400000, 0x0000000083500000, 0x0000000083500000|100%| O|  |TAMS 0x0000000083500000, 0x0000000083500000| Untracked 
|  27|0x0000000083500000, 0x0000000083600000, 0x0000000083600000|100%| O|  |TAMS 0x0000000083600000, 0x0000000083600000| Untracked 
|  28|0x0000000083600000, 0x0000000083700000, 0x0000000083700000|100%| O|  |TAMS 0x0000000083700000, 0x0000000083700000| Untracked 
|  29|0x0000000083700000, 0x0000000083800000, 0x0000000083800000|100%| O|  |TAMS 0x0000000083700000, 0x0000000083800000| Untracked 
|  30|0x0000000083800000, 0x0000000083900000, 0x0000000083900000|100%| O|  |TAMS 0x0000000083900000, 0x0000000083900000| Untracked 
|  31|0x0000000083900000, 0x0000000083a00000, 0x0000000083a00000|100%| O|  |TAMS 0x000000008394b200, 0x0000000083a00000| Untracked 
|  32|0x0000000083a00000, 0x0000000083b00000, 0x0000000083b00000|100%| O|  |TAMS 0x0000000083a00000, 0x0000000083b00000| Untracked 
|  33|0x0000000083b00000, 0x0000000083c00000, 0x0000000083c00000|100%| O|  |TAMS 0x0000000083b00000, 0x0000000083c00000| Untracked 
|  34|0x0000000083c00000, 0x0000000083d00000, 0x0000000083d00000|100%| O|  |TAMS 0x0000000083c00000, 0x0000000083d00000| Untracked 
|  35|0x0000000083d00000, 0x0000000083e00000, 0x0000000083e00000|100%| O|  |TAMS 0x0000000083d00000, 0x0000000083e00000| Untracked 
|  36|0x0000000083e00000, 0x0000000083f00000, 0x0000000083f00000|100%| O|  |TAMS 0x0000000083e00000, 0x0000000083f00000| Untracked 
|  37|0x0000000083f00000, 0x0000000084000000, 0x0000000084000000|100%| O|  |TAMS 0x0000000083f00000, 0x0000000084000000| Untracked 
|  38|0x0000000084000000, 0x0000000084100000, 0x0000000084100000|100%| O|  |TAMS 0x0000000084000000, 0x0000000084100000| Untracked 
|  39|0x0000000084100000, 0x0000000084200000, 0x0000000084200000|100%| O|  |TAMS 0x0000000084100000, 0x0000000084200000| Untracked 
|  40|0x0000000084200000, 0x0000000084300000, 0x0000000084300000|100%| O|  |TAMS 0x0000000084200000, 0x0000000084300000| Untracked 
|  41|0x0000000084300000, 0x0000000084400000, 0x0000000084400000|100%| O|  |TAMS 0x0000000084300000, 0x0000000084400000| Untracked 
|  42|0x0000000084400000, 0x0000000084500000, 0x0000000084500000|100%| O|  |TAMS 0x0000000084400000, 0x0000000084500000| Untracked 
|  43|0x0000000084500000, 0x0000000084600000, 0x0000000084600000|100%| O|  |TAMS 0x0000000084500000, 0x0000000084600000| Untracked 
|  44|0x0000000084600000, 0x0000000084700000, 0x0000000084700000|100%| O|  |TAMS 0x0000000084600000, 0x0000000084700000| Untracked 
|  45|0x0000000084700000, 0x0000000084800000, 0x0000000084800000|100%| O|  |TAMS 0x0000000084700000, 0x0000000084800000| Untracked 
|  46|0x0000000084800000, 0x0000000084900000, 0x0000000084900000|100%| O|  |TAMS 0x0000000084800000, 0x0000000084900000| Untracked 
|  47|0x0000000084900000, 0x0000000084a00000, 0x0000000084a00000|100%| O|  |TAMS 0x0000000084900000, 0x00000000849ff000| Untracked 
|  48|0x0000000084a00000, 0x0000000084b00000, 0x0000000084b00000|100%| O|  |TAMS 0x0000000084a00000, 0x0000000084a00000| Untracked 
|  49|0x0000000084b00000, 0x0000000084c00000, 0x0000000084c00000|100%| O|  |TAMS 0x0000000084b00000, 0x0000000084b00000| Untracked 
|  50|0x0000000084c00000, 0x0000000084d00000, 0x0000000084d00000|100%| O|  |TAMS 0x0000000084c00000, 0x0000000084c00000| Untracked 
|  51|0x0000000084d00000, 0x0000000084e00000, 0x0000000084e00000|100%| O|  |TAMS 0x0000000084d00000, 0x0000000084d00000| Untracked 
|  52|0x0000000084e00000, 0x0000000084e52600, 0x0000000084f00000| 32%| O|  |TAMS 0x0000000084e00000, 0x0000000084e00000| Untracked 
|  53|0x0000000084f00000, 0x0000000085000000, 0x0000000085000000|100%|HS|  |TAMS 0x0000000084f00000, 0x0000000084f00000| Complete 
|  54|0x0000000085000000, 0x0000000085000000, 0x0000000085100000|  0%| F|  |TAMS 0x0000000085000000, 0x0000000085000000| Untracked 
|  55|0x0000000085100000, 0x0000000085100000, 0x0000000085200000|  0%| F|  |TAMS 0x0000000085100000, 0x0000000085100000| Untracked 
|  56|0x0000000085200000, 0x0000000085200000, 0x0000000085300000|  0%| F|  |TAMS 0x0000000085200000, 0x0000000085200000| Untracked 
|  57|0x0000000085300000, 0x0000000085300000, 0x0000000085400000|  0%| F|  |TAMS 0x0000000085300000, 0x0000000085300000| Untracked 
|  58|0x0000000085400000, 0x0000000085400000, 0x0000000085500000|  0%| F|  |TAMS 0x0000000085400000, 0x0000000085400000| Untracked 
|  59|0x0000000085500000, 0x0000000085500000, 0x0000000085600000|  0%| F|  |TAMS 0x0000000085500000, 0x0000000085500000| Untracked 
|  60|0x0000000085600000, 0x0000000085600000, 0x0000000085700000|  0%| F|  |TAMS 0x0000000085600000, 0x0000000085600000| Untracked 
|  61|0x0000000085700000, 0x0000000085700000, 0x0000000085800000|  0%| F|  |TAMS 0x0000000085700000, 0x0000000085700000| Untracked 
|  62|0x0000000085800000, 0x0000000085800000, 0x0000000085900000|  0%| F|  |TAMS 0x0000000085800000, 0x0000000085800000| Untracked 
|  63|0x0000000085900000, 0x0000000085900000, 0x0000000085a00000|  0%| F|  |TAMS 0x0000000085900000, 0x0000000085900000| Untracked 
|  64|0x0000000085a00000, 0x0000000085a00000, 0x0000000085b00000|  0%| F|  |TAMS 0x0000000085a00000, 0x0000000085a00000| Untracked 
|  65|0x0000000085b00000, 0x0000000085b00000, 0x0000000085c00000|  0%| F|  |TAMS 0x0000000085b00000, 0x0000000085b00000| Untracked 
|  66|0x0000000085c00000, 0x0000000085c00000, 0x0000000085d00000|  0%| F|  |TAMS 0x0000000085c00000, 0x0000000085c00000| Untracked 
|  67|0x0000000085d00000, 0x0000000085d00000, 0x0000000085e00000|  0%| F|  |TAMS 0x0000000085d00000, 0x0000000085d00000| Untracked 
|  68|0x0000000085e00000, 0x0000000085e00000, 0x0000000085f00000|  0%| F|  |TAMS 0x0000000085e00000, 0x0000000085e00000| Untracked 
|  69|0x0000000085f00000, 0x0000000085f00000, 0x0000000086000000|  0%| F|  |TAMS 0x0000000085f00000, 0x0000000085f00000| Untracked 
|  70|0x0000000086000000, 0x0000000086000000, 0x0000000086100000|  0%| F|  |TAMS 0x0000000086000000, 0x0000000086000000| Untracked 
|  71|0x0000000086100000, 0x0000000086100000, 0x0000000086200000|  0%| F|  |TAMS 0x0000000086100000, 0x0000000086100000| Untracked 
|  72|0x0000000086200000, 0x0000000086200000, 0x0000000086300000|  0%| F|  |TAMS 0x0000000086200000, 0x0000000086200000| Untracked 
|  73|0x0000000086300000, 0x0000000086300000, 0x0000000086400000|  0%| F|  |TAMS 0x0000000086300000, 0x0000000086300000| Untracked 
|  74|0x0000000086400000, 0x0000000086400000, 0x0000000086500000|  0%| F|  |TAMS 0x0000000086400000, 0x0000000086400000| Untracked 
|  75|0x0000000086500000, 0x0000000086500000, 0x0000000086600000|  0%| F|  |TAMS 0x0000000086500000, 0x0000000086500000| Untracked 
|  76|0x0000000086600000, 0x0000000086600000, 0x0000000086700000|  0%| F|  |TAMS 0x0000000086600000, 0x0000000086600000| Untracked 
|  77|0x0000000086700000, 0x0000000086700000, 0x0000000086800000|  0%| F|  |TAMS 0x0000000086700000, 0x0000000086700000| Untracked 
|  78|0x0000000086800000, 0x0000000086800000, 0x0000000086900000|  0%| F|  |TAMS 0x0000000086800000, 0x0000000086800000| Untracked 
|  79|0x0000000086900000, 0x0000000086900000, 0x0000000086a00000|  0%| F|  |TAMS 0x0000000086900000, 0x0000000086900000| Untracked 
|  80|0x0000000086a00000, 0x0000000086a00000, 0x0000000086b00000|  0%| F|  |TAMS 0x0000000086a00000, 0x0000000086a00000| Untracked 
|  81|0x0000000086b00000, 0x0000000086b00000, 0x0000000086c00000|  0%| F|  |TAMS 0x0000000086b00000, 0x0000000086b00000| Untracked 
|  82|0x0000000086c00000, 0x0000000086c00000, 0x0000000086d00000|  0%| F|  |TAMS 0x0000000086c00000, 0x0000000086c00000| Untracked 
|  83|0x0000000086d00000, 0x0000000086d00000, 0x0000000086e00000|  0%| F|  |TAMS 0x0000000086d00000, 0x0000000086d00000| Untracked 
|  84|0x0000000086e00000, 0x0000000086e00000, 0x0000000086f00000|  0%| F|  |TAMS 0x0000000086e00000, 0x0000000086e00000| Untracked 
|  85|0x0000000086f00000, 0x0000000086f00000, 0x0000000087000000|  0%| F|  |TAMS 0x0000000086f00000, 0x0000000086f00000| Untracked 
|  86|0x0000000087000000, 0x0000000087000000, 0x0000000087100000|  0%| F|  |TAMS 0x0000000087000000, 0x0000000087000000| Untracked 
|  87|0x0000000087100000, 0x0000000087100000, 0x0000000087200000|  0%| F|  |TAMS 0x0000000087100000, 0x0000000087100000| Untracked 
|  88|0x0000000087200000, 0x0000000087200000, 0x0000000087300000|  0%| F|  |TAMS 0x0000000087200000, 0x0000000087200000| Untracked 
|  89|0x0000000087300000, 0x0000000087300000, 0x0000000087400000|  0%| F|  |TAMS 0x0000000087300000, 0x0000000087300000| Untracked 
|  90|0x0000000087400000, 0x0000000087400000, 0x0000000087500000|  0%| F|  |TAMS 0x0000000087400000, 0x0000000087400000| Untracked 
|  91|0x0000000087500000, 0x0000000087500000, 0x0000000087600000|  0%| F|  |TAMS 0x0000000087500000, 0x0000000087500000| Untracked 
|  92|0x0000000087600000, 0x0000000087600000, 0x0000000087700000|  0%| F|  |TAMS 0x0000000087600000, 0x0000000087600000| Untracked 
|  93|0x0000000087700000, 0x0000000087700000, 0x0000000087800000|  0%| F|  |TAMS 0x0000000087700000, 0x0000000087700000| Untracked 
|  94|0x0000000087800000, 0x0000000087800000, 0x0000000087900000|  0%| F|  |TAMS 0x0000000087800000, 0x0000000087800000| Untracked 
|  95|0x0000000087900000, 0x0000000087900000, 0x0000000087a00000|  0%| F|  |TAMS 0x0000000087900000, 0x0000000087900000| Untracked 
|  96|0x0000000087a00000, 0x0000000087a00000, 0x0000000087b00000|  0%| F|  |TAMS 0x0000000087a00000, 0x0000000087a00000| Untracked 
|  97|0x0000000087b00000, 0x0000000087b00000, 0x0000000087c00000|  0%| F|  |TAMS 0x0000000087b00000, 0x0000000087b00000| Untracked 
|  98|0x0000000087c00000, 0x0000000087c00000, 0x0000000087d00000|  0%| F|  |TAMS 0x0000000087c00000, 0x0000000087c00000| Untracked 
|  99|0x0000000087d00000, 0x0000000087d00000, 0x0000000087e00000|  0%| F|  |TAMS 0x0000000087d00000, 0x0000000087d00000| Untracked 
| 100|0x0000000087e00000, 0x0000000087e00000, 0x0000000087f00000|  0%| F|  |TAMS 0x0000000087e00000, 0x0000000087e00000| Untracked 
| 101|0x0000000087f00000, 0x0000000087fb0cc0, 0x0000000088000000| 69%| S|CS|TAMS 0x0000000087f00000, 0x0000000087f00000| Complete 
| 102|0x0000000088000000, 0x0000000088000000, 0x0000000088100000|  0%| F|  |TAMS 0x0000000088000000, 0x0000000088000000| Untracked 
| 103|0x0000000088100000, 0x0000000088100000, 0x0000000088200000|  0%| F|  |TAMS 0x0000000088100000, 0x0000000088100000| Untracked 
| 104|0x0000000088200000, 0x0000000088200000, 0x0000000088300000|  0%| F|  |TAMS 0x0000000088200000, 0x0000000088200000| Untracked 
| 105|0x0000000088300000, 0x0000000088300000, 0x0000000088400000|  0%| F|  |TAMS 0x0000000088300000, 0x0000000088300000| Untracked 
| 106|0x0000000088400000, 0x0000000088400000, 0x0000000088500000|  0%| F|  |TAMS 0x0000000088400000, 0x0000000088400000| Untracked 
| 107|0x0000000088500000, 0x0000000088500000, 0x0000000088600000|  0%| F|  |TAMS 0x0000000088500000, 0x0000000088500000| Untracked 
| 108|0x0000000088600000, 0x0000000088600000, 0x0000000088700000|  0%| F|  |TAMS 0x0000000088600000, 0x0000000088600000| Untracked 
| 109|0x0000000088700000, 0x0000000088700000, 0x0000000088800000|  0%| F|  |TAMS 0x0000000088700000, 0x0000000088700000| Untracked 
| 110|0x0000000088800000, 0x0000000088880800, 0x0000000088900000| 50%| E|  |TAMS 0x0000000088800000, 0x0000000088800000| Complete 
| 111|0x0000000088900000, 0x0000000088a00000, 0x0000000088a00000|100%| E|CS|TAMS 0x0000000088900000, 0x0000000088900000| Complete 
| 112|0x0000000088a00000, 0x0000000088b00000, 0x0000000088b00000|100%| E|CS|TAMS 0x0000000088a00000, 0x0000000088a00000| Complete 
| 113|0x0000000088b00000, 0x0000000088c00000, 0x0000000088c00000|100%| E|CS|TAMS 0x0000000088b00000, 0x0000000088b00000| Complete 
| 114|0x0000000088c00000, 0x0000000088d00000, 0x0000000088d00000|100%| E|CS|TAMS 0x0000000088c00000, 0x0000000088c00000| Complete 
| 115|0x0000000088d00000, 0x0000000088e00000, 0x0000000088e00000|100%| E|CS|TAMS 0x0000000088d00000, 0x0000000088d00000| Complete 
| 116|0x0000000088e00000, 0x0000000088f00000, 0x0000000088f00000|100%| E|CS|TAMS 0x0000000088e00000, 0x0000000088e00000| Complete 
| 117|0x0000000088f00000, 0x0000000089000000, 0x0000000089000000|100%| E|CS|TAMS 0x0000000088f00000, 0x0000000088f00000| Complete 
| 118|0x0000000089000000, 0x0000000089100000, 0x0000000089100000|100%| E|CS|TAMS 0x0000000089000000, 0x0000000089000000| Complete 
| 127|0x0000000089900000, 0x0000000089a00000, 0x0000000089a00000|100%| E|CS|TAMS 0x0000000089900000, 0x0000000089900000| Complete 

Card table byte_map: [0x000001fda5080000,0x000001fda5480000] _byte_map_base: 0x000001fda4c73000

Marking Bits (Prev, Next): (CMBitMap*) 0x000001fd909e6ce0, (CMBitMap*) 0x000001fd909e6ca0
 Prev Bits: [0x000001fda7820000, 0x000001fda97b8000)
 Next Bits: [0x000001fda5880000, 0x000001fda7818000)

Polling page: 0x000001fd90a60000

Metaspace:

Usage:
  Non-class:     53.52 MB used.
      Class:      7.22 MB used.
       Both:     60.74 MB used.

Virtual space:
  Non-class space:       56.00 MB reserved,      53.69 MB ( 96%) committed,  7 nodes.
      Class space:        1.00 GB reserved,       7.38 MB ( <1%) committed,  1 nodes.
             Both:        1.05 GB reserved,      61.06 MB (  6%) committed. 

Chunk freelists:
   Non-Class:  1.42 MB
       Class:  624.00 KB
        Both:  2.03 MB

MaxMetaspaceSize: unlimited
CompressedClassSpaceSize: 1.00 GB
Initial GC threshold: 21.00 MB
Current GC threshold: 78.38 MB
CDS: off
MetaspaceReclaimPolicy: balanced
 - commit_granule_bytes: 65536.
 - commit_granule_words: 8192.
 - virtual_space_node_default_size: 1048576.
 - enlarge_chunks_in_place: 1.
 - new_chunks_are_fully_committed: 0.
 - uncommit_free_chunks: 1.
 - use_allocation_guard: 0.
 - handle_deallocations: 1.


Internal statistics:

num_allocs_failed_limit: 3.
num_arena_births: 294.
num_arena_deaths: 0.
num_vsnodes_births: 8.
num_vsnodes_deaths: 0.
num_space_committed: 975.
num_space_uncommitted: 0.
num_chunks_returned_to_freelist: 3.
num_chunks_taken_from_freelist: 2216.
num_chunk_merges: 3.
num_chunk_splits: 1743.
num_chunks_enlarged: 1524.
num_purges: 0.
num_inconsistent_stats: 0.

CodeHeap 'non-profiled nmethods': size=120000Kb used=2558Kb max_used=2939Kb free=117442Kb
 bounds [0x000001fd9d100000, 0x000001fd9d3e0000, 0x000001fda4630000]
CodeHeap 'profiled nmethods': size=120000Kb used=12757Kb max_used=13612Kb free=107242Kb
 bounds [0x000001fd95630000, 0x000001fd963a0000, 0x000001fd9cb60000]
CodeHeap 'non-nmethods': size=5760Kb used=1299Kb max_used=1341Kb free=4460Kb
 bounds [0x000001fd9cb60000, 0x000001fd9cdd0000, 0x000001fd9d100000]
 total_blobs=7061 nmethods=6446 adapters=525
 compilation: enabled
              stopped_count=0, restarted_count=0
 full_count=0

Compilation events (20 events):
Event: 10.623 Thread 0x000001fdac848160 nmethod 7294 0x000001fd9d12eb10 code [0x000001fd9d12eca0, 0x000001fd9d12ed78]
Event: 10.623 Thread 0x000001fdac848160 7293       1       org.jetbrains.kotlin.resolve.calls.model.ReceiverExpressionKotlinCallArgument::isSpread (2 bytes)
Event: 10.623 Thread 0x000001fdac848160 nmethod 7293 0x000001fd9d1b3590 code [0x000001fd9d1b3720, 0x000001fd9d1b37f8]
Event: 10.623 Thread 0x000001fdac848160 7296       1       org.jetbrains.kotlin.com.intellij.psi.impl.source.tree.LeafPsiElement::getLastChild (2 bytes)
Event: 10.623 Thread 0x000001fdac848160 nmethod 7296 0x000001fd9d1b3290 code [0x000001fd9d1b3420, 0x000001fd9d1b34f8]
Event: 10.623 Thread 0x000001fdac848160 7297       2       org.jetbrains.kotlin.resolve.calls.tower.TowerResolver$SuccessfulResultCollector::isSuccessfulCandidate (30 bytes)
Event: 10.623 Thread 0x000001fdac848160 nmethod 7297 0x000001fd9620a910 code [0x000001fd9620aac0, 0x000001fd9620ac58]
Event: 10.624 Thread 0x000001fdac848160 7298       1       org.jetbrains.kotlin.resolve.calls.tower.NewAbstractResolvedCall::setArgumentToParameterMap (6 bytes)
Event: 10.624 Thread 0x000001fdac848160 nmethod 7298 0x000001fd9d1b2f90 code [0x000001fd9d1b3120, 0x000001fd9d1b3238]
Event: 10.624 Thread 0x000001fdac848160 7299       1       org.jetbrains.kotlin.resolve.calls.tower.NewAbstractResolvedCall::set_valueArguments (6 bytes)
Event: 10.624 Thread 0x000001fdac848160 nmethod 7299 0x000001fd9d1b2b10 code [0x000001fd9d1b2ca0, 0x000001fd9d1b2db8]
Event: 10.624 Thread 0x000001fdac848160 7301       1       org.jetbrains.kotlin.descriptors.impl.VariableDescriptorImpl::getExtensionReceiverParameter (2 bytes)
Event: 10.624 Thread 0x000001fdac848160 nmethod 7301 0x000001fd9d1fe410 code [0x000001fd9d1fe5a0, 0x000001fd9d1fe678]
Event: 10.624 Thread 0x000001fdac848160 7300       1       org.jetbrains.kotlin.resolve.calls.tower.PSIKotlinCallImpl::getTracingStrategy (5 bytes)
Event: 10.624 Thread 0x000001fdac848160 nmethod 7300 0x000001fd9d1fe110 code [0x000001fd9d1fe2a0, 0x000001fd9d1fe378]
Event: 10.625 Thread 0x000001fdac848160 7302       2       org.jetbrains.kotlin.load.java.lazy.descriptors.LazyJavaClassMemberScope$nestedClasses$1::invoke (9 bytes)
Event: 10.625 Thread 0x000001fdac848160 nmethod 7302 0x000001fd95b20290 code [0x000001fd95b20420, 0x000001fd95b20568]
Event: 10.625 Thread 0x000001fdac848160 7304       2       org.jetbrains.kotlin.resolve.calls.tower.PSICallResolver$ASTScopeTower::isNewInferenceEnabled (16 bytes)
Event: 10.625 Thread 0x000001fdac848160 nmethod 7304 0x000001fd956b6e10 code [0x000001fd956b6fc0, 0x000001fd956b7128]
Event: 10.625 Thread 0x000001fdac848160 7303       2       org.jetbrains.kotlin.load.java.lazy.descriptors.LazyJavaClassMemberScope$nestedClasses$1::invoke (299 bytes)

GC Heap History (20 events):
Event: 4.960 GC heap before
{Heap before GC invocations=15 (full 0):
 garbage-first heap   total 48128K, used 33939K [0x0000000081a00000, 0x0000000100000000)
  region size 1024K, 10 young (10240K), 1 survivors (1024K)
 Metaspace       used 45653K, committed 45888K, reserved 1089536K
  class space    used 5581K, committed 5696K, reserved 1048576K
}
Event: 4.967 GC heap after
{Heap after GC invocations=16 (full 0):
 garbage-first heap   total 48128K, used 26560K [0x0000000081a00000, 0x0000000100000000)
  region size 1024K, 2 young (2048K), 2 survivors (2048K)
 Metaspace       used 45653K, committed 45888K, reserved 1089536K
  class space    used 5581K, committed 5696K, reserved 1048576K
}
Event: 5.271 GC heap before
{Heap before GC invocations=16 (full 0):
 garbage-first heap   total 48128K, used 35776K [0x0000000081a00000, 0x0000000100000000)
  region size 1024K, 12 young (12288K), 2 survivors (2048K)
 Metaspace       used 47240K, committed 47552K, reserved 1097728K
  class space    used 5764K, committed 5888K, reserved 1048576K
}
Event: 5.280 GC heap after
{Heap after GC invocations=17 (full 0):
 garbage-first heap   total 48128K, used 28170K [0x0000000081a00000, 0x0000000100000000)
  region size 1024K, 2 young (2048K), 2 survivors (2048K)
 Metaspace       used 47240K, committed 47552K, reserved 1097728K
  class space    used 5764K, committed 5888K, reserved 1048576K
}
Event: 5.452 GC heap before
{Heap before GC invocations=18 (full 0):
 garbage-first heap   total 53248K, used 30218K [0x0000000081a00000, 0x0000000100000000)
  region size 1024K, 5 young (5120K), 2 survivors (2048K)
 Metaspace       used 47421K, committed 47680K, reserved 1097728K
  class space    used 5775K, committed 5888K, reserved 1048576K
}
Event: 5.461 GC heap after
{Heap after GC invocations=19 (full 0):
 garbage-first heap   total 53248K, used 28943K [0x0000000081a00000, 0x0000000100000000)
  region size 1024K, 1 young (1024K), 1 survivors (1024K)
 Metaspace       used 47421K, committed 47680K, reserved 1097728K
  class space    used 5775K, committed 5888K, reserved 1048576K
}
Event: 5.610 GC heap before
{Heap before GC invocations=20 (full 0):
 garbage-first heap   total 58368K, used 39183K [0x0000000081a00000, 0x0000000100000000)
  region size 1024K, 11 young (11264K), 1 survivors (1024K)
 Metaspace       used 47525K, committed 47808K, reserved 1097728K
  class space    used 5775K, committed 5888K, reserved 1048576K
}
Event: 5.620 GC heap after
{Heap after GC invocations=21 (full 0):
 garbage-first heap   total 58368K, used 32243K [0x0000000081a00000, 0x0000000100000000)
  region size 1024K, 2 young (2048K), 2 survivors (2048K)
 Metaspace       used 47525K, committed 47808K, reserved 1097728K
  class space    used 5775K, committed 5888K, reserved 1048576K
}
Event: 5.697 GC heap before
{Heap before GC invocations=21 (full 0):
 garbage-first heap   total 58368K, used 43507K [0x0000000081a00000, 0x0000000100000000)
  region size 1024K, 13 young (13312K), 2 survivors (2048K)
 Metaspace       used 47560K, committed 47808K, reserved 1097728K
  class space    used 5775K, committed 5888K, reserved 1048576K
}
Event: 5.708 GC heap after
{Heap after GC invocations=22 (full 0):
 garbage-first heap   total 102400K, used 33690K [0x0000000081a00000, 0x0000000100000000)
  region size 1024K, 2 young (2048K), 2 survivors (2048K)
 Metaspace       used 47560K, committed 47808K, reserved 1097728K
  class space    used 5775K, committed 5888K, reserved 1048576K
}
Event: 7.110 GC heap before
{Heap before GC invocations=23 (full 0):
 garbage-first heap   total 102400K, used 73626K [0x0000000081a00000, 0x0000000100000000)
  region size 1024K, 41 young (41984K), 2 survivors (2048K)
 Metaspace       used 52713K, committed 53056K, reserved 1097728K
  class space    used 6292K, committed 6464K, reserved 1048576K
}
Event: 7.131 GC heap after
{Heap after GC invocations=24 (full 0):
 garbage-first heap   total 102400K, used 38318K [0x0000000081a00000, 0x0000000100000000)
  region size 1024K, 6 young (6144K), 6 survivors (6144K)
 Metaspace       used 52713K, committed 53056K, reserved 1097728K
  class space    used 6292K, committed 6464K, reserved 1048576K
}
Event: 8.235 GC heap before
{Heap before GC invocations=24 (full 0):
 garbage-first heap   total 102400K, used 73134K [0x0000000081a00000, 0x0000000100000000)
  region size 1024K, 40 young (40960K), 6 survivors (6144K)
 Metaspace       used 53893K, committed 54208K, reserved 1097728K
  class space    used 6329K, committed 6464K, reserved 1048576K
}
Event: 8.270 GC heap after
{Heap after GC invocations=25 (full 0):
 garbage-first heap   total 102400K, used 44224K [0x0000000081a00000, 0x0000000100000000)
  region size 1024K, 5 young (5120K), 5 survivors (5120K)
 Metaspace       used 53893K, committed 54208K, reserved 1097728K
  class space    used 6329K, committed 6464K, reserved 1048576K
}
Event: 8.925 GC heap before
{Heap before GC invocations=25 (full 0):
 garbage-first heap   total 102400K, used 75968K [0x0000000081a00000, 0x0000000100000000)
  region size 1024K, 36 young (36864K), 5 survivors (5120K)
 Metaspace       used 56417K, committed 56704K, reserved 1105920K
  class space    used 6633K, committed 6784K, reserved 1048576K
}
Event: 8.949 GC heap after
{Heap after GC invocations=26 (full 0):
 garbage-first heap   total 102400K, used 47795K [0x0000000081a00000, 0x0000000100000000)
  region size 1024K, 3 young (3072K), 3 survivors (3072K)
 Metaspace       used 56417K, committed 56704K, reserved 1105920K
  class space    used 6633K, committed 6784K, reserved 1048576K
}
Event: 10.450 GC heap before
{Heap before GC invocations=26 (full 0):
 garbage-first heap   total 102400K, used 77491K [0x0000000081a00000, 0x0000000100000000)
  region size 1024K, 32 young (32768K), 3 survivors (3072K)
 Metaspace       used 61834K, committed 62144K, reserved 1105920K
  class space    used 7372K, committed 7488K, reserved 1048576K
}
Event: 10.476 GC heap after
{Heap after GC invocations=27 (full 0):
 garbage-first heap   total 102400K, used 52419K [0x0000000081a00000, 0x0000000100000000)
  region size 1024K, 4 young (4096K), 4 survivors (4096K)
 Metaspace       used 61834K, committed 62144K, reserved 1105920K
  class space    used 7372K, committed 7488K, reserved 1048576K
}
Event: 10.486 GC heap before
{Heap before GC invocations=27 (full 0):
 garbage-first heap   total 102400K, used 52419K [0x0000000081a00000, 0x0000000100000000)
  region size 1024K, 5 young (5120K), 4 survivors (4096K)
 Metaspace       used 61839K, committed 62144K, reserved 1105920K
  class space    used 7372K, committed 7488K, reserved 1048576K
}
Event: 10.502 GC heap after
{Heap after GC invocations=28 (full 0):
 garbage-first heap   total 122880K, used 53459K [0x0000000081a00000, 0x0000000100000000)
  region size 1024K, 1 young (1024K), 1 survivors (1024K)
 Metaspace       used 61839K, committed 62144K, reserved 1105920K
  class space    used 7372K, committed 7488K, reserved 1048576K
}

Dll operation events (2 events):
Event: 0.017 Loaded shared library C:\Program Files\Android\Android Studio\jbr\bin\java.dll
Event: 1.622 Loaded shared library C:\Program Files\Android\Android Studio\jbr\bin\verify.dll

Deoptimization events (20 events):
Event: 10.180 Thread 0x000001fd90987ca0 Uncommon trap: trap_request=0xffffff45 fr.pc=0x000001fd9d2f0254 relative=0x00000000000001b4
Event: 10.180 Thread 0x000001fd90987ca0 Uncommon trap: reason=unstable_if action=reinterpret pc=0x000001fd9d2f0254 method=java.util.ArrayDeque.addLast(Ljava/lang/Object;)V @ 42 c2
Event: 10.180 Thread 0x000001fd90987ca0 DEOPT PACKING pc=0x000001fd9d2f0254 sp=0x000000e4ee6fa630
Event: 10.180 Thread 0x000001fd90987ca0 DEOPT UNPACKING pc=0x000001fd9cbb69a3 sp=0x000000e4ee6fa5f0 mode 2
Event: 10.278 Thread 0x000001fd90987ca0 Uncommon trap: trap_request=0xffffff45 fr.pc=0x000001fd9d39957c relative=0x000000000000233c
Event: 10.279 Thread 0x000001fd90987ca0 Uncommon trap: reason=unstable_if action=reinterpret pc=0x000001fd9d39957c method=org.jetbrains.kotlin.serialization.deserialization.descriptors.DeserializedPackageMemberScope.hasClass(Lorg/jetbrains/kotlin/name/Name;)Z @ 99 c2
Event: 10.279 Thread 0x000001fd90987ca0 DEOPT PACKING pc=0x000001fd9d39957c sp=0x000000e4ee6fac60
Event: 10.279 Thread 0x000001fd90987ca0 DEOPT UNPACKING pc=0x000001fd9cbb69a3 sp=0x000000e4ee6fac10 mode 2
Event: 10.282 Thread 0x000001fd90987ca0 Uncommon trap: trap_request=0xffffffde fr.pc=0x000001fd9d3a9de0 relative=0x0000000000001200
Event: 10.282 Thread 0x000001fd90987ca0 Uncommon trap: reason=class_check action=maybe_recompile pc=0x000001fd9d3a9de0 method=org.jetbrains.kotlin.serialization.deserialization.descriptors.DeserializedMemberScope.getContributedClassifier(Lorg/jetbrains/kotlin/name/Name;Lorg/jetbrains/kotlin/inc
Event: 10.282 Thread 0x000001fd90987ca0 DEOPT PACKING pc=0x000001fd9d3a9de0 sp=0x000000e4ee6face0
Event: 10.282 Thread 0x000001fd90987ca0 DEOPT UNPACKING pc=0x000001fd9cbb69a3 sp=0x000000e4ee6fac58 mode 2
Event: 10.314 Thread 0x000001fd90987ca0 Uncommon trap: trap_request=0xffffffde fr.pc=0x000001fd9d1e63e4 relative=0x0000000000000064
Event: 10.314 Thread 0x000001fd90987ca0 Uncommon trap: reason=class_check action=maybe_recompile pc=0x000001fd9d1e63e4 method=java.util.Collections$UnmodifiableCollection.size()I @ 4 c2
Event: 10.314 Thread 0x000001fd90987ca0 DEOPT PACKING pc=0x000001fd9d1e63e4 sp=0x000000e4ee6f93e0
Event: 10.314 Thread 0x000001fd90987ca0 DEOPT UNPACKING pc=0x000001fd9cbb69a3 sp=0x000000e4ee6f9368 mode 2
Event: 10.320 Thread 0x000001fd90987ca0 Uncommon trap: trap_request=0xffffffde fr.pc=0x000001fd9d1e63e4 relative=0x0000000000000064
Event: 10.320 Thread 0x000001fd90987ca0 Uncommon trap: reason=class_check action=maybe_recompile pc=0x000001fd9d1e63e4 method=java.util.Collections$UnmodifiableCollection.size()I @ 4 c2
Event: 10.320 Thread 0x000001fd90987ca0 DEOPT PACKING pc=0x000001fd9d1e63e4 sp=0x000000e4ee6f8dd0
Event: 10.320 Thread 0x000001fd90987ca0 DEOPT UNPACKING pc=0x000001fd9cbb69a3 sp=0x000000e4ee6f8d58 mode 2

Classes unloaded (0 events):
No events

Classes redefined (0 events):
No events

Internal exceptions (20 events):
Event: 6.796 Thread 0x000001fd90987ca0 Implicit null exception at 0x000001fd9d2648bc to 0x000001fd9d264e34
Event: 7.108 Thread 0x000001fd90987ca0 Exception <a 'java/lang/NoSuchMethodError'{0x00000000857e74d0}: 'java.lang.Object java.lang.invoke.DirectMethodHandle$Holder.invokeStaticInit(java.lang.Object, java.lang.Object, java.lang.Object)'> (0x00000000857e74d0) 
thrown [s\src\hotspot\share\interpreter\linkResolver.cpp, line 771]
Event: 8.294 Thread 0x000001fd90987ca0 Exception <a 'java/lang/NoSuchMethodError'{0x00000000899e7600}: 'int java.lang.invoke.DirectMethodHandle$Holder.invokeInterface(java.lang.Object, java.lang.Object)'> (0x00000000899e7600) 
thrown [s\src\hotspot\share\interpreter\linkResolver.cpp, line 771]
Event: 8.470 Thread 0x000001fd90987ca0 Exception <a 'java/lang/NoSuchMethodError'{0x00000000877b6438}: 'java.lang.Object java.lang.invoke.DirectMethodHandle$Holder.newInvokeSpecial(java.lang.Object, int, java.lang.Object)'> (0x00000000877b6438) 
thrown [s\src\hotspot\share\interpreter\linkResolver.cpp, line 771]
Event: 8.772 Thread 0x000001fd90987ca0 Exception <a 'java/lang/NoSuchMethodError'{0x000000008627e8b8}: 'java.lang.Object java.lang.invoke.DirectMethodHandle$Holder.newInvokeSpecial(java.lang.Object, java.lang.Object, java.lang.Object, java.lang.Object, java.lang.Object, java.lang.Object)'> (0x000000008627e8b8) 
thrown [s\src\hotspot\share\interpreter\linkResolver.cpp, line 771]
Event: 9.295 Thread 0x000001fd90987ca0 Implicit null exception at 0x000001fd9d3bd660 to 0x000001fd9d3bd6f1
Event: 9.464 Thread 0x000001fd90987ca0 Implicit null exception at 0x000001fd9d33be91 to 0x000001fd9d33bff8
Event: 9.464 Thread 0x000001fd90987ca0 Implicit null exception at 0x000001fd9d15cfd8 to 0x000001fd9d15d06a
Event: 9.521 Thread 0x000001fd90987ca0 Implicit null exception at 0x000001fd9d2333cc to 0x000001fd9d2334a8
Event: 9.563 Thread 0x000001fd90987ca0 Exception <a 'java/lang/NoSuchMethodError'{0x00000000871547e8}: 'int java.lang.invoke.DirectMethodHandle$Holder.invokeVirtual(java.lang.Object, java.lang.Object, java.lang.Object)'> (0x00000000871547e8) 
thrown [s\src\hotspot\share\interpreter\linkResolver.cpp, line 771]
Event: 9.686 Thread 0x000001fd90987ca0 Exception <a 'java/lang/NoSuchMethodError'{0x0000000086d19f20}: 'java.lang.Object java.lang.invoke.DirectMethodHandle$Holder.invokeStatic(java.lang.Object, java.lang.Object, java.lang.Object, java.lang.Object, int)'> (0x0000000086d19f20) 
thrown [s\src\hotspot\share\interpreter\linkResolver.cpp, line 771]
Event: 9.688 Thread 0x000001fd90987ca0 Exception <a 'java/lang/NoSuchMethodError'{0x0000000086d23fc8}: 'java.lang.Object java.lang.invoke.DirectMethodHandle$Holder.newInvokeSpecial(java.lang.Object, java.lang.Object, java.lang.Object, java.lang.Object, int)'> (0x0000000086d23fc8) 
thrown [s\src\hotspot\share\interpreter\linkResolver.cpp, line 771]
Event: 9.688 Thread 0x000001fd90987ca0 Exception <a 'java/lang/NoSuchMethodError'{0x0000000086d28af8}: 'java.lang.Object java.lang.invoke.DirectMethodHandle$Holder.invokeSpecial(java.lang.Object, java.lang.Object, java.lang.Object, java.lang.Object, java.lang.Object, int)'> (0x0000000086d28af8) 
thrown [s\src\hotspot\share\interpreter\linkResolver.cpp, line 771]
Event: 9.689 Thread 0x000001fd90987ca0 Exception <a 'java/lang/NoSuchMethodError'{0x0000000086d2cfd8}: 'java.lang.Object java.lang.invoke.Invokers$Holder.linkToTargetMethod(java.lang.Object, java.lang.Object, java.lang.Object, int, java.lang.Object)'> (0x0000000086d2cfd8) 
thrown [s\src\hotspot\share\interpreter\linkResolver.cpp, line 771]
Event: 9.773 Thread 0x000001fd90987ca0 Exception <a 'java/lang/NoSuchMethodError'{0x0000000086b07568}: 'void java.lang.invoke.DirectMethodHandle$Holder.invokeInterface(java.lang.Object, java.lang.Object)'> (0x0000000086b07568) 
thrown [s\src\hotspot\share\interpreter\linkResolver.cpp, line 771]
Event: 9.928 Thread 0x000001fd90987ca0 Exception <a 'java/lang/IncompatibleClassChangeError'{0x0000000086af6820}: Found class java.lang.Object, but interface was expected> (0x0000000086af6820) 
thrown [s\src\hotspot\share\interpreter\linkResolver.cpp, line 838]
Event: 10.352 Thread 0x000001fd90987ca0 Exception <a 'java/lang/NoSuchMethodError'{0x0000000086149cd8}: 'java.lang.Object java.lang.invoke.DirectMethodHandle$Holder.newInvokeSpecial(java.lang.Object, java.lang.Object, java.lang.Object, java.lang.Object, java.lang.Object, java.lang.Object, java.lang.Object)'> (0x0000000086149cd8) 
thrown [s\src\hotspot\share\interpreter\linkResolver.cpp, line 771]
Event: 10.352 Thread 0x000001fd90987ca0 Exception <a 'java/lang/NoSuchMethodError'{0x000000008614ede0}: 'java.lang.Object java.lang.invoke.Invokers$Holder.linkToTargetMethod(java.lang.Object, java.lang.Object, java.lang.Object, java.lang.Object, java.lang.Object, java.lang.Object, java.lang.Object)'> (0x000000008614ede0) 
thrown [s\src\hotspot\share\interpreter\linkResolver.cpp, line 771]
Event: 10.607 Thread 0x000001fd90987ca0 Exception <a 'java/lang/NoSuchMethodError'{0x0000000088a0dfa0}: 'java.lang.Object java.lang.invoke.DirectMethodHandle$Holder.invokeInterface(java.lang.Object, java.lang.Object, java.lang.Object)'> (0x0000000088a0dfa0) 
thrown [s\src\hotspot\share\interpreter\linkResolver.cpp, line 771]
Event: 10.607 Thread 0x000001fd90987ca0 Exception <a 'java/lang/IncompatibleClassChangeError'{0x0000000088a123b0}: Found class java.lang.Object, but interface was expected> (0x0000000088a123b0) 
thrown [s\src\hotspot\share\interpreter\linkResolver.cpp, line 838]

VM Operations (20 events):
Event: 9.787 Executing VM operation: HandshakeAllThreads
Event: 9.787 Executing VM operation: HandshakeAllThreads done
Event: 9.832 Executing VM operation: HandshakeAllThreads
Event: 9.832 Executing VM operation: HandshakeAllThreads done
Event: 9.870 Executing VM operation: HandshakeAllThreads
Event: 9.870 Executing VM operation: HandshakeAllThreads done
Event: 9.927 Executing VM operation: HandshakeAllThreads
Event: 9.927 Executing VM operation: HandshakeAllThreads done
Event: 10.153 Executing VM operation: ICBufferFull
Event: 10.153 Executing VM operation: ICBufferFull done
Event: 10.291 Executing VM operation: HandshakeAllThreads
Event: 10.291 Executing VM operation: HandshakeAllThreads done
Event: 10.373 Executing VM operation: ICBufferFull
Event: 10.373 Executing VM operation: ICBufferFull done
Event: 10.450 Executing VM operation: G1CollectForAllocation
Event: 10.476 Executing VM operation: G1CollectForAllocation done
Event: 10.486 Executing VM operation: G1TryInitiateConcMark
Event: 10.502 Executing VM operation: G1TryInitiateConcMark done
Event: 10.573 Executing VM operation: HandshakeAllThreads
Event: 10.573 Executing VM operation: HandshakeAllThreads done

Events (20 events):
Event: 9.801 Thread 0x000001fdac853f50 flushing nmethod 0x000001fd96243c10
Event: 9.802 Thread 0x000001fdac853f50 flushing nmethod 0x000001fd9631e390
Event: 9.996 loading class jdk/internal/math/FloatingDecimal
Event: 9.997 loading class jdk/internal/math/FloatingDecimal done
Event: 9.997 loading class jdk/internal/math/FloatingDecimal$ExceptionalBinaryToASCIIBuffer
Event: 9.997 loading class jdk/internal/math/FloatingDecimal$BinaryToASCIIConverter
Event: 9.997 loading class jdk/internal/math/FloatingDecimal$BinaryToASCIIConverter done
Event: 9.997 loading class jdk/internal/math/FloatingDecimal$ExceptionalBinaryToASCIIBuffer done
Event: 9.997 loading class jdk/internal/math/FloatingDecimal$BinaryToASCIIBuffer
Event: 9.998 loading class jdk/internal/math/FloatingDecimal$BinaryToASCIIBuffer done
Event: 9.998 loading class jdk/internal/math/FloatingDecimal$1
Event: 9.998 loading class jdk/internal/math/FloatingDecimal$1 done
Event: 9.998 loading class jdk/internal/math/FloatingDecimal$PreparedASCIIToBinaryBuffer
Event: 9.998 loading class jdk/internal/math/FloatingDecimal$ASCIIToBinaryConverter
Event: 9.998 loading class jdk/internal/math/FloatingDecimal$ASCIIToBinaryConverter done
Event: 9.998 loading class jdk/internal/math/FloatingDecimal$PreparedASCIIToBinaryBuffer done
Event: 9.998 loading class jdk/internal/math/FDBigInteger
Event: 9.999 loading class jdk/internal/math/FDBigInteger done
Event: 10.347 loading class java/util/Collections$CopiesList
Event: 10.347 loading class java/util/Collections$CopiesList done


Dynamic libraries:
0x00007ff665340000 - 0x00007ff66534a000 	C:\Program Files\Android\Android Studio\jbr\bin\java.exe
0x00007ffb86f50000 - 0x00007ffb87148000 	C:\Windows\SYSTEM32\ntdll.dll
0x00007ffb85670000 - 0x00007ffb8572d000 	C:\Windows\System32\KERNEL32.DLL
0x00007ffb84c40000 - 0x00007ffb84f36000 	C:\Windows\System32\KERNELBASE.dll
0x00007ffb84b10000 - 0x00007ffb84c10000 	C:\Windows\System32\ucrtbase.dll
0x00007ffb53af0000 - 0x00007ffb53b07000 	C:\Program Files\Android\Android Studio\jbr\bin\jli.dll
0x00007ffb630d0000 - 0x00007ffb630eb000 	C:\Program Files\Android\Android Studio\jbr\bin\VCRUNTIME140.dll
0x00007ffb86d70000 - 0x00007ffb86f0e000 	C:\Windows\System32\USER32.dll
0x00007ffb84c10000 - 0x00007ffb84c32000 	C:\Windows\System32\win32u.dll
0x00007ffb77e60000 - 0x00007ffb780fa000 	C:\Windows\WinSxS\amd64_microsoft.windows.common-controls_6595b64144ccf1df_6.0.19041.3636_none_60b6a03d71f818d5\COMCTL32.dll
0x00007ffb868a0000 - 0x00007ffb868cc000 	C:\Windows\System32\GDI32.dll
0x00007ffb860a0000 - 0x00007ffb8613e000 	C:\Windows\System32\msvcrt.dll
0x00007ffb84630000 - 0x00007ffb8474a000 	C:\Windows\System32\gdi32full.dll
0x00007ffb849c0000 - 0x00007ffb84a5d000 	C:\Windows\System32\msvcp_win.dll
0x00007ffb86a10000 - 0x00007ffb86a40000 	C:\Windows\System32\IMM32.DLL
0x00007ffb6d850000 - 0x00007ffb6d85c000 	C:\Program Files\Android\Android Studio\jbr\bin\vcruntime140_1.dll
0x00007ffb567e0000 - 0x00007ffb5686d000 	C:\Program Files\Android\Android Studio\jbr\bin\msvcp140.dll
0x00007ffb2d1d0000 - 0x00007ffb2de3e000 	C:\Program Files\Android\Android Studio\jbr\bin\server\jvm.dll
0x00007ffb86aa0000 - 0x00007ffb86b4f000 	C:\Windows\System32\ADVAPI32.dll
0x00007ffb85840000 - 0x00007ffb858dc000 	C:\Windows\System32\sechost.dll
0x00007ffb85540000 - 0x00007ffb85666000 	C:\Windows\System32\RPCRT4.dll
0x00007ffb74550000 - 0x00007ffb74559000 	C:\Windows\SYSTEM32\WSOCK32.dll
0x00007ffb78200000 - 0x00007ffb78227000 	C:\Windows\SYSTEM32\WINMM.dll
0x00007ffb776d0000 - 0x00007ffb776da000 	C:\Windows\SYSTEM32\VERSION.dll
0x00007ffb85f10000 - 0x00007ffb85f7b000 	C:\Windows\System32\WS2_32.dll
0x00007ffb82580000 - 0x00007ffb82592000 	C:\Windows\SYSTEM32\kernel.appcore.dll
0x00007ffb5cee0000 - 0x00007ffb5ceea000 	C:\Program Files\Android\Android Studio\jbr\bin\jimage.dll
0x00007ffb6dad0000 - 0x00007ffb6dcb4000 	C:\Windows\SYSTEM32\DBGHELP.DLL
0x00007ffb6edd0000 - 0x00007ffb6ee04000 	C:\Windows\SYSTEM32\dbgcore.DLL
0x00007ffb848e0000 - 0x00007ffb84962000 	C:\Windows\System32\bcryptPrimitives.dll
0x00007ffb5a010000 - 0x00007ffb5a035000 	C:\Program Files\Android\Android Studio\jbr\bin\java.dll
0x00007ffb59ff0000 - 0x00007ffb5a008000 	C:\Program Files\Android\Android Studio\jbr\bin\zip.dll
0x00007ffb86150000 - 0x00007ffb86894000 	C:\Windows\System32\SHELL32.dll
0x00007ffb826f0000 - 0x00007ffb82e8b000 	C:\Windows\SYSTEM32\windows.storage.dll
0x00007ffb84fb0000 - 0x00007ffb85304000 	C:\Windows\System32\combase.dll
0x00007ffb84000000 - 0x00007ffb8402d000 	C:\Windows\SYSTEM32\Wldp.dll
0x00007ffb85e40000 - 0x00007ffb85eed000 	C:\Windows\System32\SHCORE.dll
0x00007ffb85730000 - 0x00007ffb85785000 	C:\Windows\System32\shlwapi.dll
0x00007ffb84560000 - 0x00007ffb84585000 	C:\Windows\SYSTEM32\profapi.dll
0x00007ffb59fd0000 - 0x00007ffb59fe9000 	C:\Program Files\Android\Android Studio\jbr\bin\net.dll
0x00007ffb79000000 - 0x00007ffb7910a000 	C:\Windows\SYSTEM32\WINHTTP.dll
0x00007ffb83d60000 - 0x00007ffb83dca000 	C:\Windows\system32\mswsock.dll
0x00007ffb59fb0000 - 0x00007ffb59fc6000 	C:\Program Files\Android\Android Studio\jbr\bin\nio.dll
0x00007ffb59f10000 - 0x00007ffb59f20000 	C:\Program Files\Android\Android Studio\jbr\bin\verify.dll

dbghelp: loaded successfully - version: 4.0.5 - missing functions: none
symbol engine: initialized successfully - sym options: 0x614 - pdb path: .;C:\Program Files\Android\Android Studio\jbr\bin;C:\Windows\SYSTEM32;C:\Windows\WinSxS\amd64_microsoft.windows.common-controls_6595b64144ccf1df_6.0.19041.3636_none_60b6a03d71f818d5;C:\Program Files\Android\Android Studio\jbr\bin\server

VM Arguments:
java_command: org.jetbrains.kotlin.cli.jvm.K2JVMCompiler @C:\Users\refrizar.dwiardito\AndroidStudioProjects\TugasAndroidAdvance\app\build\20231209_9093043321624412460.compiler.options
java_class_path (initial): C:\Users\refrizar.dwiardito\.jdks\openjdk-21\caches\modules-2\files-2.1\org.jetbrains.kotlin\kotlin-compiler-embeddable\1.6.10\88f2073f4020cdb83132cfe940ceb9a60aba54ea\kotlin-compiler-embeddable-1.6.10.jar;C:\Users\refrizar.dwiardito\.jdks\openjdk-21\caches\modules-2\files-2.1\org.jetbrains.kotlin\kotlin-reflect\1.6.10\1cbe9c92c12a94eea200d23c2bbaedaf3daf5132\kotlin-reflect-1.6.10.jar;C:\Users\refrizar.dwiardito\.jdks\openjdk-21\caches\modules-2\files-2.1\org.jetbrains.kotlin\kotlin-stdlib\1.6.10\b8af3fe6f1ca88526914929add63cf5e7c5049af\kotlin-stdlib-1.6.10.jar;C:\Users\refrizar.dwiardito\.jdks\openjdk-21\caches\modules-2\files-2.1\org.jetbrains.kotlin\kotlin-script-runtime\1.6.10\d0a7ff2e2500ef497ed0214ae40ad3c8387a6164\kotlin-script-runtime-1.6.10.jar;C:\Users\refrizar.dwiardito\.jdks\openjdk-21\caches\modules-2\files-2.1\org.jetbrains.kotlin\kotlin-daemon-embeddable\1.6.10\a56d79bcbea411fa6058e4ecffc2de73e742bd2a\kotlin-daemon-embeddable-1.6.10.jar;C:\Users\refrizar.dwiardito\.jdks\openjdk-21\caches\modules-2\files-2.1\org.jetbrains.intellij.deps\trove4j\1.0.20181211\216c2e14b070f334479d800987affe4054cd563f\trove4j-1.0.20181211.jar;C:\Users\refrizar.dwiardito\.jdks\openjdk-21\caches\modules-2\files-2.1\net.java.dev.jna\jna\5.6.0\330f2244e9030119ab3030fc3fededc86713d9cc\jna-5.6.0.jar;C:\Users\refrizar.dwiardito\.jdks\openjdk-21\caches\modules-2\files-2.1\org.jetbrains\annotations\13.0\919f0dfe192fb4e063e7dacadee7f8bb9a2672a9\annotations-13.0.jar;C:\Users\refrizar.dwiardito\.jdks\openjdk-21\caches\modules-2\files-2.1\org.jetbrains.kotlin\kotlin-stdlib-common\1.6.10\c118700e3a33c8a0d9adc920e9dec0831171925\kotlin-stdlib-common-1.6.10.jar
Launcher Type: SUN_STANDARD

[Global flags]
     intx CICompilerCount                          = 3                                         {product} {ergonomic}
     uint ConcGCThreads                            = 1                                         {product} {ergonomic}
     uint G1ConcRefinementThreads                  = 4                                         {product} {ergonomic}
   size_t G1HeapRegionSize                         = 1048576                                   {product} {ergonomic}
    uintx GCDrainStackTargetSize                   = 64                                        {product} {ergonomic}
   size_t InitialHeapSize                          = 134217728                                 {product} {ergonomic}
   size_t MarkStackSize                            = 4194304                                   {product} {ergonomic}
   size_t MaxHeapSize                              = 2120220672                                {product} {ergonomic}
   size_t MaxNewSize                               = 1271922688                                {product} {ergonomic}
   size_t MinHeapDeltaBytes                        = 1048576                                   {product} {ergonomic}
   size_t MinHeapSize                              = 8388608                                   {product} {ergonomic}
    uintx NonNMethodCodeHeapSize                   = 5832780                                {pd product} {ergonomic}
    uintx NonProfiledCodeHeapSize                  = 122912730                              {pd product} {ergonomic}
    uintx ProfiledCodeHeapSize                     = 122912730                              {pd product} {ergonomic}
    uintx ReservedCodeCacheSize                    = 251658240                              {pd product} {ergonomic}
     bool SegmentedCodeCache                       = true                                      {product} {ergonomic}
   size_t SoftMaxHeapSize                          = 2120220672                             {manageable} {ergonomic}
     bool UseCompressedClassPointers               = true                           {product lp64_product} {ergonomic}
     bool UseCompressedOops                        = true                           {product lp64_product} {ergonomic}
     bool UseG1GC                                  = true                                      {product} {ergonomic}
     bool UseLargePagesIndividualAllocation        = false                                  {pd product} {ergonomic}

Logging:
Log output configuration:
 #0: stdout all=warning uptime,level,tags
 #1: stderr all=off uptime,level,tags

Environment Variables:
JAVA_HOME=C:\Users\refrizar.dwiardito\.jdks\openjdk-21
PATH=C:\Program Files\Common Files\Oracle\Java\javapath;C:\Windows\system32;C:\Windows;C:\Windows\System32\Wbem;C:\Windows\System32\WindowsPowerShell\v1.0\;C:\Windows\System32\OpenSSH\;C:\Program Files\mingw-w64\x86_64-8.1.0-posix-seh-rt_v6-rev0\mingw64\bin;C:\Users\refrizar.dwiardito\AppData\Local\Programs\Python\Python310\Scripts;C:\Users\refrizar.dwiardito\.jdks\openjdk-21\bin;C:\Program Files\PuTTY\;C:\Program Files\gradle-8.3\bin;C:\Program Files\Git\cmd;C:\Users\refrizar.dwiardito\AppData\Local\Programs\Python\Python310\Scripts\;C:\Users\refrizar.dwiardito\AppData\Local\Programs\Python\Python310\;C:\Users\refrizar.dwiardito\AppData\Local\Microsoft\WindowsApps;;C:\Users\refrizar.dwiardito\AppData\Local\Programs\Microsoft VS Code\bin;C:\Program Files\JetBrains\IntelliJ IDEA Community Edition 2023.2.5\bin;
USERNAME=refrizar.dwiardito
OS=Windows_NT
PROCESSOR_IDENTIFIER=Intel64 Family 6 Model 61 Stepping 4, GenuineIntel
TMP=C:\Users\REFRIZ~1.DWI\AppData\Local\Temp
TEMP=C:\Users\REFRIZ~1.DWI\AppData\Local\Temp


JNI global refs:
JNI global refs: 10, weak refs: 19

JNI global refs memory usage: 843, weak refs: 841


---------------  S Y S T E M  ---------------

OS:
 Windows 10 , 64 bit Build 19041 (10.0.19041.3636)
OS uptime: 0 days 2:55 hours

CPU: total 4 (initial active 4) (2 cores per cpu, 2 threads per core) family 6 model 61 stepping 4 microcode 0x2f, cx8, cmov, fxsr, ht, mmx, 3dnowpref, sse, sse2, sse3, ssse3, sse4.1, sse4.2, popcnt, lzcnt, tsc, tscinvbit, avx, avx2, aes, erms, clmul, bmi1, bmi2, adx, fma, vzeroupper, clflush

Memory: 4k page, system-wide physical 8083M (509M free)
TotalPageFile size 8083M (AvailPageFile size 5M)
current process WorkingSet (physical memory assigned to process): 271M, peak: 279M
current process commit charge ("private bytes"): 314M, peak: 315M

vm_info: OpenJDK 64-Bit Server VM (17.0.6+0-b2043.56-10027231) for windows-amd64 JRE (17.0.6+0-b2043.56-10027231), built on Apr 28 2023 00:43:19 by "androidbuild" with MS VC++ 16.10 / 16.11 (VS2019)

END.
