#
# There is insufficient memory for the Java Runtime Environment to continue.
# Native memory allocation (malloc) failed to allocate 1065136 bytes for Chunk::new
# Possible reasons:
#   The system is out of physical RAM or swap space
#   The process is running with CompressedOops enabled, and the Java Heap may be blocking the growth of the native heap
# Possible solutions:
#   Reduce memory load on the system
#   Increase physical memory or swap space
#   Check if swap backing store is full
#   Decrease Java heap size (-Xmx/-Xms)
#   Decrease number of Java threads
#   Decrease Java thread stack sizes (-Xss)
#   Set larger code cache with -XX:ReservedCodeCacheSize=
#   JVM is running with Unscaled Compressed Oops mode in which the Java heap is
#     placed in the first 4GB address space. The Java Heap base address is the
#     maximum limit for the native heap growth. Please use -XX:HeapBaseMinAddress
#     to set the Java Heap base and to place the Java Heap above 4GB virtual address.
# This output file may be truncated or incomplete.
#
#  Out of Memory Error (arena.cpp:189), pid=10696, tid=2672
#
# JRE version: OpenJDK Runtime Environment (17.0.6) (build 17.0.6+0-b2043.56-10027231)
# Java VM: OpenJDK 64-Bit Server VM (17.0.6+0-b2043.56-10027231, mixed mode, tiered, compressed oops, compressed class ptrs, g1 gc, windows-amd64)
# No core dump will be written. Minidumps are not enabled by default on client versions of Windows
#

---------------  S U M M A R Y ------------

Command Line: org.jetbrains.kotlin.cli.jvm.K2JVMCompiler @C:\Users\refrizar.dwiardito\AndroidStudioProjects\TugasAndroidAdvance\app\build\20231209_2423584477627026467.compiler.options

Host: Intel(R) Core(TM) i5-5200U CPU @ 2.20GHz, 4 cores, 7G,  Windows 10 , 64 bit Build 19041 (10.0.19041.3636)
Time: Sat Dec  9 23:02:12 2023 SE Asia Standard Time elapsed time: 10.167427 seconds (0d 0h 0m 10s)

---------------  T H R E A D  ---------------

Current thread (0x00000168d6a236e0):  JavaThread "C2 CompilerThread0" daemon [_thread_in_native, id=2672, stack(0x0000001a49800000,0x0000001a49900000)]


Current CompileTask:
C2:  10167 6827       4       org.jetbrains.kotlin.com.intellij.lang.impl.PsiBuilderImpl::insertLeaves (88 bytes)

Stack: [0x0000001a49800000,0x0000001a49900000]
Native frames: (J=compiled Java code, j=interpreted, Vv=VM code, C=native code)
V  [jvm.dll+0x683c9a]
V  [jvm.dll+0x8427a4]
V  [jvm.dll+0x843f9e]
V  [jvm.dll+0x844603]
V  [jvm.dll+0x249b75]
V  [jvm.dll+0xabcac]
V  [jvm.dll+0xac27c]
V  [jvm.dll+0x2b0eef]
V  [jvm.dll+0x58a267]
V  [jvm.dll+0x2243b2]
V  [jvm.dll+0x22478f]
V  [jvm.dll+0x21e055]
V  [jvm.dll+0x21b51b]
V  [jvm.dll+0x1a4fdd]
V  [jvm.dll+0x22b098]
V  [jvm.dll+0x229159]
V  [jvm.dll+0x7f81ec]
V  [jvm.dll+0x7f274a]
V  [jvm.dll+0x682ad5]
C  [ucrtbase.dll+0x21bb2]
C  [KERNEL32.DLL+0x17344]
C  [ntdll.dll+0x526b1]


---------------  P R O C E S S  ---------------

Threads class SMR info:
_java_thread_list=0x00000168d7761c50, length=13, elements={
0x00000168bd4ea0b0, 0x00000168d69e19a0, 0x00000168d69e39b0, 0x00000168d6a06450,
0x00000168d6a1e140, 0x00000168d6a20a10, 0x00000168d6a222e0, 0x00000168d6a236e0,
0x00000168d74258e0, 0x00000168d74289d0, 0x00000168d758ba60, 0x00000168d758c4f0,
0x00000168d77fe6b0
}

Java Threads: ( => current thread )
  0x00000168bd4ea0b0 JavaThread "main" [_thread_in_native, id=7936, stack(0x0000001a48b00000,0x0000001a48c00000)]
  0x00000168d69e19a0 JavaThread "Reference Handler" daemon [_thread_blocked, id=6052, stack(0x0000001a49200000,0x0000001a49300000)]
  0x00000168d69e39b0 JavaThread "Finalizer" daemon [_thread_blocked, id=10736, stack(0x0000001a49300000,0x0000001a49400000)]
  0x00000168d6a06450 JavaThread "Signal Dispatcher" daemon [_thread_blocked, id=7656, stack(0x0000001a49400000,0x0000001a49500000)]
  0x00000168d6a1e140 JavaThread "Attach Listener" daemon [_thread_blocked, id=11140, stack(0x0000001a49500000,0x0000001a49600000)]
  0x00000168d6a20a10 JavaThread "Service Thread" daemon [_thread_blocked, id=9424, stack(0x0000001a49600000,0x0000001a49700000)]
  0x00000168d6a222e0 JavaThread "Monitor Deflation Thread" daemon [_thread_blocked, id=10600, stack(0x0000001a49700000,0x0000001a49800000)]
=>0x00000168d6a236e0 JavaThread "C2 CompilerThread0" daemon [_thread_in_native, id=2672, stack(0x0000001a49800000,0x0000001a49900000)]
  0x00000168d74258e0 JavaThread "C1 CompilerThread0" daemon [_thread_blocked, id=1628, stack(0x0000001a49900000,0x0000001a49a00000)]
  0x00000168d74289d0 JavaThread "Sweeper thread" daemon [_thread_blocked, id=6904, stack(0x0000001a49a00000,0x0000001a49b00000)]
  0x00000168d758ba60 JavaThread "Notification Thread" daemon [_thread_blocked, id=6252, stack(0x0000001a49b00000,0x0000001a49c00000)]
  0x00000168d758c4f0 JavaThread "Common-Cleaner" daemon [_thread_blocked, id=8792, stack(0x0000001a49d00000,0x0000001a49e00000)]
  0x00000168d77fe6b0 JavaThread "C2 CompilerThread1" daemon [_thread_in_native, id=4912, stack(0x0000001a49e00000,0x0000001a49f00000)]

Other Threads:
  0x00000168d69dd700 VMThread "VM Thread" [stack: 0x0000001a49100000,0x0000001a49200000] [id=10424]
  0x00000168d697d010 WatcherThread [stack: 0x0000001a49c00000,0x0000001a49d00000] [id=9020]
  0x00000168bd546e80 GCTaskThread "GC Thread#0" [stack: 0x0000001a48c00000,0x0000001a48d00000] [id=8568]
  0x00000168d79bd060 GCTaskThread "GC Thread#1" [stack: 0x0000001a49f00000,0x0000001a4a000000] [id=8604]
  0x00000168d79de8b0 GCTaskThread "GC Thread#2" [stack: 0x0000001a4a000000,0x0000001a4a100000] [id=9176]
  0x00000168d7a01d90 GCTaskThread "GC Thread#3" [stack: 0x0000001a4a100000,0x0000001a4a200000] [id=268]
  0x00000168bd557990 ConcurrentGCThread "G1 Main Marker" [stack: 0x0000001a48d00000,0x0000001a48e00000] [id=7188]
  0x00000168bd5592c0 ConcurrentGCThread "G1 Conc#0" [stack: 0x0000001a48e00000,0x0000001a48f00000] [id=10472]
  0x00000168bd5bd730 ConcurrentGCThread "G1 Refine#0" [stack: 0x0000001a48f00000,0x0000001a49000000] [id=468]
  0x00000168bd5be800 ConcurrentGCThread "G1 Service" [stack: 0x0000001a49000000,0x0000001a49100000] [id=832]

Threads with active compile tasks:
C2 CompilerThread0    10202 6827       4       org.jetbrains.kotlin.com.intellij.lang.impl.PsiBuilderImpl::insertLeaves (88 bytes)
C2 CompilerThread1    10202 6761       4       org.jetbrains.kotlin.cli.jvm.index.JvmDependenciesIndexImpl::travelPath (157 bytes)

VM state: not at safepoint (normal execution)

VM Mutex/Monitor currently owned by a thread: None

Heap address: 0x0000000081a00000, size: 2022 MB, Compressed Oops mode: 32-bit

CDS archive(s) not mapped
Compressed class space mapped at: 0x0000000100000000-0x0000000140000000, reserved size: 1073741824
Narrow klass base: 0x0000000000000000, Narrow klass shift: 3, Narrow klass range: 0x140000000

GC Precious Log:
 CPUs: 4 total, 4 available
 Memory: 8083M
 Large Page Support: Disabled
 NUMA Support: Disabled
 Compressed Oops: Enabled (32-bit)
 Heap Region Size: 1M
 Heap Min Capacity: 8M
 Heap Initial Capacity: 128M
 Heap Max Capacity: 2022M
 Pre-touch: Disabled
 Parallel Workers: 4
 Concurrent Workers: 1
 Concurrent Refinement Workers: 4
 Periodic GC: Disabled

Heap:
 garbage-first heap   total 125952K, used 73728K [0x0000000081a00000, 0x0000000100000000)
  region size 1024K, 33 young (33792K), 6 survivors (6144K)
 Metaspace       used 61682K, committed 61952K, reserved 1105920K
  class space    used 7355K, committed 7488K, reserved 1048576K

Heap Regions: E=young(eden), S=young(survivor), O=old, HS=humongous(starts), HC=humongous(continues), CS=collection set, F=free, OA=open archive, CA=closed archive, TAMS=top-at-mark-start (previous, next)
|   0|0x0000000081a00000, 0x0000000081b00000, 0x0000000081b00000|100%|HS|  |TAMS 0x0000000081b00000, 0x0000000081a00000| Complete 
|   1|0x0000000081b00000, 0x0000000081c00000, 0x0000000081c00000|100%|HC|  |TAMS 0x0000000081c00000, 0x0000000081b00000| Complete 
|   2|0x0000000081c00000, 0x0000000081d00000, 0x0000000081d00000|100%|HC|  |TAMS 0x0000000081d00000, 0x0000000081c00000| Complete 
|   3|0x0000000081d00000, 0x0000000081e00000, 0x0000000081e00000|100%| O|  |TAMS 0x0000000081e00000, 0x0000000081d00000| Untracked 
|   4|0x0000000081e00000, 0x0000000081f00000, 0x0000000081f00000|100%| O|  |TAMS 0x0000000081f00000, 0x0000000081e00000| Untracked 
|   5|0x0000000081f00000, 0x0000000082000000, 0x0000000082000000|100%| O|  |TAMS 0x0000000082000000, 0x0000000081f00000| Untracked 
|   6|0x0000000082000000, 0x0000000082100000, 0x0000000082100000|100%|HS|  |TAMS 0x0000000082100000, 0x0000000082000000| Complete 
|   7|0x0000000082100000, 0x0000000082200000, 0x0000000082200000|100%|HC|  |TAMS 0x0000000082200000, 0x0000000082100000| Complete 
|   8|0x0000000082200000, 0x0000000082300000, 0x0000000082300000|100%|HC|  |TAMS 0x0000000082300000, 0x0000000082200000| Complete 
|   9|0x0000000082300000, 0x0000000082400000, 0x0000000082400000|100%| O|  |TAMS 0x0000000082400000, 0x0000000082300000| Untracked 
|  10|0x0000000082400000, 0x0000000082500000, 0x0000000082500000|100%| O|  |TAMS 0x0000000082500000, 0x0000000082400000| Untracked 
|  11|0x0000000082500000, 0x0000000082600000, 0x0000000082600000|100%| O|  |TAMS 0x0000000082600000, 0x0000000082500000| Untracked 
|  12|0x0000000082600000, 0x0000000082700000, 0x0000000082700000|100%| O|  |TAMS 0x0000000082700000, 0x0000000082600000| Untracked 
|  13|0x0000000082700000, 0x0000000082800000, 0x0000000082800000|100%|HS|  |TAMS 0x0000000082800000, 0x0000000082700000| Complete 
|  14|0x0000000082800000, 0x0000000082900000, 0x0000000082900000|100%|HC|  |TAMS 0x0000000082900000, 0x0000000082800000| Complete 
|  15|0x0000000082900000, 0x0000000082a00000, 0x0000000082a00000|100%| O|  |TAMS 0x0000000082a00000, 0x0000000082900000| Untracked 
|  16|0x0000000082a00000, 0x0000000082b00000, 0x0000000082b00000|100%| O|  |TAMS 0x0000000082b00000, 0x0000000082a00000| Untracked 
|  17|0x0000000082b00000, 0x0000000082c00000, 0x0000000082c00000|100%| O|  |TAMS 0x0000000082c00000, 0x0000000082b00000| Untracked 
|  18|0x0000000082c00000, 0x0000000082d00000, 0x0000000082d00000|100%| O|  |TAMS 0x0000000082d00000, 0x0000000082c00000| Untracked 
|  19|0x0000000082d00000, 0x0000000082e00000, 0x0000000082e00000|100%| O|  |TAMS 0x0000000082e00000, 0x0000000082d00000| Untracked 
|  20|0x0000000082e00000, 0x0000000082f00000, 0x0000000082f00000|100%| O|  |TAMS 0x0000000082f00000, 0x0000000082e00000| Untracked 
|  21|0x0000000082f00000, 0x0000000083000000, 0x0000000083000000|100%| O|  |TAMS 0x0000000083000000, 0x0000000082f00000| Untracked 
|  22|0x0000000083000000, 0x0000000083100000, 0x0000000083100000|100%| O|  |TAMS 0x0000000083100000, 0x0000000083000000| Untracked 
|  23|0x0000000083100000, 0x0000000083200000, 0x0000000083200000|100%| O|  |TAMS 0x0000000083200000, 0x0000000083100000| Untracked 
|  24|0x0000000083200000, 0x0000000083300000, 0x0000000083300000|100%| O|  |TAMS 0x0000000083300000, 0x0000000083200000| Untracked 
|  25|0x0000000083300000, 0x0000000083400000, 0x0000000083400000|100%| O|  |TAMS 0x0000000083400000, 0x0000000083300000| Untracked 
|  26|0x0000000083400000, 0x0000000083500000, 0x0000000083500000|100%| O|  |TAMS 0x0000000083500000, 0x0000000083400000| Untracked 
|  27|0x0000000083500000, 0x0000000083600000, 0x0000000083600000|100%| O|  |TAMS 0x0000000083600000, 0x0000000083500000| Untracked 
|  28|0x0000000083600000, 0x0000000083700000, 0x0000000083700000|100%| O|  |TAMS 0x0000000083600000, 0x0000000083600000| Untracked 
|  29|0x0000000083700000, 0x0000000083800000, 0x0000000083800000|100%| O|  |TAMS 0x0000000083800000, 0x0000000083700000| Untracked 
|  30|0x0000000083800000, 0x0000000083900000, 0x0000000083900000|100%| O|  |TAMS 0x0000000083900000, 0x0000000083800000| Untracked 
|  31|0x0000000083900000, 0x0000000083a00000, 0x0000000083a00000|100%| O|  |TAMS 0x0000000083a00000, 0x0000000083900000| Untracked 
|  32|0x0000000083a00000, 0x0000000083b00000, 0x0000000083b00000|100%| O|  |TAMS 0x0000000083b00000, 0x0000000083a00000| Untracked 
|  33|0x0000000083b00000, 0x0000000083c00000, 0x0000000083c00000|100%| O|  |TAMS 0x0000000083c00000, 0x0000000083b00000| Untracked 
|  34|0x0000000083c00000, 0x0000000083d00000, 0x0000000083d00000|100%| O|  |TAMS 0x0000000083d00000, 0x0000000083c00000| Untracked 
|  35|0x0000000083d00000, 0x0000000083e00000, 0x0000000083e00000|100%| O|  |TAMS 0x0000000083e00000, 0x0000000083d00000| Untracked 
|  36|0x0000000083e00000, 0x0000000083f00000, 0x0000000083f00000|100%| O|  |TAMS 0x0000000083f00000, 0x0000000083e00000| Untracked 
|  37|0x0000000083f00000, 0x0000000084000000, 0x0000000084000000|100%| O|  |TAMS 0x0000000084000000, 0x0000000083f00000| Untracked 
|  38|0x0000000084000000, 0x0000000084100000, 0x0000000084100000|100%| O|  |TAMS 0x0000000084100000, 0x0000000084000000| Untracked 
|  39|0x0000000084100000, 0x0000000084200000, 0x0000000084200000|100%| O|  |TAMS 0x0000000084100000, 0x0000000084100000| Untracked 
|  40|0x0000000084200000, 0x0000000084200000, 0x0000000084300000|  0%| F|  |TAMS 0x0000000084200000, 0x0000000084200000| Untracked 
|  41|0x0000000084300000, 0x0000000084300000, 0x0000000084400000|  0%| F|  |TAMS 0x0000000084300000, 0x0000000084300000| Untracked 
|  42|0x0000000084400000, 0x0000000084400000, 0x0000000084500000|  0%| F|  |TAMS 0x0000000084400000, 0x0000000084400000| Untracked 
|  43|0x0000000084500000, 0x0000000084500000, 0x0000000084600000|  0%| F|  |TAMS 0x0000000084500000, 0x0000000084500000| Untracked 
|  44|0x0000000084600000, 0x0000000084600000, 0x0000000084700000|  0%| F|  |TAMS 0x0000000084600000, 0x0000000084600000| Untracked 
|  45|0x0000000084700000, 0x0000000084700000, 0x0000000084800000|  0%| F|  |TAMS 0x0000000084700000, 0x0000000084700000| Untracked 
|  46|0x0000000084800000, 0x0000000084800000, 0x0000000084900000|  0%| F|  |TAMS 0x0000000084800000, 0x0000000084800000| Untracked 
|  47|0x0000000084900000, 0x0000000084900000, 0x0000000084a00000|  0%| F|  |TAMS 0x0000000084900000, 0x0000000084900000| Untracked 
|  48|0x0000000084a00000, 0x0000000084a00000, 0x0000000084b00000|  0%| F|  |TAMS 0x0000000084a00000, 0x0000000084a00000| Untracked 
|  49|0x0000000084b00000, 0x0000000084b00000, 0x0000000084c00000|  0%| F|  |TAMS 0x0000000084b00000, 0x0000000084b00000| Untracked 
|  50|0x0000000084c00000, 0x0000000084c00000, 0x0000000084d00000|  0%| F|  |TAMS 0x0000000084c00000, 0x0000000084c00000| Untracked 
|  51|0x0000000084d00000, 0x0000000084d00000, 0x0000000084e00000|  0%| F|  |TAMS 0x0000000084d00000, 0x0000000084d00000| Untracked 
|  52|0x0000000084e00000, 0x0000000084e00000, 0x0000000084f00000|  0%| F|  |TAMS 0x0000000084e00000, 0x0000000084e00000| Untracked 
|  53|0x0000000084f00000, 0x0000000084f00000, 0x0000000085000000|  0%| F|  |TAMS 0x0000000084f00000, 0x0000000084f00000| Untracked 
|  54|0x0000000085000000, 0x0000000085000000, 0x0000000085100000|  0%| F|  |TAMS 0x0000000085000000, 0x0000000085000000| Untracked 
|  55|0x0000000085100000, 0x0000000085100000, 0x0000000085200000|  0%| F|  |TAMS 0x0000000085100000, 0x0000000085100000| Untracked 
|  56|0x0000000085200000, 0x0000000085200000, 0x0000000085300000|  0%| F|  |TAMS 0x0000000085200000, 0x0000000085200000| Untracked 
|  57|0x0000000085300000, 0x0000000085300000, 0x0000000085400000|  0%| F|  |TAMS 0x0000000085300000, 0x0000000085300000| Untracked 
|  58|0x0000000085400000, 0x0000000085400000, 0x0000000085500000|  0%| F|  |TAMS 0x0000000085400000, 0x0000000085400000| Untracked 
|  59|0x0000000085500000, 0x0000000085500000, 0x0000000085600000|  0%| F|  |TAMS 0x0000000085500000, 0x0000000085500000| Untracked 
|  60|0x0000000085600000, 0x0000000085600000, 0x0000000085700000|  0%| F|  |TAMS 0x0000000085600000, 0x0000000085600000| Untracked 
|  61|0x0000000085700000, 0x0000000085700000, 0x0000000085800000|  0%| F|  |TAMS 0x0000000085700000, 0x0000000085700000| Untracked 
|  62|0x0000000085800000, 0x0000000085800000, 0x0000000085900000|  0%| F|  |TAMS 0x0000000085800000, 0x0000000085800000| Untracked 
|  63|0x0000000085900000, 0x0000000085900000, 0x0000000085a00000|  0%| F|  |TAMS 0x0000000085900000, 0x0000000085900000| Untracked 
|  64|0x0000000085a00000, 0x0000000085a00000, 0x0000000085b00000|  0%| F|  |TAMS 0x0000000085a00000, 0x0000000085a00000| Untracked 
|  65|0x0000000085b00000, 0x0000000085b00000, 0x0000000085c00000|  0%| F|  |TAMS 0x0000000085b00000, 0x0000000085b00000| Untracked 
|  66|0x0000000085c00000, 0x0000000085c00000, 0x0000000085d00000|  0%| F|  |TAMS 0x0000000085c00000, 0x0000000085c00000| Untracked 
|  67|0x0000000085d00000, 0x0000000085d00000, 0x0000000085e00000|  0%| F|  |TAMS 0x0000000085d00000, 0x0000000085d00000| Untracked 
|  68|0x0000000085e00000, 0x0000000085e00000, 0x0000000085f00000|  0%| F|  |TAMS 0x0000000085e00000, 0x0000000085e00000| Untracked 
|  69|0x0000000085f00000, 0x0000000085f00000, 0x0000000086000000|  0%| F|  |TAMS 0x0000000085f00000, 0x0000000085f00000| Untracked 
|  70|0x0000000086000000, 0x0000000086000000, 0x0000000086100000|  0%| F|  |TAMS 0x0000000086000000, 0x0000000086000000| Untracked 
|  71|0x0000000086100000, 0x0000000086200000, 0x0000000086200000|100%| S|CS|TAMS 0x0000000086100000, 0x0000000086100000| Complete 
|  72|0x0000000086200000, 0x0000000086300000, 0x0000000086300000|100%| S|CS|TAMS 0x0000000086200000, 0x0000000086200000| Complete 
|  73|0x0000000086300000, 0x0000000086400000, 0x0000000086400000|100%| S|CS|TAMS 0x0000000086300000, 0x0000000086300000| Complete 
|  74|0x0000000086400000, 0x0000000086500000, 0x0000000086500000|100%| S|CS|TAMS 0x0000000086400000, 0x0000000086400000| Complete 
|  75|0x0000000086500000, 0x0000000086600000, 0x0000000086600000|100%| S|CS|TAMS 0x0000000086500000, 0x0000000086500000| Complete 
|  76|0x0000000086600000, 0x0000000086700000, 0x0000000086700000|100%| S|CS|TAMS 0x0000000086600000, 0x0000000086600000| Complete 
|  77|0x0000000086700000, 0x0000000086700000, 0x0000000086800000|  0%| F|  |TAMS 0x0000000086700000, 0x0000000086700000| Untracked 
|  78|0x0000000086800000, 0x0000000086800000, 0x0000000086900000|  0%| F|  |TAMS 0x0000000086800000, 0x0000000086800000| Untracked 
|  79|0x0000000086900000, 0x0000000086900000, 0x0000000086a00000|  0%| F|  |TAMS 0x0000000086900000, 0x0000000086900000| Untracked 
|  80|0x0000000086a00000, 0x0000000086a00000, 0x0000000086b00000|  0%| F|  |TAMS 0x0000000086a00000, 0x0000000086a00000| Untracked 
|  81|0x0000000086b00000, 0x0000000086b00000, 0x0000000086c00000|  0%| F|  |TAMS 0x0000000086b00000, 0x0000000086b00000| Untracked 
|  82|0x0000000086c00000, 0x0000000086c00000, 0x0000000086d00000|  0%| F|  |TAMS 0x0000000086c00000, 0x0000000086c00000| Untracked 
|  83|0x0000000086d00000, 0x0000000086d00000, 0x0000000086e00000|  0%| F|  |TAMS 0x0000000086d00000, 0x0000000086d00000| Untracked 
|  84|0x0000000086e00000, 0x0000000086e00000, 0x0000000086f00000|  0%| F|  |TAMS 0x0000000086e00000, 0x0000000086e00000| Untracked 
|  85|0x0000000086f00000, 0x0000000086f00000, 0x0000000087000000|  0%| F|  |TAMS 0x0000000086f00000, 0x0000000086f00000| Untracked 
|  86|0x0000000087000000, 0x0000000087000000, 0x0000000087100000|  0%| F|  |TAMS 0x0000000087000000, 0x0000000087000000| Untracked 
|  87|0x0000000087100000, 0x0000000087100000, 0x0000000087200000|  0%| F|  |TAMS 0x0000000087100000, 0x0000000087100000| Untracked 
|  88|0x0000000087200000, 0x0000000087200000, 0x0000000087300000|  0%| F|  |TAMS 0x0000000087200000, 0x0000000087200000| Untracked 
|  89|0x0000000087300000, 0x0000000087300000, 0x0000000087400000|  0%| F|  |TAMS 0x0000000087300000, 0x0000000087300000| Untracked 
|  90|0x0000000087400000, 0x0000000087400000, 0x0000000087500000|  0%| F|  |TAMS 0x0000000087400000, 0x0000000087400000| Untracked 
|  91|0x0000000087500000, 0x0000000087500000, 0x0000000087600000|  0%| F|  |TAMS 0x0000000087500000, 0x0000000087500000| Untracked 
|  92|0x0000000087600000, 0x0000000087600000, 0x0000000087700000|  0%| F|  |TAMS 0x0000000087600000, 0x0000000087600000| Untracked 
|  93|0x0000000087700000, 0x0000000087700000, 0x0000000087800000|  0%| F|  |TAMS 0x0000000087700000, 0x0000000087700000| Untracked 
|  94|0x0000000087800000, 0x0000000087800000, 0x0000000087900000|  0%| F|  |TAMS 0x0000000087800000, 0x0000000087800000| Untracked 
|  95|0x0000000087900000, 0x0000000087900000, 0x0000000087a00000|  0%| F|  |TAMS 0x0000000087900000, 0x0000000087900000| Untracked 
|  96|0x0000000087a00000, 0x0000000087b00000, 0x0000000087b00000|100%| E|  |TAMS 0x0000000087a00000, 0x0000000087a00000| Complete 
|  97|0x0000000087b00000, 0x0000000087c00000, 0x0000000087c00000|100%| E|CS|TAMS 0x0000000087b00000, 0x0000000087b00000| Complete 
|  98|0x0000000087c00000, 0x0000000087d00000, 0x0000000087d00000|100%| E|CS|TAMS 0x0000000087c00000, 0x0000000087c00000| Complete 
|  99|0x0000000087d00000, 0x0000000087e00000, 0x0000000087e00000|100%| E|CS|TAMS 0x0000000087d00000, 0x0000000087d00000| Complete 
| 100|0x0000000087e00000, 0x0000000087f00000, 0x0000000087f00000|100%| E|CS|TAMS 0x0000000087e00000, 0x0000000087e00000| Complete 
| 101|0x0000000087f00000, 0x0000000088000000, 0x0000000088000000|100%| E|CS|TAMS 0x0000000087f00000, 0x0000000087f00000| Complete 
| 102|0x0000000088000000, 0x0000000088100000, 0x0000000088100000|100%| E|CS|TAMS 0x0000000088000000, 0x0000000088000000| Complete 
| 103|0x0000000088100000, 0x0000000088200000, 0x0000000088200000|100%| E|CS|TAMS 0x0000000088100000, 0x0000000088100000| Complete 
| 104|0x0000000088200000, 0x0000000088300000, 0x0000000088300000|100%| E|CS|TAMS 0x0000000088200000, 0x0000000088200000| Complete 
| 105|0x0000000088300000, 0x0000000088400000, 0x0000000088400000|100%| E|CS|TAMS 0x0000000088300000, 0x0000000088300000| Complete 
| 106|0x0000000088400000, 0x0000000088500000, 0x0000000088500000|100%| E|CS|TAMS 0x0000000088400000, 0x0000000088400000| Complete 
| 107|0x0000000088500000, 0x0000000088600000, 0x0000000088600000|100%| E|CS|TAMS 0x0000000088500000, 0x0000000088500000| Complete 
| 108|0x0000000088600000, 0x0000000088700000, 0x0000000088700000|100%| E|CS|TAMS 0x0000000088600000, 0x0000000088600000| Complete 
| 109|0x0000000088700000, 0x0000000088800000, 0x0000000088800000|100%| E|CS|TAMS 0x0000000088700000, 0x0000000088700000| Complete 
| 110|0x0000000088800000, 0x0000000088900000, 0x0000000088900000|100%| E|CS|TAMS 0x0000000088800000, 0x0000000088800000| Complete 
| 111|0x0000000088900000, 0x0000000088a00000, 0x0000000088a00000|100%| E|CS|TAMS 0x0000000088900000, 0x0000000088900000| Complete 
| 112|0x0000000088a00000, 0x0000000088b00000, 0x0000000088b00000|100%| E|CS|TAMS 0x0000000088a00000, 0x0000000088a00000| Complete 
| 113|0x0000000088b00000, 0x0000000088c00000, 0x0000000088c00000|100%| E|CS|TAMS 0x0000000088b00000, 0x0000000088b00000| Complete 
| 114|0x0000000088c00000, 0x0000000088d00000, 0x0000000088d00000|100%| E|CS|TAMS 0x0000000088c00000, 0x0000000088c00000| Complete 
| 115|0x0000000088d00000, 0x0000000088e00000, 0x0000000088e00000|100%| E|CS|TAMS 0x0000000088d00000, 0x0000000088d00000| Complete 
| 116|0x0000000088e00000, 0x0000000088f00000, 0x0000000088f00000|100%| E|CS|TAMS 0x0000000088e00000, 0x0000000088e00000| Complete 
| 117|0x0000000088f00000, 0x0000000089000000, 0x0000000089000000|100%| E|CS|TAMS 0x0000000088f00000, 0x0000000088f00000| Complete 
| 118|0x0000000089000000, 0x0000000089100000, 0x0000000089100000|100%| E|CS|TAMS 0x0000000089000000, 0x0000000089000000| Complete 
| 119|0x0000000089100000, 0x0000000089200000, 0x0000000089200000|100%| E|CS|TAMS 0x0000000089100000, 0x0000000089100000| Complete 
| 120|0x0000000089200000, 0x0000000089300000, 0x0000000089300000|100%| E|CS|TAMS 0x0000000089200000, 0x0000000089200000| Complete 
| 121|0x0000000089300000, 0x0000000089400000, 0x0000000089400000|100%| E|CS|TAMS 0x0000000089300000, 0x0000000089300000| Complete 
| 127|0x0000000089900000, 0x0000000089a00000, 0x0000000089a00000|100%| E|CS|TAMS 0x0000000089900000, 0x0000000089900000| Complete 

Card table byte_map: [0x00000168cfdc0000,0x00000168d01c0000] _byte_map_base: 0x00000168cf9b3000

Marking Bits (Prev, Next): (CMBitMap*) 0x00000168bd5473e0, (CMBitMap*) 0x00000168bd5473a0
 Prev Bits: [0x00000168d2560000, 0x00000168d44f8000)
 Next Bits: [0x00000168d05c0000, 0x00000168d2558000)

Polling page: 0x00000168bb470000

Metaspace:

Usage:
  Non-class:     53.06 MB used.
      Class:      7.18 MB used.
       Both:     60.24 MB used.

Virtual space:
  Non-class space:       56.00 MB reserved,      53.19 MB ( 95%) committed,  7 nodes.
      Class space:        1.00 GB reserved,       7.31 MB ( <1%) committed,  1 nodes.
             Both:        1.05 GB reserved,      60.50 MB (  6%) committed. 

Chunk freelists:
   Non-Class:  2.64 MB
       Class:  672.00 KB
        Both:  3.30 MB

MaxMetaspaceSize: unlimited
CompressedClassSpaceSize: 1.00 GB
Initial GC threshold: 21.00 MB
Current GC threshold: 88.06 MB
CDS: off
MetaspaceReclaimPolicy: balanced
 - commit_granule_bytes: 65536.
 - commit_granule_words: 8192.
 - virtual_space_node_default_size: 1048576.
 - enlarge_chunks_in_place: 1.
 - new_chunks_are_fully_committed: 0.
 - uncommit_free_chunks: 1.
 - use_allocation_guard: 0.
 - handle_deallocations: 1.


Internal statistics:

num_allocs_failed_limit: 9.
num_arena_births: 288.
num_arena_deaths: 0.
num_vsnodes_births: 8.
num_vsnodes_deaths: 0.
num_space_committed: 966.
num_space_uncommitted: 0.
num_chunks_returned_to_freelist: 9.
num_chunks_taken_from_freelist: 2182.
num_chunk_merges: 9.
num_chunk_splits: 1726.
num_chunks_enlarged: 1510.
num_purges: 0.
num_inconsistent_stats: 0.

CodeHeap 'non-profiled nmethods': size=120000Kb used=2994Kb max_used=2994Kb free=117005Kb
 bounds [0x00000168c8490000, 0x00000168c8780000, 0x00000168cf9c0000]
CodeHeap 'profiled nmethods': size=120000Kb used=14461Kb max_used=14461Kb free=105539Kb
 bounds [0x00000168c09c0000, 0x00000168c17e0000, 0x00000168c7ef0000]
CodeHeap 'non-nmethods': size=5760Kb used=1298Kb max_used=1354Kb free=4461Kb
 bounds [0x00000168c7ef0000, 0x00000168c8160000, 0x00000168c8490000]
 total_blobs=7652 nmethods=7038 adapters=525
 compilation: enabled
              stopped_count=0, restarted_count=0
 full_count=0

Compilation events (20 events):
Event: 10.132 Thread 0x00000168d74258e0 7102       2       org.jetbrains.kotlin.com.intellij.openapi.extensions.ExtensionPointName::getExtensionList (17 bytes)
Event: 10.133 Thread 0x00000168d74258e0 nmethod 7102 0x00000168c17d2410 code [0x00000168c17d25e0, 0x00000168c17d2798]
Event: 10.139 Thread 0x00000168d74258e0 7103       2       org.jetbrains.org.objectweb.asm.MethodVisitor::visitEnd (15 bytes)
Event: 10.139 Thread 0x00000168d74258e0 nmethod 7103 0x00000168c17d2890 code [0x00000168c17d2a20, 0x00000168c17d2b48]
Event: 10.140 Thread 0x00000168d74258e0 7104       1       org.jetbrains.kotlin.com.intellij.openapi.util.RecursionManager$CalculationStack::access$200 (5 bytes)
Event: 10.141 Thread 0x00000168d74258e0 nmethod 7104 0x00000168c877bc90 code [0x00000168c877be20, 0x00000168c877bed8]
Event: 10.141 Thread 0x00000168d74258e0 7105       2       org.jetbrains.kotlin.com.intellij.openapi.util.RecursionManager$MyKey::<init> (68 bytes)
Event: 10.141 Thread 0x00000168d74258e0 nmethod 7105 0x00000168c17d2c10 code [0x00000168c17d2de0, 0x00000168c17d30c8]
Event: 10.142 Thread 0x00000168d74258e0 7106       2       org.jetbrains.kotlin.com.intellij.openapi.vfs.VfsUtilCore::isAncestor (69 bytes)
Event: 10.143 Thread 0x00000168d74258e0 nmethod 7106 0x00000168c17d3290 code [0x00000168c17d34a0, 0x00000168c17d37e8]
Event: 10.146 Thread 0x00000168d74258e0 7107       1       org.jetbrains.kotlin.com.intellij.psi.AbstractFileViewProvider::isPhysical (5 bytes)
Event: 10.147 Thread 0x00000168d74258e0 nmethod 7107 0x00000168c877bf90 code [0x00000168c877c120, 0x00000168c877c1f8]
Event: 10.152 Thread 0x00000168d74258e0 7108       2       org.jetbrains.kotlin.descriptors.impl.ClassDescriptorBase::<init> (57 bytes)
Event: 10.152 Thread 0x00000168d74258e0 nmethod 7108 0x00000168c17d3990 code [0x00000168c17d3b60, 0x00000168c17d3e48]
Event: 10.152 Thread 0x00000168d74258e0 7109       2       org.jetbrains.kotlin.com.intellij.psi.impl.PsiElementBase::getProject (32 bytes)
Event: 10.153 Thread 0x00000168d74258e0 nmethod 7109 0x00000168c17d3f90 code [0x00000168c17d4160, 0x00000168c17d43b8]
Event: 10.156 Thread 0x00000168d74258e0 7110       2       org.jetbrains.kotlin.types.checker.ClassicTypeSystemContext$DefaultImpls::parametersCount (93 bytes)
Event: 10.158 Thread 0x00000168d74258e0 nmethod 7110 0x00000168c17d4510 code [0x00000168c17d4800, 0x00000168c17d5038]
Event: 10.158 Thread 0x00000168d74258e0 7111       2       org.jetbrains.kotlin.load.java.structure.impl.classFiles.BinaryJavaModifierListOwner$DefaultImpls::isAbstract (16 bytes)
Event: 10.159 Thread 0x00000168d74258e0 nmethod 7111 0x00000168c17d5590 code [0x00000168c17d5780, 0x00000168c17d5a28]

GC Heap History (20 events):
Event: 4.034 GC heap before
{Heap before GC invocations=10 (full 0):
 garbage-first heap   total 57344K, used 40954K [0x0000000081a00000, 0x0000000100000000)
  region size 1024K, 19 young (19456K), 1 survivors (1024K)
 Metaspace       used 39393K, committed 39616K, reserved 1089536K
  class space    used 4871K, committed 4928K, reserved 1048576K
}
Event: 4.041 GC heap after
{Heap after GC invocations=11 (full 0):
 garbage-first heap   total 57344K, used 23968K [0x0000000081a00000, 0x0000000100000000)
  region size 1024K, 3 young (3072K), 3 survivors (3072K)
 Metaspace       used 39393K, committed 39616K, reserved 1089536K
  class space    used 4871K, committed 4928K, reserved 1048576K
}
Event: 4.643 GC heap before
{Heap before GC invocations=12 (full 0):
 garbage-first heap   total 57344K, used 41376K [0x0000000081a00000, 0x0000000100000000)
  region size 1024K, 20 young (20480K), 3 survivors (3072K)
 Metaspace       used 43648K, committed 43840K, reserved 1089536K
  class space    used 5317K, committed 5376K, reserved 1048576K
}
Event: 4.650 GC heap after
{Heap after GC invocations=13 (full 0):
 garbage-first heap   total 57344K, used 25445K [0x0000000081a00000, 0x0000000100000000)
  region size 1024K, 2 young (2048K), 2 survivors (2048K)
 Metaspace       used 43648K, committed 43840K, reserved 1089536K
  class space    used 5317K, committed 5376K, reserved 1048576K
}
Event: 5.310 GC heap before
{Heap before GC invocations=13 (full 0):
 garbage-first heap   total 57344K, used 42853K [0x0000000081a00000, 0x0000000100000000)
  region size 1024K, 19 young (19456K), 2 survivors (2048K)
 Metaspace       used 47367K, committed 47616K, reserved 1097728K
  class space    used 5764K, committed 5888K, reserved 1048576K
}
Event: 5.321 GC heap after
{Heap after GC invocations=14 (full 0):
 garbage-first heap   total 57344K, used 27621K [0x0000000081a00000, 0x0000000100000000)
  region size 1024K, 3 young (3072K), 3 survivors (3072K)
 Metaspace       used 47367K, committed 47616K, reserved 1097728K
  class space    used 5764K, committed 5888K, reserved 1048576K
}
Event: 5.545 GC heap before
{Heap before GC invocations=14 (full 0):
 garbage-first heap   total 57344K, used 44005K [0x0000000081a00000, 0x0000000100000000)
  region size 1024K, 19 young (19456K), 3 survivors (3072K)
 Metaspace       used 47630K, committed 47936K, reserved 1097728K
  class space    used 5776K, committed 5888K, reserved 1048576K
}
Event: 5.562 GC heap after
{Heap after GC invocations=15 (full 0):
 garbage-first heap   total 69632K, used 32543K [0x0000000081a00000, 0x0000000100000000)
  region size 1024K, 3 young (3072K), 3 survivors (3072K)
 Metaspace       used 47630K, committed 47936K, reserved 1097728K
  class space    used 5776K, committed 5888K, reserved 1048576K
}
Event: 5.783 GC heap before
{Heap before GC invocations=15 (full 0):
 garbage-first heap   total 69632K, used 50975K [0x0000000081a00000, 0x0000000100000000)
  region size 1024K, 21 young (21504K), 3 survivors (3072K)
 Metaspace       used 48343K, committed 48640K, reserved 1097728K
  class space    used 5848K, committed 6016K, reserved 1048576K
}
Event: 5.793 GC heap after
{Heap after GC invocations=16 (full 0):
 garbage-first heap   total 69632K, used 33764K [0x0000000081a00000, 0x0000000100000000)
  region size 1024K, 2 young (2048K), 2 survivors (2048K)
 Metaspace       used 48343K, committed 48640K, reserved 1097728K
  class space    used 5848K, committed 6016K, reserved 1048576K
}
Event: 6.402 GC heap before
{Heap before GC invocations=16 (full 0):
 garbage-first heap   total 69632K, used 52196K [0x0000000081a00000, 0x0000000100000000)
  region size 1024K, 20 young (20480K), 2 survivors (2048K)
 Metaspace       used 50216K, committed 50496K, reserved 1097728K
  class space    used 6017K, committed 6144K, reserved 1048576K
}
Event: 6.414 GC heap after
{Heap after GC invocations=17 (full 0):
 garbage-first heap   total 69632K, used 37162K [0x0000000081a00000, 0x0000000100000000)
  region size 1024K, 3 young (3072K), 3 survivors (3072K)
 Metaspace       used 50216K, committed 50496K, reserved 1097728K
  class space    used 6017K, committed 6144K, reserved 1048576K
}
Event: 7.235 GC heap before
{Heap before GC invocations=18 (full 0):
 garbage-first heap   total 69632K, used 52522K [0x0000000081a00000, 0x0000000100000000)
  region size 1024K, 19 young (19456K), 3 survivors (3072K)
 Metaspace       used 53242K, committed 53568K, reserved 1097728K
  class space    used 6313K, committed 6464K, reserved 1048576K
}
Event: 7.255 GC heap after
{Heap after GC invocations=19 (full 0):
 garbage-first heap   total 69632K, used 40044K [0x0000000081a00000, 0x0000000100000000)
  region size 1024K, 3 young (3072K), 3 survivors (3072K)
 Metaspace       used 53242K, committed 53568K, reserved 1097728K
  class space    used 6313K, committed 6464K, reserved 1048576K
}
Event: 7.306 GC heap before
{Heap before GC invocations=19 (full 0):
 garbage-first heap   total 69632K, used 41068K [0x0000000081a00000, 0x0000000100000000)
  region size 1024K, 4 young (4096K), 3 survivors (3072K)
 Metaspace       used 53304K, committed 53632K, reserved 1097728K
  class space    used 6313K, committed 6464K, reserved 1048576K
}
Event: 7.315 GC heap after
{Heap after GC invocations=20 (full 0):
 garbage-first heap   total 69632K, used 39422K [0x0000000081a00000, 0x0000000100000000)
  region size 1024K, 1 young (1024K), 1 survivors (1024K)
 Metaspace       used 53304K, committed 53632K, reserved 1097728K
  class space    used 6313K, committed 6464K, reserved 1048576K
}
Event: 7.790 GC heap before
{Heap before GC invocations=20 (full 0):
 garbage-first heap   total 69632K, used 53758K [0x0000000081a00000, 0x0000000100000000)
  region size 1024K, 15 young (15360K), 1 survivors (1024K)
 Metaspace       used 53729K, committed 54016K, reserved 1097728K
  class space    used 6324K, committed 6464K, reserved 1048576K
}
Event: 7.800 GC heap after
{Heap after GC invocations=21 (full 0):
 garbage-first heap   total 125952K, used 41735K [0x0000000081a00000, 0x0000000100000000)
  region size 1024K, 2 young (2048K), 2 survivors (2048K)
 Metaspace       used 53729K, committed 54016K, reserved 1097728K
  class space    used 6324K, committed 6464K, reserved 1048576K
}
Event: 8.899 GC heap before
{Heap before GC invocations=22 (full 0):
 garbage-first heap   total 125952K, used 88839K [0x0000000081a00000, 0x0000000100000000)
  region size 1024K, 48 young (49152K), 2 survivors (2048K)
 Metaspace       used 56451K, committed 56768K, reserved 1105920K
  class space    used 6634K, committed 6784K, reserved 1048576K
}
Event: 8.920 GC heap after
{Heap after GC invocations=23 (full 0):
 garbage-first heap   total 125952K, used 47104K [0x0000000081a00000, 0x0000000100000000)
  region size 1024K, 6 young (6144K), 6 survivors (6144K)
 Metaspace       used 56451K, committed 56768K, reserved 1105920K
  class space    used 6634K, committed 6784K, reserved 1048576K
}

Dll operation events (2 events):
Event: 0.022 Loaded shared library C:\Program Files\Android\Android Studio\jbr\bin\java.dll
Event: 1.596 Loaded shared library C:\Program Files\Android\Android Studio\jbr\bin\verify.dll

Deoptimization events (20 events):
Event: 10.040 Thread 0x00000168bd4ea0b0 Uncommon trap: trap_request=0xffffffc6 fr.pc=0x00000168c876b45c relative=0x000000000000019c
Event: 10.040 Thread 0x00000168bd4ea0b0 Uncommon trap: reason=bimorphic_or_optimized_type_check action=maybe_recompile pc=0x00000168c876b45c method=gnu.trove.TIntObjectHashMap.index(I)I @ 28 c2
Event: 10.040 Thread 0x00000168bd4ea0b0 DEOPT PACKING pc=0x00000168c876b45c sp=0x0000001a48bfa200
Event: 10.040 Thread 0x00000168bd4ea0b0 DEOPT UNPACKING pc=0x00000168c7f469a3 sp=0x0000001a48bfa168 mode 2
Event: 10.040 Thread 0x00000168bd4ea0b0 Uncommon trap: trap_request=0xffffffc6 fr.pc=0x00000168c876b45c relative=0x000000000000019c
Event: 10.040 Thread 0x00000168bd4ea0b0 Uncommon trap: reason=bimorphic_or_optimized_type_check action=maybe_recompile pc=0x00000168c876b45c method=gnu.trove.TIntObjectHashMap.index(I)I @ 28 c2
Event: 10.040 Thread 0x00000168bd4ea0b0 DEOPT PACKING pc=0x00000168c876b45c sp=0x0000001a48bf9fe0
Event: 10.040 Thread 0x00000168bd4ea0b0 DEOPT UNPACKING pc=0x00000168c7f469a3 sp=0x0000001a48bf9f48 mode 2
Event: 10.040 Thread 0x00000168bd4ea0b0 Uncommon trap: trap_request=0xffffffc6 fr.pc=0x00000168c876b45c relative=0x000000000000019c
Event: 10.040 Thread 0x00000168bd4ea0b0 Uncommon trap: reason=bimorphic_or_optimized_type_check action=maybe_recompile pc=0x00000168c876b45c method=gnu.trove.TIntObjectHashMap.index(I)I @ 28 c2
Event: 10.040 Thread 0x00000168bd4ea0b0 DEOPT PACKING pc=0x00000168c876b45c sp=0x0000001a48bf9dd0
Event: 10.040 Thread 0x00000168bd4ea0b0 DEOPT UNPACKING pc=0x00000168c7f469a3 sp=0x0000001a48bf9d38 mode 2
Event: 10.040 Thread 0x00000168bd4ea0b0 Uncommon trap: trap_request=0xffffffc6 fr.pc=0x00000168c876b45c relative=0x000000000000019c
Event: 10.040 Thread 0x00000168bd4ea0b0 Uncommon trap: reason=bimorphic_or_optimized_type_check action=maybe_recompile pc=0x00000168c876b45c method=gnu.trove.TIntObjectHashMap.index(I)I @ 28 c2
Event: 10.040 Thread 0x00000168bd4ea0b0 DEOPT PACKING pc=0x00000168c876b45c sp=0x0000001a48bfa200
Event: 10.040 Thread 0x00000168bd4ea0b0 DEOPT UNPACKING pc=0x00000168c7f469a3 sp=0x0000001a48bfa168 mode 2
Event: 10.162 Thread 0x00000168bd4ea0b0 Uncommon trap: trap_request=0xffffff45 fr.pc=0x00000168c87290c0 relative=0x0000000000001260
Event: 10.162 Thread 0x00000168bd4ea0b0 Uncommon trap: reason=unstable_if action=reinterpret pc=0x00000168c87290c0 method=org.jetbrains.kotlin.serialization.deserialization.descriptors.DeserializedPackageMemberScope.hasClass(Lorg/jetbrains/kotlin/name/Name;)Z @ 99 c2
Event: 10.162 Thread 0x00000168bd4ea0b0 DEOPT PACKING pc=0x00000168c87290c0 sp=0x0000001a48bfae30
Event: 10.162 Thread 0x00000168bd4ea0b0 DEOPT UNPACKING pc=0x00000168c7f469a3 sp=0x0000001a48bfadc0 mode 2

Classes unloaded (0 events):
No events

Classes redefined (0 events):
No events

Internal exceptions (20 events):
Event: 4.657 Thread 0x00000168bd4ea0b0 Implicit null exception at 0x00000168c85bdbd0 to 0x00000168c85be936
Event: 4.795 Thread 0x00000168bd4ea0b0 Exception <a 'java/lang/NoSuchMethodError'{0x0000000087e78bf0}: 'java.lang.Object java.lang.invoke.DirectMethodHandle$Holder.newInvokeSpecial(java.lang.Object, java.lang.Object, java.lang.Object, int)'> (0x0000000087e78bf0) 
thrown [s\src\hotspot\share\interpreter\linkResolver.cpp, line 771]
Event: 4.796 Thread 0x00000168bd4ea0b0 Exception <a 'java/lang/NoSuchMethodError'{0x0000000087e7d278}: 'java.lang.Object java.lang.invoke.DirectMethodHandle$Holder.invokeSpecial(java.lang.Object, java.lang.Object, java.lang.Object, java.lang.Object, int)'> (0x0000000087e7d278) 
thrown [s\src\hotspot\share\interpreter\linkResolver.cpp, line 771]
Event: 4.796 Thread 0x00000168bd4ea0b0 Exception <a 'java/lang/NoSuchMethodError'{0x0000000087e810e8}: 'java.lang.Object java.lang.invoke.Invokers$Holder.linkToTargetMethod(java.lang.Object, java.lang.Object, int, java.lang.Object)'> (0x0000000087e810e8) 
thrown [s\src\hotspot\share\interpreter\linkResolver.cpp, line 771]
Event: 5.253 Thread 0x00000168bd4ea0b0 Exception <a 'java/lang/NoSuchMethodError'{0x0000000084239b68}: 'java.lang.Object java.lang.invoke.DirectMethodHandle$Holder.invokeInterface(java.lang.Object, java.lang.Object)'> (0x0000000084239b68) 
thrown [s\src\hotspot\share\interpreter\linkResolver.cpp, line 771]
Event: 6.685 Thread 0x00000168bd4ea0b0 Implicit null exception at 0x00000168c85e5ebc to 0x00000168c85e6434
Event: 6.988 Thread 0x00000168bd4ea0b0 Exception <a 'java/lang/NoSuchMethodError'{0x00000000852cc500}: 'java.lang.Object java.lang.invoke.DirectMethodHandle$Holder.invokeStaticInit(java.lang.Object, java.lang.Object, java.lang.Object)'> (0x00000000852cc500) 
thrown [s\src\hotspot\share\interpreter\linkResolver.cpp, line 771]
Event: 8.221 Thread 0x00000168bd4ea0b0 Exception <a 'java/lang/NoSuchMethodError'{0x0000000088588848}: 'int java.lang.invoke.DirectMethodHandle$Holder.invokeInterface(java.lang.Object, java.lang.Object)'> (0x0000000088588848) 
thrown [s\src\hotspot\share\interpreter\linkResolver.cpp, line 771]
Event: 8.391 Thread 0x00000168bd4ea0b0 Exception <a 'java/lang/NoSuchMethodError'{0x0000000087f4f958}: 'java.lang.Object java.lang.invoke.DirectMethodHandle$Holder.newInvokeSpecial(java.lang.Object, int, java.lang.Object)'> (0x0000000087f4f958) 
thrown [s\src\hotspot\share\interpreter\linkResolver.cpp, line 771]
Event: 8.743 Thread 0x00000168bd4ea0b0 Exception <a 'java/lang/NoSuchMethodError'{0x0000000086a1f698}: 'java.lang.Object java.lang.invoke.DirectMethodHandle$Holder.newInvokeSpecial(java.lang.Object, java.lang.Object, java.lang.Object, java.lang.Object, java.lang.Object, java.lang.Object)'> (0x0000000086a1f698) 
thrown [s\src\hotspot\share\interpreter\linkResolver.cpp, line 771]
Event: 9.444 Thread 0x00000168bd4ea0b0 Implicit null exception at 0x00000168c858b91a to 0x00000168c858ba88
Event: 9.444 Thread 0x00000168bd4ea0b0 Implicit null exception at 0x00000168c84ed9d8 to 0x00000168c84eda6a
Event: 9.491 Thread 0x00000168bd4ea0b0 Implicit null exception at 0x00000168c85c1e4c to 0x00000168c85c1f28
Event: 9.544 Thread 0x00000168bd4ea0b0 Exception <a 'java/lang/NoSuchMethodError'{0x00000000889e7bd8}: 'int java.lang.invoke.DirectMethodHandle$Holder.invokeVirtual(java.lang.Object, java.lang.Object, java.lang.Object)'> (0x00000000889e7bd8) 
thrown [s\src\hotspot\share\interpreter\linkResolver.cpp, line 771]
Event: 9.664 Thread 0x00000168bd4ea0b0 Exception <a 'java/lang/NoSuchMethodError'{0x00000000885af738}: 'java.lang.Object java.lang.invoke.DirectMethodHandle$Holder.invokeStatic(java.lang.Object, java.lang.Object, java.lang.Object, java.lang.Object, int)'> (0x00000000885af738) 
thrown [s\src\hotspot\share\interpreter\linkResolver.cpp, line 771]
Event: 9.665 Thread 0x00000168bd4ea0b0 Exception <a 'java/lang/NoSuchMethodError'{0x00000000885b9420}: 'java.lang.Object java.lang.invoke.DirectMethodHandle$Holder.newInvokeSpecial(java.lang.Object, java.lang.Object, java.lang.Object, java.lang.Object, int)'> (0x00000000885b9420) 
thrown [s\src\hotspot\share\interpreter\linkResolver.cpp, line 771]
Event: 9.666 Thread 0x00000168bd4ea0b0 Exception <a 'java/lang/NoSuchMethodError'{0x00000000885bdf50}: 'java.lang.Object java.lang.invoke.DirectMethodHandle$Holder.invokeSpecial(java.lang.Object, java.lang.Object, java.lang.Object, java.lang.Object, java.lang.Object, int)'> (0x00000000885bdf50) 
thrown [s\src\hotspot\share\interpreter\linkResolver.cpp, line 771]
Event: 9.667 Thread 0x00000168bd4ea0b0 Exception <a 'java/lang/NoSuchMethodError'{0x00000000885c2430}: 'java.lang.Object java.lang.invoke.Invokers$Holder.linkToTargetMethod(java.lang.Object, java.lang.Object, java.lang.Object, int, java.lang.Object)'> (0x00000000885c2430) 
thrown [s\src\hotspot\share\interpreter\linkResolver.cpp, line 771]
Event: 9.740 Thread 0x00000168bd4ea0b0 Exception <a 'java/lang/NoSuchMethodError'{0x000000008837a150}: 'void java.lang.invoke.DirectMethodHandle$Holder.invokeInterface(java.lang.Object, java.lang.Object)'> (0x000000008837a150) 
thrown [s\src\hotspot\share\interpreter\linkResolver.cpp, line 771]
Event: 9.863 Thread 0x00000168bd4ea0b0 Exception <a 'java/lang/IncompatibleClassChangeError'{0x0000000088169030}: Found class java.lang.Object, but interface was expected> (0x0000000088169030) 
thrown [s\src\hotspot\share\interpreter\linkResolver.cpp, line 838]

VM Operations (20 events):
Event: 9.654 Executing VM operation: HandshakeAllThreads
Event: 9.654 Executing VM operation: HandshakeAllThreads done
Event: 9.712 Executing VM operation: HandshakeAllThreads
Event: 9.712 Executing VM operation: HandshakeAllThreads done
Event: 9.715 Executing VM operation: HandshakeAllThreads
Event: 9.715 Executing VM operation: HandshakeAllThreads done
Event: 9.735 Executing VM operation: HandshakeAllThreads
Event: 9.735 Executing VM operation: HandshakeAllThreads done
Event: 9.772 Executing VM operation: HandshakeAllThreads
Event: 9.772 Executing VM operation: HandshakeAllThreads done
Event: 9.807 Executing VM operation: ICBufferFull
Event: 9.808 Executing VM operation: ICBufferFull done
Event: 9.824 Executing VM operation: HandshakeAllThreads
Event: 9.824 Executing VM operation: HandshakeAllThreads done
Event: 9.862 Executing VM operation: HandshakeAllThreads
Event: 9.862 Executing VM operation: HandshakeAllThreads done
Event: 10.051 Executing VM operation: ICBufferFull
Event: 10.051 Executing VM operation: ICBufferFull done
Event: 10.136 Executing VM operation: HandshakeAllThreads
Event: 10.136 Executing VM operation: HandshakeAllThreads done

Events (20 events):
Event: 9.748 loading class java/util/stream/SpinedBuffer done
Event: 9.748 loading class java/util/stream/Nodes$SpinedNodeBuilder done
Event: 9.748 loading class java/util/stream/ReferencePipeline$2$1
Event: 9.748 loading class java/util/stream/ReferencePipeline$2$1 done
Event: 9.904 loading class jdk/internal/math/FloatingDecimal
Event: 9.904 loading class jdk/internal/math/FloatingDecimal done
Event: 9.905 loading class jdk/internal/math/FloatingDecimal$ExceptionalBinaryToASCIIBuffer
Event: 9.905 loading class jdk/internal/math/FloatingDecimal$BinaryToASCIIConverter
Event: 9.905 loading class jdk/internal/math/FloatingDecimal$BinaryToASCIIConverter done
Event: 9.905 loading class jdk/internal/math/FloatingDecimal$ExceptionalBinaryToASCIIBuffer done
Event: 9.906 loading class jdk/internal/math/FloatingDecimal$BinaryToASCIIBuffer
Event: 9.906 loading class jdk/internal/math/FloatingDecimal$BinaryToASCIIBuffer done
Event: 9.906 loading class jdk/internal/math/FloatingDecimal$1
Event: 9.906 loading class jdk/internal/math/FloatingDecimal$1 done
Event: 9.906 loading class jdk/internal/math/FloatingDecimal$PreparedASCIIToBinaryBuffer
Event: 9.906 loading class jdk/internal/math/FloatingDecimal$ASCIIToBinaryConverter
Event: 9.906 loading class jdk/internal/math/FloatingDecimal$ASCIIToBinaryConverter done
Event: 9.906 loading class jdk/internal/math/FloatingDecimal$PreparedASCIIToBinaryBuffer done
Event: 9.907 loading class jdk/internal/math/FDBigInteger
Event: 9.907 loading class jdk/internal/math/FDBigInteger done


Dynamic libraries:
0x00007ff665340000 - 0x00007ff66534a000 	C:\Program Files\Android\Android Studio\jbr\bin\java.exe
0x00007ffb86f50000 - 0x00007ffb87148000 	C:\Windows\SYSTEM32\ntdll.dll
0x00007ffb85670000 - 0x00007ffb8572d000 	C:\Windows\System32\KERNEL32.DLL
0x00007ffb84c40000 - 0x00007ffb84f36000 	C:\Windows\System32\KERNELBASE.dll
0x00007ffb84b10000 - 0x00007ffb84c10000 	C:\Windows\System32\ucrtbase.dll
0x00007ffb53af0000 - 0x00007ffb53b07000 	C:\Program Files\Android\Android Studio\jbr\bin\jli.dll
0x00007ffb630d0000 - 0x00007ffb630eb000 	C:\Program Files\Android\Android Studio\jbr\bin\VCRUNTIME140.dll
0x00007ffb86d70000 - 0x00007ffb86f0e000 	C:\Windows\System32\USER32.dll
0x00007ffb77e60000 - 0x00007ffb780fa000 	C:\Windows\WinSxS\amd64_microsoft.windows.common-controls_6595b64144ccf1df_6.0.19041.3636_none_60b6a03d71f818d5\COMCTL32.dll
0x00007ffb84c10000 - 0x00007ffb84c32000 	C:\Windows\System32\win32u.dll
0x00007ffb860a0000 - 0x00007ffb8613e000 	C:\Windows\System32\msvcrt.dll
0x00007ffb868a0000 - 0x00007ffb868cc000 	C:\Windows\System32\GDI32.dll
0x00007ffb84630000 - 0x00007ffb8474a000 	C:\Windows\System32\gdi32full.dll
0x00007ffb849c0000 - 0x00007ffb84a5d000 	C:\Windows\System32\msvcp_win.dll
0x00007ffb86a10000 - 0x00007ffb86a40000 	C:\Windows\System32\IMM32.DLL
0x00007ffb6d850000 - 0x00007ffb6d85c000 	C:\Program Files\Android\Android Studio\jbr\bin\vcruntime140_1.dll
0x00007ffb567e0000 - 0x00007ffb5686d000 	C:\Program Files\Android\Android Studio\jbr\bin\msvcp140.dll
0x00007ffb2d1d0000 - 0x00007ffb2de3e000 	C:\Program Files\Android\Android Studio\jbr\bin\server\jvm.dll
0x00007ffb86aa0000 - 0x00007ffb86b4f000 	C:\Windows\System32\ADVAPI32.dll
0x00007ffb85840000 - 0x00007ffb858dc000 	C:\Windows\System32\sechost.dll
0x00007ffb85540000 - 0x00007ffb85666000 	C:\Windows\System32\RPCRT4.dll
0x00007ffb74550000 - 0x00007ffb74559000 	C:\Windows\SYSTEM32\WSOCK32.dll
0x00007ffb78200000 - 0x00007ffb78227000 	C:\Windows\SYSTEM32\WINMM.dll
0x00007ffb85f10000 - 0x00007ffb85f7b000 	C:\Windows\System32\WS2_32.dll
0x00007ffb776d0000 - 0x00007ffb776da000 	C:\Windows\SYSTEM32\VERSION.dll
0x00007ffb82580000 - 0x00007ffb82592000 	C:\Windows\SYSTEM32\kernel.appcore.dll
0x00007ffb5cee0000 - 0x00007ffb5ceea000 	C:\Program Files\Android\Android Studio\jbr\bin\jimage.dll
0x00007ffb6dad0000 - 0x00007ffb6dcb4000 	C:\Windows\SYSTEM32\DBGHELP.DLL
0x00007ffb6edd0000 - 0x00007ffb6ee04000 	C:\Windows\SYSTEM32\dbgcore.DLL
0x00007ffb848e0000 - 0x00007ffb84962000 	C:\Windows\System32\bcryptPrimitives.dll
0x00007ffb5a010000 - 0x00007ffb5a035000 	C:\Program Files\Android\Android Studio\jbr\bin\java.dll
0x00007ffb59ff0000 - 0x00007ffb5a008000 	C:\Program Files\Android\Android Studio\jbr\bin\zip.dll
0x00007ffb86150000 - 0x00007ffb86894000 	C:\Windows\System32\SHELL32.dll
0x00007ffb826f0000 - 0x00007ffb82e8b000 	C:\Windows\SYSTEM32\windows.storage.dll
0x00007ffb84fb0000 - 0x00007ffb85304000 	C:\Windows\System32\combase.dll
0x00007ffb84000000 - 0x00007ffb8402d000 	C:\Windows\SYSTEM32\Wldp.dll
0x00007ffb85e40000 - 0x00007ffb85eed000 	C:\Windows\System32\SHCORE.dll
0x00007ffb85730000 - 0x00007ffb85785000 	C:\Windows\System32\shlwapi.dll
0x00007ffb84560000 - 0x00007ffb84585000 	C:\Windows\SYSTEM32\profapi.dll
0x00007ffb59fd0000 - 0x00007ffb59fe9000 	C:\Program Files\Android\Android Studio\jbr\bin\net.dll
0x00007ffb79000000 - 0x00007ffb7910a000 	C:\Windows\SYSTEM32\WINHTTP.dll
0x00007ffb83d60000 - 0x00007ffb83dca000 	C:\Windows\system32\mswsock.dll
0x00007ffb59fb0000 - 0x00007ffb59fc6000 	C:\Program Files\Android\Android Studio\jbr\bin\nio.dll
0x00007ffb59f10000 - 0x00007ffb59f20000 	C:\Program Files\Android\Android Studio\jbr\bin\verify.dll

dbghelp: loaded successfully - version: 4.0.5 - missing functions: none
symbol engine: initialized successfully - sym options: 0x614 - pdb path: .;C:\Program Files\Android\Android Studio\jbr\bin;C:\Windows\SYSTEM32;C:\Windows\WinSxS\amd64_microsoft.windows.common-controls_6595b64144ccf1df_6.0.19041.3636_none_60b6a03d71f818d5;C:\Program Files\Android\Android Studio\jbr\bin\server

VM Arguments:
java_command: org.jetbrains.kotlin.cli.jvm.K2JVMCompiler @C:\Users\refrizar.dwiardito\AndroidStudioProjects\TugasAndroidAdvance\app\build\20231209_2423584477627026467.compiler.options
java_class_path (initial): C:\Users\refrizar.dwiardito\.jdks\openjdk-21\caches\modules-2\files-2.1\org.jetbrains.kotlin\kotlin-compiler-embeddable\1.6.10\88f2073f4020cdb83132cfe940ceb9a60aba54ea\kotlin-compiler-embeddable-1.6.10.jar;C:\Users\refrizar.dwiardito\.jdks\openjdk-21\caches\modules-2\files-2.1\org.jetbrains.kotlin\kotlin-reflect\1.6.10\1cbe9c92c12a94eea200d23c2bbaedaf3daf5132\kotlin-reflect-1.6.10.jar;C:\Users\refrizar.dwiardito\.jdks\openjdk-21\caches\modules-2\files-2.1\org.jetbrains.kotlin\kotlin-stdlib\1.6.10\b8af3fe6f1ca88526914929add63cf5e7c5049af\kotlin-stdlib-1.6.10.jar;C:\Users\refrizar.dwiardito\.jdks\openjdk-21\caches\modules-2\files-2.1\org.jetbrains.kotlin\kotlin-script-runtime\1.6.10\d0a7ff2e2500ef497ed0214ae40ad3c8387a6164\kotlin-script-runtime-1.6.10.jar;C:\Users\refrizar.dwiardito\.jdks\openjdk-21\caches\modules-2\files-2.1\org.jetbrains.kotlin\kotlin-daemon-embeddable\1.6.10\a56d79bcbea411fa6058e4ecffc2de73e742bd2a\kotlin-daemon-embeddable-1.6.10.jar;C:\Users\refrizar.dwiardito\.jdks\openjdk-21\caches\modules-2\files-2.1\org.jetbrains.intellij.deps\trove4j\1.0.20181211\216c2e14b070f334479d800987affe4054cd563f\trove4j-1.0.20181211.jar;C:\Users\refrizar.dwiardito\.jdks\openjdk-21\caches\modules-2\files-2.1\net.java.dev.jna\jna\5.6.0\330f2244e9030119ab3030fc3fededc86713d9cc\jna-5.6.0.jar;C:\Users\refrizar.dwiardito\.jdks\openjdk-21\caches\modules-2\files-2.1\org.jetbrains\annotations\13.0\919f0dfe192fb4e063e7dacadee7f8bb9a2672a9\annotations-13.0.jar;C:\Users\refrizar.dwiardito\.jdks\openjdk-21\caches\modules-2\files-2.1\org.jetbrains.kotlin\kotlin-stdlib-common\1.6.10\c118700e3a33c8a0d9adc920e9dec0831171925\kotlin-stdlib-common-1.6.10.jar
Launcher Type: SUN_STANDARD

[Global flags]
     intx CICompilerCount                          = 3                                         {product} {ergonomic}
     uint ConcGCThreads                            = 1                                         {product} {ergonomic}
     uint G1ConcRefinementThreads                  = 4                                         {product} {ergonomic}
   size_t G1HeapRegionSize                         = 1048576                                   {product} {ergonomic}
    uintx GCDrainStackTargetSize                   = 64                                        {product} {ergonomic}
   size_t InitialHeapSize                          = 134217728                                 {product} {ergonomic}
   size_t MarkStackSize                            = 4194304                                   {product} {ergonomic}
   size_t MaxHeapSize                              = 2120220672                                {product} {ergonomic}
   size_t MaxNewSize                               = 1271922688                                {product} {ergonomic}
   size_t MinHeapDeltaBytes                        = 1048576                                   {product} {ergonomic}
   size_t MinHeapSize                              = 8388608                                   {product} {ergonomic}
    uintx NonNMethodCodeHeapSize                   = 5832780                                {pd product} {ergonomic}
    uintx NonProfiledCodeHeapSize                  = 122912730                              {pd product} {ergonomic}
    uintx ProfiledCodeHeapSize                     = 122912730                              {pd product} {ergonomic}
    uintx ReservedCodeCacheSize                    = 251658240                              {pd product} {ergonomic}
     bool SegmentedCodeCache                       = true                                      {product} {ergonomic}
   size_t SoftMaxHeapSize                          = 2120220672                             {manageable} {ergonomic}
     bool UseCompressedClassPointers               = true                           {product lp64_product} {ergonomic}
     bool UseCompressedOops                        = true                           {product lp64_product} {ergonomic}
     bool UseG1GC                                  = true                                      {product} {ergonomic}
     bool UseLargePagesIndividualAllocation        = false                                  {pd product} {ergonomic}

Logging:
Log output configuration:
 #0: stdout all=warning uptime,level,tags
 #1: stderr all=off uptime,level,tags

Environment Variables:
JAVA_HOME=C:\Users\refrizar.dwiardito\.jdks\openjdk-21
PATH=C:\Program Files\Common Files\Oracle\Java\javapath;C:\Windows\system32;C:\Windows;C:\Windows\System32\Wbem;C:\Windows\System32\WindowsPowerShell\v1.0\;C:\Windows\System32\OpenSSH\;C:\Program Files\mingw-w64\x86_64-8.1.0-posix-seh-rt_v6-rev0\mingw64\bin;C:\Users\refrizar.dwiardito\AppData\Local\Programs\Python\Python310\Scripts;C:\Users\refrizar.dwiardito\.jdks\openjdk-21\bin;C:\Program Files\PuTTY\;C:\Program Files\gradle-8.3\bin;C:\Program Files\Git\cmd;C:\Users\refrizar.dwiardito\AppData\Local\Programs\Python\Python310\Scripts\;C:\Users\refrizar.dwiardito\AppData\Local\Programs\Python\Python310\;C:\Users\refrizar.dwiardito\AppData\Local\Microsoft\WindowsApps;;C:\Users\refrizar.dwiardito\AppData\Local\Programs\Microsoft VS Code\bin;C:\Program Files\JetBrains\IntelliJ IDEA Community Edition 2023.2.5\bin;
USERNAME=refrizar.dwiardito
OS=Windows_NT
PROCESSOR_IDENTIFIER=Intel64 Family 6 Model 61 Stepping 4, GenuineIntel
TMP=C:\Users\REFRIZ~1.DWI\AppData\Local\Temp
TEMP=C:\Users\REFRIZ~1.DWI\AppData\Local\Temp


JNI global refs:
JNI global refs: 11, weak refs: 20

JNI global refs memory usage: 843, weak refs: 841


---------------  S Y S T E M  ---------------

OS:
 Windows 10 , 64 bit Build 19041 (10.0.19041.3636)
OS uptime: 0 days 2:56 hours

CPU: total 4 (initial active 4) (2 cores per cpu, 2 threads per core) family 6 model 61 stepping 4 microcode 0x2f, cx8, cmov, fxsr, ht, mmx, 3dnowpref, sse, sse2, sse3, ssse3, sse4.1, sse4.2, popcnt, lzcnt, tsc, tscinvbit, avx, avx2, aes, erms, clmul, bmi1, bmi2, adx, fma, vzeroupper, clflush

Memory: 4k page, system-wide physical 8083M (495M free)
TotalPageFile size 8083M (AvailPageFile size 6M)
current process WorkingSet (physical memory assigned to process): 295M, peak: 297M
current process commit charge ("private bytes"): 331M, peak: 333M

vm_info: OpenJDK 64-Bit Server VM (17.0.6+0-b2043.56-10027231) for windows-amd64 JRE (17.0.6+0-b2043.56-10027231), built on Apr 28 2023 00:43:19 by "androidbuild" with MS VC++ 16.10 / 16.11 (VS2019)

END.
